Generation number	Total number of allele	Diversity	Activity	Time	Fertility rate	2 DSB on one site rate	No DSB rate	No symmetrical sites (binding + DSB) rate	q
0	1	1	0.925	0.003142	0.952381	0	0	0.047619	0.773512
10	2	1.34228	0.40625	0.003549	0.5	0	0.025	0.475	0.835
20	4	2.38095	0.4575	0.003061	0.689655	0	0	0.310345	0.73631
30	4	3.84615	0.545	0.003019	0.869565	0	0	0.130435	0.525833
40	3	2.38095	0.55	0.003769	0.606061	0	0.030303	0.363636	0.647381
50	3	1.85185	0.26875	0.003373	0.540541	0	0.0540541	0.405405	0.810238
60	1	1	0.25	0.002978	0.869565	0	0	0.130435	1
70	2	1.92308	0.385	0.003536	0.714286	0	0.0357143	0.25	0.854702
80	1	1	0.25	0.002826	0.740741	0	0	0.259259	1
90	1	1	0.25	0.002847	0.833333	0	0	0.166667	1
100	1	1	0.25	0.00324	0.740741	0	0.037037	0.222222	1
110	1	1	0.25	0.005004	0.689655	0	0.0344828	0.275862	1
120	2	1.34228	0.326875	0.003024	0.769231	0	0.0769231	0.153846	0.915
130	1	1	0.25	0.00285	0.869565	0	0	0.130435	1
140	2	1.10497	0.74875	0.002935	0.740741	0	0.037037	0.222222	0.717857
150	2	1.72414	0.58375	0.002938	0.740741	0	0	0.259259	0.70619
160	2	1.10497	0.753125	0.00381	0.425532	0	0.0851064	0.489362	0.655714
170	2	1.47059	0.2525	0.004901	0.512821	0	0.0512821	0.435897	0.941468
180	2	1.6	0.403125	0.002906	0.869565	0	0	0.130435	0.828214
190	2	1.6	0.228125	0.00279	0.555556	0	0.111111	0.333333	0.983333
200	3	2.06186	0.793125	0.003075	0.625	0	0.0625	0.3125	0.60369
210	2	1.92308	0.6125	0.003022	0.625	0	0	0.375	0.697857
220	1	1	0.4875	0.00286	0.952381	0	0	0.047619	0.861429
230	1	1	0.4375	0.002894	0.869565	0	0	0.130435	0.935833
240	2	1.6	0.4375	0.004528	0.833333	0	0	0.166667	0.815
250	2	1.9802	0.420625	0.003017	0.8	0	0	0.2	0.776071
260	5	2.77778	0.756875	0.004959	0.869565	0	0	0.130435	0.662917
270	1	1	0.425	0.003013	0.512821	0	0	0.487179	0.8875
280	1	1	0.325	0.004594	0.740741	0	0	0.259259	0.825714
290	1	1	0.25	0.002814	0.833333	0	0	0.166667	1
300	1	1	0.25	0.002911	0.909091	0	0	0.0909091	1
