Generation number	Total number of allele	Diversity	Activity	Time	Fertility rate	2 DSB on one site rate	No DSB rate	No symmetrical sites (binding + DSB) rate	q
0	1	1	0.999988	2.04184	0.988631	0	0.00296589	0.00840336	0.790885
10	1	1	0.999909	2.03083	0.990589	0	0.00445765	0.00495295	0.775914
20	3	1.002	0.999819	2.14966	0.98668	0	0.00394672	0.00937346	0.782797
30	1	1	0.999665	2.13904	0.98668	0	0.00444006	0.00888012	0.773257
40	2	1.002	0.999619	2.05699	0.984737	0	0.00344658	0.0118168	0.781692
50	1	1	0.999533	2.04259	0.98912	0	0.0024728	0.00840752	0.784466
60	2	1.00401	0.999561	2.03347	0.99453	0	0.00248633	0.00298359	0.785812
70	1	1	0.999501	2.11943	0.990589	0	0.00198118	0.00742942	0.767816
80	1	1	0.999406	2.03723	0.989609	0	0.000989609	0.00940129	0.778904
90	2	1.00502	0.999223	2.05312	0.991572	0	0.00198314	0.00644522	0.779931
100	2	1.00602	0.999249	2.05457	0.98912	0	0.00296736	0.00791296	0.776046
110	2	1.01715	0.998989	2.0869	0.985222	0	0.00394089	0.0108374	0.774831
120	2	1.01309	0.998965	2.0633	0.989609	0	0.00247402	0.00791687	0.778027
130	1	1	0.998811	2.13984	0.990099	0	0.0029703	0.00693069	0.775426
140	2	1.00301	0.9989	2.13077	0.989609	0	0.00148441	0.00890648	0.775649
150	1	1	0.99877	2.04049	0.991572	0	0.00247893	0.00594943	0.778958
160	1	1	0.998358	2.0261	0.98668	0	0.00197336	0.0113468	0.779945
170	1	1	0.998404	2.0344	0.990589	0	0.00346706	0.00594354	0.775545
180	3	1.00301	0.998224	2.04318	0.99108	0	0.0024777	0.00644202	0.773629
190	1	1	0.998035	2.08285	0.98912	0	0.00346192	0.0074184	0.778131
200	2	1.00502	0.997918	2.04666	0.990099	0	0.00346535	0.00643564	0.772776
210	3	1.01513	0.997767	2.06021	0.99108	0	0.0024777	0.00644202	0.775491
220	3	1.01311	0.997521	2.05088	0.99453	0	0.0014918	0.00397812	0.770296
230	4	1.02536	0.997392	2.08607	0.988142	0	0.00296443	0.00889328	0.776549
240	3	1.01514	0.997397	2.13408	0.98912	0	0.0049456	0.00593472	0.766041
250	1	1	0.99745	2.14193	0.98912	0	0.00395648	0.00692384	0.774669
260	2	1.002	0.997114	2.0464	0.99453	0	0.000497265	0.00497265	0.786329
270	1	1	0.996749	2.03892	0.993542	0	0.0034774	0.00298063	0.771278
280	1	1	0.99666	2.03471	0.990589	0	0.00198118	0.00742942	0.770902
290	2	1.00301	0.996172	2.11909	0.992556	0	0.00198511	0.00545906	0.77701
300	2	1.002	0.9957	2.1338	0.990099	0	0.00247525	0.00742574	0.776182
310	3	1.00401	0.995338	2.07243	0.991572	0	0.000991572	0.00743679	0.776445
320	1	1	0.994938	2.03721	0.990589	0	0.000495295	0.0089153	0.779441
330	1	1	0.994484	2.02004	0.994036	0	0.00198807	0.00397614	0.77266
340	1	1	0.99442	2.17131	0.987654	0	0.00345679	0.00888889	0.764544
350	2	1.00401	0.99436	2.05738	0.994036	0	0.00198807	0.00397614	0.771192
360	1	1	0.99461	2.04611	0.988142	0	0.00247036	0.00938735	0.775903
370	4	1.01007	0.994505	1.95677	0.990099	0	0.00346535	0.00643564	0.771827
380	3	1.0367	0.994059	2.10034	0.98912	0	0.00197824	0.00890208	0.770839
390	4	1.0399	0.99377	2.10853	0.985222	0	0.00394089	0.0108374	0.780811
400	3	1.02332	0.993612	2.08849	0.992063	0	0.00248016	0.00545635	0.776375
410	3	1.03154	0.99352	2.10579	0.985222	0	0.00295567	0.0118227	0.771051
420	3	1.01923	0.992979	2.0863	0.990099	0	0.00247525	0.00742574	0.775233
430	3	1.0316	0.992254	2.07329	0.991572	0	0.00297471	0.00545364	0.778205
440	3	1.04207	0.992018	2.11102	0.991572	0	0.00247893	0.00594943	0.768157
450	4	1.06098	0.992141	2.1405	0.992063	0	0.00198413	0.00595238	0.771546
460	3	1.04608	0.991981	2.20142	0.988631	0	0.000988631	0.0103806	0.77249
470	2	1.05233	0.991926	2.13038	0.989609	0	0.00346363	0.00692726	0.766744
480	2	1.05971	0.991986	2.15536	0.988142	0	0.00148221	0.0103755	0.774765
490	2	1.07462	0.991906	2.26081	0.986193	0	0.00345168	0.010355	0.775676
500	2	1.07892	0.992047	2.24862	0.990099	0	0.0029703	0.00693069	0.772545
510	5	1.06842	0.991729	2.16016	0.99108	0	0.00297324	0.00594648	0.772867
520	4	1.08365	0.991832	2.18666	0.98912	0	0.0024728	0.00840752	0.773363
530	3	1.07042	0.991997	2.16325	0.990589	0	0.00297177	0.00643883	0.775365
