Generation number	Total number of allele	Diversity	Activity	Time	Fertility rate	2 DSB on one site rate	No DSB rate	No symmetrical sites (binding + DSB) rate	q
0	1	1	0.999511	2.15681	0.98912	0	0.00346192	0.0074184	0.771569
10	3	1.01921	0.994126	2.18093	0.988142	0	0.00395257	0.00790514	0.773756
20	3	1.02746	0.988237	2.18958	0.984252	0	0.00344488	0.0123031	0.752965
30	3	1.04397	0.983672	2.20047	0.988631	0	0.00346021	0.00790905	0.763577
40	3	1.05885	0.978818	2.33041	0.989609	0	0.00148441	0.00890648	0.760888
50	3	1.07056	0.973553	2.23096	0.990589	0	0.000990589	0.00842001	0.747531
60	2	1.08756	0.967248	2.27302	0.98912	0	0.00346192	0.0074184	0.746576
70	3	1.07924	0.961483	2.27635	0.983768	0	0.00442696	0.0118052	0.743498
80	4	1.05135	0.954488	2.15973	0.988631	0	0.00148295	0.00988631	0.732288
90	2	1.02944	0.948224	2.14269	0.987167	0	0.00246792	0.0103653	0.736255
100	2	1.03047	0.941786	2.21274	0.986193	0	0.00394477	0.00986193	0.72728
110	2	1.01614	0.935311	2.11018	0.984252	0	0.00393701	0.011811	0.723463
120	3	1.01412	0.928698	2.09727	0.988631	0	0.000988631	0.0103806	0.720808
130	3	1.01007	0.922372	2.05677	0.989609	0	0.00247402	0.00791687	0.716551
140	6	1.05164	0.915652	2.18001	0.985707	0	0.00394283	0.0103499	0.708748
150	4	1.04934	0.908826	2.13287	0.985707	0	0.00394283	0.0103499	0.705052
160	4	1.08696	0.903019	2.26498	0.983768	0	0.00245942	0.0137727	0.710084
170	4	1.06225	0.895132	2.21695	0.987654	0	0.00197531	0.0103704	0.697574
180	4	1.1258	0.891448	2.21993	0.987654	0	0.000987654	0.011358	0.692237
190	4	1.18083	0.885726	2.29384	0.979912	0	0.00244978	0.0176384	0.688803
200	6	1.2379	0.879613	2.41756	0.976562	0	0.00244141	0.0209961	0.686575
210	5	1.21005	0.871398	2.33305	0.971817	0	0.00291545	0.0252672	0.673347
220	7	1.22126	0.864584	2.31244	0.97704	0	0.0024426	0.0205178	0.664654
230	4	1.19651	0.856877	2.33146	0.973236	0	0.00194647	0.0248175	0.66635
240	4	1.19603	0.851032	2.30139	0.980392	0	0.00147059	0.0181373	0.657853
250	3	1.20285	0.844031	2.39247	0.97371	0	0.00194742	0.0243427	0.657661
260	4	1.2451	0.838926	2.4316	0.97229	0	0.00388916	0.0238211	0.652695
270	3	1.24676	0.83283	2.38839	0.978953	0	0.00146843	0.0195791	0.646497
280	4	1.25136	0.824073	2.34396	0.977517	0	0.00342131	0.0190616	0.650596
290	4	1.30042	0.818214	2.38467	0.97371	0	0.00292113	0.023369	0.634228
300	4	1.36291	0.813343	2.41753	0.97561	0	0.00243902	0.0219512	0.630466
310	4	1.46126	0.809467	2.48331	0.980873	0	0.00196175	0.0171653	0.632249
320	4	1.59161	0.80973	2.58884	0.968523	0	0.00290557	0.0285714	0.632554
330	5	1.64745	0.806149	2.63066	0.97229	0	0.00194458	0.0257657	0.63667
340	4	1.74781	0.803924	2.76368	0.976086	0	0.00146413	0.02245	0.625919
350	4	1.7381	0.794597	2.7218	0.971817	0	0.00194363	0.0262391	0.625835
360	6	1.86789	0.793518	2.83029	0.975134	0	0.0014627	0.0234032	0.628707
370	4	1.85401	0.785568	2.74271	0.970874	0	0.00194175	0.0271845	0.62059
380	3	1.87144	0.781629	2.8063	0.979912	0	0.000979912	0.0191083	0.616378
390	3	1.79183	0.770364	2.58068	0.966184	0	0.00289855	0.0309179	0.605805
400	4	1.8588	0.767086	2.77201	0.968523	0	0.00193705	0.02954	0.605476
410	4	1.99562	0.766826	2.6948	0.966651	0	0.00144998	0.0318995	0.607318
420	5	2.16597	0.772387	2.90243	0.973236	0	0.00243309	0.0243309	0.620547
430	5	2.29823	0.77516	2.85723	0.980392	0	0.00196078	0.0176471	0.622084
440	5	2.30815	0.770324	2.93522	0.957854	0	0.00335249	0.0387931	0.619143
450	7	2.54486	0.775621	2.88541	0.973236	0	0.00340633	0.0233577	0.621319
460	9	2.47487	0.772494	2.87997	0.968992	0	0.00629845	0.0247093	0.610353
470	7	2.64237	0.781389	3.04323	0.976086	0	0.00195217	0.0219619	0.633355
480	8	2.58784	0.768243	2.90395	0.968523	0	0.00193705	0.02954	0.621854
490	8	2.74619	0.771355	2.98967	0.969932	0	0.000484966	0.0295829	0.618265
500	6	2.74842	0.769159	2.93788	0.97704	0	0.00048852	0.0224719	0.62917
510	6	2.74801	0.784969	3.09375	0.976562	0	0.00341797	0.0200195	0.632414
520	6	2.71713	0.799989	3.04565	0.978953	0	0.000978953	0.0200685	0.641167
530	7	2.64598	0.799704	2.97601	0.97561	0	0.00439024	0.02	0.649586
540	7	2.74969	0.786572	2.97514	0.97561	0	0.00243902	0.0219512	0.639201
550	7	3.10387	0.790028	3.06841	0.968523	0	0.00387409	0.0276029	0.640056
560	7	2.8471	0.789788	3.12918	0.976086	0	0.0034163	0.0204978	0.644282
570	8	2.68598	0.794823	3.02863	0.969462	0	0.00290839	0.0276297	0.640528
580	9	2.71728	0.791354	3.03578	0.972763	0	0.00535019	0.0218872	0.64097
590	7	3.18382	0.800776	3.17081	0.978953	0	0.000489476	0.020558	0.639869
600	8	2.93313	0.785239	3.1875	0.975134	0	0.00195027	0.0229157	0.640058
610	7	3.31953	0.79199	3.06084	0.978953	0	0.00244738	0.0186001	0.641315
620	7	3.53008	0.789977	3.23219	0.976086	0	0.000976086	0.022938	0.640821
630	8	3.50419	0.786752	3.18336	0.975134	0	0.00243784	0.0224281	0.637784
640	8	3.45435	0.781411	3.10176	0.97561	0	0.00341463	0.0209756	0.640098
650	7	3.88629	0.789637	3.12237	0.970874	0	0.000970874	0.0281553	0.632345
660	7	4.36466	0.79942	3.2464	0.976086	0	0.00244021	0.0214739	0.649971
670	7	4.4777	0.799654	3.28058	0.979912	0	0.00195982	0.0181284	0.649622
680	8	4.83907	0.798973	3.24128	0.976562	0	0.00244141	0.0209961	0.649248
690	7	5.00544	0.801139	3.29043	0.976562	0	0.00146484	0.0219727	0.653786
700	7	4.5139	0.799957	3.21228	0.974184	0	0.00389674	0.0219191	0.643733
710	7	4.25759	0.79441	3.24162	0.977995	0	0.00342298	0.0185819	0.646129
720	8	4.21301	0.795333	3.31914	0.97704	0	0.0024426	0.0205178	0.649355
730	7	4.5464	0.795285	3.21919	0.981354	0	0.00196271	0.016683	0.650192
740	8	4.71544	0.801	3.40632	0.972763	0	0.00243191	0.0248054	0.658858
750	7	4.77344	0.796096	3.32967	0.977517	0	0.00244379	0.0200391	0.640594
760	7	4.68045	0.790709	3.29494	0.97704	0	0.00439668	0.0185638	0.649021
770	7	4.89311	0.784368	3.376	0.980873	0	0.00245218	0.0166748	0.641025
780	7	4.77174	0.775054	3.3309	0.980392	0	0.00245098	0.0171569	0.637682
790	6	5.26312	0.781488	3.23894	0.981836	0	0.00294551	0.0152185	0.638907
800	6	5.38574	0.781828	3.38377	0.97561	0	0.00097561	0.0234146	0.641015
810	7	5.29308	0.772244	3.23523	0.97561	0	0.00243902	0.0219512	0.639325
820	6	5.51218	0.768227	3.22691	0.97561	0	0.00243902	0.0219512	0.62764
830	6	5.20114	0.76725	3.37419	0.974184	0	0.00438383	0.0214321	0.627345
840	7	5.35528	0.770301	3.24379	0.97561	0	0.00097561	0.0234146	0.631705
850	6	5.02616	0.761476	3.14459	0.978953	0	0.00195791	0.0190896	0.629863
860	6	4.92206	0.755429	3.1822	0.971817	0	0.00340136	0.0247813	0.615384
870	6	4.87318	0.755492	3.20723	0.967118	0	0.00193424	0.0309478	0.619722
880	6	4.62727	0.753452	3.16492	0.969932	0	0.00193986	0.028128	0.620445
890	7	4.54862	0.7563	3.17245	0.973236	0	0.00291971	0.0238443	0.614686
900	8	4.62949	0.747847	3.18229	0.971345	0	0.00388538	0.0247693	0.60586
910	6	4.24437	0.744893	3.13873	0.96432	0	0.00433944	0.0313404	0.60832
920	6	4.0697	0.744389	3.08145	0.970403	0	0.0014556	0.0281417	0.62133
930	8	4.21893	0.739429	3.0886	0.976086	0	0.00244021	0.0214739	0.612094
940	8	4.18415	0.736492	3.08457	0.970403	0	0.00485201	0.0247453	0.618385
950	7	3.61567	0.736411	3.02193	0.977517	0	0.00244379	0.0200391	0.608842
960	7	3.33442	0.739318	3.06762	0.968523	0	0.00484262	0.0266344	0.611338
970	7	3.30657	0.730022	2.95941	0.971345	0	0.00291404	0.0257407	0.602632
980	8	3.22396	0.734465	2.92807	0.971345	0	0.00242836	0.0262263	0.600378
990	7	3.06531	0.715983	2.89559	0.963391	0	0.00529865	0.0313102	0.597635
1000	7	2.95866	0.710729	2.80357	0.97229	0	0.00097229	0.026738	0.594886
1010	7	2.80609	0.705099	2.76936	0.964785	0	0.00241196	0.0328027	0.597579
1020	7	2.73256	0.691935	2.74813	0.964785	0	0.00241196	0.0328027	0.580648
1030	8	2.79285	0.687395	2.74022	0.965717	0	0.00193143	0.0323515	0.580618
1040	6	2.72412	0.688196	2.77267	0.969462	0	0.00145419	0.0290839	0.588742
1050	6	2.73306	0.683606	2.71293	0.965717	0	0.00289715	0.0313858	0.569253
1060	7	2.44565	0.676861	2.66069	0.962464	0	0.00192493	0.0356112	0.577636
1070	6	2.51249	0.670103	2.55858	0.960154	0	0.00144023	0.0384061	0.573125
1080	6	2.68104	0.665663	2.64269	0.963391	0	0.00144509	0.0351638	0.56979
1090	6	2.61656	0.669757	2.60422	0.961076	0	0.00288323	0.0360404	0.581208
1100	6	2.74804	0.668665	2.83753	0.964785	0	0.00337675	0.0318379	0.576783
1110	6	2.56226	0.665462	2.60853	0.966651	0	0.0019333	0.0314161	0.564269
1120	6	2.57271	0.662672	2.60471	0.961076	0	0.00240269	0.0365209	0.565223
1130	6	2.51857	0.660095	2.59385	0.959693	0	0.00287908	0.037428	0.57492
1140	7	2.57924	0.658198	2.66826	0.955566	0	0.00382226	0.0406116	0.566001
1150	6	2.78457	0.661861	2.68914	0.95511	0	0.00238777	0.0425024	0.575502
1160	6	2.8718	0.658383	2.64045	0.962927	0	0.00144439	0.0356283	0.572985
1170	7	3.16902	0.681367	2.73746	0.965717	0	0.00193143	0.0323515	0.582092
1180	6	3.31072	0.683497	2.89821	0.963855	0	0.00385542	0.0322892	0.583935
1190	6	3.07914	0.704145	2.7736	0.96432	0	0.0024108	0.033269	0.598208
1200	6	2.79078	0.706091	2.75797	0.965251	0	0.003861	0.030888	0.610784
1210	5	2.37509	0.713625	2.57079	0.966651	0	0.00289995	0.0304495	0.601917
1220	5	2.29659	0.704219	2.63618	0.962001	0	0.001443	0.036556	0.604461
1230	7	2.10766	0.723872	2.52251	0.970403	0	0.00339641	0.0262009	0.616116
1240	6	2.04366	0.726024	2.58918	0.970874	0	0.00242718	0.026699	0.617898
1250	5	1.80873	0.738911	2.46072	0.964785	0	0.00289436	0.0323203	0.612902
1260	5	1.88917	0.731423	2.49742	0.968054	0	0.00193611	0.0300097	0.609143
1270	6	1.6517	0.74254	2.39406	0.97704	0	0.00195408	0.0210064	0.616794
1280	6	1.59529	0.74799	2.40289	0.97371	0	0.000486855	0.0258033	0.617678
1290	5	1.44363	0.751411	2.30851	0.978953	0	0	0.0210475	0.615119
1300	4	1.4575	0.74265	2.36109	0.969932	0	0.00242483	0.0276431	0.606182
1310	4	1.52889	0.731342	2.33043	0.96432	0	0.0024108	0.033269	0.601392
1320	4	1.46373	0.730198	2.26459	0.969932	0	0.0029098	0.0271581	0.603098
1330	5	1.43199	0.726592	2.18663	0.97561	0	0.00097561	0.0234146	0.603328
1340	5	1.29396	0.723344	2.12417	0.970874	0	0.0038835	0.0252427	0.590307
1350	5	1.21713	0.718539	2.10383	0.964785	0	0.00144718	0.0337675	0.585172
1360	5	1.25058	0.70556	2.04038	0.96432	0	0.00192864	0.0337512	0.579655
1370	6	1.25941	0.698179	2.05745	0.968054	0	0.00290416	0.0290416	0.573293
1380	6	1.24919	0.691679	2.03428	0.962464	0	0.00433109	0.033205	0.56517
1390	6	1.20288	0.693926	2.10727	0.956938	0	0.00382775	0.0392344	0.564752
1400	6	1.20886	0.68198	2.10124	0.956023	0	0.00334608	0.040631	0.560768
1410	5	1.27801	0.672459	2.11696	0.959233	0	0.00239808	0.0383693	0.553058
1420	6	1.32638	0.67082	2.06254	0.954654	0	0.00334129	0.0420048	0.553807
1430	7	1.43419	0.671222	2.27132	0.95057	0	0.00427757	0.0451521	0.554717
1440	6	1.40659	0.663266	2.13543	0.953289	0	0.0042898	0.0424214	0.547487
1450	6	1.45369	0.654867	2.12055	0.947418	0	0.00142113	0.0511606	0.534378
1460	5	1.75985	0.677671	2.3727	0.952381	0	0.00333333	0.0442857	0.566549
1470	5	1.88031	0.691168	2.44268	0.962001	0	0.000962001	0.037037	0.570517
1480	6	1.92199	0.704069	2.50466	0.961538	0	0.00192308	0.0365385	0.578591
1490	7	2.27454	0.730456	2.6457	0.963855	0	0.00144578	0.0346988	0.595644
1500	6	2.15834	0.760051	2.69203	0.967586	0	0.000483793	0.0319303	0.619496
1510	7	2.12366	0.779061	2.6891	0.972763	0	0.00145914	0.0257782	0.630807
1520	7	1.94933	0.803578	2.73449	0.967586	0	0.00290276	0.0295114	0.641091
1530	8	1.95662	0.797483	2.63372	0.971817	0	0	0.0281827	0.634331
1540	6	1.85722	0.800876	2.63315	0.97229	0	0.00291687	0.0247934	0.64229
1550	7	1.9189	0.798248	2.70056	0.97371	0	0.00486855	0.0214216	0.639562
1560	7	1.80421	0.804761	2.53684	0.969462	0	0.00242365	0.0281144	0.646131
1570	5	1.69016	0.799055	2.47998	0.973236	0	0.00340633	0.0233577	0.640216
1580	5	1.6758	0.812028	2.54707	0.977995	0	0.00146699	0.0205379	0.636329
1590	4	1.6939	0.811623	2.48982	0.97561	0	0.00243902	0.0219512	0.635265
1600	5	1.54916	0.808975	2.39423	0.97704	0	0.00097704	0.0219834	0.636786
1610	6	1.61381	0.800994	2.46987	0.974184	0	0.00292255	0.0228933	0.63528
1620	3	1.49699	0.795466	2.35327	0.979432	0	0.0029383	0.0176298	0.62713
1630	3	1.36123	0.809034	2.26922	0.97561	0	0.00146341	0.0229268	0.638295
1640	4	1.28555	0.809916	2.21356	0.97704	0	0.0024426	0.0205178	0.637479
1650	3	1.22447	0.815141	2.31728	0.979432	0	0.00244858	0.0181195	0.634102
1660	3	1.27799	0.810651	2.25179	0.978953	0	0.00244738	0.0186001	0.6223
1670	3	1.29998	0.808091	2.328	0.972763	0	0.00194553	0.0252918	0.625672
1680	3	1.26006	0.797536	2.29145	0.971345	0	0.00485673	0.023798	0.621586
1690	5	1.32858	0.794303	2.37603	0.962927	0	0.00337025	0.0337025	0.622312
1700	2	1.36244	0.79109	2.3569	0.963855	0	0.00385542	0.0322892	0.616358
1710	3	1.36527	0.783084	2.32245	0.963391	0	0.00289017	0.0337187	0.60655
1720	2	1.55984	0.778994	2.46808	0.969462	0	0.00242365	0.0281144	0.611543
1730	2	1.56371	0.772212	2.47742	0.974659	0	0.00194932	0.0233918	0.598829
1740	2	1.5508	0.762499	2.50529	0.969932	0	0.00484966	0.0252182	0.598976
1750	2	1.62006	0.758269	2.47955	0.973236	0	0.00437956	0.0223844	0.608546
1760	3	1.64313	0.751148	2.52481	0.969462	0	0.00193892	0.0285991	0.594915
1770	4	1.68282	0.743932	2.44949	0.959693	0	0.00335893	0.0369482	0.591964
1780	3	1.90538	0.74689	2.67777	0.964785	0	0.00482393	0.0303907	0.594262
1790	4	1.98152	0.745477	2.71968	0.961076	0	0.00192215	0.0370014	0.602572
1800	3	2.05549	0.744841	2.62186	0.968523	0	0.00145278	0.0300242	0.588187
1810	3	2.11046	0.745128	2.69685	0.969462	0	0.00193892	0.0285991	0.597476
1820	4	2.12436	0.746059	2.69317	0.961538	0	0.00384615	0.0346154	0.59557
1830	4	2.09358	0.744896	2.59973	0.97371	0	0.00194742	0.0243427	0.590654
1840	3	2.08266	0.726272	2.59262	0.965717	0	0.00289715	0.0313858	0.582508
1850	3	2.02659	0.722875	2.58254	0.959233	0	0.00431655	0.0364508	0.589649
1860	3	1.93959	0.72078	2.50874	0.963855	0	0.00240964	0.0337349	0.586377
1870	3	1.941	0.720191	2.60419	0.963855	0	0.00192771	0.0342169	0.583363
1880	3	1.72588	0.726123	2.41996	0.965717	0	0.00144858	0.0328344	0.597196
1890	3	1.73055	0.721584	2.51361	0.966651	0	0	0.0333494	0.581232
1900	5	1.62854	0.721705	2.40318	0.963391	0	0.000481696	0.0361272	0.586132
1910	5	1.8259	0.716137	2.48438	0.968054	0	0.00145208	0.0304937	0.584791
1920	4	1.55306	0.71295	2.32163	0.968054	0	0.00387222	0.0280736	0.580906
1930	5	1.67311	0.717371	2.43689	0.963391	0	0.00192678	0.0346821	0.580277
1940	5	1.79768	0.723343	2.46112	0.965251	0	0.00337838	0.0313707	0.585742
1950	7	1.92294	0.715153	2.54066	0.96432	0	0.00096432	0.0347155	0.577555
1960	6	2.01241	0.717579	2.55844	0.967118	0	0.00145068	0.0314313	0.588048
1970	6	2.22276	0.719776	2.73775	0.964785	0	0.00337675	0.0318379	0.58774
1980	5	2.38809	0.718764	2.71809	0.968523	0	0.00145278	0.0300242	0.586512
1990	5	2.49779	0.711648	2.74588	0.958773	0	0.00143816	0.0397891	0.584843
2000	5	2.71181	0.720443	2.82484	0.962464	0	0.0014437	0.0360924	0.596299
2010	7	2.57735	0.714168	2.71066	0.965251	0	0.0019305	0.0328185	0.586906
2020	6	2.91856	0.721541	2.87043	0.964785	0	0.00434153	0.0308731	0.598625
2030	6	2.91741	0.730939	2.76591	0.965251	0	0.00241313	0.0323359	0.594648
2040	6	2.82414	0.749733	2.81477	0.967118	0	0.00241779	0.0304642	0.604156
2050	7	2.68128	0.768596	2.8116	0.978474	0	0.00195695	0.0195695	0.626439
2060	6	2.69884	0.769959	3.00407	0.970403	0	0.00388161	0.0257157	0.621417
2070	7	2.34263	0.783207	2.83063	0.969462	0	0.00484731	0.0256907	0.628311
2080	9	2.29899	0.78792	2.73758	0.983284	0	0.00245821	0.0142576	0.631819
2090	8	2.35696	0.79228	2.74741	0.979912	0	0.00342969	0.0166585	0.627158
2100	6	2.47198	0.794339	2.95072	0.96432	0	0.0048216	0.0308582	0.638175
2110	5	2.40754	0.77621	2.94617	0.97371	0	0.00146056	0.0248296	0.62726
2120	5	2.27943	0.782879	2.77893	0.974659	0	0.00146199	0.0238791	0.622389
2130	5	2.43409	0.780715	2.79243	0.971345	0	0.00194269	0.026712	0.630341
2140	6	2.46003	0.789963	2.8822	0.969932	0	0.00436469	0.0257032	0.632254
2150	6	2.51658	0.775247	2.86162	0.975134	0	0.0014627	0.0234032	0.620755
2160	7	2.65046	0.778262	2.88555	0.973236	0	0.00291971	0.0238443	0.621017
2170	6	2.46286	0.777146	2.73402	0.976086	0	0.000976086	0.022938	0.623578
2180	4	2.14449	0.775546	2.72042	0.971345	0	0.00194269	0.026712	0.619044
2190	4	2.17104	0.772159	2.66358	0.970403	0	0.0014556	0.0281417	0.615405
2200	4	2.27346	0.774283	2.83331	0.968523	0	0.00145278	0.0300242	0.614826
2210	6	2.22813	0.767848	2.77226	0.968054	0	0.00435624	0.0275895	0.613285
2220	4	2.1685	0.768103	2.81301	0.966184	0	0.00241546	0.031401	0.610553
2230	6	2.14707	0.770515	2.79861	0.970403	0	0.00194081	0.0276565	0.613128
2240	8	2.0975	0.7643	2.64629	0.976562	0	0.00195312	0.0214844	0.609184
2250	4	2.11177	0.761465	2.66806	0.97371	0	0.00243427	0.0238559	0.609057
2260	3	2.04917	0.759555	2.77623	0.967118	0	0.00145068	0.0314313	0.600368
2270	3	2.05266	0.746897	2.6604	0.97229	0	0.00291687	0.0247934	0.602145
2280	4	2.03894	0.745454	2.65545	0.968523	0	0.00145278	0.0300242	0.59461
2290	3	2.04031	0.736666	2.63839	0.970403	0	0.00242601	0.0271713	0.593209
2300	4	2.01659	0.728358	2.63021	0.964785	0	0.00385914	0.0313555	0.581884
2310	4	2.0337	0.727022	2.59334	0.957396	0	0.00335089	0.0392532	0.584272
2320	4	2.04874	0.721505	2.61662	0.961076	0	0.00432484	0.0345988	0.581342
2330	4	2.16247	0.722325	2.59349	0.962927	0	0.00337025	0.0337025	0.58648
2340	6	2.30116	0.724336	2.58583	0.972763	0	0.00194553	0.0252918	0.575493
2350	6	2.32974	0.732978	2.66481	0.966184	0	0.00434783	0.0294686	0.582858
2360	6	2.16333	0.728739	2.58252	0.97229	0	0.00243072	0.0252795	0.58869
2370	7	2.19629	0.727136	2.66213	0.967586	0	0.00241896	0.0299952	0.584698
2380	8	2.34604	0.722407	2.65763	0.957396	0	0.00287219	0.0397319	0.588526
2390	7	2.62329	0.725029	2.82791	0.961076	0	0.00144161	0.037482	0.589824
2400	11	2.64395	0.723992	2.78001	0.966651	0	0.000966651	0.0323828	0.58851
2410	8	2.77651	0.723996	2.77137	0.96432	0	0.00385728	0.0318226	0.584186
2420	8	3.0923	0.734483	2.81886	0.96432	0	0.00626808	0.0294118	0.599209
2430	9	3.40233	0.753307	2.99811	0.968054	0	0.00242014	0.0295257	0.613584
2440	7	3.57295	0.764595	2.99469	0.971345	0	0.00145702	0.0271977	0.620329
2450	7	3.70204	0.787475	3.09891	0.97371	0	0.00340798	0.0228822	0.637192
2460	7	4.09629	0.804606	3.15516	0.971817	0	0.00194363	0.0262391	0.65043
2470	8	4.26256	0.793198	3.12378	0.977995	0	0.000488998	0.0215159	0.64683
2480	7	4.23621	0.795722	3.25219	0.971817	0	0.00145773	0.026725	0.651077
2490	6	3.93722	0.804095	3.10628	0.974184	0	0.00194837	0.0238675	0.646675
2500	6	3.84033	0.829349	3.20865	0.976086	0	0.00439239	0.0195217	0.669184
2510	6	3.5466	0.836965	3.17477	0.981836	0	0.00392734	0.0142366	0.664828
2520	6	3.80709	0.829916	3.15656	0.981836	0	0.000981836	0.0171821	0.661171
2530	7	3.52507	0.831678	3.15343	0.97704	0	0.00146556	0.0214949	0.671693
2540	6	3.7507	0.838134	3.2025	0.977517	0	0.00342131	0.0190616	0.667664
2550	6	3.944	0.833335	3.19884	0.981354	0	0.00196271	0.016683	0.668299
2560	8	3.64173	0.836672	3.23128	0.971345	0	0.00485673	0.023798	0.661601
2570	6	3.46685	0.830973	3.16814	0.979912	0	0.00342969	0.0166585	0.657067
2580	6	3.2274	0.843118	3.20334	0.985222	0	0.00197044	0.0128079	0.664612
2590	6	3.04752	0.845989	3.07721	0.983768	0	0.00147565	0.0147565	0.670623
2600	7	3.51932	0.842323	3.19409	0.974184	0	0.00487092	0.020945	0.659467
2610	6	3.31703	0.830553	3.10427	0.976562	0	0.00244141	0.0209961	0.663319
2620	7	2.99666	0.835197	3.05317	0.983768	0	0.00245942	0.0137727	0.660908
2630	7	2.77383	0.832896	3.04486	0.979912	0	0.00146987	0.0186183	0.654116
2640	7	3.21075	0.826612	3.09895	0.975134	0	0.00195027	0.0229157	0.660458
2650	8	3.52151	0.825611	3.09659	0.980873	0	0.000980873	0.0181462	0.656734
2660	8	3.51688	0.817358	3.22822	0.976086	0	0.0034163	0.0204978	0.654333
2670	10	3.42034	0.816876	3.15787	0.978474	0	0.00244618	0.0190802	0.647439
2680	10	3.27909	0.825193	3.20946	0.976086	0	0.00244021	0.0214739	0.647383
2690	9	2.86926	0.822107	3.077	0.979912	0	0.00293974	0.0171485	0.646688
2700	9	2.95079	0.82225	3.12269	0.976086	0	0.00195217	0.0219619	0.652744
2710	9	3.09158	0.814817	3.13806	0.97561	0	0.00146341	0.0229268	0.643953
2720	7	3.73187	0.819493	3.19596	0.976562	0	0.00292969	0.0205078	0.648201
2730	9	3.45798	0.812602	3.14326	0.977517	0	0.00244379	0.0200391	0.642613
2740	8	3.63343	0.807484	3.17762	0.977517	0	0.00195503	0.0205279	0.641751
2750	8	3.417	0.801546	3.11909	0.976086	0	0.00292826	0.0209858	0.635009
2760	10	3.01388	0.794155	3.14201	0.969932	0	0.00484966	0.0252182	0.642479
2770	7	3.21992	0.790863	3.16715	0.976086	0	0.0034163	0.0204978	0.633501
2780	6	2.81423	0.781074	2.98953	0.97561	0	0.00292683	0.0214634	0.627651
2790	7	2.86649	0.777218	2.98304	0.97371	0	0.00340798	0.0228822	0.619277
2800	8	3.06051	0.774155	3.01673	0.97561	0	0	0.0243902	0.624654
2810	6	2.98361	0.767667	3.04707	0.970874	0	0.00145631	0.0276699	0.618353
2820	7	2.83833	0.761192	2.97065	0.968523	0	0.00290557	0.0285714	0.61768
2830	6	2.70763	0.749893	2.98147	0.967586	0	0.000967586	0.0314465	0.603871
2840	7	2.86806	0.747395	2.93641	0.965717	0	0.00676002	0.0275229	0.603268
2850	10	3.14306	0.748303	3.04128	0.968992	0	0.00290698	0.0281008	0.606244
2860	7	3.22098	0.74164	2.9342	0.973236	0	0.00145985	0.0253041	0.606452
2870	8	3.25237	0.737127	2.95059	0.971817	0	0.00340136	0.0247813	0.604127
2880	8	3.47826	0.738423	2.99028	0.976086	0	0.00390434	0.0200098	0.602351
2890	9	3.74798	0.740154	3.03133	0.964785	0	0.00241196	0.0328027	0.607917
2900	8	3.63606	0.734381	2.97704	0.970403	0	0.00242601	0.0271713	0.603207
2910	9	3.28411	0.72892	2.90782	0.967586	0	0.00338655	0.0290276	0.597799
2920	10	3.41078	0.732711	3.00266	0.973236	0	0.00194647	0.0248175	0.600205
2930	10	4.58255	0.754283	3.15039	0.970403	0	0.00242601	0.0271713	0.615129
2940	9	5.35168	0.772232	3.19315	0.968523	0	0.00145278	0.0300242	0.640555
2950	10	5.48946	0.786254	3.27816	0.97229	0	0.00243072	0.0252795	0.642002
2960	8	5.92286	0.79445	3.34948	0.97229	0	0.00486145	0.0228488	0.648844
2970	8	5.83975	0.79023	3.21982	0.974184	0	0.00292255	0.0228933	0.646765
2980	8	5.47153	0.803169	3.32298	0.972763	0	0.00340467	0.0238327	0.664142
2990	9	5.02446	0.805558	3.25113	0.971345	0	0.00631374	0.0223409	0.653485
3000	8	5.01544	0.813325	3.24909	0.975134	0	0.00195027	0.0229157	0.664304
3010	9	4.61077	0.826375	3.33971	0.980392	0	0.00245098	0.0171569	0.67866
3020	7	4.39335	0.825214	3.39685	0.97229	0	0.00486145	0.0228488	0.672458
3030	7	4.23034	0.824558	3.25319	0.977517	0	0.00244379	0.0200391	0.661059
3040	7	3.57651	0.828475	3.21215	0.971817	0	0.00388727	0.0242954	0.664525
3050	8	3.1057	0.843433	3.12833	0.983768	0	0.00196754	0.0142646	0.67577
3060	9	2.8985	0.835271	3.0495	0.981836	0	0.00196367	0.0162003	0.679414
3070	9	2.84696	0.830927	3.08201	0.981836	0	0.00147275	0.0166912	0.663855
3080	9	2.96004	0.833831	3.1128	0.975134	0	0.00390054	0.0209654	0.658334
3090	9	3.45945	0.821541	3.11425	0.979912	0	0.00342969	0.0166585	0.660167
3100	9	3.53658	0.816752	3.15262	0.978953	0	0.00391581	0.0171317	0.656307
3110	7	3.27183	0.815732	3.09166	0.974659	0	0.00243665	0.0229045	0.66503
3120	7	3.02643	0.810898	2.99675	0.977517	0	0.00244379	0.0200391	0.656253
3130	8	2.61711	0.814821	3.14765	0.980392	0	0.00294118	0.0166667	0.663391
3140	10	2.40742	0.816669	2.91324	0.977995	0	0.00244499	0.0195599	0.654238
3150	7	2.33896	0.812173	2.96592	0.977517	0	0.00146628	0.0210166	0.646215
3160	8	2.10947	0.806098	2.84688	0.969462	0	0.00193892	0.0285991	0.642694
3170	7	2.45848	0.801204	3.03163	0.975134	0	0.0043881	0.0204778	0.635935
3180	7	2.25115	0.796938	2.94056	0.978953	0	0.00146843	0.0195791	0.640496
3190	7	1.90253	0.798051	2.71467	0.972763	0	0.00340467	0.0238327	0.633672
3200	8	2.00771	0.790514	2.74035	0.97229	0	0.00388916	0.0238211	0.624924
3210	8	1.88024	0.789298	2.78207	0.97561	0	0.00243902	0.0219512	0.627313
3220	6	1.92824	0.784616	2.72736	0.971817	0	0.00388727	0.0242954	0.627686
3230	6	1.92257	0.780576	2.73119	0.974184	0	0.00146128	0.0243546	0.626935
3240	6	1.81223	0.767092	2.62141	0.97229	0	0.00145843	0.0262518	0.610566
3250	7	1.7922	0.759014	2.57831	0.97704	0	0.00146556	0.0214949	0.607352
3260	7	1.77945	0.753698	2.61825	0.968523	0	0.00387409	0.0276029	0.607238
3270	7	1.86046	0.748396	2.62929	0.964785	0	0.000482393	0.0347323	0.600918
3280	8	1.95142	0.740991	2.66047	0.965251	0	0.00289575	0.0318533	0.592984
3290	7	1.88337	0.731705	2.60963	0.965251	0	0.00241313	0.0323359	0.591162
3300	8	1.80115	0.717747	2.50602	0.961538	0	0.00336538	0.0350962	0.582085
3310	11	1.813	0.717679	2.50357	0.974184	0	0.00243546	0.0233804	0.580988
3320	9	1.71796	0.712021	2.58488	0.954198	0	0.00333969	0.0424618	0.588207
3330	10	1.73326	0.704514	2.50732	0.966184	0	0.00144928	0.0323671	0.57547
3340	9	1.72774	0.703695	2.41153	0.969932	0	0.00193986	0.028128	0.579541
3350	10	1.63446	0.693584	2.53202	0.958773	0	0.00239693	0.0388303	0.566907
3360	11	1.95206	0.702594	2.53012	0.968054	0	0.00193611	0.0300097	0.569338
3370	10	2.03518	0.699533	2.59989	0.962927	0	0.00240732	0.0346654	0.566876
3380	10	2.10849	0.701542	2.57078	0.957854	0	0.00191571	0.0402299	0.577189
3390	11	2.67868	0.71379	2.78382	0.963391	0	0.00144509	0.0351638	0.584728
3400	11	3.5475	0.738981	2.97402	0.966184	0	0.00241546	0.031401	0.608415
3410	10	3.73236	0.752081	3.04575	0.974659	0	0.00146199	0.0238791	0.616563
3420	10	3.87298	0.756283	3.06863	0.970403	0	0.00485201	0.0247453	0.625463
3430	10	3.90286	0.749474	3.09562	0.962001	0	0.000481	0.037518	0.615522
3440	9	4.24324	0.754007	3.17732	0.966651	0	0.00289995	0.0304495	0.620985
3450	10	4.41832	0.760491	3.1386	0.966651	0	0.00289995	0.0304495	0.621132
3460	10	4.79138	0.775719	3.21465	0.978474	0	0.00342466	0.0181018	0.639464
3470	10	5.02917	0.79932	3.25394	0.97561	0	0.00341463	0.0209756	0.643698
3480	9	4.75443	0.801117	3.22989	0.977995	0	0.00195599	0.0200489	0.656116
3490	8	4.80564	0.801928	3.34124	0.976086	0	0.00195217	0.0219619	0.655727
3500	8	4.88173	0.807796	3.38904	0.975134	0	0.00243784	0.0224281	0.65794
3510	7	4.10344	0.81769	3.22026	0.982801	0	0.0014742	0.0157248	0.661752
3520	7	4.07317	0.819864	3.29173	0.979432	0	0.00195886	0.0186092	0.66304
3530	7	3.82463	0.820572	3.20563	0.978953	0	0.00293686	0.0181106	0.661624
3540	7	3.58526	0.818371	3.16151	0.97704	0	0.0024426	0.0205178	0.660565
3550	7	3.27413	0.822449	3.20592	0.975134	0	0.00243784	0.0224281	0.657264
3560	7	3.24825	0.81692	3.11362	0.979912	0	0.000979912	0.0191083	0.667597
3570	7	3.5084	0.815422	3.1496	0.980873	0	0.00294262	0.0161844	0.665281
3580	7	3.2976	0.813578	3.07948	0.981354	0	0.00196271	0.016683	0.657368
3590	6	3.21356	0.80974	3.23781	0.974184	0	0.00292255	0.0228933	0.650111
3600	6	3.14938	0.808791	3.14199	0.981836	0	0.00196367	0.0162003	0.655489
3610	7	2.89642	0.808766	3.04054	0.976562	0	0.00244141	0.0209961	0.655651
3620	8	2.75947	0.80881	3.00518	0.980392	0	0.00343137	0.0161765	0.649007
3630	7	2.75887	0.794524	2.97387	0.980392	0	0.000490196	0.0191176	0.639344
3640	6	2.44812	0.792449	2.88265	0.980392	0	0.000980392	0.0186275	0.643808
3650	7	2.40898	0.789437	2.9334	0.97561	0	0.00097561	0.0234146	0.635537
3660	5	2.58746	0.790986	2.95253	0.974659	0	0.000974659	0.0243665	0.637067
3670	6	2.58075	0.778756	2.91996	0.974184	0	0.00438383	0.0214321	0.62748
3680	5	2.75076	0.781177	3.01711	0.97371	0	0.00146056	0.0248296	0.631631
3690	4	2.67955	0.776452	2.95771	0.977517	0	0.00244379	0.0200391	0.618928
3700	4	2.69691	0.772513	2.91824	0.977995	0	0.00244499	0.0195599	0.618878
3710	4	2.87229	0.765282	2.89327	0.974659	0	0.00194932	0.0233918	0.615464
3720	4	2.92787	0.763805	2.98043	0.970874	0	0.00291262	0.0262136	0.625545
3730	4	2.90878	0.758244	3.08411	0.970403	0	0.00388161	0.0257157	0.616853
3740	5	2.91447	0.754664	3.06444	0.968523	0	0.00193705	0.02954	0.617157
3750	6	3.03958	0.75786	2.99965	0.977517	0	0.00146628	0.0210166	0.625985
3760	5	2.97311	0.753757	2.91877	0.977517	0	0.00293255	0.0195503	0.619499
3770	5	2.83021	0.750549	3.02046	0.965251	0	0.003861	0.030888	0.614253
3780	6	2.60695	0.747125	2.94959	0.971817	0	0.00242954	0.0257532	0.610385
3790	7	2.59209	0.742468	2.8794	0.97371	0	0.00340798	0.0228822	0.612006
3800	6	2.53565	0.738719	2.88849	0.970403	0	0.00242601	0.0271713	0.60569
3810	8	2.58112	0.734562	2.96995	0.969932	0	0.0029098	0.0271581	0.602565
3820	7	2.39693	0.726192	2.8424	0.965251	0	0.0019305	0.0328185	0.596617
3830	5	2.14224	0.72016	2.74843	0.965251	0	0.00579151	0.0289575	0.597949
3840	6	2.08896	0.715216	2.64569	0.966651	0	0.00241663	0.0309328	0.590852
3850	6	2.25226	0.706701	2.80141	0.968992	0	0.00290698	0.0281008	0.587955
3860	6	2.22876	0.698767	2.72698	0.961538	0	0.00240385	0.0360577	0.585724
3870	5	2.51211	0.703237	2.71116	0.966184	0	0.00193237	0.0318841	0.580718
3880	5	2.66274	0.699538	2.7183	0.968523	0	0.00193705	0.02954	0.578927
3890	5	2.57533	0.691125	2.69883	0.963855	0	0.00192771	0.0342169	0.580344
3900	7	2.97809	0.685875	2.77309	0.961076	0	0.000480538	0.0384431	0.578698
3910	4	2.75328	0.672056	2.6609	0.960615	0	0.00336215	0.0360231	0.564888
3920	5	3.0471	0.672348	2.68988	0.966651	0	0.00144998	0.0318995	0.562909
3930	5	3.13751	0.664137	2.69579	0.95511	0	0.00191022	0.0429799	0.56315
3940	4	3.23245	0.666087	2.72595	0.957396	0	0.00287219	0.0397319	0.568966
3950	5	3.40558	0.668746	2.81147	0.966651	0	0.000966651	0.0323828	0.572657
3960	5	3.57182	0.670834	2.82854	0.958773	0	0.00287632	0.0383509	0.576518
3970	5	3.6841	0.677832	2.73694	0.968523	0	0.00338983	0.0280872	0.57154
3980	7	3.86514	0.684641	2.87944	0.969932	0	0.0014549	0.028613	0.573073
3990	6	3.87202	0.678564	2.93921	0.965251	0	0.000965251	0.0337838	0.577687
4000	9	3.97386	0.684152	2.85022	0.968523	0	0.00338983	0.0280872	0.578035
4010	8	4.02627	0.695261	2.94643	0.962464	0	0.00192493	0.0356112	0.582409
4020	7	4.11451	0.702607	2.90403	0.964785	0	0.00192957	0.0332851	0.583712
4030	6	4.06207	0.710908	2.95211	0.963855	0	0.00192771	0.0342169	0.58794
4040	6	3.67705	0.725264	2.96388	0.966651	0	0.000966651	0.0323828	0.598787
4050	6	3.14207	0.741611	2.95896	0.965251	0	0.00241313	0.0323359	0.615443
4060	7	2.99182	0.744785	2.83789	0.969462	0	0.00145419	0.0290839	0.61658
4070	6	2.42994	0.754885	2.71349	0.976086	0	0.00244021	0.0214739	0.615146
4080	7	2.13948	0.771913	2.6928	0.97704	0	0.00439668	0.0185638	0.624981
4090	6	1.95351	0.76682	2.6138	0.971345	0	0.00291404	0.0257407	0.618239
4100	6	2.01561	0.763241	2.60104	0.97561	0	0.00146341	0.0229268	0.625087
4110	6	1.97475	0.764161	2.60589	0.974184	0	0.00292255	0.0228933	0.619776
4120	7	1.93866	0.764716	2.60863	0.969932	0	0.0029098	0.0271581	0.623666
4130	8	1.83081	0.76683	2.6018	0.968054	0	0.00145208	0.0304937	0.619559
4140	8	1.83696	0.764289	2.54336	0.97561	0	0.00146341	0.0229268	0.617734
4150	8	1.77077	0.771387	2.5411	0.974184	0	0.00194837	0.0238675	0.611899
4160	8	1.54927	0.773947	2.50618	0.969932	0	0.0029098	0.0271581	0.611907
4170	6	1.42221	0.774182	2.36758	0.972763	0	0.00145914	0.0257782	0.621575
4180	6	1.2942	0.762164	2.18354	0.963391	0	0.00337187	0.033237	0.606705
4190	6	1.23151	0.764314	2.19599	0.968992	0	0.00290698	0.0281008	0.607894
4200	4	1.2566	0.754319	2.12909	0.97704	0	0.0024426	0.0205178	0.608559
4210	3	1.33407	0.750084	2.31417	0.971345	0	0.00194269	0.026712	0.606421
4220	4	1.36045	0.742503	2.24183	0.967586	0	0.00145138	0.0309627	0.588903
4230	4	1.45167	0.739807	2.3511	0.960615	0	0.00288184	0.0365034	0.592158
4240	4	1.58493	0.735475	2.40399	0.953743	0	0.00238436	0.0438722	0.595248
4250	4	1.62507	0.730194	2.43124	0.964785	0	0.00241196	0.0328027	0.58396
4260	5	1.6794	0.722624	2.41381	0.966184	0	0.00289855	0.0309179	0.579821
4270	5	1.88855	0.723201	2.5331	0.958773	0	0.00287632	0.0383509	0.582639
4280	6	1.85308	0.715923	2.51958	0.957854	0	0.00191571	0.0402299	0.580483
4290	6	1.88674	0.717758	2.51468	0.961076	0	0.00384431	0.0350793	0.578936
4300	6	2.04438	0.716302	2.59629	0.957396	0	0.00191479	0.0406893	0.57739
4310	5	2.08451	0.716534	2.64498	0.967118	0	0.00290135	0.0299807	0.575606
4320	4	2.15436	0.722182	2.6767	0.960154	0	0.00192031	0.0379261	0.586868
4330	6	2.3527	0.732548	2.83475	0.962001	0	0.002405	0.035594	0.59565
4340	6	2.38715	0.746267	2.71885	0.971817	0	0.00242954	0.0257532	0.6
4350	4	2.29065	0.747996	2.76876	0.96432	0	0.00337512	0.0323047	0.61376
4360	3	2.38688	0.749698	2.74303	0.966651	0	0.00241663	0.0309328	0.609961
4370	3	2.34514	0.745261	2.64767	0.970403	0	0.00291121	0.0266861	0.597314
4380	4	2.30054	0.742946	2.70879	0.961538	0	0.00288462	0.0355769	0.602993
4390	3	2.29994	0.749944	2.72897	0.965717	0	0.00193143	0.0323515	0.603211
4400	4	2.23474	0.749134	2.70698	0.960154	0	0.00240038	0.037446	0.599101
4410	3	2.09954	0.757272	2.79519	0.964785	0	0.00241196	0.0328027	0.603964
4420	5	2.26573	0.74972	2.70126	0.971817	0	0.00437318	0.0238095	0.613296
4430	4	2.17761	0.756095	2.74896	0.964785	0	0.00289436	0.0323203	0.611885
4440	5	2.63589	0.767182	2.83245	0.964785	0	0.00241196	0.0328027	0.613086
4450	5	2.60242	0.775229	2.87169	0.968523	0	0.00290557	0.0285714	0.611834
4460	5	2.48159	0.772621	2.88391	0.965717	0	0.00193143	0.0323515	0.615667
4470	4	2.5772	0.763952	2.80799	0.97371	0	0.00146056	0.0248296	0.618173
4480	4	2.43979	0.768457	2.8733	0.97371	0	0.000486855	0.0258033	0.61398
4490	5	2.38598	0.765064	2.82096	0.968054	0	0.00193611	0.0300097	0.614071
4500	4	2.34113	0.774325	2.7845	0.972763	0	0	0.0272374	0.617975
4510	4	2.33307	0.764553	2.76974	0.972763	0	0.00194553	0.0252918	0.613376
4520	6	2.24269	0.76001	2.74472	0.963855	0	0.00337349	0.0327711	0.605015
4530	4	2.11696	0.766157	2.70621	0.972763	0	0.00194553	0.0252918	0.603823
4540	5	2.17943	0.758597	2.70836	0.969932	0	0.00339476	0.0266731	0.603685
4550	5	2.27439	0.754633	2.71332	0.962464	0	0.00288739	0.0346487	0.605042
4560	5	2.45122	0.749575	2.78447	0.97229	0	0.00194458	0.0257657	0.602878
4570	6	2.64623	0.750389	2.77876	0.969932	0	0.0014549	0.028613	0.60635
4580	5	2.44391	0.75543	2.74612	0.975134	0	0.000975134	0.0238908	0.605636
4590	5	2.34497	0.747141	2.8135	0.967118	0	0.00241779	0.0304642	0.599796
4600	5	2.25469	0.745731	2.8014	0.962927	0	0.00288878	0.0341839	0.595706
4610	4	2.22558	0.739111	2.66034	0.968054	0	0.00242014	0.0295257	0.600898
4620	4	2.35467	0.727167	2.70804	0.968992	0	0.00193798	0.0290698	0.584852
4630	5	2.41927	0.736675	2.72379	0.962001	0	0.002886	0.035113	0.588708
4640	6	2.1995	0.735089	2.6372	0.970403	0	0.0014556	0.0281417	0.586496
4650	5	2.22013	0.731108	2.65845	0.956938	0	0.000478469	0.0425837	0.590536
4660	4	2.09343	0.731857	2.61249	0.967586	0	0.000967586	0.0314465	0.583521
4670	4	1.9776	0.732073	2.61489	0.962927	0	0.00385171	0.033221	0.591401
4680	4	2.06409	0.721437	2.67545	0.956938	0	0.00239234	0.0406699	0.575827
4690	5	2.05619	0.718039	2.62039	0.953743	0	0.000953743	0.0453028	0.582625
4700	4	2.05854	0.711143	2.52827	0.957854	0	0.00239464	0.039751	0.566714
4710	5	2.14415	0.70975	2.57739	0.954654	0	0.00190931	0.0434368	0.576652
4720	5	2.27976	0.719251	2.59346	0.966184	0	0.00241546	0.031401	0.581873
4730	7	2.31204	0.72082	2.62206	0.962927	0	0.00144439	0.0356283	0.588806
4740	6	2.35076	0.727521	2.71724	0.971345	0	0.000971345	0.0276833	0.58809
4750	7	2.46357	0.724727	2.78221	0.957854	0	0.00191571	0.0402299	0.583197
4760	5	2.92657	0.739848	2.8744	0.968992	0	0.00339147	0.0276163	0.600385
4770	5	3.09254	0.735976	2.94998	0.966184	0	0.000966184	0.0328502	0.602333
4780	5	3.31781	0.74569	2.89726	0.960615	0	0.00240154	0.0369837	0.60264
4790	5	3.31898	0.75283	2.91556	0.965251	0	0.00144788	0.0333012	0.610192
4800	4	3.23801	0.759677	2.89067	0.97229	0	0.00243072	0.0252795	0.617103
4810	4	3.17718	0.765662	2.90122	0.973236	0	0.00145985	0.0253041	0.622827
4820	5	3.05163	0.766473	2.89279	0.97229	0	0.00243072	0.0252795	0.609928
4830	4	2.99355	0.785572	2.9153	0.972763	0	0.00291829	0.0243191	0.628019
4840	6	2.86204	0.791887	2.93469	0.97561	0	0.00195122	0.022439	0.630677
4850	4	2.82492	0.790801	3.06032	0.978953	0	0.00195791	0.0190896	0.637118
4860	4	2.67782	0.794296	2.89332	0.97371	0	0.00389484	0.0223953	0.630309
4870	4	2.33682	0.807617	2.79903	0.976086	0	0.00195217	0.0219619	0.642562
4880	7	2.35273	0.802431	2.83959	0.971817	0	0.00194363	0.0262391	0.644226
4890	4	2.32125	0.793537	2.81392	0.973236	0	0.00340633	0.0233577	0.631825
4900	7	2.44125	0.78392	2.75072	0.973236	0	0.00243309	0.0243309	0.619438
4910	7	2.20842	0.792582	2.69937	0.983284	0	0.00147493	0.0152409	0.630744
4920	6	2.17885	0.790873	2.71474	0.976562	0	0.00146484	0.0219727	0.621101
4930	6	2.05854	0.787093	2.67649	0.971345	0	0.00339971	0.025255	0.637661
4940	6	2.14647	0.77857	2.72055	0.965251	0	0.00144788	0.0333012	0.615026
4950	5	1.89688	0.775121	2.69551	0.974659	0	0.00292398	0.0224172	0.613404
4960	3	1.99201	0.762699	2.53457	0.975134	0	0.00195027	0.0229157	0.605192
4970	3	1.93615	0.758939	2.74193	0.969932	0	0.00242483	0.0276431	0.610588
4980	3	2.07135	0.745847	2.55519	0.965251	0	0.00241313	0.0323359	0.594902
4990	4	2.0181	0.742355	2.59863	0.96432	0	0.00289296	0.0327869	0.591748
5000	4	2.14711	0.731595	2.54664	0.970403	0	0.00242601	0.0271713	0.583509
5010	4	2.19489	0.724412	2.62403	0.959693	0	0.00335893	0.0369482	0.582302
5020	3	2.02733	0.72762	2.53457	0.968992	0	0.00145349	0.0295543	0.582635
5030	5	2.073	0.720042	2.5575	0.961076	0	0.00384431	0.0350793	0.572657
5040	5	2.03588	0.716372	2.55617	0.957396	0	0.000957396	0.0416467	0.57228
5050	4	2.18589	0.704996	2.62999	0.968523	0	0.000968523	0.0305085	0.563063
5060	7	2.24092	0.699038	2.49122	0.965251	0	0.00337838	0.0313707	0.564565
5070	7	2.3384	0.694858	2.6506	0.955566	0	0.00525561	0.0391782	0.564815
5080	5	2.284	0.684089	2.46948	0.960615	0	0.00192123	0.037464	0.541661
5090	6	2.25729	0.673441	2.47432	0.956023	0	0.0043021	0.039675	0.537893
5100	5	2.25435	0.663549	2.42725	0.953289	0	0.00142993	0.0452812	0.546076
5110	6	2.20783	0.661523	2.41049	0.95057	0	0.00380228	0.0456274	0.542018
5120	6	2.37717	0.656018	2.46073	0.955566	0	0.00382226	0.0406116	0.531788
5130	7	2.2391	0.652347	2.42727	0.959233	0	0.00191847	0.0388489	0.534948
5140	6	2.12378	0.649885	2.37606	0.95057	0	0.00190114	0.0475285	0.538306
5150	5	2.20043	0.644935	2.38509	0.951475	0	0.00237869	0.0461465	0.538383
5160	5	2.04394	0.642651	2.30073	0.951928	0	0.00237982	0.0456925	0.525786
5170	6	1.94525	0.641395	2.27194	0.951022	0	0.00285307	0.0461246	0.529515
5180	5	2.11912	0.630174	2.33696	0.954198	0	0.0028626	0.0429389	0.524021
5190	6	2.42916	0.634381	2.55775	0.954654	0	0.00190931	0.0434368	0.530502
5200	7	2.59291	0.64833	2.52398	0.95057	0	0.00380228	0.0456274	0.54558
5210	8	2.71458	0.641485	2.55483	0.94518	0	0.00378072	0.0510397	0.539016
5220	9	3.32736	0.651369	2.68948	0.952381	0	0.00142857	0.0461905	0.548827
5230	9	3.86914	0.672394	2.70858	0.962927	0	0.000962927	0.0361098	0.572056
5240	8	3.54043	0.670351	2.78231	0.954654	0	0.00238663	0.0429594	0.562937
5250	9	3.41988	0.68496	2.79154	0.962001	0	0.001443	0.036556	0.574746
5260	8	3.28045	0.705884	2.79224	0.958313	0	0.00431241	0.0373742	0.599641
5270	8	3.27949	0.72811	2.8716	0.970874	0	0	0.0291262	0.606524
5280	7	3.32438	0.768895	2.91391	0.973236	0	0.000973236	0.0257908	0.634461
5290	7	2.81413	0.790327	2.85184	0.97371	0	0.00340798	0.0228822	0.654453
5300	8	2.7015	0.796153	2.86938	0.980392	0	0.000980392	0.0186275	0.651706
5310	9	2.34147	0.835741	2.86486	0.980392	0	0.00196078	0.0176471	0.682739
5320	10	2.31475	0.833361	2.87033	0.979912	0	0.00244978	0.0176384	0.673676
5330	8	2.12434	0.84702	2.83974	0.977995	0	0.00586797	0.0161369	0.68687
5340	9	1.85205	0.858561	2.87445	0.977995	0	0.00391198	0.0180929	0.690539
5350	8	1.77734	0.864104	2.71129	0.978474	0	0.00244618	0.0190802	0.686457
5360	7	1.75124	0.84783	2.65294	0.985707	0	0.00344998	0.0108428	0.680073
5370	7	1.74613	0.848984	2.64167	0.982801	0	0.000982801	0.0162162	0.680884
5380	11	1.68705	0.846311	2.63819	0.979432	0	0.000979432	0.0195886	0.670002
5390	9	1.62573	0.848054	2.56496	0.979912	0	0.00342969	0.0166585	0.679079
5400	7	1.55829	0.847972	2.52432	0.979432	0	0.00342801	0.0171401	0.680042
5410	7	1.64507	0.847445	2.72398	0.980392	0	0.00294118	0.0166667	0.669059
5420	7	1.72691	0.841907	2.69253	0.989609	0	0.000494805	0.00989609	0.665968
5430	6	1.55936	0.832709	2.57277	0.982801	0	0.0014742	0.0157248	0.662003
5440	6	1.63526	0.828572	2.70024	0.975134	0	0.00341297	0.0214529	0.654822
5450	8	1.69451	0.825557	2.67959	0.97561	0	0.00341463	0.0209756	0.651733
5460	7	1.58651	0.810905	2.50487	0.980392	0	0.00343137	0.0161765	0.643723
5470	7	1.58782	0.799	2.54241	0.978474	0	0.00146771	0.0200587	0.638629
5480	9	1.49346	0.791785	2.47623	0.976086	0	0.00195217	0.0219619	0.627013
5490	8	1.59045	0.788191	2.62174	0.968523	0	0.00193705	0.02954	0.631941
5500	6	1.40785	0.786247	2.42365	0.970874	0	0.0038835	0.0252427	0.620778
5510	6	1.33116	0.782054	2.49563	0.97229	0	0.00145843	0.0262518	0.622526
5520	6	1.41741	0.775511	2.3851	0.973236	0	0.00291971	0.0238443	0.61266
5530	7	1.47816	0.771135	2.42004	0.966184	0	0.000966184	0.0328502	0.605734
5540	8	1.57791	0.765435	2.51072	0.968992	0	0.00193798	0.0290698	0.609008
5550	7	1.43371	0.754513	2.43496	0.974659	0	0.000487329	0.0248538	0.612714
5560	7	1.40008	0.742805	2.30475	0.969932	0	0.00242483	0.0276431	0.595136
5570	5	1.49799	0.735321	2.3252	0.969462	0	0.00193892	0.0285991	0.591462
5580	6	1.43802	0.723327	2.41838	0.965717	0	0.000965717	0.0333172	0.585034
5590	6	1.57362	0.720773	2.39526	0.971817	0	0.00242954	0.0257532	0.581431
5600	6	1.54713	0.710494	2.33775	0.966184	0	0.00193237	0.0318841	0.574943
5610	7	1.61893	0.706299	2.33618	0.966184	0	0.00289855	0.0309179	0.57684
5620	8	1.64468	0.704398	2.49094	0.960615	0	0.00144092	0.0379443	0.574218
5630	8	1.73724	0.699881	2.43638	0.963855	0	0.00240964	0.0337349	0.569667
5640	9	1.71734	0.690236	2.40183	0.958313	0	0.00143747	0.0402492	0.560393
5650	7	1.89416	0.690544	2.49661	0.959693	0	0.00239923	0.0379079	0.569283
5660	7	2.17415	0.696954	2.65871	0.962927	0	0.00192585	0.0351468	0.575217
5670	7	2.16318	0.685692	2.57583	0.956938	0	0.00191388	0.0411483	0.5656
5680	6	2.32387	0.684269	2.62113	0.956938	0	0.00239234	0.0406699	0.572708
5690	6	2.46609	0.680619	2.64236	0.958773	0	0.00191755	0.0393097	0.562573
5700	7	2.44037	0.672593	2.60844	0.952381	0	0.00190476	0.0457143	0.56318
5710	8	3.19071	0.690298	2.86951	0.963391	0	0.00192678	0.0346821	0.574253
5720	8	3.43334	0.698995	2.77624	0.968054	0	0.00145208	0.0304937	0.581461
5730	9	3.64607	0.708697	2.86923	0.963391	0	0.000481696	0.0361272	0.589578
5740	8	3.30221	0.699348	2.85306	0.966651	0	0.00144998	0.0318995	0.584632
5750	8	3.21264	0.692006	2.77804	0.958313	0	0.000958313	0.0407283	0.5674
5760	9	3.47228	0.699337	2.7845	0.965251	0	0.000965251	0.0337838	0.583462
5770	8	3.53581	0.695164	2.91407	0.962001	0	0.003848	0.034151	0.572573
5780	8	3.45703	0.693329	2.82383	0.964785	0	0.00144718	0.0337675	0.573381
5790	9	3.71616	0.701054	2.89696	0.968992	0	0.00436047	0.0266473	0.589194
5800	9	3.83963	0.70483	2.87514	0.957854	0	0.00670498	0.0354406	0.587452
5810	9	3.54937	0.700988	2.86966	0.961076	0	0.00240269	0.0365209	0.589079
5820	7	3.93774	0.697941	2.86664	0.965251	0	0.00144788	0.0333012	0.586594
5830	7	4.16647	0.715283	2.93884	0.956023	0	0.00382409	0.040153	0.601045
5840	10	4.55507	0.718046	3.07866	0.95511	0	0.00429799	0.0405922	0.607196
5850	8	4.496	0.74523	3.015	0.97561	0	0.00195122	0.022439	0.61745
5860	8	4.80774	0.775729	3.14269	0.970403	0	0.00339641	0.0262009	0.632125
5870	9	4.6998	0.774341	3.08523	0.966184	0	0.00241546	0.031401	0.631175
5880	9	4.26744	0.785746	3.13607	0.977517	0	0.00244379	0.0200391	0.637039
5890	9	3.97419	0.800969	3.07829	0.976562	0	0.00195312	0.0214844	0.652325
5900	9	3.81051	0.807273	3.23696	0.976086	0	0.00195217	0.0219619	0.656567
5910	10	3.51022	0.824468	3.12554	0.979912	0	0.000979912	0.0191083	0.667547
5920	9	3.58296	0.810919	3.08974	0.977517	0	0.00146628	0.0210166	0.657495
5930	10	3.49433	0.818858	3.14538	0.974184	0	0.00292255	0.0228933	0.67246
5940	10	3.34058	0.821321	3.08467	0.97704	0	0.00195408	0.0210064	0.663551
5950	10	3.4394	0.821845	3.10335	0.977517	0	0.00244379	0.0200391	0.658951
5960	10	3.99547	0.818919	3.1791	0.977517	0	0.00195503	0.0205279	0.657546
5970	7	3.55536	0.828366	3.29497	0.978953	0	0.00391581	0.0171317	0.668575
5980	7	3.64931	0.822633	3.27052	0.97561	0	0.00146341	0.0229268	0.664547
5990	8	3.62514	0.817657	3.20104	0.976086	0	0.00390434	0.0200098	0.66093
6000	8	3.71627	0.813968	3.13754	0.976086	0	0	0.0239141	0.651183
6010	9	3.67373	0.814023	3.15014	0.981354	0	0.00294406	0.0157017	0.655021
6020	7	3.38507	0.819183	3.15651	0.978953	0	0.00146843	0.0195791	0.653025
6030	9	3.70767	0.818416	3.2955	0.976562	0	0.00390625	0.0195312	0.659064
6040	8	3.84037	0.827799	3.20497	0.974184	0	0.00194837	0.0238675	0.669932
6050	7	3.82913	0.824055	3.19251	0.976562	0	0.00244141	0.0209961	0.662968
6060	7	3.59218	0.815549	3.32267	0.977995	0	0.00195599	0.0200489	0.659274
6070	7	3.47751	0.820271	3.15871	0.982801	0	0.0014742	0.0157248	0.668705
6080	8	3.31479	0.819958	3.12174	0.988142	0	0.00148221	0.0103755	0.661892
6090	8	3.2632	0.811148	3.08165	0.97229	0	0.00291687	0.0247934	0.654633
6100	8	3.16513	0.81762	3.10581	0.977995	0	0.00244499	0.0195599	0.656997
6110	7	3.12745	0.811099	3.1251	0.979432	0	0.0029383	0.0176298	0.64606
6120	8	3.23551	0.814707	3.09209	0.97229	0	0.00486145	0.0228488	0.650639
6130	6	3.18538	0.800587	3.17601	0.978953	0	0.00195791	0.0190896	0.641105
6140	7	3.26019	0.793247	2.987	0.978474	0	0.00293542	0.018591	0.643197
6150	8	2.93605	0.781906	2.98524	0.978474	0	0.00244618	0.0190802	0.628154
6160	7	3.01525	0.779928	2.97164	0.974659	0	0.00146199	0.0238791	0.629664
6170	6	3.03551	0.777911	3.12281	0.97704	0	0.00195408	0.0210064	0.638865
6180	7	3.00446	0.777231	3.03383	0.970403	0	0.00291121	0.0266861	0.638062
6190	7	2.97812	0.764834	3.00499	0.97229	0	0.00145843	0.0262518	0.619569
6200	6	2.75613	0.76142	2.88213	0.981354	0	0.00245339	0.0161923	0.624406
6210	7	2.88837	0.76282	2.9629	0.967586	0	0.00290276	0.0295114	0.617403
6220	8	2.8436	0.762531	2.93863	0.970403	0	0.00242601	0.0271713	0.630777
6230	7	2.84173	0.75639	2.88746	0.976086	0	0.00146413	0.02245	0.610106
6240	6	2.70031	0.754119	2.8287	0.972763	0	0.000486381	0.026751	0.613785
6250	8	2.6449	0.754922	2.84756	0.965251	0	0.00144788	0.0333012	0.612033
6260	7	2.44588	0.76116	2.8415	0.967118	0	0.00338491	0.0294971	0.609075
6270	7	2.44491	0.763341	2.80834	0.970403	0	0.00242601	0.0271713	0.611016
6280	6	2.5834	0.752902	2.90572	0.97229	0	0.00243072	0.0252795	0.615155
6290	5	2.29624	0.7537	2.789	0.970874	0	0.000970874	0.0281553	0.603837
6300	4	1.90227	0.748142	2.6201	0.97704	0	0.00146556	0.0214949	0.601254
6310	4	1.73888	0.742041	2.54055	0.964785	0	0.00192957	0.0332851	0.601698
6320	5	1.6628	0.733472	2.60747	0.969462	0	0.00290839	0.0276297	0.595775
6330	5	1.78366	0.721853	2.43432	0.964785	0	0.00241196	0.0328027	0.581439
6340	5	1.86451	0.714485	2.52213	0.961538	0	0.00144231	0.0370192	0.58419
6350	5	1.74975	0.708469	2.39598	0.971345	0	0.00145702	0.0271977	0.582152
6360	6	1.69719	0.701506	2.45014	0.968054	0	0.00338819	0.0285576	0.575425
6370	7	1.9355	0.693507	2.44221	0.958773	0	0.00239693	0.0388303	0.568212
6380	9	1.78777	0.682763	2.3381	0.961076	0	0.000961076	0.0379625	0.561293
6390	8	2.1259	0.67801	2.49557	0.963391	0	0.00192678	0.0346821	0.563443
6400	9	2.13106	0.670028	2.48318	0.961538	0	0.000961538	0.0375	0.558893
6410	8	2.4266	0.676108	2.68667	0.961076	0	0.00144161	0.037482	0.570426
6420	6	2.63243	0.682727	2.68477	0.968992	0	0.00242248	0.0285853	0.579845
6430	6	2.73546	0.679896	2.71419	0.962001	0	0.002405	0.035594	0.581813
6440	6	3.04309	0.682707	2.78922	0.960154	0	0.00192031	0.0379261	0.565172
6450	5	3.51854	0.686727	2.80636	0.958773	0	0.000479386	0.0407478	0.57222
6460	5	3.57704	0.704168	2.85309	0.963391	0	0.000963391	0.0356455	0.59756
6470	5	3.90623	0.718734	2.93128	0.96432	0	0.00144648	0.0342334	0.612949
6480	6	3.64203	0.723735	2.90526	0.973236	0	0.000486618	0.0262774	0.604219
6490	6	3.71064	0.735433	2.9129	0.965717	0	0.00386287	0.0304201	0.613501
6500	7	3.63948	0.746625	2.94711	0.967586	0	0.00290276	0.0295114	0.617959
6510	7	3.73407	0.770921	3.12664	0.97561	0	0.00195122	0.022439	0.637695
6520	8	4.07588	0.770191	2.94356	0.978474	0	0.00146771	0.0200587	0.630091
6530	8	4.40276	0.767593	3.02317	0.971817	0	0.00291545	0.0252672	0.633374
6540	7	4.55481	0.778709	3.12596	0.978474	0	0.00195695	0.0195695	0.638629
6550	10	4.46151	0.80401	3.2567	0.968992	0	0.00484496	0.0261628	0.656302
6560	10	4.5185	0.792613	3.17717	0.976562	0	0.00292969	0.0205078	0.644727
6570	9	4.31116	0.792989	3.10292	0.972763	0	0.00437743	0.0228599	0.655167
6580	8	4.23429	0.779638	3.11319	0.973236	0	0.00194647	0.0248175	0.647645
6590	9	4.39567	0.778896	3.19341	0.971817	0	0.00485909	0.0233236	0.6511
6600	7	3.9986	0.78248	3.12496	0.968523	0	0.00338983	0.0280872	0.644356
6610	7	4.04476	0.793177	3.12255	0.973236	0	0.00486618	0.0218978	0.648333
6620	7	3.43247	0.80543	3.19025	0.979912	0	0.000979912	0.0191083	0.653219
6630	7	3.41097	0.81363	3.13852	0.982318	0	0.000982318	0.0166994	0.659807
6640	9	3.62986	0.809108	3.19079	0.978953	0	0.00244738	0.0186001	0.656832
6650	9	3.90807	0.814078	3.17815	0.97561	0	0.00292683	0.0214634	0.650982
6660	12	4.1856	0.806705	3.16322	0.980873	0	0.00245218	0.0166748	0.66317
6670	9	4.16384	0.815343	3.24977	0.977995	0	0.00342298	0.0185819	0.661469
6680	9	4.70267	0.820995	3.24991	0.97561	0	0.00390244	0.0204878	0.662672
6690	9	4.44464	0.81276	3.20139	0.980873	0	0.00343306	0.015694	0.66169
6700	8	4.55152	0.808161	3.22957	0.973236	0	0.00486618	0.0218978	0.653898
6710	8	4.84679	0.80497	3.27668	0.974184	0	0.00146128	0.0243546	0.65232
6720	7	4.93028	0.800641	3.15856	0.979912	0	0.00146987	0.0186183	0.650761
6730	8	5.29943	0.793768	3.31635	0.976562	0	0.00292969	0.0205078	0.651795
6740	7	5.57568	0.808935	3.26584	0.980392	0	0.00147059	0.0181373	0.662203
6750	7	5.40813	0.809426	3.29795	0.978474	0	0.00195695	0.0195695	0.659317
6760	7	5.74541	0.800377	3.31738	0.979432	0	0.00342801	0.0171401	0.66207
6770	7	5.82326	0.799081	3.25849	0.978474	0	0.00293542	0.018591	0.652375
6780	8	5.78891	0.789365	3.24098	0.97371	0	0.000486855	0.0258033	0.640237
6790	9	5.41938	0.796611	3.22082	0.984737	0	0.000984737	0.0142787	0.646764
6800	8	5.47804	0.794914	3.30428	0.976562	0	0.00195312	0.0214844	0.649385
6810	9	5.03172	0.797983	3.28346	0.974184	0	0.00389674	0.0219191	0.643114
6820	8	4.77965	0.798939	3.2473	0.980873	0	0.00147131	0.0176557	0.645332
6830	7	4.99859	0.787019	3.22367	0.982318	0	0.00147348	0.0162083	0.63925
6840	7	4.78166	0.779827	3.23283	0.970874	0	0.00194175	0.0271845	0.636437
6850	7	4.72155	0.782028	3.19198	0.980392	0	0	0.0196078	0.639126
6860	7	4.49899	0.777614	3.15575	0.974659	0	0.00389864	0.0214425	0.638271
6870	7	4.40892	0.783778	3.20809	0.97704	0	0.00390816	0.0190523	0.6384
6880	6	4.71031	0.776915	3.17635	0.976562	0	0.000976562	0.0224609	0.640225
6890	6	4.68783	0.776739	3.19355	0.971345	0	0.00242836	0.0262263	0.630397
6900	8	3.9949	0.777428	3.09272	0.976086	0	0.00244021	0.0214739	0.630899
6910	7	3.58192	0.781248	3.11396	0.976562	0	0.00244141	0.0209961	0.632116
6920	6	3.65155	0.772476	3.16472	0.975134	0	0.0029254	0.0219405	0.632386
6930	6	3.51162	0.768695	3.07029	0.974659	0	0.00243665	0.0229045	0.62681
6940	8	3.48478	0.765918	2.96681	0.974659	0	0.00243665	0.0229045	0.621327
6950	7	3.11529	0.759401	2.98254	0.975134	0	0.00243784	0.0224281	0.61329
6960	6	2.55196	0.755317	3.00611	0.971817	0	0.00291545	0.0252672	0.608114
6970	6	2.61794	0.750529	2.99363	0.962001	0	0.003367	0.034632	0.608278
6980	6	3.02834	0.74003	2.92889	0.968523	0	0.00290557	0.0285714	0.604726
6990	8	3.17907	0.734266	3.09164	0.966184	0	0.00289855	0.0309179	0.603498
7000	6	3.00756	0.724881	2.94187	0.968523	0	0.00145278	0.0300242	0.598756
7010	6	3.46846	0.719899	2.95791	0.968992	0	0	0.0310078	0.600413
7020	6	3.48416	0.714404	2.87497	0.968054	0	0.00338819	0.0285576	0.601
7030	5	3.52634	0.712428	2.86275	0.971345	0	0.00291404	0.0257407	0.593114
7040	5	3.48912	0.700536	3.00015	0.968523	0	0.00193705	0.02954	0.582045
7050	7	3.36012	0.699217	2.83673	0.967118	0	0.00193424	0.0309478	0.587009
7060	8	3.11296	0.692907	2.86943	0.967586	0	0.00290276	0.0295114	0.579004
7070	6	3.26576	0.682892	2.81223	0.962464	0	0.000481232	0.0370549	0.568361
7080	5	3.65201	0.678647	2.84968	0.953289	0	0.00333651	0.0433746	0.565359
7090	5	3.47188	0.671332	2.81849	0.953289	0	0.00190658	0.0448046	0.564845
7100	5	3.52038	0.664915	2.7865	0.962464	0	0.00192493	0.0356112	0.564824
7110	8	3.68072	0.666306	2.75769	0.962927	0	0.000481464	0.0365912	0.562463
7120	7	3.71483	0.664879	2.74903	0.965251	0	0.00289575	0.0318533	0.560328
7130	7	3.90688	0.660368	2.73349	0.958773	0	0.00239693	0.0388303	0.558636
7140	7	3.84976	0.658114	2.81023	0.962927	0	0.00288878	0.0341839	0.55731
7150	7	3.86434	0.655196	2.80601	0.958773	0	0.0033557	0.0378715	0.560409
7160	9	4.18977	0.658816	2.81911	0.962927	0	0.00481464	0.0322581	0.563179
7170	10	4.1456	0.655395	2.81659	0.959693	0	0.00287908	0.037428	0.56582
7180	9	4.38992	0.661848	2.81982	0.954654	0	0.00334129	0.0420048	0.558856
7190	9	4.61097	0.667123	2.92953	0.962001	0	0.001924	0.036075	0.56674
7200	7	4.55851	0.668689	2.86588	0.968523	0	0.00193705	0.02954	0.570983
7210	7	4.25887	0.662865	2.89536	0.956023	0	0.00191205	0.042065	0.566163
7220	6	4.11717	0.665293	2.85104	0.961538	0	0.00192308	0.0365385	0.570609
7230	6	4.25254	0.671524	2.95583	0.962464	0	0.000481232	0.0370549	0.577142
7240	6	4.28356	0.688664	2.90542	0.960615	0	0.00240154	0.0369837	0.578582
7250	7	4.45491	0.701759	2.9864	0.959233	0	0.00431655	0.0364508	0.586652
7260	6	4.47141	0.703395	3.03749	0.966651	0	0.000966651	0.0323828	0.595402
7270	6	4.30632	0.710003	2.95969	0.964785	0	0.00385914	0.0313555	0.596286
7280	7	3.65086	0.733051	2.90739	0.968054	0	0.000484027	0.0314618	0.613846
7290	8	3.50117	0.737108	2.88897	0.973236	0	0.00194647	0.0248175	0.61477
7300	7	3.2893	0.748242	2.83803	0.97229	0	0.00291687	0.0247934	0.620295
7310	6	2.59978	0.772926	2.88674	0.967586	0	0.00241896	0.0299952	0.631043
7320	7	2.48617	0.774626	2.76255	0.974659	0	0.00438596	0.0209552	0.626777
7330	6	2.45909	0.771675	2.81161	0.970403	0	0.000970403	0.0286269	0.620474
7340	7	1.9723	0.792416	2.60257	0.978953	0	0.00244738	0.0186001	0.64763
7350	7	1.81541	0.808034	2.58938	0.977995	0	0	0.0220049	0.652875
7360	8	1.82838	0.802604	2.59149	0.976562	0	0.00195312	0.0214844	0.643442
7370	9	1.7744	0.801218	2.62779	0.970403	0	0.00436681	0.0252305	0.645583
7380	11	1.7286	0.797802	2.55542	0.976086	0	0.0034163	0.0204978	0.637774
7390	7	1.66443	0.796508	2.60458	0.971345	0	0.00437105	0.0242836	0.628783
7400	6	1.65846	0.792206	2.52607	0.973236	0	0.00194647	0.0248175	0.633961
7410	6	1.7599	0.782376	2.52883	0.97371	0	0.00243427	0.0238559	0.626254
7420	6	1.73673	0.788635	2.54485	0.968523	0	0.00338983	0.0280872	0.6348
7430	6	1.61908	0.792684	2.48837	0.972763	0	0.00340467	0.0238327	0.633575
7440	6	1.51728	0.792445	2.49902	0.971817	0	0.00242954	0.0257532	0.6313
7450	5	1.52255	0.782852	2.45197	0.973236	0	0.00291971	0.0238443	0.627552
7460	5	1.60107	0.777378	2.4856	0.977517	0	0.00244379	0.0200391	0.621269
7470	5	1.57983	0.777428	2.48328	0.971345	0	0.00194269	0.026712	0.614895
7480	5	1.70332	0.772366	2.59603	0.97561	0	0.00146341	0.0229268	0.613771
7490	5	1.69234	0.775461	2.60988	0.970874	0	0.00194175	0.0271845	0.615273
7500	6	1.79424	0.769908	2.5858	0.976562	0	0.00244141	0.0209961	0.61695
7510	5	1.81114	0.769421	2.63474	0.971817	0	0.00242954	0.0257532	0.620294
7520	4	1.77963	0.76034	2.6158	0.970874	0	0.00291262	0.0262136	0.60701
7530	4	1.894	0.755196	2.60547	0.97371	0	0.00340798	0.0228822	0.603557
7540	5	1.88006	0.750501	2.67928	0.969932	0	0.00193986	0.028128	0.606583
7550	4	1.85441	0.740262	2.75185	0.968992	0	0.00290698	0.0281008	0.590145
7560	7	1.84441	0.734032	2.54589	0.967118	0	0.00290135	0.0299807	0.584455
7570	6	1.85758	0.73621	2.64519	0.962927	0	0.00481464	0.0322581	0.585634
7580	6	1.99421	0.740261	2.59928	0.977995	0	0.00244499	0.0195599	0.590254
7590	5	2.23046	0.740025	2.79966	0.960615	0	0.00384246	0.0355427	0.59879
7600	6	2.4576	0.742446	2.70188	0.969462	0	0.00193892	0.0285991	0.60041
7610	6	2.41267	0.738684	2.76456	0.964785	0	0.00289436	0.0323203	0.598779
7620	5	2.38183	0.73819	2.7538	0.970403	0	0.0014556	0.0281417	0.596437
7630	5	2.33439	0.740049	2.68465	0.978953	0	0	0.0210475	0.597333
7640	6	2.37618	0.746791	2.74772	0.969932	0	0.00436469	0.0257032	0.600948
7650	7	2.43444	0.753621	2.86748	0.966651	0	0.0019333	0.0314161	0.610798
7660	6	2.40377	0.762275	2.8542	0.975134	0	0.0014627	0.0234032	0.61814
7670	5	2.41184	0.770554	2.80927	0.971817	0	0.00194363	0.0262391	0.620762
7680	6	2.34769	0.757264	2.7947	0.963391	0	0.00289017	0.0337187	0.61753
7690	5	2.2205	0.762928	2.70795	0.969462	0	0.00242365	0.0281144	0.615152
7700	5	1.9777	0.760839	2.67159	0.972763	0	0.00145914	0.0257782	0.609142
7710	6	1.96494	0.756281	2.65948	0.969462	0	0.00145419	0.0290839	0.609869
7720	7	2.02882	0.760568	2.67355	0.964785	0	0.00192957	0.0332851	0.608181
7730	7	2.20936	0.769925	2.81222	0.978953	0	0.00293686	0.0181106	0.617322
7740	8	2.58457	0.778093	2.87273	0.97371	0	0.00243427	0.0238559	0.619836
7750	7	2.42012	0.77405	2.89576	0.970874	0	0.00291262	0.0262136	0.631558
7760	7	2.6778	0.78327	2.92746	0.976086	0	0.00195217	0.0219619	0.625494
7770	8	3.1707	0.787377	3.06443	0.967586	0	0.00387034	0.0285438	0.633897
7780	9	3.74336	0.805593	3.119	0.976086	0	0.000976086	0.022938	0.649961
7790	8	4.04786	0.812051	3.12993	0.981354	0	0.00147203	0.0171737	0.642702
7800	7	3.98963	0.821495	3.19513	0.968992	0	0.00290698	0.0281008	0.652272
7810	7	4.02402	0.827385	3.3159	0.976562	0	0.00244141	0.0209961	0.652395
7820	7	3.87457	0.812073	3.2249	0.976086	0	0.00195217	0.0219619	0.642423
7830	6	3.67619	0.796124	3.30191	0.97371	0	0.00292113	0.023369	0.635611
7840	6	4.08132	0.796968	3.16121	0.975134	0	0.00341297	0.0214529	0.637891
7850	8	3.71523	0.804579	3.1199	0.979912	0	0.00244978	0.0176384	0.641152
7860	7	3.57687	0.807981	3.27249	0.975134	0	0.00536324	0.0195027	0.642871
7870	7	3.55844	0.810792	3.16981	0.978953	0	0.00195791	0.0190896	0.642869
7880	7	3.41825	0.809022	3.0919	0.980873	0	0.00294262	0.0161844	0.647054
7890	9	3.19111	0.798763	3.14868	0.976086	0	0.00195217	0.0219619	0.633612
7900	8	3.14304	0.801771	3.1226	0.976086	0	0.0034163	0.0204978	0.635992
7910	8	2.84646	0.790867	2.98012	0.974659	0	0.00243665	0.0229045	0.634653
7920	5	2.69188	0.778408	2.89158	0.973236	0	0.00243309	0.0243309	0.622173
7930	6	2.48458	0.782605	2.85564	0.970874	0	0.000970874	0.0281553	0.621875
7940	7	2.68396	0.780473	2.92854	0.970874	0	0.00291262	0.0262136	0.625546
7950	7	2.25572	0.783191	2.86368	0.974184	0	0.00340964	0.0224062	0.626048
7960	5	2.2519	0.776512	2.79168	0.970403	0	0.00242601	0.0271713	0.615115
7970	5	2.17208	0.769203	2.76939	0.974659	0	0.00243665	0.0229045	0.600219
7980	6	2.02038	0.767303	2.74961	0.97229	0	0.00145843	0.0262518	0.613561
7990	5	1.91108	0.757094	2.65289	0.968992	0	0.00387597	0.0271318	0.603274
8000	5	1.86395	0.751793	2.7155	0.968054	0	0.00145208	0.0304937	0.607068
8010	5	1.90135	0.7446	2.59172	0.971345	0	0.00145702	0.0271977	0.591024
8020	5	1.90006	0.743712	2.57899	0.969932	0	0.000969932	0.029098	0.589977
8030	5	2.11488	0.744934	2.66335	0.966651	0	0.00241663	0.0309328	0.602468
8040	4	2.09393	0.738981	2.69689	0.963391	0	0.00433526	0.0322736	0.599817
8050	6	1.92457	0.732196	2.62036	0.963855	0	0.00192771	0.0342169	0.582621
8060	5	1.98172	0.725168	2.64821	0.966184	0	0.00338164	0.0304348	0.585256
8070	5	1.96946	0.720618	2.61516	0.968523	0	0.00290557	0.0285714	0.578234
8080	5	2.0115	0.716319	2.60936	0.963391	0	0.00240848	0.0342004	0.585144
8090	4	2.02427	0.710085	2.59009	0.965251	0	0.00241313	0.0323359	0.580563
8100	4	2.01452	0.703774	2.56321	0.968054	0	0.00242014	0.0295257	0.568573
8110	3	1.82809	0.689444	2.40989	0.962464	0	0.00240616	0.0351299	0.555467
8120	3	1.87322	0.685136	2.4243	0.962001	0	0.003367	0.034632	0.559115
8130	4	1.97064	0.683013	2.45282	0.958313	0	0.00383325	0.0378534	0.560555
8140	4	1.8137	0.666734	2.30982	0.952835	0	0.00238209	0.0447832	0.538726
8150	4	1.78078	0.658827	2.49115	0.954654	0	0.00143198	0.0439141	0.542609
8160	5	1.94045	0.660237	2.43071	0.95511	0	0.00238777	0.0425024	0.537844
8170	4	2.05181	0.658914	2.41508	0.954654	0	0.00143198	0.0439141	0.542475
8180	6	2.12596	0.653152	2.5636	0.95057	0	0.00617871	0.043251	0.538148
8190	6	2.16111	0.646107	2.41834	0.96432	0	0.00096432	0.0347155	0.536108
8200	4	2.43934	0.653289	2.5337	0.949668	0	0.00237417	0.0479582	0.537747
8210	6	2.37483	0.642745	2.46879	0.951475	0	0.00190295	0.0466223	0.529554
8220	6	2.41239	0.637476	2.5884	0.949217	0	0.00142383	0.0493593	0.535735
8230	7	2.39034	0.628701	2.52914	0.956938	0	0.000956938	0.0421053	0.524502
8240	10	2.59378	0.636384	2.71537	0.960615	0	0.00192123	0.037464	0.539205
8250	8	2.8264	0.656303	2.58381	0.952381	0	0.00333333	0.0442857	0.546433
8260	7	2.97766	0.673702	2.68195	0.965717	0	0.00289715	0.0313858	0.565779
8270	6	3.14436	0.675485	2.73657	0.949217	0	0.00142383	0.0493593	0.565948
8280	6	3.18851	0.677608	2.80068	0.951022	0	0.00237756	0.0466001	0.57019
8290	6	3.09425	0.677417	2.79839	0.952381	0	0.00238095	0.0452381	0.571381
8300	7	2.96577	0.697124	2.86451	0.957396	0	0.00143609	0.041168	0.585197
8310	6	3.01291	0.706638	2.76202	0.962927	0	0.000962927	0.0361098	0.590666
8320	6	3.42113	0.715223	2.89607	0.961538	0	0.00144231	0.0370192	0.596194
8330	6	3.54645	0.73502	2.91137	0.968054	0	0.00242014	0.0295257	0.605234
8340	7	3.17287	0.772298	3.02081	0.972763	0	0.00291829	0.0243191	0.638236
8350	7	3.41449	0.793604	3.04592	0.972763	0	0.00389105	0.0233463	0.643892
8360	7	3.57737	0.799152	3.0876	0.97704	0	0.00097704	0.0219834	0.651899
8370	6	3.41952	0.8206	3.24586	0.97704	0	0.00195408	0.0210064	0.665596
8380	6	3.09656	0.853434	3.16015	0.979912	0	0.00342969	0.0166585	0.68068
8390	6	2.93014	0.851148	3.17972	0.984252	0	0.000984252	0.0147638	0.684673
8400	6	2.88045	0.851995	3.16608	0.977517	0	0.00146628	0.0210166	0.686714
8410	6	2.86221	0.858523	3.12732	0.983768	0	0.000491884	0.0157403	0.684335
8420	6	2.84999	0.858516	3.25667	0.985222	0	0.000492611	0.0142857	0.681269
8430	7	2.78839	0.857271	3.07435	0.985707	0	0.00197141	0.0123213	0.683354
8440	4	2.5172	0.857604	3.0755	0.985707	0	0.00147856	0.0128142	0.680705
8450	4	2.49942	0.853921	2.99625	0.977517	0	0.00439883	0.0180841	0.677357
8460	7	2.49118	0.84886	2.97993	0.982801	0	0.002457	0.014742	0.67331
8470	5	2.33826	0.848743	3.00815	0.983768	0	0.00344319	0.012789	0.670996
8480	4	2.33065	0.84438	2.96665	0.980873	0	0.00147131	0.0176557	0.674747
8490	4	2.21869	0.847975	2.84611	0.982801	0	0.0029484	0.0142506	0.667174
8500	4	2.18152	0.843327	2.90989	0.982801	0	0.0014742	0.0157248	0.670477
8510	4	2.11844	0.830225	2.80066	0.977995	0	0.00195599	0.0200489	0.659476
8520	5	1.98996	0.823469	2.82844	0.979432	0	0.00342801	0.0171401	0.659037
8530	4	1.98375	0.819832	2.77567	0.97561	0	0.00243902	0.0219512	0.655594
8540	5	2.06894	0.819229	2.79814	0.976086	0	0.00195217	0.0219619	0.64573
8550	5	2.0445	0.816437	2.78471	0.97704	0	0.00341964	0.0195408	0.649303
8560	5	2.05713	0.811023	2.76784	0.980873	0	0.00147131	0.0176557	0.64417
8570	5	2.11216	0.807148	2.81761	0.977517	0	0.00195503	0.0205279	0.643919
8580	6	2.09948	0.800558	2.8446	0.978474	0	0.00195695	0.0195695	0.630804
8590	6	2.10652	0.797155	2.8195	0.965251	0	0.00337838	0.0313707	0.63286
8600	4	2.08982	0.789877	2.79617	0.97704	0	0.00195408	0.0210064	0.63815
8610	4	1.99978	0.780173	2.91654	0.978474	0	0.000978474	0.0205479	0.615954
8620	4	1.99586	0.775516	2.70522	0.965717	0	0.00241429	0.0318687	0.614174
8630	4	2.0194	0.768452	2.75948	0.974184	0	0.00292255	0.0228933	0.619621
8640	6	2.03238	0.760582	2.69622	0.970874	0	0.00194175	0.0271845	0.615424
8650	6	1.91673	0.748919	2.66813	0.972763	0	0.00340467	0.0238327	0.61261
8660	3	2.00958	0.741964	2.72347	0.96432	0	0.00144648	0.0342334	0.598263
8670	3	1.92559	0.730479	2.58859	0.968054	0	0.00193611	0.0300097	0.596788
8680	5	2.03002	0.728804	2.61007	0.966651	0	0.00289995	0.0304495	0.587272
8690	5	2.05523	0.723283	2.63072	0.958773	0	0.00383509	0.0373921	0.583324
8700	4	2.03	0.713196	2.70254	0.961076	0	0.00288323	0.0360404	0.575307
8710	7	2.0334	0.708155	2.57148	0.965251	0	0.00241313	0.0323359	0.573405
8720	4	2.02575	0.698464	2.52223	0.964785	0	0.000964785	0.0342499	0.572722
8730	3	2.0425	0.696719	2.54596	0.958773	0	0.00143816	0.0397891	0.566124
8740	5	2.02698	0.694632	2.53991	0.962927	0	0.000481464	0.0365912	0.555825
8750	4	1.94207	0.686894	2.52775	0.958773	0	0.00239693	0.0388303	0.566393
8760	3	1.89962	0.678897	2.44527	0.960154	0	0.00384061	0.0360058	0.555661
8770	3	1.84262	0.672464	2.46789	0.958773	0	0.00191755	0.0393097	0.556985
8780	4	1.88517	0.663853	2.4401	0.947418	0	0.00284225	0.0497395	0.548149
8790	4	1.88488	0.655241	2.40441	0.95511	0	0.00191022	0.0429799	0.550196
8800	5	1.71369	0.653592	2.32625	0.954198	0	0.00333969	0.0424618	0.546239
8810	5	1.67235	0.647877	2.29288	0.95057	0	0.00285171	0.0465779	0.55282
8820	5	1.65133	0.653905	2.31876	0.953743	0	0.00143062	0.0448259	0.550982
8830	5	1.76499	0.650357	2.28049	0.95648	0	0.0023912	0.0411286	0.540368
8840	5	1.68389	0.64107	2.29493	0.940734	0	0.00329257	0.0559737	0.539055
8850	5	1.98912	0.655268	2.54309	0.953743	0	0.0033381	0.0429185	0.554446
8860	6	2.15153	0.664744	2.4511	0.953289	0	0.00285987	0.0438513	0.560688
8870	5	2.20782	0.675623	2.54452	0.953289	0	0.0042898	0.0424214	0.573777
8880	6	2.29044	0.678122	2.57379	0.956023	0	0.00239006	0.041587	0.572365
8890	5	2.49591	0.717533	2.78077	0.965251	0	0.00241313	0.0323359	0.600461
8900	6	2.54525	0.722731	2.72848	0.960615	0	0.00288184	0.0365034	0.601868
8910	7	2.69383	0.726373	2.79353	0.972763	0	0.00291829	0.0243191	0.615891
8920	6	3.28466	0.757683	2.85314	0.968523	0	0.00338983	0.0280872	0.632952
8930	5	3.46037	0.776059	2.97362	0.968523	0	0.00242131	0.0290557	0.647737
8940	6	3.66426	0.805492	3.04533	0.978953	0	0.00342633	0.0176211	0.652522
8950	6	3.85432	0.805365	3.09455	0.971817	0	0.00340136	0.0247813	0.662844
8960	6	3.54807	0.828802	3.05717	0.981354	0	0.00245339	0.0161923	0.667573
8970	6	3.42029	0.855145	3.14174	0.978474	0	0.000489237	0.0210372	0.680689
8980	5	3.40297	0.855553	3.28643	0.980873	0	0.00343306	0.015694	0.684821
8990	4	3.2599	0.853504	3.29095	0.978953	0	0.00293686	0.0181106	0.682996
9000	4	2.99883	0.859704	3.12904	0.971345	0	0.00437105	0.0242836	0.675509
9010	4	2.79123	0.851355	2.94897	0.979432	0	0.00146915	0.0190989	0.675534
9020	4	2.7486	0.845927	2.92755	0.979912	0	0.00538951	0.0146987	0.677671
9030	4	2.81311	0.853373	3.13496	0.987654	0	0.000987654	0.011358	0.676401
9040	5	2.64963	0.850718	3.0374	0.980873	0	0.00245218	0.0166748	0.67065
9050	6	2.54566	0.848264	2.96292	0.980392	0	0.00245098	0.0171569	0.6719
9060	5	2.88246	0.834412	3.02955	0.980392	0	0.00245098	0.0171569	0.665431
9070	5	2.58245	0.829029	3.03677	0.981354	0	0.000981354	0.0176644	0.651937
9080	4	2.68894	0.827489	3.01032	0.973236	0	0.00291971	0.0238443	0.651765
9090	4	2.5023	0.827581	2.95553	0.976562	0	0.00390625	0.0195312	0.654187
9100	5	2.43648	0.817922	2.97031	0.975134	0	0.00390054	0.0209654	0.653583
9110	5	2.26892	0.817178	2.93477	0.977517	0	0.00342131	0.0190616	0.648754
9120	5	2.01849	0.808346	2.8296	0.97704	0	0.0024426	0.0205178	0.642408
9130	5	2.04236	0.806763	2.81112	0.97371	0	0.00097371	0.0253165	0.64142
9140	5	2.22134	0.800915	2.80803	0.975134	0	0.000975134	0.0238908	0.634574
9150	4	2.18805	0.798557	2.92039	0.977995	0	0.00293399	0.0190709	0.638311
9160	5	2.39367	0.798694	2.889	0.970403	0	0.00242601	0.0271713	0.633017
9170	4	2.71612	0.796473	2.97067	0.974659	0	0.00194932	0.0233918	0.624915
9180	4	2.66727	0.791198	3.01877	0.969932	0	0.00484966	0.0252182	0.631932
9190	5	2.65955	0.788504	2.9137	0.976562	0	0.00146484	0.0219727	0.631182
9200	5	2.59976	0.785001	2.86898	0.97229	0	0.00145843	0.0262518	0.626856
9210	5	2.63505	0.780306	2.88295	0.974659	0	0.00146199	0.0238791	0.617518
9220	5	2.67706	0.772689	2.90926	0.971345	0	0.00242836	0.0262263	0.611375
9230	5	2.69892	0.765626	2.97705	0.968054	0	0.00242014	0.0295257	0.614356
9240	4	2.78851	0.760298	2.83438	0.974659	0	0.00194932	0.0233918	0.606717
9250	4	2.71107	0.754536	2.89603	0.967586	0	0.00145138	0.0309627	0.611641
9260	4	2.61347	0.749655	2.81638	0.970403	0	0.00485201	0.0247453	0.599565
9270	6	2.40111	0.743478	2.80536	0.97371	0	0.00194742	0.0243427	0.601332
9280	4	2.30369	0.738961	2.67789	0.963855	0	0.00385542	0.0322892	0.592476
9290	5	2.37575	0.735521	2.8039	0.963391	0	0.00289017	0.0337187	0.586968
9300	6	2.44426	0.734318	2.73493	0.971817	0	0.000971817	0.0272109	0.584786
9310	6	2.14361	0.730139	2.73807	0.962927	0	0.00337025	0.0337025	0.586998
9320	7	2.25863	0.730676	2.68048	0.960154	0	0.00384061	0.0360058	0.58545
9330	7	2.16367	0.724934	2.64179	0.970403	0	0.00436681	0.0252305	0.593926
9340	7	2.13695	0.719391	2.58277	0.961538	0	0.00432692	0.0341346	0.587297
9350	6	1.99834	0.717328	2.5689	0.963391	0	0.000963391	0.0356455	0.590926
9360	5	1.85157	0.710141	2.47966	0.964785	0	0.00241196	0.0328027	0.577518
9370	5	1.98754	0.712264	2.49271	0.967118	0	0.00290135	0.0299807	0.574333
9380	6	2.40821	0.708544	2.67109	0.956938	0	0.00143541	0.0416268	0.59336
9390	6	2.60553	0.708316	2.75729	0.961538	0	0.00336538	0.0350962	0.591019
9400	6	3.22115	0.732024	2.95709	0.962464	0	0.00481232	0.0327238	0.596298
9410	5	3.49199	0.725141	2.90484	0.965251	0	0.003861	0.030888	0.598058
9420	5	3.55681	0.72274	2.9267	0.963391	0	0.00240848	0.0342004	0.599468
9430	5	3.68474	0.718729	2.95363	0.968054	0	0.00193611	0.0300097	0.599863
9440	4	3.71893	0.725532	2.9631	0.964785	0	0.00289436	0.0323203	0.596217
9450	4	3.6718	0.722278	2.88474	0.964785	0	0.00241196	0.0328027	0.600398
9460	5	3.819	0.713137	2.90904	0.963855	0	0.00144578	0.0346988	0.603106
9470	4	3.69045	0.718133	2.82601	0.971817	0	0.00145773	0.026725	0.595487
9480	4	3.46902	0.72592	2.82481	0.965717	0	0.00144858	0.0328344	0.597077
9490	4	3.21033	0.73569	2.79019	0.972763	0	0.00194553	0.0252918	0.607578
9500	4	2.9089	0.751722	2.80783	0.963855	0	0.00337349	0.0327711	0.61046
9510	7	2.67265	0.76027	2.80188	0.969462	0	0.00436258	0.0261755	0.614741
9520	5	2.63099	0.757117	2.86141	0.971817	0	0.00291545	0.0252672	0.620663
9530	8	2.47856	0.756493	2.63773	0.97371	0	0.00243427	0.0238559	0.617284
9540	8	2.68342	0.747936	2.74855	0.970874	0	0.00194175	0.0271845	0.60288
9550	5	2.447	0.752218	2.66985	0.963855	0	0.00144578	0.0346988	0.61339
9560	5	2.31261	0.759185	2.60531	0.961538	0	0.00288462	0.0355769	0.617952
9570	6	2.71487	0.752496	2.68889	0.97371	0	0.00097371	0.0253165	0.618016
9580	5	2.04378	0.767333	2.61685	0.968054	0	0.00435624	0.0275895	0.613888
9590	5	1.79025	0.783635	2.46539	0.97371	0	0.00146056	0.0248296	0.628649
9600	5	1.52621	0.787117	2.4175	0.971817	0	0.00242954	0.0257532	0.627151
9610	6	1.6908	0.766415	2.47179	0.971345	0	0.00145702	0.0271977	0.613066
9620	6	1.58052	0.76056	2.34537	0.970403	0	0.00194081	0.0276565	0.611065
9630	5	1.49608	0.761297	2.3075	0.97704	0	0.0024426	0.0205178	0.607727
9640	6	1.34971	0.764086	2.27306	0.969462	0	0.00242365	0.0281144	0.60711
9650	5	1.33071	0.764622	2.35945	0.969462	0	0.00242365	0.0281144	0.605603
9660	5	1.37815	0.761824	2.31909	0.966184	0	0.00338164	0.0304348	0.601708
9670	7	1.40803	0.753959	2.40177	0.956938	0	0.00430622	0.038756	0.603752
9680	9	1.38391	0.749415	2.37107	0.963391	0	0.00289017	0.0337187	0.599126
9690	8	1.44013	0.747897	2.35658	0.962464	0	0.00336862	0.0341675	0.591006
9700	6	1.65083	0.750857	2.49484	0.964785	0	0.00192957	0.0332851	0.600585
9710	5	1.72404	0.750527	2.50297	0.971345	0	0.00194269	0.026712	0.603559
9720	4	2.09225	0.754541	2.74207	0.968992	0	0.00145349	0.0295543	0.605991
9730	4	2.26122	0.763772	2.77134	0.968054	0	0.00387222	0.0280736	0.609155
9740	4	2.23835	0.763203	2.85574	0.963855	0	0.00289157	0.033253	0.613633
9750	6	2.26594	0.765044	2.94118	0.963391	0	0.00289017	0.0337187	0.606758
9760	4	2.41915	0.760569	2.84128	0.967586	0	0.00193517	0.030479	0.604706
9770	5	2.58425	0.763037	2.91515	0.968992	0	0.00193798	0.0290698	0.60516
9780	4	2.3345	0.748058	2.74361	0.970403	0	0.00339641	0.0262009	0.595817
9790	5	2.54032	0.743857	2.80223	0.977517	0	0.00195503	0.0205279	0.605041
9800	6	2.85179	0.752543	2.9165	0.96432	0	0.0024108	0.033269	0.611706
9810	5	3.07204	0.765833	2.98815	0.964785	0	0.00289436	0.0323203	0.624465
9820	5	3.20225	0.786549	3.02002	0.970874	0	0.00194175	0.0271845	0.629772
9830	4	3.20986	0.787811	3.08122	0.972763	0	0.00389105	0.0233463	0.635139
9840	4	3.06812	0.799673	3.01792	0.972763	0	0.00291829	0.0243191	0.647725
9850	4	2.97889	0.800519	3.0488	0.977995	0	0.00244499	0.0195599	0.642843
9860	4	2.68196	0.813041	2.99187	0.973236	0	0.00291971	0.0238443	0.652399
9870	4	2.54163	0.817712	2.92829	0.976562	0	0.00146484	0.0219727	0.648591
9880	4	2.41243	0.819105	2.89505	0.978474	0	0.00342466	0.0181018	0.649173
9890	4	2.54765	0.811981	2.9261	0.973236	0	0.00291971	0.0238443	0.640356
9900	5	2.18004	0.830393	2.88781	0.983284	0	0.00294985	0.013766	0.656089
9910	6	2.37719	0.824124	2.96936	0.982318	0	0.00294695	0.0147348	0.651843
9920	4	2.30292	0.824354	2.9201	0.97371	0	0.00340798	0.0228822	0.643318
9930	5	2.16274	0.81968	2.8876	0.97561	0	0.00146341	0.0229268	0.64164
9940	6	2.22531	0.830467	2.88911	0.979432	0	0.00195886	0.0186092	0.657747
9950	7	2.121	0.821771	2.91231	0.982801	0	0.0014742	0.0157248	0.645618
9960	6	2.09602	0.81856	2.865	0.977995	0	0.00293399	0.0190709	0.64028
9970	5	2.09155	0.822932	2.86186	0.978474	0	0.00244618	0.0190802	0.632897
9980	4	2.03614	0.824154	2.8478	0.979432	0	0.00244858	0.0181195	0.651587
9990	5	1.98215	0.831963	2.93092	0.978474	0	0.00244618	0.0190802	0.656175
