Generation number	Total number of allele	Diversity	Activity	Time	Fertility rate	2 DSB on one site rate	No DSB rate	No symmetrical sites (binding + DSB) rate	q
0	1	1	0.999908	2.02974	0.990589	0	0.00297177	0.00643883	0.779072
10	1	1	0.998928	2.0316	0.99108	0	0.00346878	0.00545094	0.783414
20	2	1.001	0.997791	2.05249	0.990099	0	0.00247525	0.00742574	0.787414
30	1	1	0.996373	2.04269	0.99453	0	0.00099453	0.00447539	0.780249
40	2	1.002	0.995141	2.04096	0.989609	0	0.00296883	0.00742207	0.784989
50	3	1.00401	0.993988	2.07293	0.993542	0	0.00149031	0.00496771	0.785635
60	2	1.00502	0.992695	2.03509	0.993049	0	0.000993049	0.00595829	0.774153
70	2	1.01006	0.991382	2.04385	0.989609	0	0.00148441	0.00890648	0.780458
80	2	1.001	0.989481	2.11594	0.989609	0	0.000989609	0.00940129	0.773779
90	1	1	0.988331	2.03774	0.989609	0	0.000989609	0.00940129	0.774505
100	1	1	0.98684	2.01801	0.992556	0	0.00148883	0.00595533	0.771849
110	2	1.00804	0.985668	2.04145	0.990099	0	0.00346535	0.00643564	0.773852
120	3	1.01412	0.984266	2.05155	0.993542	0	0.00298063	0.0034774	0.771863
130	3	1.02641	0.982918	2.17152	0.990099	0	0.00148515	0.00841584	0.767187
140	3	1.01412	0.981278	2.06192	0.990589	0	0.00297177	0.00643883	0.765209
150	2	1.01411	0.979779	2.05796	0.986193	0	0.00345168	0.010355	0.769981
160	3	1.00905	0.977741	1.94333	0.991572	0	0.00148736	0.006941	0.767762
170	2	1.01006	0.975936	2.03372	0.98912	0	0.00148368	0.00939664	0.766503
180	4	1.00401	0.973357	1.9513	0.99108	0	0.00198216	0.00693756	0.766199
190	1	1	0.971534	2.01943	0.989609	0	0.00148441	0.00890648	0.768758
200	1	1	0.96985	1.89581	0.993049	0	0.00297915	0.00397219	0.7606
210	1	1	0.968961	2.01512	0.986193	0	0.00295858	0.0108481	0.762823
220	1	1	0.967095	2.08917	0.987167	0	0.0029615	0.00987167	0.756171
230	1	1	0.965831	2.028	0.985707	0	0.00197141	0.0123213	0.764812
240	1	1	0.96394	1.94675	0.987167	0	0.00246792	0.0103653	0.753079
250	1	1	0.960994	2.00842	0.985707	0	0.00295712	0.0113356	0.75589
260	1	1	0.95865	2.02027	0.984252	0	0.00295276	0.0127953	0.74308
270	4	1.00805	0.956824	2.0047	0.991572	0	0.000991572	0.00743679	0.74991
280	2	1.01006	0.955015	2.01594	0.988631	0	0.00346021	0.00790905	0.748622
290	3	1.00905	0.952817	2.01787	0.990589	0	0.00247647	0.00693413	0.754875
300	3	1.02742	0.950139	2.14933	0.987654	0	0.00296296	0.00938272	0.742827
310	4	1.03366	0.946877	2.07888	0.988142	0	0.00395257	0.00790514	0.746277
320	4	1.01922	0.942816	2.10687	0.98668	0	0.00296004	0.0103601	0.748903
330	3	1.0131	0.940494	1.99207	0.99108	0	0.00198216	0.00693756	0.745748
340	3	1.02744	0.93737	2.03043	0.984252	0	0.00344488	0.0123031	0.736812
350	4	1.03051	0.93386	2.01852	0.98912	0	0.00098912	0.0098912	0.741667
360	3	1.05791	0.93238	2.05909	0.98912	0	0.00296736	0.00791296	0.73434
370	4	1.04212	0.929475	2.05409	0.988631	0	0.00148295	0.00988631	0.730961
380	2	1.03253	0.927199	2.00712	0.990099	0	0.00148515	0.00841584	0.730428
390	2	1.08323	0.927269	2.10283	0.99108	0	0	0.00891972	0.73788
400	3	1.08332	0.923774	2.11805	0.99108	0	0.00049554	0.00842418	0.734276
410	2	1.08107	0.920415	2.07879	0.987654	0	0.00296296	0.00938272	0.73003
420	2	1.06927	0.916225	2.07402	0.985222	0	0.00295567	0.0118227	0.722157
430	2	1.05759	0.913288	2.04387	0.989609	0	0.000494805	0.00989609	0.726015
440	2	1.02738	0.908528	1.99981	0.987167	0	0.00197433	0.0108588	0.719272
450	4	1.0409	0.906831	2.00021	0.989609	0	0.00247402	0.00791687	0.718698
460	3	1.03682	0.904056	2.00748	0.983768	0	0.00147565	0.0147565	0.727734
470	3	1.05041	0.900842	2.02015	0.988631	0	0.00247158	0.00889768	0.715115
480	4	1.08063	0.89813	2.0538	0.984252	0	0.000984252	0.0147638	0.713913
490	4	1.06108	0.894516	2.05712	0.983768	0	0.00541072	0.0108214	0.725197
500	4	1.07292	0.89131	2.14657	0.986193	0	0.00246548	0.0113412	0.705051
510	4	1.0782	0.887651	2.0719	0.984252	0	0.00147638	0.0142717	0.706815
520	5	1.12337	0.885314	2.09632	0.990099	0	0.00148515	0.00841584	0.700407
530	3	1.09443	0.881747	2.0731	0.985707	0	0.00295712	0.0113356	0.699954
540	2	1.07248	0.876661	2.12366	0.984252	0	0.00246063	0.0132874	0.695731
