Hello World !
 
Test for Model constructor
temps1 = 1.734498
generation 0
0x563b7509c7f0
0x563b7509c7f0
generation 1
0x563b7509c7f0
0x563b7509cee0
0x563b7509c7f0
0x563b7509cee0
generation 2
0x563b7509c7f0
0x563b7509c7f0
generation 3
0x563b7509c7f0
0x563b7509c7f0
generation 4
0x563b7509c7f0
0x563b7509cee0
0x563b7509c7f0
0x563b7509cee0
generation 5
0x563b7509c7f0
0x563b7509cee0
0x563b7509cf30
0x563b7509c7f0
0x563b7509cee0
0x563b7509cf30
generation 6
0x563b7509c7f0
0x563b7509cee0
0x563b7509cf30
0x563b75123390
0x563b7509c7f0
0x563b7509cee0
0x563b7509cf30
0x563b75123390
generation 7
0x563b7509c7f0
0x563b7509cee0
0x563b7509cf30
0x563b7509c7f0
0x563b7509cee0
0x563b7509cf30
generation 8
0x563b7509c7f0
0x563b7509cee0
0x563b7509cf30
0x563b7509c7f0
0x563b7509cee0
0x563b7509cf30
generation 9
0x563b7509c7f0
0x563b7509cf30
0x563b7509c7f0
0x563b7509cf30
generation 10
0x563b7509c7f0
0x563b7509cf30
0x563b7509c7f0
0x563b7509cf30
generation 11
0x563b7509c7f0
0x563b7509c7f0
generation 12
0x563b7509c7f0
0x563b7509c7f0
generation 13
0x563b7509c7f0
0x563b7509c7f0
generation 14
0x563b7509c7f0
0x563b7509cf30
0x563b7509c7f0
0x563b7509cf30
generation 15
0x563b7509c7f0
0x563b7509cf30
0x563b7509c7f0
0x563b7509cf30
generation 16
0x563b7509c7f0
0x563b7509cf30
0x563b7509c7f0
0x563b7509cf30
generation 17
0x563b7509c7f0
0x563b7509cf30
0x563b7509cee0
0x563b7509c7f0
0x563b7509cf30
0x563b7509cee0
generation 18
0x563b7509c7f0
0x563b7509cee0
0x563b7509c7f0
0x563b7509cee0
generation 19
0x563b7509c7f0
0x563b7509c7f0
generation 20
0x563b7509c7f0
0x563b7509c7f0
generation 21
0x563b7509c7f0
0x563b7509cee0
0x563b7509cf30
0x563b7509c7f0
0x563b7509cee0
0x563b7509cf30
generation 22
0x563b7509c7f0
0x563b7509c7f0
generation 23
0x563b7509c7f0
0x563b7509c7f0
generation 24
0x563b7509c7f0
0x563b7509c7f0
generation 25
0x563b7509c7f0
0x563b7509c7f0
generation 26
0x563b7509c7f0
0x563b7509c7f0
generation 27
0x563b7509c7f0
0x563b7509c7f0
generation 28
0x563b7509c7f0
0x563b7509c7f0
generation 29
0x563b7509c7f0
0x563b7509c7f0
generation 30
0x563b7509c7f0
0x563b7509c7f0
generation 31
0x563b7509c7f0
0x563b7509c7f0
generation 32
0x563b7509c7f0
0x563b7509c7f0
generation 33
0x563b7509c7f0
0x563b7509c7f0
generation 34
0x563b7509c7f0
0x563b7509c7f0
generation 35
0x563b7509c7f0
0x563b7509c7f0
generation 36
0x563b7509c7f0
0x563b7509c7f0
generation 37
0x563b7509c7f0
0x563b7509cf30
0x563b7509c7f0
0x563b7509cf30
generation 38
0x563b7509c7f0
0x563b7509c7f0
generation 39
0x563b7509c7f0
0x563b7509c7f0
generation 40
0x563b7509c7f0
0x563b7509c7f0
generation 41
0x563b7509c7f0
0x563b7509c7f0
generation 42
0x563b7509c7f0
0x563b7509c7f0
generation 43
0x563b7509c7f0
0x563b7509c7f0
generation 44
0x563b7509c7f0
0x563b7509c7f0
generation 45
0x563b7509c7f0
0x563b7509c7f0
generation 46
0x563b7509c7f0
0x563b7509cf30
0x563b7509c7f0
0x563b7509cf30
generation 47
0x563b7509c7f0
0x563b7509cf30
0x563b7509c7f0
0x563b7509cf30
generation 48
0x563b7509c7f0
0x563b7509cf30
0x563b7509cee0
0x563b7509c7f0
0x563b7509cf30
0x563b7509cee0
generation 49
0x563b7509c7f0
0x563b7509cf30
0x563b7509cee0
0x563b7509c7f0
0x563b7509cf30
0x563b7509cee0
generation 50
0x563b7509c7f0
0x563b7509cf30
0x563b7509c7f0
0x563b7509cf30
generation 51
0x563b7509c7f0
0x563b7509cf30
0x563b7509c7f0
0x563b7509cf30
generation 52
0x563b7509c7f0
0x563b7509cf30
0x563b7509c7f0
0x563b7509cf30
generation 53
0x563b7509c7f0
0x563b7509cf30
0x563b7509c7f0
0x563b7509cf30
generation 54
0x563b7509c7f0
0x563b7509cf30
0x563b7509c7f0
0x563b7509cf30
generation 55
0x563b7509c7f0
0x563b7509cf30
0x563b7509c7f0
0x563b7509cf30
generation 56
0x563b7509c7f0
0x563b7509cf30
0x563b7509c7f0
0x563b7509cf30
generation 57
0x563b7509c7f0
0x563b7509cf30
0x563b7509c7f0
0x563b7509cf30
generation 58
0x563b7509c7f0
0x563b7509cf30
0x563b7509c7f0
0x563b7509cf30
generation 59
0x563b7509c7f0
0x563b7509cf30
0x563b7509c7f0
0x563b7509cf30
generation 60
0x563b7509c7f0
0x563b7509cf30
0x563b7509c7f0
0x563b7509cf30
generation 61
0x563b7509c7f0
0x563b7509cf30
0x563b7509cee0
0x563b7509c7f0
0x563b7509cf30
0x563b7509cee0
generation 62
0x563b7509c7f0
0x563b7509cf30
0x563b7509cee0
0x563b7509c7f0
0x563b7509cf30
0x563b7509cee0
generation 63
0x563b7509c7f0
0x563b7509c7f0
generation 64
0x563b7509c7f0
0x563b7509c7f0
generation 65
0x563b7509c7f0
0x563b7509c7f0
generation 66
0x563b7509c7f0
0x563b7509c7f0
generation 67
0x563b7509c7f0
0x563b7509c7f0
generation 68
0x563b7509c7f0
0x563b7509c7f0
generation 69
0x563b7509c7f0
0x563b7509c7f0
generation 70
0x563b7509c7f0
0x563b7509c7f0
generation 71
0x563b7509c7f0
0x563b7509c7f0
generation 72
0x563b7509c7f0
0x563b7509c7f0
generation 73
0x563b7509c7f0
0x563b7509c7f0
generation 74
0x563b7509c7f0
0x563b7509c7f0
generation 75
0x563b7509c7f0
0x563b7509c7f0
generation 76
0x563b7509c7f0
0x563b7509c7f0
generation 77
0x563b7509c7f0
0x563b7509c7f0
generation 78
0x563b7509c7f0
0x563b7509c7f0
generation 79
0x563b7509c7f0
0x563b7509c7f0
generation 80
0x563b7509c7f0
0x563b7509c7f0
generation 81
0x563b7509c7f0
0x563b7509cee0
0x563b7509c7f0
0x563b7509cee0
generation 82
0x563b7509c7f0
0x563b7509cee0
0x563b7509c7f0
0x563b7509cee0
generation 83
0x563b7509c7f0
0x563b7509cee0
0x563b7509c7f0
0x563b7509cee0
generation 84
0x563b7509c7f0
0x563b7509cee0
0x563b7509c7f0
0x563b7509cee0
generation 85
0x563b7509c7f0
0x563b7509c7f0
generation 86
0x563b7509c7f0
0x563b7509c7f0
generation 87
0x563b7509c7f0
0x563b7509c7f0
generation 88
0x563b7509c7f0
0x563b7509c7f0
generation 89
0x563b7509c7f0
0x563b7509c7f0
generation 90
0x563b7509c7f0
0x563b7509cee0
0x563b7509c7f0
0x563b7509cee0
generation 91
0x563b7509c7f0
0x563b7509c7f0
generation 92
0x563b7509c7f0
0x563b7509c7f0
generation 93
0x563b7509c7f0
0x563b7509c7f0
generation 94
0x563b7509c7f0
0x563b7509c7f0
generation 95
0x563b7509c7f0
0x563b7509c7f0
generation 96
0x563b7509c7f0
0x563b7509cee0
0x563b7509c7f0
0x563b7509cee0
generation 97
0x563b7509c7f0
0x563b7509c7f0
generation 98
0x563b7509c7f0
0x563b7509c7f0
generation 99
0x563b7509c7f0
0x563b7509cee0
0x563b7509cf30
0x563b7509c7f0
0x563b7509cee0
0x563b7509cf30
generation 100
0x563b7509c7f0
0x563b7509cee0
0x563b7509c7f0
0x563b7509cee0
generation 101
0x563b7509c7f0
0x563b7509c7f0
generation 102
0x563b7509c7f0
0x563b7509c7f0
generation 103
0x563b7509c7f0
0x563b7509cee0
0x563b7509c7f0
0x563b7509cee0
generation 104
0x563b7509c7f0
0x563b7509c7f0
generation 105
0x563b7509c7f0
0x563b7509c7f0
generation 106
0x563b7509c7f0
0x563b7509c7f0
generation 107
0x563b7509c7f0
0x563b7509c7f0
generation 108
0x563b7509c7f0
0x563b7509cee0
0x563b7509c7f0
0x563b7509cee0
generation 109
0x563b7509c7f0
0x563b7509c7f0
generation 110
0x563b7509c7f0
0x563b7509c7f0
generation 111
0x563b7509c7f0
0x563b7509c7f0
generation 112
0x563b7509c7f0
0x563b7509c7f0
generation 113
0x563b7509c7f0
0x563b7509c7f0
generation 114
0x563b7509c7f0
0x563b7509c7f0
generation 115
0x563b7509c7f0
0x563b7509c7f0
generation 116
0x563b7509c7f0
0x563b7509cee0
0x563b7509c7f0
0x563b7509cee0
generation 117
0x563b7509c7f0
0x563b7509cee0
0x563b7509c7f0
0x563b7509cee0
generation 118
0x563b7509c7f0
0x563b7509cee0
0x563b7509c7f0
0x563b7509cee0
generation 119
0x563b7509c7f0
0x563b7509cee0
0x563b7509c7f0
0x563b7509cee0
generation 120
0x563b7509c7f0
0x563b7509cee0
0x563b7509c7f0
0x563b7509cee0
generation 121
0x563b7509c7f0
0x563b7509cee0
0x563b7509c7f0
0x563b7509cee0
generation 122
0x563b7509c7f0
0x563b7509cee0
0x563b7509c7f0
0x563b7509cee0
generation 123
0x563b7509c7f0
0x563b7509cee0
0x563b7509c7f0
0x563b7509cee0
generation 124
0x563b7509c7f0
0x563b7509cee0
0x563b7509c7f0
0x563b7509cee0
generation 125
0x563b7509c7f0
0x563b7509cee0
0x563b7509c7f0
0x563b7509cee0
generation 126
0x563b7509c7f0
0x563b7509cee0
0x563b7509c7f0
0x563b7509cee0
generation 127
0x563b7509c7f0
0x563b7509cee0
0x563b7509c7f0
0x563b7509cee0
generation 128
0x563b7509c7f0
0x563b7509cee0
0x563b7509c7f0
0x563b7509cee0
generation 129
0x563b7509c7f0
0x563b7509cee0
0x563b7509cf30
0x563b7509c7f0
0x563b7509cee0
0x563b7509cf30
generation 130
0x563b7509c7f0
0x563b7509cee0
0x563b7509cf30
0x563b7509c7f0
0x563b7509cee0
0x563b7509cf30
generation 131
0x563b7509c7f0
0x563b7509cee0
0x563b7509cf30
0x563b75123390
0x563b7509c7f0
0x563b7509cee0
0x563b7509cf30
0x563b75123390
generation 132
0x563b7509c7f0
0x563b7509cee0
0x563b7509cf30
0x563b75123390
0x563b750a6b50
0x563b7509c7f0
0x563b7509cee0
0x563b7509cf30
0x563b75123390
0x563b750a6b50
generation 133
0x563b7509c7f0
0x563b7509cee0
0x563b75123390
0x563b750a6b50
0x563b7509cf30
0x563b7509c7f0
0x563b7509cee0
0x563b75123390
0x563b750a6b50
0x563b7509cf30
generation 134
0x563b7509c7f0
0x563b7509cee0
0x563b75123390
0x563b750a6b50
0x563b7509cf30
0x563b7509c7f0
0x563b7509cee0
0x563b75123390
0x563b750a6b50
0x563b7509cf30
generation 135
0x563b7509c7f0
0x563b7509cee0
0x563b75123390
0x563b750a6b50
0x563b7509c7f0
0x563b7509cee0
0x563b75123390
0x563b750a6b50
generation 136
0x563b7509c7f0
0x563b7509cee0
0x563b75123390
0x563b7509c7f0
0x563b7509cee0
0x563b75123390
generation 137
0x563b7509c7f0
0x563b7509cee0
0x563b75123390
0x563b7509c7f0
0x563b7509cee0
0x563b75123390
generation 138
0x563b7509c7f0
0x563b7509cee0
0x563b75123390
0x563b7509c7f0
0x563b7509cee0
0x563b75123390
generation 139
0x563b7509c7f0
0x563b7509cee0
0x563b75123390
0x563b7509c7f0
0x563b7509cee0
0x563b75123390
generation 140
0x563b7509c7f0
0x563b7509cee0
0x563b75123390
0x563b7509c7f0
0x563b7509cee0
0x563b75123390
generation 141
0x563b7509c7f0
0x563b7509cee0
0x563b75123390
0x563b7509c7f0
0x563b7509cee0
0x563b75123390
generation 142
0x563b7509c7f0
0x563b7509cee0
0x563b7509c7f0
0x563b7509cee0
generation 143
0x563b7509c7f0
0x563b7509cee0
0x563b7509c7f0
0x563b7509cee0
generation 144
0x563b7509c7f0
0x563b7509cee0
0x563b7509c7f0
0x563b7509cee0
generation 145
0x563b7509c7f0
0x563b7509cee0
0x563b75123390
0x563b7509c7f0
0x563b7509cee0
0x563b75123390
generation 146
0x563b7509c7f0
0x563b7509cee0
0x563b75123390
0x563b750a6b50
0x563b7509c7f0
0x563b7509cee0
0x563b75123390
0x563b750a6b50
generation 147
0x563b7509c7f0
0x563b7509cee0
0x563b7509c7f0
0x563b7509cee0
generation 148
0x563b7509c7f0
0x563b7509cee0
0x563b7509c7f0
0x563b7509cee0
generation 149
0x563b7509c7f0
0x563b7509cee0
0x563b750a6b50
0x563b7509c7f0
0x563b7509cee0
0x563b750a6b50
generation 150
0x563b7509c7f0
0x563b7509cee0
0x563b750a6b50
0x563b7509c7f0
0x563b7509cee0
0x563b750a6b50
generation 151
0x563b7509c7f0
0x563b7509cee0
0x563b750a6b50
0x563b7509c7f0
0x563b7509cee0
0x563b750a6b50
generation 152
0x563b7509c7f0
0x563b7509cee0
0x563b750a6b50
0x563b75123390
0x563b7509c7f0
0x563b7509cee0
0x563b750a6b50
0x563b75123390
generation 153
0x563b7509c7f0
0x563b7509cee0
0x563b75123390
0x563b750a6b50
0x563b7509c7f0
0x563b7509cee0
0x563b75123390
0x563b750a6b50
generation 154
0x563b7509c7f0
0x563b7509cee0
0x563b75123390
0x563b750a6b50
0x563b7509c7f0
0x563b7509cee0
0x563b75123390
0x563b750a6b50
generation 155
0x563b7509c7f0
0x563b7509cee0
0x563b75123390
0x563b7509c7f0
0x563b7509cee0
0x563b75123390
generation 156
0x563b7509c7f0
0x563b7509cee0
0x563b7509c7f0
0x563b7509cee0
generation 157
0x563b7509c7f0
0x563b7509cee0
0x563b7509c7f0
0x563b7509cee0
generation 158
0x563b7509c7f0
0x563b7509cee0
0x563b75123390
0x563b7509c7f0
0x563b7509cee0
0x563b75123390
generation 159
0x563b7509c7f0
0x563b7509cee0
0x563b75123390
0x563b7509c7f0
0x563b7509cee0
0x563b75123390
generation 160
0x563b7509c7f0
0x563b7509cee0
0x563b75123390
0x563b7509c7f0
0x563b7509cee0
0x563b75123390
generation 161
0x563b7509c7f0
0x563b7509cee0
0x563b75123390
0x563b7509c7f0
0x563b7509cee0
0x563b75123390
generation 162
0x563b7509c7f0
0x563b7509cee0
0x563b7509c7f0
0x563b7509cee0
generation 163
0x563b7509c7f0
0x563b7509cee0
0x563b7509c7f0
0x563b7509cee0
generation 164
0x563b7509c7f0
0x563b7509cee0
0x563b7509c7f0
0x563b7509cee0
generation 165
0x563b7509c7f0
0x563b7509cee0
0x563b75123390
0x563b7509c7f0
0x563b7509cee0
0x563b75123390
generation 166
0x563b7509c7f0
0x563b7509cee0
0x563b7509c7f0
0x563b7509cee0
generation 167
0x563b7509c7f0
0x563b7509cee0
0x563b7509c7f0
0x563b7509cee0
generation 168
0x563b7509c7f0
0x563b7509cee0
0x563b7509c7f0
0x563b7509cee0
generation 169
0x563b7509c7f0
0x563b7509cee0
0x563b75123390
0x563b750a6b50
0x563b7509c7f0
0x563b7509cee0
0x563b75123390
0x563b750a6b50
generation 170
0x563b7509c7f0
0x563b7509cee0
0x563b75123390
0x563b750a6b50
0x563b7509c7f0
0x563b7509cee0
0x563b75123390
0x563b750a6b50
generation 171
0x563b7509c7f0
0x563b7509cee0
0x563b75123390
0x563b750a6b50
0x563b7509c7f0
0x563b7509cee0
0x563b75123390
0x563b750a6b50
generation 172
0x563b7509c7f0
0x563b7509cee0
0x563b75123390
0x563b750a6b50
0x563b7509cf30
0x563b7509c7f0
0x563b7509cee0
0x563b75123390
0x563b750a6b50
0x563b7509cf30
generation 173
0x563b7509c7f0
0x563b7509cee0
0x563b750a6b50
0x563b7509cf30
0x563b75123390
0x563b7509c7f0
0x563b7509cee0
0x563b750a6b50
0x563b7509cf30
0x563b75123390
generation 174
0x563b7509c7f0
0x563b7509cee0
0x563b750a6b50
0x563b7509cf30
0x563b7509c7f0
0x563b7509cee0
0x563b750a6b50
0x563b7509cf30
generation 175
0x563b7509c7f0
0x563b7509cee0
0x563b750a6b50
0x563b7509cf30
0x563b7509c7f0
0x563b7509cee0
0x563b750a6b50
0x563b7509cf30
generation 176
0x563b7509c7f0
0x563b7509cee0
0x563b750a6b50
0x563b7509cf30
0x563b7509c7f0
0x563b7509cee0
0x563b750a6b50
0x563b7509cf30
generation 177
0x563b7509c7f0
0x563b7509cee0
0x563b750a6b50
0x563b7509cf30
0x563b7509c7f0
0x563b7509cee0
0x563b750a6b50
0x563b7509cf30
generation 178
0x563b7509c7f0
0x563b7509cee0
0x563b750a6b50
0x563b7509cf30
0x563b7509c7f0
0x563b7509cee0
0x563b750a6b50
0x563b7509cf30
generation 179
0x563b7509c7f0
0x563b7509cee0
0x563b750a6b50
0x563b7509cf30
0x563b7509c7f0
0x563b7509cee0
0x563b750a6b50
0x563b7509cf30
generation 180
0x563b7509c7f0
0x563b7509cee0
0x563b750a6b50
0x563b7509cf30
0x563b7509c7f0
0x563b7509cee0
0x563b750a6b50
0x563b7509cf30
generation 181
0x563b7509c7f0
0x563b7509cee0
0x563b750a6b50
0x563b7509cf30
0x563b7509c7f0
0x563b7509cee0
0x563b750a6b50
0x563b7509cf30
generation 182
0x563b7509c7f0
0x563b7509cee0
0x563b750a6b50
0x563b7509cf30
0x563b7509c7f0
0x563b7509cee0
0x563b750a6b50
0x563b7509cf30
generation 183
0x563b7509c7f0
0x563b7509cee0
0x563b750a6b50
0x563b7509cf30
0x563b7509c7f0
0x563b7509cee0
0x563b750a6b50
0x563b7509cf30
generation 184
0x563b7509c7f0
0x563b7509cee0
0x563b750a6b50
0x563b7509cf30
0x563b7509c7f0
0x563b7509cee0
0x563b750a6b50
0x563b7509cf30
generation 185
0x563b7509c7f0
0x563b7509cee0
0x563b750a6b50
0x563b7509c7f0
0x563b7509cee0
0x563b750a6b50
generation 186
0x563b7509c7f0
0x563b7509cee0
0x563b750a6b50
0x563b7509c7f0
0x563b7509cee0
0x563b750a6b50
generation 187
0x563b7509c7f0
0x563b7509cee0
0x563b750a6b50
0x563b7509c7f0
0x563b7509cee0
0x563b750a6b50
generation 188
0x563b7509c7f0
0x563b7509cee0
0x563b750a6b50
0x563b7509c7f0
0x563b7509cee0
0x563b750a6b50
generation 189
0x563b7509c7f0
0x563b7509cee0
0x563b750a6b50
0x563b7509cf30
0x563b7509c7f0
0x563b7509cee0
0x563b750a6b50
0x563b7509cf30
generation 190
0x563b7509c7f0
0x563b7509cee0
0x563b750a6b50
0x563b7509c7f0
0x563b7509cee0
0x563b750a6b50
generation 191
0x563b7509c7f0
0x563b7509cee0
0x563b750a6b50
0x563b7509c7f0
0x563b7509cee0
0x563b750a6b50
generation 192
0x563b7509c7f0
0x563b7509cee0
0x563b750a6b50
0x563b7509c7f0
0x563b7509cee0
0x563b750a6b50
generation 193
0x563b7509c7f0
0x563b7509cee0
0x563b750a6b50
0x563b7509cf30
0x563b7509c7f0
0x563b7509cee0
0x563b750a6b50
0x563b7509cf30
generation 194
0x563b7509c7f0
0x563b7509cee0
0x563b750a6b50
0x563b7509cf30
0x563b7509c7f0
0x563b7509cee0
0x563b750a6b50
0x563b7509cf30
generation 195
0x563b7509c7f0
0x563b7509cee0
0x563b750a6b50
0x563b7509cf30
0x563b7509c7f0
0x563b7509cee0
0x563b750a6b50
0x563b7509cf30
generation 196
0x563b7509c7f0
0x563b7509cee0
0x563b750a6b50
0x563b7509c7f0
0x563b7509cee0
0x563b750a6b50
generation 197
0x563b7509c7f0
0x563b7509cee0
0x563b750a6b50
0x563b7509cf30
0x563b7509c7f0
0x563b7509cee0
0x563b750a6b50
0x563b7509cf30
generation 198
0x563b7509c7f0
0x563b7509cee0
0x563b750a6b50
0x563b7509cf30
0x563b7509c7f0
0x563b7509cee0
0x563b750a6b50
0x563b7509cf30
generation 199
0x563b7509c7f0
0x563b7509cee0
0x563b750a6b50
0x563b7509c7f0
0x563b7509cee0
0x563b750a6b50
generation 200
0x563b7509c7f0
0x563b750a6b50
0x563b7509c7f0
0x563b750a6b50
generation 201
0x563b7509c7f0
0x563b750a6b50
0x563b7509c7f0
0x563b750a6b50
generation 202
0x563b7509c7f0
0x563b750a6b50
0x563b7509c7f0
0x563b750a6b50
generation 203
0x563b7509c7f0
0x563b750a6b50
0x563b7509c7f0
0x563b750a6b50
generation 204
0x563b7509c7f0
0x563b750a6b50
0x563b7509c7f0
0x563b750a6b50
generation 205
0x563b7509c7f0
0x563b750a6b50
0x563b7509cee0
0x563b7509c7f0
0x563b750a6b50
0x563b7509cee0
generation 206
0x563b7509c7f0
0x563b750a6b50
0x563b7509cee0
0x563b7509c7f0
0x563b750a6b50
0x563b7509cee0
generation 207
0x563b7509c7f0
0x563b750a6b50
0x563b7509cee0
0x563b7509c7f0
0x563b750a6b50
0x563b7509cee0
generation 208
0x563b7509c7f0
0x563b750a6b50
0x563b7509cee0
0x563b7509c7f0
0x563b750a6b50
0x563b7509cee0
generation 209
0x563b7509c7f0
0x563b750a6b50
0x563b7509cee0
0x563b7509c7f0
0x563b750a6b50
0x563b7509cee0
generation 210
0x563b7509c7f0
0x563b750a6b50
0x563b7509cee0
0x563b7509c7f0
0x563b750a6b50
0x563b7509cee0
generation 211
0x563b7509c7f0
0x563b750a6b50
0x563b7509cee0
0x563b7509c7f0
0x563b750a6b50
0x563b7509cee0
generation 212
0x563b7509c7f0
0x563b750a6b50
0x563b7509cee0
0x563b7509c7f0
0x563b750a6b50
0x563b7509cee0
generation 213
0x563b7509c7f0
0x563b750a6b50
0x563b7509cee0
0x563b7509cf30
0x563b7509c7f0
0x563b750a6b50
0x563b7509cee0
0x563b7509cf30
generation 214
0x563b7509c7f0
0x563b750a6b50
0x563b7509cf30
0x563b7509c7f0
0x563b750a6b50
0x563b7509cf30
generation 215
0x563b7509c7f0
0x563b750a6b50
0x563b7509c7f0
0x563b750a6b50
generation 216
0x563b7509c7f0
0x563b750a6b50
0x563b7509c7f0
0x563b750a6b50
generation 217
0x563b7509c7f0
0x563b750a6b50
0x563b7509c7f0
0x563b750a6b50
generation 218
0x563b7509c7f0
0x563b750a6b50
0x563b7509cf30
0x563b7509c7f0
0x563b750a6b50
0x563b7509cf30
generation 219
0x563b7509c7f0
0x563b750a6b50
0x563b7509cf30
0x563b7509c7f0
0x563b750a6b50
0x563b7509cf30
generation 220
0x563b7509c7f0
0x563b750a6b50
0x563b7509cf30
0x563b7509c7f0
0x563b750a6b50
0x563b7509cf30
generation 221
0x563b7509c7f0
0x563b750a6b50
0x563b7509c7f0
0x563b750a6b50
generation 222
0x563b7509c7f0
0x563b750a6b50
0x563b7509c7f0
0x563b750a6b50
generation 223
0x563b7509c7f0
0x563b750a6b50
0x563b7509c7f0
0x563b750a6b50
generation 224
0x563b7509c7f0
0x563b750a6b50
0x563b7509c7f0
0x563b750a6b50
generation 225
0x563b7509c7f0
0x563b750a6b50
0x563b7509c7f0
0x563b750a6b50
generation 226
0x563b7509c7f0
0x563b750a6b50
0x563b7509cf30
0x563b7509c7f0
0x563b750a6b50
0x563b7509cf30
generation 227
0x563b7509c7f0
0x563b750a6b50
0x563b7509cf30
0x563b7509c7f0
0x563b750a6b50
0x563b7509cf30
generation 228
0x563b7509c7f0
0x563b750a6b50
0x563b7509cf30
0x563b7509c7f0
0x563b750a6b50
0x563b7509cf30
generation 229
0x563b7509c7f0
0x563b750a6b50
0x563b7509cf30
0x563b7509c7f0
0x563b750a6b50
0x563b7509cf30
generation 230
0x563b7509c7f0
0x563b750a6b50
0x563b7509cf30
0x563b7509c7f0
0x563b750a6b50
0x563b7509cf30
generation 231
0x563b7509c7f0
0x563b750a6b50
0x563b7509cf30
0x563b7509c7f0
0x563b750a6b50
0x563b7509cf30
generation 232
0x563b7509c7f0
0x563b750a6b50
0x563b7509cf30
0x563b7509c7f0
0x563b750a6b50
0x563b7509cf30
generation 233
0x563b7509c7f0
0x563b750a6b50
0x563b7509cf30
0x563b7509c7f0
0x563b750a6b50
0x563b7509cf30
generation 234
0x563b7509c7f0
0x563b750a6b50
0x563b7509cf30
0x563b7509c7f0
0x563b750a6b50
0x563b7509cf30
generation 235
0x563b7509c7f0
0x563b750a6b50
0x563b7509cf30
0x563b7509c7f0
0x563b750a6b50
0x563b7509cf30
generation 236
0x563b7509c7f0
0x563b750a6b50
0x563b7509cf30
0x563b7509c7f0
0x563b750a6b50
0x563b7509cf30
generation 237
0x563b7509c7f0
0x563b750a6b50
0x563b7509cf30
0x563b7509c7f0
0x563b750a6b50
0x563b7509cf30
generation 238
0x563b7509c7f0
0x563b750a6b50
0x563b7509cf30
0x563b7509c7f0
0x563b750a6b50
0x563b7509cf30
generation 239
0x563b7509c7f0
0x563b750a6b50
0x563b7509cf30
0x563b7509cee0
0x563b7509c7f0
0x563b750a6b50
0x563b7509cf30
0x563b7509cee0
generation 240
0x563b7509c7f0
0x563b750a6b50
0x563b7509cf30
0x563b7509cee0
0x563b7509c7f0
0x563b750a6b50
0x563b7509cf30
0x563b7509cee0
generation 241
0x563b7509c7f0
0x563b7509cf30
0x563b7509c7f0
0x563b7509cf30
generation 242
0x563b7509c7f0
0x563b7509cf30
0x563b7509c7f0
0x563b7509cf30
generation 243
0x563b7509c7f0
0x563b7509cf30
0x563b7509c7f0
0x563b7509cf30
generation 244
0x563b7509c7f0
0x563b7509cf30
0x563b7509c7f0
0x563b7509cf30
generation 245
0x563b7509c7f0
0x563b7509cf30
0x563b7509cee0
0x563b7509c7f0
0x563b7509cf30
0x563b7509cee0
generation 246
0x563b7509c7f0
0x563b7509cf30
0x563b7509cee0
0x563b7509c7f0
0x563b7509cf30
0x563b7509cee0
generation 247
0x563b7509c7f0
0x563b7509cee0
0x563b7509c7f0
0x563b7509cee0
generation 248
0x563b7509c7f0
0x563b7509c7f0
generation 249
0x563b7509c7f0
0x563b7509c7f0
generation 250
0x563b7509c7f0
0x563b7509c7f0
generation 251
0x563b7509c7f0
0x563b7509c7f0
generation 252
0x563b7509c7f0
0x563b7509c7f0
generation 253
0x563b7509c7f0
0x563b7509c7f0
generation 254
0x563b7509c7f0
0x563b7509c7f0
generation 255
0x563b7509c7f0
0x563b7509cee0
0x563b7509c7f0
0x563b7509cee0
generation 256
0x563b7509c7f0
0x563b7509cee0
0x563b7509c7f0
0x563b7509cee0
generation 257
0x563b7509c7f0
0x563b7509c7f0
generation 258
0x563b7509c7f0
0x563b7509cee0
0x563b7509c7f0
0x563b7509cee0
generation 259
0x563b7509c7f0
0x563b7509cee0
0x563b7509c7f0
0x563b7509cee0
generation 260
0x563b7509c7f0
0x563b7509cee0
0x563b7509cf30
0x563b7509c7f0
0x563b7509cee0
0x563b7509cf30
generation 261
0x563b7509c7f0
0x563b7509cee0
0x563b7509cf30
0x563b7509c7f0
0x563b7509cee0
0x563b7509cf30
generation 262
0x563b7509c7f0
0x563b7509cee0
0x563b7509cf30
0x563b7509c7f0
0x563b7509cee0
0x563b7509cf30
generation 263
0x563b7509c7f0
0x563b7509cee0
0x563b7509cf30
0x563b7509c7f0
0x563b7509cee0
0x563b7509cf30
generation 264
0x563b7509c7f0
0x563b7509cee0
0x563b7509cf30
0x563b7509c7f0
0x563b7509cee0
0x563b7509cf30
generation 265
0x563b7509c7f0
0x563b7509cee0
0x563b7509c7f0
0x563b7509cee0
generation 266
0x563b7509c7f0
0x563b7509cee0
0x563b7509cf30
0x563b7509c7f0
0x563b7509cee0
0x563b7509cf30
generation 267
0x563b7509c7f0
0x563b7509cee0
0x563b7509cf30
0x563b7509c7f0
0x563b7509cee0
0x563b7509cf30
generation 268
0x563b7509c7f0
0x563b7509cee0
0x563b7509cf30
0x563b7509c7f0
0x563b7509cee0
0x563b7509cf30
generation 269
0x563b7509c7f0
0x563b7509cee0
0x563b7509cf30
0x563b7509c7f0
0x563b7509cee0
0x563b7509cf30
generation 270
0x563b7509c7f0
0x563b7509cee0
0x563b7509cf30
0x563b7509c7f0
0x563b7509cee0
0x563b7509cf30
generation 271
0x563b7509c7f0
0x563b7509cee0
0x563b7509cf30
0x563b7509c7f0
0x563b7509cee0
0x563b7509cf30
generation 272
0x563b7509c7f0
0x563b7509cee0
0x563b7509cf30
0x563b750a6b50
0x563b75123390
0x563b7509c7f0
0x563b7509cee0
0x563b7509cf30
0x563b750a6b50
0x563b75123390
generation 273
0x563b7509c7f0
0x563b7509cee0
0x563b7509cf30
0x563b750a6b50
0x563b7509c7f0
0x563b7509cee0
0x563b7509cf30
0x563b750a6b50
generation 274
0x563b7509c7f0
0x563b7509cee0
0x563b7509cf30
0x563b750a6b50
0x563b7509c7f0
0x563b7509cee0
0x563b7509cf30
0x563b750a6b50
generation 275
0x563b7509c7f0
0x563b7509cee0
0x563b7509cf30
0x563b750a6b50
0x563b7509c7f0
0x563b7509cee0
0x563b7509cf30
0x563b750a6b50
generation 276
0x563b7509c7f0
0x563b7509cee0
0x563b750a6b50
0x563b7509c7f0
0x563b7509cee0
0x563b750a6b50
generation 277
0x563b7509c7f0
0x563b7509cee0
0x563b750a6b50
0x563b7509c7f0
0x563b7509cee0
0x563b750a6b50
generation 278
0x563b7509c7f0
0x563b7509cee0
0x563b750a6b50
0x563b7509c7f0
0x563b7509cee0
0x563b750a6b50
generation 279
0x563b7509c7f0
0x563b7509cee0
0x563b750a6b50
0x563b7509c7f0
0x563b7509cee0
0x563b750a6b50
generation 280
0x563b7509c7f0
0x563b7509cee0
0x563b750a6b50
0x563b7509c7f0
0x563b7509cee0
0x563b750a6b50
generation 281
0x563b7509c7f0
0x563b7509cee0
0x563b750a6b50
0x563b7509c7f0
0x563b7509cee0
0x563b750a6b50
generation 282
0x563b7509c7f0
0x563b7509cee0
0x563b750a6b50
0x563b7509c7f0
0x563b7509cee0
0x563b750a6b50
generation 283
0x563b7509c7f0
0x563b7509cee0
0x563b750a6b50
0x563b7509cf30
0x563b7509c7f0
0x563b7509cee0
0x563b750a6b50
0x563b7509cf30
generation 284
0x563b7509c7f0
0x563b7509cee0
0x563b750a6b50
0x563b7509cf30
0x563b7509c7f0
0x563b7509cee0
0x563b750a6b50
0x563b7509cf30
generation 285
0x563b7509c7f0
0x563b7509cee0
0x563b750a6b50
0x563b7509cf30
0x563b75123390
0x563b7509c7f0
0x563b7509cee0
0x563b750a6b50
0x563b7509cf30
0x563b75123390
generation 286
0x563b7509c7f0
0x563b7509cf30
0x563b7509c7f0
0x563b7509cf30
generation 287
0x563b7509c7f0
0x563b7509cf30
0x563b7509c7f0
0x563b7509cf30
generation 288
0x563b7509c7f0
0x563b7509cf30
0x563b7509c7f0
0x563b7509cf30
generation 289
0x563b7509c7f0
0x563b7509cf30
0x563b7509c7f0
0x563b7509cf30
generation 290
0x563b7509c7f0
0x563b7509cf30
0x563b7509c7f0
0x563b7509cf30
generation 291
0x563b7509c7f0
0x563b7509cf30
0x563b7509c7f0
0x563b7509cf30
generation 292
0x563b7509c7f0
0x563b7509c7f0
generation 293
0x563b7509c7f0
0x563b7509c7f0
generation 294
0x563b7509c7f0
0x563b7509c7f0
generation 295
0x563b7509c7f0
0x563b7509c7f0
generation 296
0x563b7509c7f0
0x563b7509c7f0
generation 297
0x563b7509c7f0
0x563b7509c7f0
generation 298
0x563b7509c7f0
0x563b7509c7f0
generation 299
0x563b7509c7f0
0x563b7509c7f0
generation 300
0x563b7509c7f0
0x563b7509cf30
0x563b7509c7f0
0x563b7509cf30
generation 301
0x563b7509c7f0
0x563b7509cf30
0x563b7509c7f0
0x563b7509cf30
generation 302
0x563b7509c7f0
0x563b7509cf30
0x563b7509c7f0
0x563b7509cf30
generation 303
0x563b7509c7f0
0x563b7509cf30
0x563b7509c7f0
0x563b7509cf30
generation 304
0x563b7509c7f0
0x563b7509cf30
0x563b7509c7f0
0x563b7509cf30
generation 305
0x563b7509c7f0
0x563b7509cf30
0x563b7509c7f0
0x563b7509cf30
generation 306
0x563b7509c7f0
0x563b7509cf30
0x563b7509c7f0
0x563b7509cf30
generation 307
0x563b7509c7f0
0x563b7509cf30
0x563b75123390
0x563b7509c7f0
0x563b7509cf30
0x563b75123390
generation 308
0x563b7509c7f0
0x563b7509cf30
0x563b75123390
0x563b7509c7f0
0x563b7509cf30
0x563b75123390
generation 309
0x563b7509c7f0
0x563b7509cf30
0x563b75123390
0x563b7509c7f0
0x563b7509cf30
0x563b75123390
generation 310
0x563b7509c7f0
0x563b7509cf30
0x563b75123390
0x563b7509c7f0
0x563b7509cf30
0x563b75123390
generation 311
0x563b7509c7f0
0x563b7509cf30
0x563b75123390
0x563b7509c7f0
0x563b7509cf30
0x563b75123390
generation 312
0x563b7509c7f0
0x563b7509cf30
0x563b75123390
0x563b7509c7f0
0x563b7509cf30
0x563b75123390
generation 313
0x563b7509c7f0
0x563b7509cf30
0x563b75123390
0x563b7509c7f0
0x563b7509cf30
0x563b75123390
generation 314
0x563b7509c7f0
0x563b75123390
0x563b7509c7f0
0x563b75123390
generation 315
0x563b7509c7f0
0x563b75123390
0x563b7509c7f0
0x563b75123390
generation 316
0x563b7509c7f0
0x563b75123390
0x563b7509c7f0
0x563b75123390
generation 317
0x563b7509c7f0
0x563b75123390
0x563b7509c7f0
0x563b75123390
generation 318
0x563b7509c7f0
0x563b75123390
0x563b7509c7f0
0x563b75123390
generation 319
0x563b7509c7f0
0x563b75123390
0x563b7509c7f0
0x563b75123390
generation 320
0x563b7509c7f0
0x563b75123390
0x563b7509c7f0
0x563b75123390
generation 321
0x563b7509c7f0
0x563b75123390
0x563b7509c7f0
0x563b75123390
generation 322
0x563b7509c7f0
0x563b75123390
0x563b7509c7f0
0x563b75123390
generation 323
0x563b7509c7f0
0x563b75123390
0x563b7509c7f0
0x563b75123390
generation 324
0x563b7509c7f0
0x563b75123390
0x563b7509c7f0
0x563b75123390
generation 325
0x563b7509c7f0
0x563b75123390
0x563b7509c7f0
0x563b75123390
generation 326
0x563b7509c7f0
0x563b75123390
0x563b7509c7f0
0x563b75123390
generation 327
0x563b7509c7f0
0x563b75123390
0x563b7509c7f0
0x563b75123390
generation 328
0x563b7509c7f0
0x563b75123390
0x563b7509c7f0
0x563b75123390
generation 329
0x563b7509c7f0
0x563b75123390
0x563b7509c7f0
0x563b75123390
generation 330
0x563b7509c7f0
0x563b75123390
0x563b7509c7f0
0x563b75123390
generation 331
0x563b7509c7f0
0x563b75123390
0x563b7509c7f0
0x563b75123390
generation 332
0x563b7509c7f0
0x563b75123390
0x563b7509c7f0
0x563b75123390
generation 333
0x563b7509c7f0
0x563b75123390
0x563b7509c7f0
0x563b75123390
generation 334
0x563b7509c7f0
0x563b75123390
0x563b7509c7f0
0x563b75123390
generation 335
0x563b7509c7f0
0x563b75123390
0x563b7509cf30
0x563b7509c7f0
0x563b75123390
0x563b7509cf30
generation 336
0x563b7509c7f0
0x563b75123390
0x563b7509cf30
0x563b7509c7f0
0x563b75123390
0x563b7509cf30
generation 337
0x563b7509c7f0
0x563b75123390
0x563b7509cf30
0x563b7509c7f0
0x563b75123390
0x563b7509cf30
generation 338
0x563b7509c7f0
0x563b75123390
0x563b7509cf30
0x563b7509c7f0
0x563b75123390
0x563b7509cf30
generation 339
0x563b7509c7f0
0x563b75123390
0x563b7509cf30
0x563b7509c7f0
0x563b75123390
0x563b7509cf30
generation 340
0x563b7509c7f0
0x563b75123390
0x563b7509cf30
0x563b7509c7f0
0x563b75123390
0x563b7509cf30
generation 341
0x563b7509c7f0
0x563b75123390
0x563b7509cf30
0x563b7509c7f0
0x563b75123390
0x563b7509cf30
generation 342
0x563b7509c7f0
0x563b75123390
0x563b7509cf30
0x563b7509c7f0
0x563b75123390
0x563b7509cf30
generation 343
0x563b7509c7f0
0x563b75123390
0x563b7509c7f0
0x563b75123390
generation 344
0x563b7509c7f0
0x563b75123390
0x563b7509c7f0
0x563b75123390
generation 345
0x563b7509c7f0
0x563b75123390
0x563b7509c7f0
0x563b75123390
generation 346
0x563b7509c7f0
0x563b75123390
0x563b7509c7f0
0x563b75123390
generation 347
0x563b7509c7f0
0x563b75123390
0x563b7509c7f0
0x563b75123390
generation 348
0x563b7509c7f0
0x563b75123390
0x563b7509c7f0
0x563b75123390
generation 349
0x563b7509c7f0
0x563b75123390
0x563b7509cf30
0x563b7509c7f0
0x563b75123390
0x563b7509cf30
generation 350
0x563b7509c7f0
0x563b75123390
0x563b7509c7f0
0x563b75123390
generation 351
0x563b7509c7f0
0x563b75123390
0x563b7509c7f0
0x563b75123390
generation 352
0x563b7509c7f0
0x563b75123390
0x563b7509c7f0
0x563b75123390
generation 353
0x563b7509c7f0
0x563b75123390
0x563b7509c7f0
0x563b75123390
generation 354
0x563b7509c7f0
0x563b75123390
0x563b7509c7f0
0x563b75123390
generation 355
0x563b7509c7f0
0x563b75123390
0x563b7509c7f0
0x563b75123390
generation 356
0x563b7509c7f0
0x563b75123390
0x563b7509c7f0
0x563b75123390
generation 357
0x563b7509c7f0
0x563b75123390
0x563b7509c7f0
0x563b75123390
generation 358
0x563b7509c7f0
0x563b75123390
0x563b7509c7f0
0x563b75123390
generation 359
0x563b7509c7f0
0x563b75123390
0x563b7509c7f0
0x563b75123390
generation 360
0x563b7509c7f0
0x563b75123390
0x563b7509c7f0
0x563b75123390
generation 361
0x563b7509c7f0
0x563b75123390
0x563b7509cf30
0x563b7509c7f0
0x563b75123390
0x563b7509cf30
generation 362
0x563b7509c7f0
0x563b75123390
0x563b7509cf30
0x563b7509c7f0
0x563b75123390
0x563b7509cf30
generation 363
0x563b7509c7f0
0x563b75123390
0x563b7509cf30
0x563b750a6b50
0x563b7509c7f0
0x563b75123390
0x563b7509cf30
0x563b750a6b50
generation 364
0x563b7509c7f0
0x563b75123390
0x563b7509cf30
0x563b750a6b50
0x563b7509cee0
0x563b7509c7f0
0x563b75123390
0x563b7509cf30
0x563b750a6b50
0x563b7509cee0
generation 365
0x563b7509c7f0
0x563b75123390
0x563b7509cf30
0x563b750a6b50
0x563b7509cee0
0x563b750a6ba0
0x563b7509c7f0
0x563b75123390
0x563b7509cf30
0x563b750a6b50
0x563b7509cee0
0x563b750a6ba0
generation 366
0x563b7509c7f0
0x563b75123390
0x563b7509cf30
0x563b750a6b50
0x563b7509cee0
0x563b750a6ba0
0x563b7509c7f0
0x563b75123390
0x563b7509cf30
0x563b750a6b50
0x563b7509cee0
0x563b750a6ba0
generation 367
0x563b7509c7f0
0x563b75123390
0x563b7509cf30
0x563b750a6b50
0x563b7509cee0
0x563b750a6ba0
0x563b7509c7f0
0x563b75123390
0x563b7509cf30
0x563b750a6b50
0x563b7509cee0
0x563b750a6ba0
generation 368
0x563b7509c7f0
0x563b75123390
0x563b7509cf30
0x563b7509cee0
0x563b7509c7f0
0x563b75123390
0x563b7509cf30
0x563b7509cee0
generation 369
0x563b7509c7f0
0x563b75123390
0x563b7509cf30
0x563b7509cee0
0x563b7509c7f0
0x563b75123390
0x563b7509cf30
0x563b7509cee0
generation 370
0x563b7509c7f0
0x563b75123390
0x563b7509cf30
0x563b7509cee0
0x563b7509c7f0
0x563b75123390
0x563b7509cf30
0x563b7509cee0
generation 371
0x563b7509c7f0
0x563b75123390
0x563b7509cf30
0x563b7509cee0
0x563b7509c7f0
0x563b75123390
0x563b7509cf30
0x563b7509cee0
generation 372
0x563b7509c7f0
0x563b75123390
0x563b7509cf30
0x563b7509cee0
0x563b7509c7f0
0x563b75123390
0x563b7509cf30
0x563b7509cee0
generation 373
0x563b7509c7f0
0x563b75123390
0x563b7509cf30
0x563b7509cee0
0x563b7509c7f0
0x563b75123390
0x563b7509cf30
0x563b7509cee0
generation 374
0x563b7509c7f0
0x563b75123390
0x563b7509cf30
0x563b7509cee0
0x563b7509c7f0
0x563b75123390
0x563b7509cf30
0x563b7509cee0
generation 375
0x563b7509c7f0
0x563b75123390
0x563b7509cf30
0x563b7509cee0
0x563b7509c7f0
0x563b75123390
0x563b7509cf30
0x563b7509cee0
generation 376
0x563b7509c7f0
0x563b75123390
0x563b7509cf30
0x563b7509c7f0
0x563b75123390
0x563b7509cf30
generation 377
0x563b7509c7f0
0x563b75123390
0x563b7509c7f0
0x563b75123390
generation 378
0x563b7509c7f0
0x563b75123390
0x563b7509c7f0
0x563b75123390
generation 379
0x563b7509c7f0
0x563b75123390
0x563b7509c7f0
0x563b75123390
generation 380
0x563b7509c7f0
0x563b75123390
0x563b7509c7f0
0x563b75123390
generation 381
0x563b7509c7f0
0x563b75123390
0x563b7509c7f0
0x563b75123390
generation 382
0x563b7509c7f0
0x563b75123390
0x563b7509c7f0
0x563b75123390
generation 383
0x563b7509c7f0
0x563b75123390
0x563b7509cf30
0x563b7509c7f0
0x563b75123390
0x563b7509cf30
generation 384
0x563b7509c7f0
0x563b75123390
0x563b7509cf30
0x563b7509c7f0
0x563b75123390
0x563b7509cf30
generation 385
0x563b7509c7f0
0x563b75123390
0x563b7509c7f0
0x563b75123390
generation 386
0x563b7509c7f0
0x563b75123390
0x563b7509c7f0
0x563b75123390
generation 387
0x563b7509c7f0
0x563b75123390
0x563b7509cf30
0x563b7509c7f0
0x563b75123390
0x563b7509cf30
generation 388
0x563b7509c7f0
0x563b75123390
0x563b7509cf30
0x563b7509c7f0
0x563b75123390
0x563b7509cf30
generation 389
0x563b7509c7f0
0x563b75123390
0x563b7509c7f0
0x563b75123390
generation 390
0x563b7509c7f0
0x563b75123390
0x563b7509c7f0
0x563b75123390
generation 391
0x563b7509c7f0
0x563b75123390
0x563b7509cf30
0x563b7509c7f0
0x563b75123390
0x563b7509cf30
generation 392
0x563b7509c7f0
0x563b75123390
0x563b7509cf30
0x563b7509cee0
0x563b7509c7f0
0x563b75123390
0x563b7509cf30
0x563b7509cee0
generation 393
0x563b7509c7f0
0x563b75123390
0x563b7509cf30
0x563b7509c7f0
0x563b75123390
0x563b7509cf30
generation 394
0x563b7509c7f0
0x563b75123390
0x563b7509cf30
0x563b7509c7f0
0x563b75123390
0x563b7509cf30
generation 395
0x563b7509c7f0
0x563b75123390
0x563b7509c7f0
0x563b75123390
generation 396
0x563b7509c7f0
0x563b75123390
0x563b7509c7f0
0x563b75123390
generation 397
0x563b7509c7f0
0x563b75123390
0x563b7509c7f0
0x563b75123390
generation 398
0x563b7509c7f0
0x563b75123390
0x563b7509c7f0
0x563b75123390
generation 399
0x563b7509c7f0
0x563b75123390
0x563b7509c7f0
0x563b75123390
generation 400
0x563b7509c7f0
0x563b75123390
0x563b7509c7f0
0x563b75123390
generation 401
0x563b7509c7f0
0x563b75123390
0x563b7509c7f0
0x563b75123390
generation 402
0x563b7509c7f0
0x563b75123390
0x563b7509cf30
0x563b7509c7f0
0x563b75123390
0x563b7509cf30
generation 403
0x563b7509c7f0
0x563b75123390
0x563b7509cf30
0x563b7509c7f0
0x563b75123390
0x563b7509cf30
generation 404
0x563b7509c7f0
0x563b75123390
0x563b7509c7f0
0x563b75123390
generation 405
0x563b7509c7f0
0x563b75123390
0x563b7509c7f0
0x563b75123390
generation 406
0x563b7509c7f0
0x563b75123390
0x563b7509c7f0
0x563b75123390
generation 407
0x563b7509c7f0
0x563b75123390
0x563b7509c7f0
0x563b75123390
generation 408
0x563b7509c7f0
0x563b75123390
0x563b7509c7f0
0x563b75123390
generation 409
0x563b7509c7f0
0x563b75123390
0x563b7509cf30
0x563b7509c7f0
0x563b75123390
0x563b7509cf30
generation 410
0x563b7509c7f0
0x563b75123390
0x563b7509cf30
0x563b7509c7f0
0x563b75123390
0x563b7509cf30
generation 411
0x563b7509c7f0
0x563b75123390
0x563b7509cf30
0x563b7509c7f0
0x563b75123390
0x563b7509cf30
generation 412
0x563b7509c7f0
0x563b75123390
0x563b7509cf30
0x563b7509c7f0
0x563b75123390
0x563b7509cf30
generation 413
0x563b7509c7f0
0x563b75123390
0x563b7509cf30
0x563b7509c7f0
0x563b75123390
0x563b7509cf30
generation 414
0x563b7509c7f0
0x563b75123390
0x563b7509cf30
0x563b7509c7f0
0x563b75123390
0x563b7509cf30
generation 415
0x563b7509c7f0
0x563b75123390
0x563b7509cf30
0x563b7509c7f0
0x563b75123390
0x563b7509cf30
generation 416
0x563b7509c7f0
0x563b75123390
0x563b7509cf30
0x563b7509cee0
0x563b7509c7f0
0x563b75123390
0x563b7509cf30
0x563b7509cee0
generation 417
0x563b7509c7f0
0x563b75123390
0x563b7509cf30
0x563b7509cee0
0x563b750a6ba0
0x563b7509c7f0
0x563b75123390
0x563b7509cf30
0x563b7509cee0
0x563b750a6ba0
generation 418
0x563b7509c7f0
0x563b75123390
0x563b7509cf30
0x563b7509cee0
0x563b750a6ba0
0x563b7509c7f0
0x563b75123390
0x563b7509cf30
0x563b7509cee0
0x563b750a6ba0
generation 419
0x563b7509c7f0
0x563b75123390
0x563b7509cf30
0x563b750a6ba0
0x563b7509c7f0
0x563b75123390
0x563b7509cf30
0x563b750a6ba0
generation 420
0x563b7509c7f0
0x563b75123390
0x563b7509cf30
0x563b7509c7f0
0x563b75123390
0x563b7509cf30
generation 421
0x563b7509c7f0
0x563b75123390
0x563b7509cf30
0x563b7509c7f0
0x563b75123390
0x563b7509cf30
generation 422
0x563b7509c7f0
0x563b75123390
0x563b7509cf30
0x563b7509c7f0
0x563b75123390
0x563b7509cf30
generation 423
0x563b7509c7f0
0x563b75123390
0x563b7509cf30
0x563b7509c7f0
0x563b75123390
0x563b7509cf30
generation 424
0x563b7509c7f0
0x563b75123390
0x563b7509cf30
0x563b7509c7f0
0x563b75123390
0x563b7509cf30
generation 425
0x563b7509c7f0
0x563b75123390
0x563b7509cf30
0x563b7509c7f0
0x563b75123390
0x563b7509cf30
generation 426
0x563b7509c7f0
0x563b75123390
0x563b7509cf30
0x563b750a6ba0
0x563b7509c7f0
0x563b75123390
0x563b7509cf30
0x563b750a6ba0
generation 427
0x563b7509c7f0
0x563b75123390
0x563b7509cf30
0x563b7509c7f0
0x563b75123390
0x563b7509cf30
generation 428
0x563b7509c7f0
0x563b75123390
0x563b7509cf30
0x563b7509c7f0
0x563b75123390
0x563b7509cf30
generation 429
0x563b7509c7f0
0x563b75123390
0x563b7509c7f0
0x563b75123390
generation 430
0x563b7509c7f0
0x563b75123390
0x563b7509c7f0
0x563b75123390
generation 431
0x563b7509c7f0
0x563b75123390
0x563b7509c7f0
0x563b75123390
generation 432
0x563b7509c7f0
0x563b75123390
0x563b7509cf30
0x563b7509c7f0
0x563b75123390
0x563b7509cf30
generation 433
0x563b7509c7f0
0x563b75123390
0x563b7509cf30
0x563b7509c7f0
0x563b75123390
0x563b7509cf30
generation 434
0x563b7509c7f0
0x563b75123390
0x563b7509cf30
0x563b7509c7f0
0x563b75123390
0x563b7509cf30
generation 435
0x563b7509c7f0
0x563b75123390
0x563b7509cf30
0x563b7509c7f0
0x563b75123390
0x563b7509cf30
generation 436
0x563b7509c7f0
0x563b75123390
0x563b7509c7f0
0x563b75123390
generation 437
0x563b7509c7f0
0x563b75123390
0x563b7509c7f0
0x563b75123390
generation 438
0x563b7509c7f0
0x563b75123390
0x563b7509c7f0
0x563b75123390
generation 439
0x563b7509c7f0
0x563b75123390
0x563b7509c7f0
0x563b75123390
generation 440
0x563b7509c7f0
0x563b75123390
0x563b7509c7f0
0x563b75123390
generation 441
0x563b7509c7f0
0x563b75123390
0x563b7509cf30
0x563b7509c7f0
0x563b75123390
0x563b7509cf30
generation 442
0x563b7509c7f0
0x563b75123390
0x563b7509cf30
0x563b7509c7f0
0x563b75123390
0x563b7509cf30
generation 443
0x563b7509c7f0
0x563b75123390
0x563b7509cf30
0x563b7509c7f0
0x563b75123390
0x563b7509cf30
generation 444
0x563b7509c7f0
0x563b75123390
0x563b7509cf30
0x563b750a6ba0
0x563b7509c7f0
0x563b75123390
0x563b7509cf30
0x563b750a6ba0
generation 445
0x563b7509c7f0
0x563b75123390
0x563b7509cf30
0x563b750a6ba0
0x563b7509c7f0
0x563b75123390
0x563b7509cf30
0x563b750a6ba0
generation 446
0x563b7509c7f0
0x563b75123390
0x563b7509cf30
0x563b750a6ba0
0x563b7509c7f0
0x563b75123390
0x563b7509cf30
0x563b750a6ba0
generation 447
0x563b7509c7f0
0x563b75123390
0x563b750a6ba0
0x563b7509c7f0
0x563b75123390
0x563b750a6ba0
generation 448
0x563b7509c7f0
0x563b75123390
0x563b750a6ba0
0x563b7509c7f0
0x563b75123390
0x563b750a6ba0
generation 449
0x563b7509c7f0
0x563b75123390
0x563b750a6ba0
0x563b7509c7f0
0x563b75123390
0x563b750a6ba0
generation 450
0x563b7509c7f0
0x563b75123390
0x563b750a6ba0
0x563b7509c7f0
0x563b75123390
0x563b750a6ba0
generation 451
0x563b7509c7f0
0x563b75123390
0x563b750a6ba0
0x563b7509c7f0
0x563b75123390
0x563b750a6ba0
generation 452
0x563b7509c7f0
0x563b75123390
0x563b750a6ba0
0x563b7509c7f0
0x563b75123390
0x563b750a6ba0
generation 453
0x563b7509c7f0
0x563b75123390
0x563b750a6ba0
0x563b7509c7f0
0x563b75123390
0x563b750a6ba0
generation 454
0x563b7509c7f0
0x563b75123390
0x563b750a6ba0
0x563b7509cf30
0x563b7509c7f0
0x563b75123390
0x563b750a6ba0
0x563b7509cf30
generation 455
0x563b7509c7f0
0x563b75123390
0x563b750a6ba0
0x563b7509c7f0
0x563b75123390
0x563b750a6ba0
generation 456
0x563b7509c7f0
0x563b75123390
0x563b750a6ba0
0x563b7509c7f0
0x563b75123390
0x563b750a6ba0
generation 457
0x563b7509c7f0
0x563b75123390
0x563b750a6ba0
0x563b7509c7f0
0x563b75123390
0x563b750a6ba0
generation 458
0x563b7509c7f0
0x563b75123390
0x563b750a6ba0
0x563b7509c7f0
0x563b75123390
0x563b750a6ba0
generation 459
0x563b7509c7f0
0x563b75123390
0x563b750a6ba0
0x563b7509c7f0
0x563b75123390
0x563b750a6ba0
generation 460
0x563b7509c7f0
0x563b75123390
0x563b750a6ba0
0x563b7509c7f0
0x563b75123390
0x563b750a6ba0
generation 461
0x563b7509c7f0
0x563b75123390
0x563b750a6ba0
0x563b7509c7f0
0x563b75123390
0x563b750a6ba0
generation 462
0x563b7509c7f0
0x563b75123390
0x563b750a6ba0
0x563b7509c7f0
0x563b75123390
0x563b750a6ba0
generation 463
0x563b7509c7f0
0x563b75123390
0x563b750a6ba0
0x563b7509c7f0
0x563b75123390
0x563b750a6ba0
generation 464
0x563b7509c7f0
0x563b75123390
0x563b750a6ba0
0x563b7509c7f0
0x563b75123390
0x563b750a6ba0
generation 465
0x563b7509c7f0
0x563b75123390
0x563b750a6ba0
0x563b7509cf30
0x563b7509c7f0
0x563b75123390
0x563b750a6ba0
0x563b7509cf30
generation 466
0x563b7509c7f0
0x563b75123390
0x563b750a6ba0
0x563b7509c7f0
0x563b75123390
0x563b750a6ba0
generation 467
0x563b7509c7f0
0x563b75123390
0x563b750a6ba0
0x563b7509c7f0
0x563b75123390
0x563b750a6ba0
generation 468
0x563b7509c7f0
0x563b75123390
0x563b750a6ba0
0x563b7509c7f0
0x563b75123390
0x563b750a6ba0
generation 469
0x563b7509c7f0
0x563b75123390
0x563b750a6ba0
0x563b7509cf30
0x563b7509c7f0
0x563b75123390
0x563b750a6ba0
0x563b7509cf30
generation 470
0x563b7509c7f0
0x563b75123390
0x563b750a6ba0
0x563b7509c7f0
0x563b75123390
0x563b750a6ba0
generation 471
0x563b7509c7f0
0x563b75123390
0x563b750a6ba0
0x563b7509c7f0
0x563b75123390
0x563b750a6ba0
generation 472
0x563b7509c7f0
0x563b75123390
0x563b750a6ba0
0x563b7509c7f0
0x563b75123390
0x563b750a6ba0
generation 473
0x563b7509c7f0
0x563b75123390
0x563b750a6ba0
0x563b7509c7f0
0x563b75123390
0x563b750a6ba0
generation 474
0x563b7509c7f0
0x563b75123390
0x563b750a6ba0
0x563b7509c7f0
0x563b75123390
0x563b750a6ba0
generation 475
0x563b7509c7f0
0x563b75123390
0x563b750a6ba0
0x563b7509c7f0
0x563b75123390
0x563b750a6ba0
generation 476
0x563b7509c7f0
0x563b75123390
0x563b750a6ba0
0x563b7509c7f0
0x563b75123390
0x563b750a6ba0
generation 477
0x563b7509c7f0
0x563b75123390
0x563b750a6ba0
0x563b7509c7f0
0x563b75123390
0x563b750a6ba0
generation 478
0x563b7509c7f0
0x563b75123390
0x563b750a6ba0
0x563b7509c7f0
0x563b75123390
0x563b750a6ba0
generation 479
0x563b7509c7f0
0x563b75123390
0x563b750a6ba0
0x563b7509c7f0
0x563b75123390
0x563b750a6ba0
generation 480
0x563b7509c7f0
0x563b75123390
0x563b750a6ba0
0x563b7509c7f0
0x563b75123390
0x563b750a6ba0
generation 481
0x563b7509c7f0
0x563b75123390
0x563b750a6ba0
0x563b7509c7f0
0x563b75123390
0x563b750a6ba0
generation 482
0x563b7509c7f0
0x563b75123390
0x563b750a6ba0
0x563b7509c7f0
0x563b75123390
0x563b750a6ba0
generation 483
0x563b7509c7f0
0x563b75123390
0x563b750a6ba0
0x563b7509c7f0
0x563b75123390
0x563b750a6ba0
generation 484
0x563b7509c7f0
0x563b75123390
0x563b750a6ba0
0x563b7509c7f0
0x563b75123390
0x563b750a6ba0
generation 485
0x563b7509c7f0
0x563b75123390
0x563b750a6ba0
0x563b7509c7f0
0x563b75123390
0x563b750a6ba0
generation 486
0x563b7509c7f0
0x563b75123390
0x563b750a6ba0
0x563b7509c7f0
0x563b75123390
0x563b750a6ba0
generation 487
0x563b7509c7f0
0x563b75123390
0x563b750a6ba0
0x563b7509c7f0
0x563b75123390
0x563b750a6ba0
generation 488
0x563b7509c7f0
0x563b75123390
0x563b750a6ba0
0x563b7509c7f0
0x563b75123390
0x563b750a6ba0
generation 489
0x563b7509c7f0
0x563b75123390
0x563b750a6ba0
0x563b7509c7f0
0x563b75123390
0x563b750a6ba0
generation 490
0x563b7509c7f0
0x563b75123390
0x563b750a6ba0
0x563b7509c7f0
0x563b75123390
0x563b750a6ba0
generation 491
0x563b7509c7f0
0x563b75123390
0x563b750a6ba0
0x563b7509c7f0
0x563b75123390
0x563b750a6ba0
generation 492
0x563b7509c7f0
0x563b75123390
0x563b750a6ba0
0x563b7509c7f0
0x563b75123390
0x563b750a6ba0
generation 493
0x563b7509c7f0
0x563b75123390
0x563b750a6ba0
0x563b7509c7f0
0x563b75123390
0x563b750a6ba0
generation 494
0x563b7509c7f0
0x563b75123390
0x563b750a6ba0
0x563b7509c7f0
0x563b75123390
0x563b750a6ba0
generation 495
0x563b7509c7f0
0x563b75123390
0x563b750a6ba0
0x563b7509c7f0
0x563b75123390
0x563b750a6ba0
generation 496
0x563b7509c7f0
0x563b75123390
0x563b750a6ba0
0x563b7509c7f0
0x563b75123390
0x563b750a6ba0
generation 497
0x563b7509c7f0
0x563b75123390
0x563b750a6ba0
0x563b7509c7f0
0x563b75123390
0x563b750a6ba0
generation 498
0x563b7509c7f0
0x563b75123390
0x563b750a6ba0
0x563b7509c7f0
0x563b75123390
0x563b750a6ba0
generation 499
0x563b7509c7f0
0x563b75123390
0x563b750a6ba0
0x563b7509cf30
0x563b7509cee0
0x563b7509c7f0
0x563b75123390
0x563b750a6ba0
0x563b7509cf30
0x563b7509cee0
generation 500
0x563b7509c7f0
0x563b75123390
0x563b750a6ba0
0x563b7509cee0
0x563b7509c7f0
0x563b75123390
0x563b750a6ba0
0x563b7509cee0
generation 501
0x563b7509c7f0
0x563b75123390
0x563b750a6ba0
0x563b7509cee0
0x563b7509c7f0
0x563b75123390
0x563b750a6ba0
0x563b7509cee0
generation 502
0x563b7509c7f0
0x563b75123390
0x563b750a6ba0
0x563b7509c7f0
0x563b75123390
0x563b750a6ba0
generation 503
0x563b7509c7f0
0x563b75123390
0x563b750a6ba0
0x563b7509c7f0
0x563b75123390
0x563b750a6ba0
generation 504
0x563b7509c7f0
0x563b75123390
0x563b750a6ba0
0x563b7509c7f0
0x563b75123390
0x563b750a6ba0
generation 505
0x563b7509c7f0
0x563b75123390
0x563b750a6ba0
0x563b7509c7f0
0x563b75123390
0x563b750a6ba0
generation 506
0x563b7509c7f0
0x563b75123390
0x563b750a6ba0
0x563b7509c7f0
0x563b75123390
0x563b750a6ba0
generation 507
0x563b7509c7f0
0x563b75123390
0x563b750a6ba0
0x563b7509c7f0
0x563b75123390
0x563b750a6ba0
generation 508
0x563b7509c7f0
0x563b75123390
0x563b750a6ba0
0x563b7509c7f0
0x563b75123390
0x563b750a6ba0
generation 509
0x563b7509c7f0
0x563b75123390
0x563b750a6ba0
0x563b7509c7f0
0x563b75123390
0x563b750a6ba0
generation 510
0x563b7509c7f0
0x563b75123390
0x563b750a6ba0
0x563b7509c7f0
0x563b75123390
0x563b750a6ba0
generation 511
0x563b7509c7f0
0x563b75123390
0x563b750a6ba0
0x563b7509c7f0
0x563b75123390
0x563b750a6ba0
generation 512
0x563b7509c7f0
0x563b75123390
0x563b750a6ba0
0x563b7509c7f0
0x563b75123390
0x563b750a6ba0
generation 513
0x563b7509c7f0
0x563b75123390
0x563b750a6ba0
0x563b7509cee0
0x563b7509c7f0
0x563b75123390
0x563b750a6ba0
0x563b7509cee0
generation 514
0x563b7509c7f0
0x563b75123390
0x563b750a6ba0
0x563b7509cee0
0x563b7509c7f0
0x563b75123390
0x563b750a6ba0
0x563b7509cee0
generation 515
0x563b7509c7f0
0x563b75123390
0x563b750a6ba0
0x563b7509cee0
0x563b7509c7f0
0x563b75123390
0x563b750a6ba0
0x563b7509cee0
generation 516
0x563b7509c7f0
0x563b75123390
0x563b750a6ba0
0x563b7509cee0
0x563b7509c7f0
0x563b75123390
0x563b750a6ba0
0x563b7509cee0
generation 517
0x563b7509c7f0
0x563b75123390
0x563b750a6ba0
0x563b7509c7f0
0x563b75123390
0x563b750a6ba0
generation 518
0x563b7509c7f0
0x563b75123390
0x563b750a6ba0
0x563b7509c7f0
0x563b75123390
0x563b750a6ba0
generation 519
0x563b7509c7f0
0x563b75123390
0x563b750a6ba0
0x563b7509c7f0
0x563b75123390
0x563b750a6ba0
generation 520
0x563b7509c7f0
0x563b75123390
0x563b750a6ba0
0x563b7509c7f0
0x563b75123390
0x563b750a6ba0
generation 521
0x563b7509c7f0
0x563b75123390
0x563b750a6ba0
0x563b7509c7f0
0x563b75123390
0x563b750a6ba0
generation 522
0x563b7509c7f0
0x563b75123390
0x563b750a6ba0
