Generation number	Total number of allele	Diversity	Activity	Time	Fertility rate	2 DSB on one site rate	No DSB rate	No symmetrical sites (binding + DSB) rate	q
0	2	1.001	1	2.17642	0.991572	0	0.000991572	0.00743679	0.787548
10	2	1.001	1	2.14274	0.991572	0	0.00148736	0.006941	0.791472
20	1	1	1	2.11393	0.99108	0	0.00346878	0.00545094	0.787595
30	2	1.00301	1	2.08876	0.991572	0	0.00148736	0.006941	0.789466
40	3	1.02022	1	2.1328	0.993049	0	0.000496524	0.00645482	0.786351
50	2	1.02123	1	2.12978	0.992556	0	0.00347395	0.00397022	0.7887
60	2	1.03874	1	2.07756	0.993542	0	0.000993542	0.00546448	0.784495
70	2	1.01614	1	2.14711	0.987654	0	0.00197531	0.0103704	0.790595
80	3	1.01108	1	2.10315	0.99108	0	0.00198216	0.00693756	0.782719
90	2	1.00703	1	2.1124	0.99108	0	0.00099108	0.00792864	0.791547
100	2	1.001	1	2.09721	0.989609	0	0.00395844	0.00643246	0.787456
110	2	1.01919	1	2.25054	0.989609	0	0.00296883	0.00742207	0.788445
120	3	1.02433	1	2.11858	0.994036	0	0.00198807	0.00397614	0.77913
130	3	1.01615	1	2.09509	0.989609	0	0.00395844	0.00643246	0.77827
140	3	1.01614	1	2.25717	0.987654	0	0.00444444	0.00790123	0.790326
150	3	1.03358	1	2.15693	0.99108	0	0.00148662	0.0074331	0.782411
160	2	1.03978	1	2.17904	0.991572	0	0.00297471	0.00545364	0.7806
170	2	1.06183	1	2.21669	0.988631	0	0.00247158	0.00889768	0.783904
180	4	1.0726	1	2.34193	0.990589	0	0.00297177	0.00643883	0.790114
190	2	1.07462	1	1.88361	0.991572	0	0.00297471	0.00545364	0.788854
200	4	1.04403	1	2.21019	0.99108	0	0.00198216	0.00693756	0.77841
210	3	1.03986	1	2.17467	0.990099	0	0.0019802	0.00792079	0.781921
220	4	1.0347	1	2.28947	0.993049	0	0.00297915	0.00397219	0.790125
230	2	1.03563	1	2.28387	0.99108	0	0.00099108	0.00792864	0.787082
240	2	1.04395	1	2.11812	0.992556	0	0.00248139	0.00496278	0.779347
250	3	1.05763	1	2.29966	0.990099	0	0.0019802	0.00792079	0.780564
260	3	1.07582	1	2.35302	0.99108	0	0.00198216	0.00693756	0.788937
270	3	1.09018	1	2.22073	0.993542	0	0.000496771	0.00596125	0.781741
280	3	1.05562	1	2.29198	0.992063	0	0.00198413	0.00595238	0.795016
290	3	1.08332	1	2.20522	0.992063	0	0.000992063	0.00694444	0.780523
300	3	1.1238	1	2.31118	0.98912	0	0.0024728	0.00840752	0.783429
310	4	1.10991	1	2.32428	0.995025	0	0.000497512	0.00447761	0.784587
320	3	1.16264	1	2.49443	0.989609	0	0.00346363	0.00692726	0.783905
330	4	1.11776	1	2.34623	0.98912	0	0.00197824	0.00890208	0.785997
340	3	1.07976	1	2.24088	0.990099	0	0.0029703	0.00693069	0.78477
350	3	1.0295	1	2.12855	0.990099	0	0.00247525	0.00742574	0.78702
360	6	1.04004	1	2.16264	0.990589	0	0.00198118	0.00742942	0.787652
370	4	1.03475	1	2.17659	0.990099	0	0.00247525	0.00742574	0.787513
380	4	1.0379	1	2.18337	0.991572	0	0.00198314	0.00644522	0.789588
390	5	1.07323	1	2.22635	0.994036	0	0.00149105	0.00447316	0.789258
400	3	1.03681	1	2.16125	0.993542	0	0.000496771	0.00596125	0.789112
410	3	1.01311	1	2.10881	0.992556	0	0.00397022	0.00347395	0.786952
420	3	1.01006	1	2.07221	0.992556	0	0.00248139	0.00496278	0.779304
430	2	1.00401	1	2.12612	0.992556	0	0.00198511	0.00545906	0.789129
440	1	1	1	2.10589	0.991572	0	0.000991572	0.00743679	0.784051
450	2	1.001	1	2.12049	0.987167	0	0.00197433	0.0108588	0.779213
460	2	1.001	1	2.0988	0.992063	0	0.00297619	0.00496032	0.783537
470	1	1	1	2.10041	0.992063	0	0.00198413	0.00595238	0.783545
480	1	1	1	2.09496	0.992556	0	0.00148883	0.00595533	0.787915
490	2	1.001	1	2.22234	0.993542	0	0.00198708	0.00447094	0.779515
500	2	1.00502	1	2.19202	0.98912	0	0.00445104	0.00642928	0.785729
510	2	1.00502	1	2.12687	0.988142	0	0.00444664	0.00741107	0.781712
520	3	1.02022	1	2.14473	0.99108	0	0.00148662	0.0074331	0.790066
530	3	1.02022	1	2.17325	0.992063	0	0.0014881	0.00644841	0.788628
540	2	1.00502	1	2.20478	0.989609	0	0.00247402	0.00791687	0.783144
550	2	1.00905	1	2.0903	0.992556	0	0.00297767	0.0044665	0.784173
560	4	1.01109	1	2.09924	0.99108	0	0.00297324	0.00594648	0.786907
570	5	1.00805	1	2.06937	0.98668	0	0.00690676	0.00641342	0.782241
580	2	1.02225	1	2.06671	0.989609	0	0.00247402	0.00791687	0.790969
590	5	1.03481	1	2.24933	0.993542	0	0.00149031	0.00496771	0.789841
600	7	1.02649	1	2.14303	0.990099	0	0.000990099	0.00891089	0.78727
610	3	1.02024	1	2.10008	0.993049	0	0.0019861	0.00496524	0.787257
620	4	1.01311	1	2.2246	0.994036	0	0.00248509	0.00347913	0.786283
630	3	1.00602	1	2.15029	0.990099	0	0.0039604	0.00594059	0.789473
640	4	1.00704	1	2.09888	0.99453	0	0.00198906	0.00348086	0.792429
650	1	1	1	2.18002	0.992556	0	0.00248139	0.00496278	0.787369
660	1	1	1	2.11698	0.990589	0	0.00247647	0.00693413	0.78893
670	2	1.00301	1	2.07625	0.989609	0	0.00197922	0.00841168	0.783433
680	3	1.01514	1	2.21571	0.993542	0	0.00248385	0.00397417	0.791105
690	3	1.00905	1	2.1225	0.992063	0	0.000992063	0.00694444	0.783523
700	3	1.01413	1	2.19651	0.99108	0	0.00148662	0.0074331	0.781387
710	4	1.00906	1	2.30792	0.991572	0	0.00247893	0.00594943	0.784114
720	3	1.00401	1	2.16301	0.986193	0	0.00295858	0.0108481	0.788215
730	3	1.002	1	2.16046	0.990589	0	0.00247647	0.00693413	0.783509
740	2	1.001	1	2.19512	0.987654	0	0.00395062	0.00839506	0.789262
750	2	1.01208	1	2.1597	0.990589	0	0.00247647	0.00693413	0.785549
760	2	1.00804	1	2.20891	0.992063	0	0.00198413	0.00595238	0.793119
770	2	1.002	0.999998	2.16435	0.992556	0	0.000992556	0.00645161	0.789958
780	1	1	1	2.10004	0.993049	0	0.00297915	0.00397219	0.789803
790	2	1.001	1	2.17664	0.993049	0	0.00148957	0.00546177	0.781501
800	2	1.002	1	2.31317	0.989609	0	0.00247402	0.00791687	0.792265
810	1	1	1	2.1162	0.99108	0	0.00346878	0.00545094	0.796221
820	1	1	1	2.19251	0.993049	0	0.000496524	0.00645482	0.785621
830	2	1.001	1	2.16141	0.992556	0	0.00248139	0.00496278	0.780102
840	2	1.001	1	2.16386	0.994036	0	0.000994036	0.00497018	0.789478
850	1	1	1	2.13733	0.990589	0	0.000990589	0.00842001	0.785225
860	1	1	1	2.17558	0.992063	0	0.00248016	0.00545635	0.792497
870	2	1.00301	1	2.15127	0.990099	0	0.00346535	0.00643564	0.786522
880	1	1	1	2.25835	0.993542	0	0.00198708	0.00447094	0.787066
890	2	1.01208	1	2.22388	0.992556	0	0.000992556	0.00645161	0.782011
900	2	1.01411	1	2.18321	0.990589	0	0.000990589	0.00842001	0.784434
910	2	1.00905	1	2.22196	0.992556	0	0.00248139	0.00496278	0.783506
920	3	1.00703	1	2.09067	0.991572	0	0.00148736	0.006941	0.791304
930	2	1.00703	1	2.21907	0.994036	0	0.00198807	0.00397614	0.786289
940	3	1.01209	1	2.19965	0.992063	0	0.00248016	0.00545635	0.786732
950	2	1.001	1	2.15616	0.992063	0	0.00248016	0.00545635	0.787768
960	1	1	1	2.30697	0.98912	0	0.00346192	0.0074184	0.797135
970	2	1.001	1	2.36535	0.990589	0	0.00297177	0.00643883	0.783157
980	1	1	1	2.14334	0.991572	0	0.00247893	0.00594943	0.790891
990	1	1	1	2.17771	0.988631	0	0.00494315	0.0064261	0.787681
1000	2	1.001	1	2.1	0.990589	0	0.00346706	0.00594354	0.787707
1010	2	1.002	1	2.09658	0.99108	0	0.00346878	0.00545094	0.787209
1020	3	1.00301	1	2.17903	0.989609	0	0.00346363	0.00692726	0.778378
1030	1	1	1	2.15708	0.990099	0	0.00247525	0.00742574	0.780223
1040	3	1.0121	1	2.31617	0.988142	0	0.00395257	0.00790514	0.788807
1050	3	1.01821	1	2.22838	0.987654	0	0.00395062	0.00839506	0.793309
1060	3	1.00703	1	2.18491	0.990099	0	0.0029703	0.00693069	0.781236
1070	2	1.01006	1	2.18174	0.989609	0	0.00148441	0.00890648	0.77777
1080	2	1.02225	1	2.18619	0.989609	0	0.00247402	0.00791687	0.796727
1090	2	1.00905	1	2.1709	0.990099	0	0.00148515	0.00841584	0.788427
1100	2	1.00502	1	2.14945	0.993049	0	0.00347567	0.00347567	0.787611
1110	1	1	1	2.20806	0.991572	0	0.000991572	0.00743679	0.784476
1120	1	1	1	2.13281	0.992063	0	0.00198413	0.00595238	0.778145
1130	1	1	1	2.15985	0.989609	0	0.00247402	0.00791687	0.78213
1140	1	1	1	2.1665	0.990589	0	0.000990589	0.00842001	0.783099
1150	2	1.00301	1	2.17968	0.988631	0	0.00346021	0.00790905	0.777324
1160	2	1.01107	1	2.44167	0.989609	0	0.00296883	0.00742207	0.788236
1170	3	1.02847	1	2.21434	0.993542	0	0.000496771	0.00596125	0.784588
1180	4	1.03373	1	2.19753	0.987167	0	0.00394867	0.0088845	0.793542
1190	4	1.01617	1	2.23252	0.987167	0	0.00444225	0.00839092	0.786353
1200	3	1.01514	1	2.21168	0.992063	0	0.00198413	0.00595238	0.784625
1210	2	1.00401	1	2.18788	0.988631	0	0.00346021	0.00790905	0.791035
1220	2	1.00502	1	2.29977	0.989609	0	0.00197922	0.00841168	0.782049
1230	1	1	1	2.27963	0.99108	0	0.00198216	0.00693756	0.786072
1240	2	1.002	1	2.15044	0.994036	0	0.00198807	0.00397614	0.781699
1250	1	1	1	2.16151	0.98668	0	0.00148002	0.0118402	0.791361
1260	1	1	1	2.16077	0.991572	0	0.00198314	0.00644522	0.793309
1270	2	1.002	1	2.1124	0.988631	0	0.00494315	0.0064261	0.782577
1280	2	1.01614	1	2.31707	0.993049	0	0.00297915	0.00397219	0.787251
1290	2	1.02225	1	2.31938	0.989609	0	0.00197922	0.00841168	0.782284
1300	3	1.01923	1	2.11091	0.992063	0	0.000992063	0.00694444	0.784337
1310	4	1.03896	1	2.20098	0.99108	0	0.00346878	0.00545094	0.784265
1320	3	1.02955	1	2.24278	0.990099	0	0.00247525	0.00742574	0.782618
1330	3	1.02024	1	2.16272	0.993049	0	0.0019861	0.00496524	0.787106
1340	5	1.01007	1	2.18589	0.987654	0	0.00246914	0.00987654	0.780956
1350	3	1.01311	1	2.28151	0.986193	0	0.00246548	0.0113412	0.780127
1360	2	1.02021	1	2.20236	0.990099	0	0.0029703	0.00693069	0.782564
1370	2	1.03563	1	2.24451	0.992556	0	0.00198511	0.00545906	0.785853
1380	2	1.03356	1	2.24216	0.992063	0	0.000992063	0.00694444	0.785728
1390	3	1.03151	1	2.23489	0.988142	0	0.00444664	0.00741107	0.788622
1400	2	1.02328	1	2.26797	0.991572	0	0.0034705	0.00495786	0.790295
1410	3	1.03574	1	2.2122	0.991572	0	0.00297471	0.00545364	0.789755
1420	3	1.02636	1	2.26344	0.992063	0	0.000992063	0.00694444	0.782071
1430	2	1.05022	1	2.24811	0.993049	0	0.00297915	0.00397219	0.783861
1440	2	1.10943	1	2.38235	0.99108	0	0.00198216	0.00693756	0.784882
1450	2	1.10283	1	2.30163	0.99108	0	0.0024777	0.00644202	0.787817
1460	3	1.11281	1	2.32664	0.993542	0	0.00149031	0.00496771	0.785714
1470	4	1.15356	1	2.37766	0.993542	0	0.000993542	0.00546448	0.789949
1480	2	1.17039	1	2.37405	0.992063	0	0.00347222	0.00446429	0.790516
1490	2	1.14863	1	2.46215	0.992556	0	0.00198511	0.00545906	0.783394
1500	3	1.19414	1	2.54447	0.98668	0	0.00296004	0.0103601	0.791055
1510	2	1.13506	1	2.42575	0.990099	0	0.0019802	0.00792079	0.782123
1520	3	1.13402	1	2.40069	0.990099	0	0.0019802	0.00792079	0.789367
1530	2	1.1727	1	2.57011	0.992063	0	0.00297619	0.00496032	0.789943
1540	2	1.17155	1	2.57267	0.990099	0	0.0029703	0.00693069	0.783516
1550	4	1.20134	1	2.47445	0.994036	0	0.00149105	0.00447316	0.788935
1560	3	1.18804	1	2.52596	0.99108	0	0.00148662	0.0074331	0.786665
1570	3	1.16704	1	2.4287	0.98668	0	0.0024667	0.0108535	0.790921
1580	3	1.12617	1	2.39747	0.990589	0	0.00297177	0.00643883	0.786511
1590	3	1.12659	1	2.38303	0.990099	0	0.0039604	0.00594059	0.785343
1600	4	1.11436	1	2.3194	0.99108	0	0.00297324	0.00594648	0.791528
1610	4	1.10145	1	2.40116	0.995025	0	0.00149254	0.00348259	0.780168
1620	3	1.11961	1	2.33654	0.989609	0	0.00296883	0.00742207	0.784925
1630	4	1.17342	0.999993	2.49383	0.99552	0	0	0.00447984	0.791192
1640	3	1.16674	0.999995	2.36296	0.994036	0	0.00298211	0.00298211	0.78703
1650	4	1.1744	1	2.42322	0.989609	0	0.00247402	0.00791687	0.78195
1660	3	1.17762	1	2.56937	0.988631	0	0.00197726	0.00939199	0.795401
1670	3	1.14285	1	2.45189	0.990589	0	0.00346706	0.00594354	0.779593
1680	3	1.11757	1	2.30226	0.994036	0	0.00248509	0.00347913	0.784113
1690	3	1.08832	1	2.36585	0.99108	0	0.00099108	0.00792864	0.781457
1700	3	1.10528	1	2.34365	0.991572	0	0.00297471	0.00545364	0.783538
1710	6	1.07322	1	2.30142	0.990589	0	0.000990589	0.00842001	0.790704
1720	6	1.09815	0.999999	2.27833	0.991572	0	0.00297471	0.00545364	0.795561
1730	2	1.06501	0.999999	2.35901	0.993542	0	0.000993542	0.00546448	0.789104
1740	3	1.06201	0.999999	2.27366	0.989609	0	0.00197922	0.00841168	0.783512
1750	3	1.08361	0.999998	2.44731	0.993542	0	0.00149031	0.00496771	0.78072
1760	3	1.09602	0.999999	2.325	0.99108	0	0.00346878	0.00545094	0.790289
1770	3	1.09574	0.999999	2.34694	0.988142	0	0.00148221	0.0103755	0.781936
1780	3	1.2657	0.999995	2.54786	0.990589	0	0.00247647	0.00693413	0.78818
1790	4	1.27104	0.999992	2.59247	0.988631	0	0.00395452	0.00741473	0.78647
1800	5	1.14804	0.999992	2.39945	0.993049	0	0.0019861	0.00496524	0.774209
1810	4	1.07718	0.999996	2.35107	0.990589	0	0.00148588	0.00792472	0.781907
1820	4	1.04099	0.999999	2.22417	0.993542	0	0.000993542	0.00546448	0.784122
1830	4	1.04311	1	2.28486	0.99108	0	0.00148662	0.0074331	0.791266
1840	3	1.03367	0.999999	2.34094	0.993049	0	0.00297915	0.00397219	0.786011
1850	4	1.05154	0.999998	2.30206	0.988631	0	0.00346021	0.00790905	0.790351
1860	4	1.0526	0.999997	2.28203	0.992556	0	0.00297767	0.0044665	0.780669
1870	3	1.0368	0.999998	2.26102	0.990589	0	0.00247647	0.00693413	0.79164
1880	4	1.06552	0.999998	2.27817	0.991572	0	0.0034705	0.00495786	0.785352
1890	4	1.08313	0.999998	2.35718	0.990589	0	0.00247647	0.00693413	0.784247
1900	5	1.11888	0.999996	2.35727	0.98912	0	0.0024728	0.00840752	0.783045
1910	4	1.19592	0.99999	2.48002	0.98912	0	0.00296736	0.00791296	0.789664
1920	5	1.14459	0.999992	2.40575	0.98912	0	0.00197824	0.00890208	0.780598
1930	5	1.09203	0.999996	2.32519	0.991572	0	0.00198314	0.00644522	0.786001
1940	7	1.14677	0.999997	2.4061	0.991572	0	0.000495786	0.00793257	0.782708
1950	8	1.159	0.999998	2.55005	0.992063	0	0.0014881	0.00644841	0.7814
1960	7	1.23711	1	2.83809	0.988142	0	0.0034585	0.00839921	0.78042
1970	5	1.1727	1	2.42563	0.991572	0	0.000991572	0.00743679	0.778076
1980	5	1.11227	1	2.28215	0.99108	0	0.00346878	0.00545094	0.781101
1990	5	1.09651	1	2.35159	0.98912	0	0.00148368	0.00939664	0.797264
2000	4	1.07111	1	2.25868	0.992063	0	0.00297619	0.00496032	0.783058
2010	4	1.07313	1	2.43261	0.991572	0	0.00198314	0.00644522	0.788303
2020	4	1.0591	1	2.31471	0.990589	0	0.00148588	0.00792472	0.784203
2030	3	1.02955	1	2.22151	0.988631	0	0.000494315	0.0108749	0.783852
2040	4	1.04212	1	2.2619	0.98912	0	0.0049456	0.00593472	0.790226
2050	3	1.04102	1	2.25506	0.98912	0	0.00395648	0.00692384	0.785751
2060	4	1.03685	1	2.21454	0.994036	0	0.000994036	0.00497018	0.787022
2070	4	1.04528	1	2.21977	0.992556	0	0.00347395	0.00397022	0.783743
2080	3	1.03475	1	2.24417	0.990589	0	0.00396236	0.00544824	0.784521
2090	3	1.01108	1	2.22069	0.988631	0	0.00296589	0.00840336	0.780823
2100	2	1.01006	1	2.20494	0.99108	0	0.00346878	0.00545094	0.790382
2110	2	1.01309	1	2.35822	0.985222	0	0.00344828	0.01133	0.783637
2120	4	1.01312	1	2.34207	0.993049	0	0.00148957	0.00546177	0.787841
2130	4	1.03375	1	2.23439	0.989609	0	0.00247402	0.00791687	0.78627
2140	2	1.01006	1	2.2061	0.987167	0	0.00394867	0.0088845	0.779936
2150	3	1.00905	1	2.19966	0.993542	0	0.00149031	0.00496771	0.794279
2160	1	1	1	2.17705	0.990099	0	0.0039604	0.00594059	0.791125
2170	1	1	1	2.19186	0.991572	0	0.00396629	0.00446207	0.782332
2180	3	1.00703	1	2.15773	0.990589	0	0.00198118	0.00742942	0.786838
2190	1	1	1	2.28044	0.990099	0	0.00346535	0.00643564	0.783265
2200	1	1	1	2.2084	0.992556	0	0.000992556	0.00645161	0.78812
2210	1	1	1	2.18119	0.987654	0	0.00296296	0.00938272	0.779063
2220	2	1.01208	1	2.29185	0.992063	0	0.00198413	0.00595238	0.787469
2230	1	1	1	2.15509	0.994036	0	0.00149105	0.00447316	0.78471
2240	1	1	1	2.16732	0.993542	0	0.000993542	0.00546448	0.786588
2250	1	1	1	2.17989	0.989609	0	0.00395844	0.00643246	0.777698
2260	1	1	1	2.17481	0.988631	0	0.00346021	0.00790905	0.782002
2270	2	1.002	1	2.1842	0.990589	0	0.000990589	0.00842001	0.790324
2280	2	1.00502	1	2.18477	0.988142	0	0.00197628	0.00988142	0.785078
2290	3	1.00401	1	2.22939	0.99108	0	0.00148662	0.0074331	0.789734
2300	2	1.00401	1	2.18949	0.992556	0	0.00148883	0.00595533	0.784255
2310	2	1.002	1	2.19777	0.992063	0	0.00347222	0.00446429	0.778869
2320	3	1.00804	1	2.17644	0.989609	0	0.00148441	0.00890648	0.785035
2330	3	1.00502	1	2.16711	0.993542	0	0.00198708	0.00447094	0.783152
2340	1	1	0.999999	2.19321	0.99552	0	0.0024888	0.00199104	0.793745
2350	1	1	1	2.17659	0.987167	0	0.00345508	0.00937808	0.793895
2360	1	1	1	2.11693	0.990589	0	0.00297177	0.00643883	0.780007
2370	2	1.001	1	2.19818	0.991572	0	0.000495786	0.00793257	0.784403
2380	3	1.00401	1	2.29866	0.990099	0	0.0039604	0.00594059	0.787251
2390	2	1.00602	1	2.14329	0.990099	0	0.0039604	0.00594059	0.786932
2400	2	1.00703	1	2.19206	0.990099	0	0.00346535	0.00643564	0.791079
2410	4	1.01922	1	2.20103	0.98912	0	0.0049456	0.00593472	0.784023
2420	7	1.03588	1	2.28741	0.992063	0	0.00198413	0.00595238	0.791114
2430	5	1.03674	1	2.23813	0.993049	0	0.00297915	0.00397219	0.779511
2440	2	1.00905	1	2.16795	0.99108	0	0.00148662	0.0074331	0.780519
2450	2	1.01309	1	2.21609	0.987167	0	0.005923	0.00691017	0.788011
2460	3	1.01208	1	2.24004	0.992556	0	0.00148883	0.00595533	0.781579
2470	2	1.01614	1	2.24302	0.988631	0	0.00346021	0.00790905	0.788394
2480	4	1.02227	1	2.36852	0.98912	0	0.00395648	0.00692384	0.785176
2490	4	1.00906	1	2.17418	0.988631	0	0.00346021	0.00790905	0.786449
2500	2	1.00401	1	2.29528	0.99108	0	0.00346878	0.00545094	0.787046
2510	3	1.0233	1	2.26417	0.990099	0	0.0019802	0.00792079	0.788476
2520	3	1.02643	1	2.18056	0.988142	0	0.00296443	0.00889328	0.788379
2530	3	1.02638	1	2.20666	0.990589	0	0.00198118	0.00742942	0.78255
2540	3	1.0556	1	2.28212	0.98912	0	0.00346192	0.0074184	0.789778
2550	3	1.04723	1	2.26286	0.991572	0	0.00297471	0.00545364	0.785579
2560	2	1.0377	1	2.28743	0.98912	0	0.00445104	0.00642928	0.783653
2570	3	1.03358	1	2.33535	0.990589	0	0.00346706	0.00594354	0.791608
2580	2	1.00602	1	2.19733	0.987654	0	0.00296296	0.00938272	0.793797
2590	2	1.001	1	2.25496	0.992063	0	0.00297619	0.00496032	0.781802
2600	1	1	1	2.18601	0.993049	0	0.00148957	0.00546177	0.786875
2610	2	1.00301	1	2.18584	0.990589	0	0.00148588	0.00792472	0.780484
2620	1	1	1	2.14381	0.991572	0	0.00297471	0.00545364	0.78777
2630	1	1	1	2.17803	0.993542	0	0.00248385	0.00397417	0.788853
2640	2	1.00502	1	2.18247	0.988631	0	0.00395452	0.00741473	0.785231
2650	2	1.002	1	2.18363	0.992063	0	0.00297619	0.00496032	0.789412
2660	1	1	1	2.15143	0.993542	0	0.00149031	0.00496771	0.779609
2670	1	1	1	2.27098	0.994036	0	0.00198807	0.00397614	0.793328
2680	2	1.00602	1	2.18186	0.991572	0	0.00247893	0.00594943	0.788534
2690	2	1.001	1	2.20058	0.990589	0	0.00346706	0.00594354	0.78787
2700	3	1.00804	1	2.22171	0.993049	0	0.0019861	0.00496524	0.79232
2710	3	1.01617	1	2.17233	0.992556	0	0.000496278	0.00694789	0.7846
2720	4	1.03267	1	2.21269	0.98912	0	0.0024728	0.00840752	0.786392
2730	5	1.03268	1	2.22847	0.990589	0	0.00148588	0.00792472	0.786076
2740	3	1.00301	1	2.30418	0.987654	0	0.00246914	0.00987654	0.786314
2750	2	1.00703	1	2.27587	0.988631	0	0.00346021	0.00790905	0.780278
2760	2	1.01208	1	2.33073	0.98912	0	0.00395648	0.00692384	0.78335
2770	2	1.00905	1	2.16441	0.990589	0	0.00198118	0.00742942	0.791698
2780	3	1.01209	1	2.27465	0.990099	0	0.00346535	0.00643564	0.788772
2790	2	1.04918	1	2.3448	0.988142	0	0.00395257	0.00790514	0.785446
2800	3	1.04188	1	2.3148	0.98912	0	0.00346192	0.0074184	0.781523
2810	2	1.03253	1	2.21934	0.990099	0	0.0019802	0.00792079	0.782469
2820	2	1.03356	1	2.21642	0.995025	0	0.000995025	0.0039801	0.787935
2830	2	1.01614	1	2.16506	0.992063	0	0.000992063	0.00694444	0.781587
2840	2	1.01411	1	2.20612	0.993542	0	0.00149031	0.00496771	0.792077
2850	2	1.001	1	2.27714	0.990099	0	0.00346535	0.00643564	0.786529
2860	2	1.001	0.99999	2.18078	0.993049	0	0.00148957	0.00546177	0.791277
2870	1	1	0.999989	2.26155	0.988631	0	0.00395452	0.00741473	0.786186
2880	1	1	1	2.26831	0.99108	0	0.00099108	0.00792864	0.785129
2890	2	1.00301	1	2.13502	0.99108	0	0.00297324	0.00594648	0.782332
2900	2	1.002	1	2.1258	0.992556	0	0.00198511	0.00545906	0.790644
2910	2	1.001	1	2.11747	0.990589	0	0.00297177	0.00643883	0.784532
2920	3	1.01208	1	2.22639	0.987654	0	0.00345679	0.00888889	0.785831
2930	3	1.03048	1	2.22596	0.987654	0	0.00296296	0.00938272	0.783657
2940	3	1.02541	1	2.24042	0.992063	0	0.00248016	0.00545635	0.787849
2950	2	1.00301	1	2.36069	0.992556	0	0.000992556	0.00645161	0.792329
2960	4	1.01007	1	2.15973	0.987167	0	0.00444225	0.00839092	0.786978
2970	3	1.01108	1	2.20527	0.99108	0	0.00297324	0.00594648	0.782272
2980	5	1.03269	1	2.24608	0.992063	0	0.000992063	0.00694444	0.781403
2990	5	1.0369	1	2.23674	0.992556	0	0.00248139	0.00496278	0.784802
3000	4	1.02024	1	2.21602	0.993542	0	0.00248385	0.00397417	0.788376
3010	3	1.01413	1	2.2106	0.988142	0	0.00197628	0.00988142	0.785943
3020	3	1.02232	1	1.98516	0.990589	0	0.00544824	0.00396236	0.782641
3030	3	1.01413	1	2.18966	0.99453	0	0.00198906	0.00348086	0.791928
3040	2	1.002	1	2.09137	0.990099	0	0.000990099	0.00891089	0.780685
3050	3	1.00804	1	2.16677	0.99108	0	0.0024777	0.00644202	0.791006
3060	1	1	1	2.17769	0.988631	0	0.00395452	0.00741473	0.788493
3070	1	1	1	2.17237	0.988142	0	0.00444664	0.00741107	0.786256
3080	1	1	1	2.20587	0.989609	0	0.00346363	0.00692726	0.788764
3090	2	1.00905	1	2.30944	0.990099	0	0.0049505	0.0049505	0.783559
3100	1	1	1	2.16374	0.989609	0	0.00395844	0.00643246	0.79264
3110	2	1.001	1	2.18952	0.990099	0	0.0029703	0.00693069	0.773753
3120	1	1	1	2.12496	0.993049	0	0.00148957	0.00546177	0.779365
3130	1	1	1	2.16495	0.991572	0	0.00198314	0.00644522	0.781269
3140	1	1	1	2.08643	0.98912	0	0.00296736	0.00791296	0.789437
3150	1	1	1	2.13294	0.98912	0	0.00296736	0.00791296	0.792688
3160	2	1.00401	1	2.19582	0.990099	0	0.00148515	0.00841584	0.788233
3170	1	1	0.999999	2.24375	0.987654	0	0.00395062	0.00839506	0.782493
3180	2	1.001	1	2.1371	0.987167	0	0.00542942	0.00740375	0.783839
3190	3	1.00905	1	2.18754	0.989609	0	0.00148441	0.00890648	0.782553
3200	4	1.03055	1	2.23279	0.988631	0	0.00296589	0.00840336	0.791746
3210	3	1.01719	1	2.31518	0.990099	0	0.0019802	0.00792079	0.79035
3220	3	1.00905	1	2.19854	0.988631	0	0.00148295	0.00988631	0.78513
3230	3	1.00301	1	2.55452	0.987654	0	0.00197531	0.0103704	0.781002
3240	4	1.00502	1	2.22156	0.989609	0	0.000989609	0.00940129	0.788132
3250	3	1.00703	1	2.2187	0.99552	0	0.00149328	0.00298656	0.784234
3260	2	1.01715	1	2.18295	0.99453	0	0.0014918	0.00397812	0.788923
3270	3	1.05449	1	2.22425	0.990589	0	0.00247647	0.00693413	0.786005
3280	2	1.0243	1	2.21972	0.989609	0	0.00296883	0.00742207	0.79464
3290	3	1.00602	1	2.31666	0.988142	0	0.00247036	0.00938735	0.791942
3300	3	1.00602	1	2.17254	0.989609	0	0.00346363	0.00692726	0.783201
3310	2	1.00502	0.999996	2.15056	0.988631	0	0.00296589	0.00840336	0.779289
3320	2	1.01208	1	2.15612	0.99453	0	0.00099453	0.00447539	0.786779
3330	2	1.00401	1	2.17188	0.99453	0	0.00248633	0.00298359	0.789708
3340	3	1.01108	1	2.24319	0.995025	0	0.00149254	0.00348259	0.784575
3350	2	1.001	1	2.11173	0.98912	0	0.00197824	0.00890208	0.785332
3360	4	1.01312	1	2.16462	0.990099	0	0.00148515	0.00841584	0.785721
3370	2	1.01411	1	2.21228	0.990589	0	0.00396236	0.00544824	0.789498
3380	3	1.01819	1	2.15581	0.991572	0	0.00247893	0.00594943	0.782412
3390	4	1.02749	1	2.40882	0.988142	0	0.0034585	0.00839921	0.784222
3400	5	1.04845	1	2.34174	0.993542	0	0.00198708	0.00447094	0.781746
3410	4	1.02335	1	2.22063	0.993049	0	0.00248262	0.00446872	0.784858
3420	2	1.00905	1	2.28885	0.988142	0	0.00444664	0.00741107	0.787552
3430	2	1.01817	1	2.28204	0.990099	0	0.00148515	0.00841584	0.781676
3440	1	1	1	2.12439	0.993542	0	0.00198708	0.00447094	0.78329
3450	1	1	1	2.15178	0.992556	0	0.000992556	0.00645161	0.788992
3460	2	1.001	1	2.17976	0.991572	0	0.000991572	0.00743679	0.785744
3470	2	1.002	1	2.22571	0.988631	0	0.000494315	0.0108749	0.781392
3480	4	1.00906	1	2.18921	0.988631	0	0.00148295	0.00988631	0.777885
3490	4	1.02027	1	2.35543	0.991572	0	0.00247893	0.00594943	0.787257
3500	3	1.02435	1	2.20743	0.990589	0	0.00148588	0.00792472	0.784402
3510	2	1.0429	1	2.454	0.989609	0	0.00247402	0.00791687	0.782281
3520	2	1.05443	1	2.35297	0.98912	0	0.0049456	0.00593472	0.787033
3530	2	1.03356	1	2.21059	0.990099	0	0.0019802	0.00792079	0.795636
3540	3	1.01412	1	2.18085	0.993049	0	0.0019861	0.00496524	0.785768
3550	3	1.00401	1	2.17871	0.989609	0	0.00346363	0.00692726	0.786089
3560	2	1.02021	1	2.2028	0.990099	0	0.0039604	0.00594059	0.787533
3570	3	1.01412	1	2.22409	0.993542	0	0.00198708	0.00447094	0.774881
3580	2	1.01715	1	2.14718	0.992063	0	0.00198413	0.00595238	0.791044
3590	3	1.01515	1	2.1875	0.988631	0	0.00197726	0.00939199	0.789468
3600	4	1.02536	1	2.19705	0.990589	0	0.00247647	0.00693413	0.780305
3610	3	1.03058	1	2.20683	0.992063	0	0.00198413	0.00595238	0.778876
3620	3	1.02952	1	2.18336	0.993049	0	0.00148957	0.00546177	0.784781
3630	3	1.07957	1	2.26945	0.994036	0	0.000994036	0.00497018	0.784741
3640	4	1.0827	1	2.28681	0.989609	0	0.00247402	0.00791687	0.783255
3650	4	1.09596	1	2.25049	0.990099	0	0.0049505	0.0049505	0.788173
3660	4	1.07097	1	2.30347	0.990589	0	0.00346706	0.00594354	0.785042
3670	4	1.10416	1	2.23455	0.991572	0	0.00297471	0.00545364	0.781401
3680	5	1.10927	1	2.31886	0.990589	0	0.00346706	0.00594354	0.787025
3690	4	1.11697	1	2.37968	0.987654	0	0.00345679	0.00888889	0.790706
3700	4	1.09038	1	2.33407	0.989609	0	0.00346363	0.00692726	0.784396
3710	4	1.10753	1	2.26157	0.989609	0	0.00296883	0.00742207	0.782526
3720	4	1.21104	1	2.38716	0.99108	0	0.0024777	0.00644202	0.78553
3730	4	1.21345	1	2.59254	0.98912	0	0.00197824	0.00890208	0.78003
3740	4	1.23823	1	2.49806	0.988631	0	0.00346021	0.00790905	0.790964
3750	3	1.15284	1	2.36783	0.990099	0	0.000990099	0.00891089	0.784863
3760	3	1.14021	1	2.39274	0.990099	0	0.00148515	0.00841584	0.78817
3770	3	1.14191	1	2.35882	0.989609	0	0.00197922	0.00841168	0.788855
3780	4	1.11926	1	2.3908	0.990589	0	0.00297177	0.00643883	0.786446
3790	4	1.0698	1	2.26442	0.993542	0	0.00198708	0.00447094	0.784255
3800	4	1.07335	1	2.29114	0.989609	0	0.00544285	0.00494805	0.785941
3810	4	1.14432	1	2.33387	0.990589	0	0.00247647	0.00693413	0.788521
3820	5	1.10715	1	2.28746	0.990589	0	0.00247647	0.00693413	0.785546
3830	5	1.06362	1	2.15016	0.994036	0	0.00248509	0.00347913	0.777125
3840	4	1.06556	1	2.26184	0.990099	0	0.00346535	0.00643564	0.781332
3850	5	1.08504	1	2.25647	0.992063	0	0.0014881	0.00644841	0.787287
3860	7	1.07747	1	2.38648	0.991572	0	0.00148736	0.006941	0.782017
3870	4	1.0847	1	2.23836	0.988631	0	0.00296589	0.00840336	0.775588
3880	5	1.059	1	2.20736	0.993542	0	0.00149031	0.00496771	0.783408
3890	6	1.05806	1	2.23818	0.987167	0	0.00246792	0.0103653	0.782753
3900	5	1.0494	1	2.26408	0.994036	0	0.00248509	0.00347913	0.781668
3910	5	1.02544	1	2.19278	0.99552	0	0.00149328	0.00298656	0.785297
3920	3	1.02535	1	2.16169	0.993049	0	0.000496524	0.00645482	0.786805
3930	3	1.01513	1	2.15516	0.990589	0	0.00346706	0.00594354	0.784795
3940	2	1.02021	1	2.13227	0.992556	0	0.00297767	0.0044665	0.783886
3950	5	1.03051	1	2.3941	0.989609	0	0.00296883	0.00742207	0.779475
3960	4	1.02433	1	2.16196	0.993049	0	0.00148957	0.00546177	0.777517
3970	2	1.02225	1	2.31338	0.987654	0	0.00197531	0.0103704	0.792989
3980	2	1.0243	1	2.14786	0.992556	0	0.00297767	0.0044665	0.787494
3990	3	1.01209	1	2.16418	0.992556	0	0	0.00744417	0.776509
4000	4	1.01007	1	2.16995	0.98912	0	0.00346192	0.0074184	0.78491
4010	4	1.01719	1	2.18872	0.99108	0	0.00049554	0.00842418	0.780342
4020	4	1.00906	1	2.19281	0.986193	0	0.00197239	0.0118343	0.783407
4030	3	1.00703	1	2.13381	0.98912	0	0.0024728	0.00840752	0.786978
4040	3	1.01311	1	2.24692	0.992556	0	0.00347395	0.00397022	0.786113
4050	2	1.001	1	2.20438	0.992063	0	0.0014881	0.00644841	0.782825
4060	2	1.00804	1	2.17181	0.987654	0	0.00246914	0.00987654	0.788156
4070	2	1.00301	1	2.16217	0.994036	0	0.00298211	0.00298211	0.786321
4080	1	1	1	2.10733	0.989609	0	0.00247402	0.00791687	0.785235
4090	1	1	1	2.1439	0.993049	0	0.00397219	0.00297915	0.777165
4100	1	1	1	2.13512	0.995025	0	0.000995025	0.0039801	0.777601
4110	2	1.002	1	2.13654	0.99108	0	0.00346878	0.00545094	0.790222
4120	2	1.002	1	2.24503	0.99108	0	0.00198216	0.00693756	0.785034
4130	2	1.01309	1	2.13452	0.990589	0	0.00148588	0.00792472	0.786025
4140	3	1.00602	1	2.13242	0.992063	0	0.000992063	0.00694444	0.785648
4150	1	1	1	2.11393	0.993542	0	0.00248385	0.00397417	0.777055
4160	1	1	1	2.13726	0.992063	0	0.00396825	0.00396825	0.780805
4170	2	1.002	1	2.21888	0.99108	0	0.00099108	0.00792864	0.783233
4180	2	1.002	1	2.13763	0.98912	0	0.00395648	0.00692384	0.790043
4190	1	1	1	2.12026	0.985222	0	0.00197044	0.0128079	0.788028
4200	1	1	1	2.1721	0.988142	0	0.0034585	0.00839921	0.779725
4210	2	1.001	1	2.02933	0.99108	0	0.00148662	0.0074331	0.787266
4220	1	1	1	2.12549	0.988142	0	0.00247036	0.00938735	0.786651
4230	2	1.01107	1	2.16379	0.99108	0	0.00297324	0.00594648	0.77947
4240	2	1.00301	1	2.283	0.990099	0	0.00247525	0.00742574	0.786216
4250	3	1.02231	1	2.16427	0.992556	0	0.00248139	0.00496278	0.788893
4260	4	1.02128	1	2.15027	0.994036	0	0.000994036	0.00497018	0.788787
4270	5	1.01414	1	2.20382	0.992063	0	0.00248016	0.00545635	0.788125
4280	4	1.02645	1	2.31301	0.990589	0	0.00297177	0.00643883	0.791086
4290	2	1.01309	1	2.16671	0.983768	0	0.00344319	0.012789	0.782782
4300	3	1.01006	1	2.17079	0.992556	0	0.00297767	0.0044665	0.78973
4310	2	1.00301	1	2.08169	0.992063	0	0.00248016	0.00545635	0.778275
4320	1	1	1	2.10631	0.990589	0	0.00247647	0.00693413	0.784581
4330	2	1.00804	1	2.13913	0.990589	0	0.00198118	0.00742942	0.786344
4340	2	1.001	1	2.1692	0.984737	0	0.00443131	0.0108321	0.786651
4350	2	1.002	1	2.12384	0.991572	0	0.00148736	0.006941	0.785052
4360	1	1	1	2.10716	0.99453	0	0.0014918	0.00397812	0.788981
4370	3	1.002	1	2.15989	0.991572	0	0.00148736	0.006941	0.783339
4380	1	1	1	2.13166	0.991572	0	0.00198314	0.00644522	0.787404
4390	2	1.001	1	2.16028	0.990589	0	0.000495295	0.0089153	0.780771
4400	2	1.001	1	2.11763	0.987167	0	0.00148075	0.0113524	0.779151
4410	2	1.01411	1	2.13336	0.98912	0	0.00445104	0.00642928	0.788888
4420	2	1.01107	1	2.14658	0.994036	0	0.00248509	0.00347913	0.781365
4430	2	1.002	1	2.1851	0.991572	0	0.00198314	0.00644522	0.789812
4440	4	1.00502	1	2.16372	0.989609	0	0.00247402	0.00791687	0.781423
4450	2	1.01208	1	2.19257	0.992556	0	0.000992556	0.00645161	0.779713
4460	2	1.01411	1	2.14867	0.990589	0	0.00198118	0.00742942	0.784495
4470	4	1.0121	1	2.44747	0.990099	0	0.00148515	0.00841584	0.779497
4480	4	1.00603	1	2.22955	0.990099	0	0.0029703	0.00693069	0.779224
4490	2	1.00703	0.999999	2.13252	0.988142	0	0.00247036	0.00938735	0.787861
4500	2	1.02635	1	2.2016	0.992063	0	0.00248016	0.00545635	0.785542
4510	2	1.00804	1	2.16441	0.992063	0	0.00198413	0.00595238	0.784658
4520	3	1.00301	1	2.13052	0.99108	0	0.00346878	0.00545094	0.787672
4530	2	1.01309	1	2.14644	0.988631	0	0.00395452	0.00741473	0.780583
4540	4	1.01414	1	2.13275	0.99453	0	0.00198906	0.00348086	0.779292
4550	4	1.04741	1	2.17953	0.987654	0	0.00296296	0.00938272	0.788179
4560	4	1.04425	1	2.3305	0.993542	0	0.00298063	0.0034774	0.781616
4570	5	1.02438	0.999996	2.51768	0.98912	0	0.0024728	0.00840752	0.790296
4580	3	1.02124	0.999995	2.30749	0.992063	0	0.00198413	0.00595238	0.779382
4590	3	1.00703	0.999998	2.14154	0.993049	0	0.00148957	0.00546177	0.786119
4600	3	1.00905	0.999974	2.15874	0.99108	0	0.0024777	0.00644202	0.788623
4610	3	1.00804	0.99996	2.16815	0.995025	0	0.00149254	0.00348259	0.785757
4620	4	1.01007	0.999954	2.16661	0.990099	0	0.0029703	0.00693069	0.780612
4630	3	1.00905	0.999948	2.14718	0.992063	0	0.000496032	0.00744048	0.785108
4640	3	1.00905	0.999961	2.2673	0.993542	0	0.000993542	0.00546448	0.780717
4650	2	1.01208	0.999944	2.11388	0.992063	0	0.0014881	0.00644841	0.784102
4660	3	1.00804	0.999933	2.14095	0.991572	0	0.00198314	0.00644522	0.789208
4670	2	1.001	0.999966	2.1999	0.990589	0	0.00346706	0.00594354	0.784024
4680	2	1.00401	1	2.08065	0.989609	0	0.00346363	0.00692726	0.790212
4690	5	1.02542	1	2.15134	0.98668	0	0.0049334	0.00838678	0.790846
4700	5	1.02435	1	2.15319	0.989609	0	0.00148441	0.00890648	0.790929
4710	3	1.01922	1	2.13818	0.993049	0	0.0019861	0.00496524	0.788846
4720	4	1.03163	1	2.18234	0.992063	0	0.00198413	0.00595238	0.788233
4730	4	1.01108	1	2.20678	0.98668	0	0.0024667	0.0108535	0.786405
4740	4	1.01617	1	2.05513	0.991572	0	0.00198314	0.00644522	0.783753
4750	3	1.01413	1	2.17191	0.987167	0	0.00148075	0.0113524	0.780006
4760	3	1.02129	1	2.12789	0.993542	0	0.00149031	0.00496771	0.785849
4770	3	1.03266	1	2.1956	0.990589	0	0.00148588	0.00792472	0.784056
4780	4	1.02646	1	2.16527	0.992063	0	0.00248016	0.00545635	0.790879
4790	3	1.0285	1	2.20807	0.98912	0	0.00346192	0.0074184	0.793741
4800	4	1.04952	1	2.1476	0.99108	0	0.00297324	0.00594648	0.782695
4810	5	1.01924	1	2.07837	0.989609	0	0.00247402	0.00791687	0.787831
4820	2	1.00301	1	2.03365	0.983284	0	0.00442478	0.0122911	0.78649
4830	1	1	1	2.0237	0.993542	0	0.00149031	0.00496771	0.788607
4840	1	1	1	2.05126	0.991572	0	0.00198314	0.00644522	0.788336
4850	3	1.00502	1	2.02349	0.98668	0	0.0024667	0.0108535	0.788247
4860	1	1	1	2.06786	0.990589	0	0.00297177	0.00643883	0.778465
4870	2	1.001	1	2.04811	0.987654	0	0.00197531	0.0103704	0.785134
4880	2	1.00502	1	2.19173	0.99108	0	0.00099108	0.00792864	0.7895
4890	2	1.00301	1	2.0614	0.988142	0	0.00296443	0.00889328	0.787165
4900	3	1.00703	1	2.17174	0.992063	0	0.00248016	0.00545635	0.784611
4910	2	1.002	1	2.03079	0.99453	0	0.00099453	0.00447539	0.784137
4920	1	1	1	2.03417	0.99108	0	0.00396432	0.0049554	0.784446
4930	1	1	1	2.01543	0.993049	0	0.0019861	0.00496524	0.788447
4940	2	1.00502	1	2.06969	0.991572	0	0.00148736	0.006941	0.783738
4950	1	1	1	2.05957	0.988631	0	0.00346021	0.00790905	0.786491
4960	1	1	1	2.05933	0.989609	0	0.00247402	0.00791687	0.785202
4970	2	1.001	1	2.16586	0.989609	0	0.00445324	0.00593765	0.787406
4980	4	1.00805	1	2.10636	0.987654	0	0.00296296	0.00938272	0.781495
4990	1	1	1	2.12848	0.993049	0	0.000496524	0.00645482	0.788812
5000	1	1	1	2.06097	0.990589	0	0.00297177	0.00643883	0.795861
5010	3	1.01006	1	2.0811	0.992063	0	0.0014881	0.00644841	0.782581
5020	3	1.01311	1	2.04161	0.990589	0	0.00247647	0.00693413	0.780996
5030	2	1.03356	1	2.12566	0.989609	0	0.00247402	0.00791687	0.786861
5040	3	1.03466	1	2.13837	0.989609	0	0	0.0103909	0.790339
5050	4	1.02332	1	2.17337	0.988142	0	0.0034585	0.00839921	0.786794
5060	3	1.03257	1	2.09333	0.989609	0	0.00296883	0.00742207	0.788027
5070	3	1.02537	1	2.06541	0.987654	0	0.00345679	0.00888889	0.781083
5080	3	1.02953	1	2.10203	0.992556	0	0.00148883	0.00595533	0.786899
5090	4	1.04207	1	2.1276	0.992556	0	0.00248139	0.00496278	0.784731
5100	3	1.04623	1	2.08083	0.992063	0	0.000992063	0.00694444	0.788213
5110	4	1.02955	1	2.0524	0.992556	0	0	0.00744417	0.782397
5120	3	1.02644	1	2.08753	0.993542	0	0.000496771	0.00596125	0.790281
5130	4	1.0358	1	2.11674	0.99108	0	0.00198216	0.00693756	0.784295
5140	3	1.02746	1	2.11521	0.992063	0	0.00198413	0.00595238	0.786488
5150	3	1.04519	1	2.12928	0.98912	0	0.00544016	0.00544016	0.787555
5160	4	1.06299	1	2.15983	0.990099	0	0.00247525	0.00742574	0.782544
5170	3	1.04084	1	2.10973	0.993542	0	0.00248385	0.00397417	0.781364
5180	3	1.01513	1	2.06736	0.99108	0	0.0024777	0.00644202	0.783419
5190	2	1.01715	1	2.25997	0.993542	0	0.00149031	0.00496771	0.782286
5200	2	1.02738	1	2.18632	0.991572	0	0.00198314	0.00644522	0.777341
5210	2	1.01107	1	1.95729	0.99453	0	0.000497265	0.00497265	0.785025
5220	3	1.01514	1	2.06992	0.994036	0	0.00149105	0.00447316	0.786795
5230	2	1.00502	1	2.05711	0.988142	0	0.0034585	0.00839921	0.790448
5240	3	1.002	1	2.01421	0.99108	0	0.00346878	0.00545094	0.779206
5250	2	1.001	1	2.05419	0.990099	0	0.00148515	0.00841584	0.787405
5260	2	1.00301	0.999999	2.04378	0.993542	0	0.00298063	0.0034774	0.783528
5270	2	1.00602	1	2.06261	0.993049	0	0.0019861	0.00496524	0.780273
5280	2	1.001	1	2.22909	0.99453	0	0.0014918	0.00397812	0.786057
5290	3	1.00401	1	2.0435	0.987167	0	0.00197433	0.0108588	0.781926
5300	3	1.01819	1	2.09217	0.988631	0	0.00543747	0.00593178	0.788996
5310	3	1.01514	1	2.0163	0.992556	0	0.000496278	0.00694789	0.78376
5320	5	1.01822	1	2.08948	0.991572	0	0.00247893	0.00594943	0.783673
5330	2	1.01309	1	2.05398	0.990099	0	0.0019802	0.00792079	0.78372
5340	4	1.02232	1	2.07766	0.991572	0	0.0034705	0.00495786	0.78577
5350	3	1.02432	1	2.05143	0.99453	0	0.00099453	0.00447539	0.786948
5360	4	1.01821	1	2.09038	0.99552	0	0.00199104	0.0024888	0.787073
5370	2	1.02225	1	2.05567	0.993049	0	0.00347567	0.00347567	0.784817
5380	3	1.03463	1	2.35043	0.98912	0	0.0024728	0.00840752	0.780006
5390	4	1.02232	1	2.10179	0.99108	0	0.00297324	0.00594648	0.790027
5400	6	1.01721	1	2.06363	0.990099	0	0.00346535	0.00643564	0.785052
5410	6	1.0296	1	2.11174	0.988631	0	0.00247158	0.00889768	0.791106
5420	6	1.04323	1	2.12913	0.992556	0	0.000992556	0.00645161	0.783216
5430	4	1.05703	1	2.20134	0.99453	0	0.00348086	0.00198906	0.780945
5440	4	1.04423	1	2.09897	0.993049	0	0.00248262	0.00446872	0.786866
5450	4	1.0581	1	2.14865	0.991572	0	0.00247893	0.00594943	0.784663
5460	3	1.03058	1	2.13057	0.991572	0	0.00198314	0.00644522	0.782855
5470	3	1.03154	1	2.07599	0.989609	0	0.00247402	0.00791687	0.789432
5480	3	1.03155	1	2.10407	0.990099	0	0.00148515	0.00841584	0.781643
5490	6	1.02338	1	2.03518	0.985707	0	0.00542139	0.00887137	0.787742
5500	4	1.01515	1	2.06212	0.988631	0	0.00148295	0.00988631	0.790278
5510	3	1.00905	1	2.0834	0.990589	0	0.00396236	0.00544824	0.78678
5520	1	1	1	2.06609	0.990589	0	0.00297177	0.00643883	0.790142
5530	3	1.00401	1	2.18137	0.989609	0	0.00197922	0.00841168	0.788246
5540	3	1.01209	1	2.22847	0.990099	0	0.0029703	0.00693069	0.78513
5550	3	1.01514	1	2.05157	0.992063	0	0.0014881	0.00644841	0.79189
5560	2	1.01309	1	2.05228	0.98912	0	0.00197824	0.00890208	0.785737
5570	2	1.00703	1	2.0563	0.991572	0	0.00247893	0.00594943	0.785947
5580	2	1.02635	1	2.10883	0.990099	0	0.00247525	0.00742574	0.784175
5590	2	1.0243	1	2.0968	0.994036	0	0.000497018	0.0054672	0.781533
5600	2	1.00502	1	2.05183	0.991572	0	0.00198314	0.00644522	0.788723
5610	2	1.00502	1	2.12483	0.98912	0	0.00296736	0.00791296	0.783628
5620	2	1.001	1	2.03713	0.992063	0	0.00248016	0.00545635	0.777946
5630	2	1.01309	1	2.03331	0.990099	0	0.00247525	0.00742574	0.791705
5640	2	1.01512	1	2.19446	0.99108	0	0.00297324	0.00594648	0.791201
5650	2	1.03047	1	2.095	0.992063	0	0.000496032	0.00744048	0.781655
5660	3	1.0274	1	2.02242	0.992063	0	0.00198413	0.00595238	0.786802
5670	3	1.0409	1	2.24775	0.990099	0	0.00346535	0.00643564	0.781685
5680	3	1.05248	1	2.15117	0.992063	0	0.000992063	0.00694444	0.780845
5690	3	1.04397	1	2.13607	0.992063	0	0.00198413	0.00595238	0.78747
5700	2	1.03874	1	2.10292	0.98912	0	0.00296736	0.00791296	0.787145
5710	2	1.04603	1	2.16832	0.99108	0	0.00346878	0.00545094	0.784546
5720	3	1.07166	1	2.17478	0.991572	0	0.00198314	0.00644522	0.788234
5730	4	1.03774	1	2.09211	0.99108	0	0.0049554	0.00396432	0.785516
5740	3	1.03676	1	2.1127	0.995025	0	0.00199005	0.00298507	0.801194
5750	3	1.01615	1	2.04973	0.992063	0	0.000992063	0.00694444	0.791148
5760	2	1.01107	1	2.14722	0.994036	0	0.000497018	0.0054672	0.78379
5770	2	1.01208	1	2.11363	0.989609	0	0.00296883	0.00742207	0.792973
5780	4	1.0172	1	2.0901	0.988631	0	0.00296589	0.00840336	0.790554
5790	4	1.02645	1	2.10578	0.992556	0	0.000992556	0.00645161	0.785914
5800	5	1.03368	1	2.10909	0.989609	0	0.00346363	0.00692726	0.790981
5810	3	1.0131	1	2.00605	0.99453	0	0.00099453	0.00447539	0.792017
5820	3	1.03259	1	2.13358	0.991572	0	0.00247893	0.00594943	0.778521
5830	2	1.01817	1	2.07693	0.990589	0	0.00198118	0.00742942	0.782898
5840	2	1.01411	1	2.07721	0.993049	0	0.000993049	0.00595829	0.782365
5850	1	1	1	2.15425	0.993049	0	0.0019861	0.00496524	0.789558
5860	1	1	1	2.03106	0.988631	0	0.00346021	0.00790905	0.78482
5870	2	1.002	1	2.05011	0.99108	0	0.00346878	0.00545094	0.780367
5880	2	1.002	1	1.98124	0.989609	0	0.00346363	0.00692726	0.785673
5890	1	1	1	2.0798	0.991572	0	0.00148736	0.006941	0.784044
5900	2	1.00502	1	2.04647	0.993542	0	0.00248385	0.00397417	0.790183
5910	2	1.00401	1	2.14285	0.996016	0	0.000996016	0.00298805	0.788765
5920	3	1.02026	1	2.06747	0.988631	0	0.00247158	0.00889768	0.793229
5930	3	1.02332	1	2.08403	0.992556	0	0.00397022	0.00347395	0.786028
5940	2	1.04918	1	2.15168	0.990099	0	0.00247525	0.00742574	0.788302
5950	3	1.04504	1	2.14698	0.992063	0	0.00297619	0.00496032	0.781304
5960	3	1.04832	1	2.138	0.992063	0	0.00446429	0.00347222	0.788927
5970	4	1.05899	1	2.15164	0.990589	0	0.00198118	0.00742942	0.781125
5980	5	1.05999	0.999998	2.12758	0.993542	0	0.00149031	0.00496771	0.779758
5990	4	1.06521	0.99999	2.14664	0.987654	0	0.00493827	0.00740741	0.783314
6000	5	1.06317	0.999999	2.16504	0.993542	0	0.000993542	0.00546448	0.783623
6010	4	1.03999	1	2.13733	0.990099	0	0.00247525	0.00742574	0.783211
6020	6	1.05683	1	2.24497	0.993049	0	0.000496524	0.00645482	0.77933
6030	6	1.05587	1	2.25562	0.993049	0	0.00248262	0.00446872	0.784528
6040	5	1.04217	1	2.13296	0.988631	0	0.00197726	0.00939199	0.791367
6050	4	1.10321	1	2.19549	0.991572	0	0.0034705	0.00495786	0.78633
6060	3	1.08841	1	2.2068	0.991572	0	0.000991572	0.00743679	0.782028
6070	3	1.09632	1	2.19034	0.991572	0	0.00198314	0.00644522	0.782566
6080	3	1.06641	1	2.1769	0.996016	0	0.00199203	0.00199203	0.78753
6090	3	1.02851	1	2.17984	0.98668	0	0.00444006	0.00888012	0.787933
6100	3	1.02848	1	2.08513	0.991572	0	0.00148736	0.006941	0.795622
6110	4	1.10443	1	2.21544	0.992063	0	0.00198413	0.00595238	0.788338
6120	4	1.11488	1	2.19549	0.993542	0	0.000496771	0.00596125	0.784168
6130	6	1.08874	1	2.16905	0.991572	0	0.00148736	0.006941	0.779712
6140	3	1.1295	1	2.31948	0.992063	0	0.00198413	0.00595238	0.781435
6150	4	1.16646	1	2.29704	0.990589	0	0.00445765	0.00495295	0.776879
6160	5	1.11581	1	2.21648	0.992556	0	0.00148883	0.00595533	0.790108
6170	4	1.12574	1	2.24447	0.991572	0	0.00247893	0.00594943	0.790539
6180	4	1.11439	1	2.20753	0.991572	0	0.00198314	0.00644522	0.782014
6190	4	1.09281	1	2.33187	0.992556	0	0.00148883	0.00595533	0.786644
6200	4	1.11782	1	2.32116	0.990589	0	0.00247647	0.00693413	0.784751
6210	4	1.13779	1	2.27952	0.987654	0	0.00246914	0.00987654	0.784381
6220	5	1.18403	1	2.2829	0.98912	0	0.0024728	0.00840752	0.782041
6230	7	1.17168	1	2.33304	0.98912	0	0.00098912	0.0098912	0.787015
6240	5	1.20394	1	2.34443	0.988631	0	0.000988631	0.0103806	0.788641
6250	6	1.25561	1	2.44527	0.993049	0	0.000993049	0.00595829	0.774924
6260	7	1.22452	1	2.46803	0.993542	0	0.00248385	0.00397417	0.778745
6270	10	1.19545	1	2.34472	0.990589	0	0.00346706	0.00594354	0.78438
6280	5	1.19502	1	2.33534	0.991572	0	0.00198314	0.00644522	0.785115
6290	5	1.1448	1	2.29194	0.99108	0	0.0024777	0.00644202	0.780924
6300	5	1.19922	1	2.35331	0.99108	0	0.00297324	0.00594648	0.783484
6310	4	1.32341	1	2.53503	0.990099	0	0.00247525	0.00742574	0.784218
6320	5	1.33138	1	2.51057	0.988631	0	0.00395452	0.00741473	0.78227
6330	6	1.34116	1	2.50272	0.99108	0	0.00099108	0.00792864	0.789325
6340	6	1.3732	1	2.62098	0.990589	0	0.00198118	0.00742942	0.783854
6350	6	1.38716	1	2.59717	0.995025	0	0.000995025	0.0039801	0.786233
6360	2	1.24481	1	2.38596	0.99108	0	0.00396432	0.0049554	0.786761
6370	3	1.26583	1	2.44227	0.990589	0	0.000990589	0.00842001	0.787106
6380	2	1.20069	1	2.37134	0.988631	0	0.00296589	0.00840336	0.783474
6390	3	1.20082	1	2.31557	0.993049	0	0.00248262	0.00446872	0.786809
6400	2	1.19599	1	2.29562	0.988142	0	0.0034585	0.00839921	0.78598
6410	3	1.19721	1	2.30746	0.99453	0	0.000497265	0.00497265	0.788635
6420	4	1.10648	1	2.22155	0.98912	0	0.0024728	0.00840752	0.791051
6430	3	1.05665	1	2.12786	0.991572	0	0.00198314	0.00644522	0.786932
6440	2	1.06714	1	2.26083	0.996016	0	0.000996016	0.00298805	0.784351
6450	2	1.06289	1	2.16837	0.991572	0	0.00297471	0.00545364	0.789383
6460	2	1.09735	1	2.21037	0.992063	0	0.00297619	0.00496032	0.785458
6470	3	1.05557	1	2.13495	0.992063	0	0.00198413	0.00595238	0.787203
6480	3	1.08004	1	2.15719	0.992063	0	0	0.00793651	0.781799
6490	5	1.06108	1	2.13103	0.992063	0	0.00297619	0.00496032	0.781228
6500	3	1.06402	1	2.24952	0.990589	0	0.00247647	0.00693413	0.78388
6510	3	1.05871	1	2.13	0.98912	0	0.00445104	0.00642928	0.782981
6520	2	1.08215	1	2.17495	0.987654	0	0.00148148	0.0108642	0.78026
6530	2	1.08973	1	2.17583	0.993542	0	0.00149031	0.00496771	0.786844
6540	2	1.16119	1	2.27568	0.99108	0	0.00198216	0.00693756	0.784366
6550	3	1.24136	1	2.38859	0.991572	0	0.00198314	0.00644522	0.77587
6560	4	1.30816	1	2.45287	0.992063	0	0.00198413	0.00595238	0.787592
6570	4	1.27804	1	2.48529	0.989609	0	0.00395844	0.00643246	0.784925
6580	4	1.30189	1	2.45074	0.989609	0	0.00296883	0.00742207	0.781511
6590	4	1.28096	1	2.4202	0.993049	0	0.000993049	0.00595829	0.785346
6600	2	1.3024	1	2.68297	0.990589	0	0.00346706	0.00594354	0.786039
6610	2	1.25936	1	2.42114	0.993049	0	0.0019861	0.00496524	0.779645
6620	3	1.30783	1	2.44116	0.990589	0	0.000495295	0.0089153	0.784117
6630	2	1.31236	1	2.46405	0.988142	0	0.00296443	0.00889328	0.775846
6640	3	1.29168	1	2.4325	0.989609	0	0.00346363	0.00692726	0.77426
6650	4	1.23644	1	2.38746	0.990099	0	0.00346535	0.00643564	0.786288
6660	5	1.24677	1	2.36348	0.991572	0	0.00247893	0.00594943	0.788646
6670	4	1.22293	1	2.44007	0.993542	0	0.000993542	0.00546448	0.778297
6680	3	1.18543	1	2.312	0.995025	0	0.00248756	0.00248756	0.782397
6690	4	1.28879	1	2.44378	0.990099	0	0.0029703	0.00693069	0.776565
6700	2	1.20895	1	2.47913	0.990589	0	0.000990589	0.00842001	0.775412
6710	2	1.19482	1	2.42114	0.990099	0	0.00049505	0.00940594	0.792578
6720	2	1.13169	1	2.23212	0.991572	0	0.00148736	0.006941	0.789821
6730	3	1.103	1	2.23021	0.98912	0	0.0049456	0.00593472	0.783913
6740	4	1.05039	1	2.13405	0.990099	0	0.0039604	0.00594059	0.782828
6750	4	1.03672	1	2.10399	0.993542	0	0.00198708	0.00447094	0.785423
6760	2	1.01715	1	2.09515	0.988631	0	0.00395452	0.00741473	0.786338
6770	3	1.0131	1	2.07851	0.99108	0	0.00346878	0.00545094	0.784797
6780	4	1.01007	1	2.08473	0.990099	0	0.00049505	0.00940594	0.784865
6790	1	1	1	2.05064	0.994036	0	0.00149105	0.00447316	0.793215
6800	1	1	1	2.04211	0.98912	0	0.00395648	0.00692384	0.787945
6810	1	1	1	2.04797	0.989609	0	0.00395844	0.00643246	0.791907
6820	1	1	1	2.04486	0.98912	0	0.0024728	0.00840752	0.785606
6830	2	1.001	1	2.05205	0.99453	0	0.000497265	0.00497265	0.784413
6840	2	1.00401	1	2.04937	0.991572	0	0.00446207	0.00396629	0.784169
6850	2	1.00602	1	2.05123	0.994036	0	0.00149105	0.00447316	0.789971
6860	2	1.02738	1	2.08957	0.992063	0	0.000496032	0.00744048	0.785001
6870	2	1.01411	1	2.07981	0.992063	0	0.00248016	0.00545635	0.787592
6880	3	1.02539	1	2.09521	0.991572	0	0.00148736	0.006941	0.778199
6890	3	1.01818	1	2.03547	0.990589	0	0.00297177	0.00643883	0.786561
6900	3	1.01108	1	2.0741	0.992556	0	0.00248139	0.00496278	0.78958
6910	4	1.01108	1	2.18085	0.99108	0	0.00099108	0.00792864	0.786846
6920	2	1.01107	1	2.09181	0.992556	0	0.00248139	0.00496278	0.788784
6930	2	1.00804	1	2.16369	0.987167	0	0.0029615	0.00987167	0.783512
6940	3	1.02124	1	2.1051	0.990099	0	0.0029703	0.00693069	0.787307
6950	1	1	1	2.15446	0.985707	0	0.00443568	0.00985707	0.781909
6960	1	1	1	2.03568	0.995025	0	0.00149254	0.00348259	0.786779
6970	2	1.002	1	2.03652	0.991572	0	0.00247893	0.00594943	0.786515
6980	3	1.02124	1	2.07411	0.992556	0	0.00297767	0.0044665	0.783573
6990	2	1.04186	1	2.12852	0.992063	0	0.00198413	0.00595238	0.779518
7000	2	1.03356	1	2.11032	0.995025	0	0.00199005	0.00298507	0.78935
7010	2	1.04708	1	2.11575	0.988631	0	0.00148295	0.00988631	0.775963
7020	2	1.04918	1	2.10749	0.996512	0	0.000498256	0.00298954	0.783635
7030	2	1.01919	1	2.12274	0.988142	0	0.00148221	0.0103755	0.795191
7040	4	1.01209	1	2.09595	0.990099	0	0.00148515	0.00841584	0.786296
7050	4	1.01822	1	2.05045	0.99108	0	0.0024777	0.00644202	0.785578
7060	2	1.02225	1	2.08648	0.99108	0	0.00297324	0.00594648	0.784961
7070	2	1.00905	1	2.07296	0.990589	0	0.00297177	0.00643883	0.782493
7080	3	1.00703	1	2.08119	0.99108	0	0.00346878	0.00545094	0.78704
7090	2	1.00602	1	2.06824	0.991572	0	0.00247893	0.00594943	0.795486
7100	1	1	1	2.05989	0.991572	0	0.00297471	0.00545364	0.781237
7110	1	1	1	2.01803	0.994036	0	0.000497018	0.0054672	0.787918
7120	1	1	1	2.04603	0.992063	0	0.00297619	0.00496032	0.797102
7130	1	1	1	2.12126	0.994036	0	0.00149105	0.00447316	0.77998
7140	1	1	1	2.0292	0.990589	0	0.00247647	0.00693413	0.79128
7150	1	1	1	2.06163	0.992556	0	0.00148883	0.00595533	0.791455
7160	1	1	1	2.12166	0.98912	0	0.0024728	0.00840752	0.790814
7170	1	1	1	2.07597	0.987654	0	0.00345679	0.00888889	0.785423
7180	2	1.001	1	2.07655	0.992063	0	0.00297619	0.00496032	0.777677
7190	1	1	1	2.01832	0.990589	0	0.00297177	0.00643883	0.786669
7200	2	1.001	1	2.06035	0.99108	0	0.0024777	0.00644202	0.783058
7210	1	1	1	2.01563	0.989609	0	0.00395844	0.00643246	0.781481
7220	1	1	1	2.04985	0.98912	0	0.00445104	0.00642928	0.788339
7230	2	1.00301	1	2.03559	0.995025	0	0.00298507	0.00199005	0.785213
7240	2	1.001	1	2.02728	0.993049	0	0.00148957	0.00546177	0.780495
7250	2	1.01614	1	2.10646	0.988631	0	0.00395452	0.00741473	0.784727
7260	2	1.002	1	2.06175	0.991572	0	0.00198314	0.00644522	0.774488
7270	2	1.001	1	2.0882	0.990589	0	0.00198118	0.00742942	0.785023
7280	3	1.01513	1	2.05955	0.988631	0	0.00247158	0.00889768	0.78419
7290	3	1.01923	1	2.07796	0.99108	0	0.0024777	0.00644202	0.789216
7300	4	1.01413	1	2.07898	0.988142	0	0.00296443	0.00889328	0.783539
7310	5	1.03475	1	2.12998	0.989609	0	0.00197922	0.00841168	0.782752
7320	5	1.01414	1	2.30006	0.992063	0	0.00396825	0.00396825	0.78527
7330	4	1.04311	1	2.23841	0.990099	0	0.0019802	0.00792079	0.792269
7340	2	1.01006	1	2.07165	0.994036	0	0	0.00596421	0.78568
7350	2	1.01107	1	2.04945	0.986193	0	0.00295858	0.0108481	0.791891
7360	2	1.00703	1	2.04145	0.994036	0	0.000497018	0.0054672	0.789301
7370	2	1.00301	1	2.05724	0.989609	0	0.000989609	0.00940129	0.785518
7380	1	1	1	2.05184	0.991572	0	0.00247893	0.00594943	0.789382
7390	3	1.00502	1	2.06534	0.98668	0	0.00197336	0.0113468	0.786367
7400	1	1	1	2.14686	0.991572	0	0.00148736	0.006941	0.780012
7410	1	1	1	2.06467	0.988631	0	0.00346021	0.00790905	0.790311
7420	2	1.001	0.999999	2.07119	0.993542	0	0.00149031	0.00496771	0.78248
7430	1	1	1	2.15798	0.993049	0	0.0019861	0.00496524	0.782412
7440	1	1	1	2.04744	0.994036	0	0.00198807	0.00397614	0.788077
7450	1	1	1	2.15475	0.98912	0	0.00346192	0.0074184	0.794784
7460	2	1.002	1	2.11452	0.989609	0	0.00395844	0.00643246	0.78768
7470	1	1	1	2.04997	0.990099	0	0.0039604	0.00594059	0.786701
7480	2	1.002	1	2.05033	0.993049	0	0.00148957	0.00546177	0.788816
7490	2	1.00301	1	2.08148	0.991572	0	0.00198314	0.00644522	0.79309
7500	2	1.00301	1	2.23279	0.987654	0	0.00444444	0.00790123	0.785231
7510	2	1.00602	1	2.07151	0.98912	0	0.00346192	0.0074184	0.781166
7520	2	1.02533	0.999999	2.20845	0.990099	0	0.0029703	0.00693069	0.78276
7530	3	1.04925	0.999999	2.35005	0.992063	0	0.00248016	0.00545635	0.784379
7540	4	1.11325	1	2.23284	0.992556	0	0.00347395	0.00397022	0.781872
7550	4	1.08073	1	2.21378	0.989609	0	0.00197922	0.00841168	0.788845
7560	3	1.07578	1	2.18065	0.992556	0	0.00248139	0.00496278	0.791659
7570	2	1.03978	1	2.16263	0.991572	0	0.00148736	0.006941	0.784734
7580	2	1.10173	1	2.24554	0.990099	0	0.00148515	0.00841584	0.790604
7590	2	1.13281	1	2.3274	0.989609	0	0.00296883	0.00742207	0.780123
7600	3	1.1749	1	2.32485	0.992063	0	0.00297619	0.00496032	0.780659
7610	3	1.15387	1	2.32558	0.99108	0	0.00396432	0.0049554	0.787076
7620	3	1.16648	1	2.32038	0.990589	0	0.00396236	0.00544824	0.779765
7630	5	1.1634	1	2.32126	0.990099	0	0.00346535	0.00643564	0.786718
7640	3	1.17988	1	2.30901	0.994036	0	0.000497018	0.0054672	0.783531
7650	5	1.1473	1	2.28271	0.992063	0	0.00248016	0.00545635	0.784291
7660	2	1.16348	1	2.29736	0.989609	0	0.00148441	0.00890648	0.788769
7670	2	1.13394	1	2.27875	0.988631	0	0.00346021	0.00790905	0.791875
7680	4	1.16938	1	2.30109	0.992556	0	0.00397022	0.00347395	0.778189
7690	4	1.14371	1	2.30715	0.988631	0	0.00247158	0.00889768	0.783602
7700	3	1.15795	1	2.38296	0.993049	0	0.00148957	0.00546177	0.784078
7710	4	1.17404	1	2.29184	0.990099	0	0.00247525	0.00742574	0.781412
7720	4	1.16063	1	2.29654	0.988142	0	0.00543478	0.00642292	0.780724
7730	4	1.23834	1	2.41314	0.996016	0	0.000996016	0.00298805	0.779002
7740	5	1.27293	1	2.41978	0.987167	0	0.00345508	0.00937808	0.779152
7750	4	1.19892	1	2.452	0.990099	0	0.00247525	0.00742574	0.791485
7760	6	1.19251	1	2.33727	0.992063	0	0.00198413	0.00595238	0.782236
7770	5	1.20126	1	2.32819	0.990099	0	0.0019802	0.00792079	0.780965
7780	3	1.27292	1	2.42486	0.990589	0	0.00198118	0.00742942	0.785999
7790	3	1.2274	1	2.52978	0.987654	0	0.000987654	0.011358	0.779262
7800	3	1.26969	1	2.42993	0.985707	0	0.00443568	0.00985707	0.786208
7810	2	1.23999	1	2.463	0.991572	0	0.00148736	0.006941	0.783151
7820	3	1.26798	1	2.38994	0.993542	0	0.000993542	0.00546448	0.784823
7830	3	1.16254	1	2.27178	0.988631	0	0.00444884	0.00692042	0.781831
7840	2	1.17039	1	2.26529	0.992063	0	0.00297619	0.00496032	0.785373
7850	2	1.14636	1	2.30555	0.994036	0	0.00149105	0.00447316	0.785534
7860	2	1.08973	1	2.20645	0.990099	0	0.00148515	0.00841584	0.790159
7870	2	1.09082	1	2.32542	0.993542	0	0.000496771	0.00596125	0.784203
7880	2	1.13394	1	2.23232	0.988142	0	0.00197628	0.00988142	0.780461
7890	2	1.11607	1	2.26579	0.988631	0	0.00296589	0.00840336	0.785814
7900	4	1.12415	0.999998	2.26349	0.992063	0	0.0014881	0.00644841	0.78744
7910	2	1.1878	1	2.31828	0.990589	0	0.00396236	0.00544824	0.787702
7920	2	1.17501	1	2.32033	0.98668	0	0.00394672	0.00937346	0.780576
7930	2	1.15091	1	2.28908	0.994036	0	0.00248509	0.00347913	0.784809
7940	3	1.202	1	2.4284	0.987167	0	0.00394867	0.0088845	0.784775
7950	3	1.21187	1	2.3911	0.990099	0	0.00346535	0.00643564	0.781584
7960	2	1.17501	1	2.33599	0.990099	0	0.0019802	0.00792079	0.784488
7970	3	1.18839	1	2.33509	0.992063	0	0.000496032	0.00744048	0.787254
7980	3	1.2045	1	2.36014	0.990099	0	0.0019802	0.00792079	0.793213
7990	3	1.15859	1	2.29318	0.990099	0	0.00247525	0.00742574	0.779746
8000	3	1.13674	1	2.25386	0.991572	0	0.000991572	0.00743679	0.788951
8010	3	1.10306	0.999998	2.31055	0.990099	0	0.0019802	0.00792079	0.783137
8020	2	1.0757	0.999984	2.11948	0.98912	0	0.00395648	0.00692384	0.790632
8030	3	1.08879	0.999984	2.18828	0.991572	0	0.00446207	0.00396629	0.783942
8040	4	1.10092	0.999992	2.24881	0.990589	0	0.00396236	0.00544824	0.783205
8050	3	1.07901	0.999983	2.17379	0.99108	0	0.00346878	0.00545094	0.787777
8060	3	1.06308	0.999979	2.26156	0.98912	0	0.00395648	0.00692384	0.7833
8070	4	1.06114	0.999989	2.15538	0.98912	0	0.00395648	0.00692384	0.783143
8080	4	1.12053	0.999985	2.24164	0.990589	0	0.00247647	0.00693413	0.789282
8090	4	1.15935	0.999971	2.27737	0.987167	0	0.00444225	0.00839092	0.786826
8100	3	1.17832	0.999989	2.34137	0.98912	0	0.0024728	0.00840752	0.783405
8110	4	1.22478	0.99999	2.46428	0.988142	0	0.00296443	0.00889328	0.789085
8120	4	1.18737	0.999975	2.49866	0.988142	0	0.00247036	0.00938735	0.778835
8130	5	1.22025	0.999999	2.36323	0.989609	0	0.00296883	0.00742207	0.785683
8140	3	1.17996	1	2.19285	0.992556	0	0.00248139	0.00496278	0.788747
8150	4	1.27167	1	2.60958	0.995025	0	0.00149254	0.00348259	0.779484
8160	3	1.19717	1	2.33298	0.991572	0	0.000991572	0.00743679	0.787329
8170	4	1.12369	1	2.33074	0.989609	0	0.00247402	0.00791687	0.78144
8180	3	1.07318	1	2.30513	0.98912	0	0.0024728	0.00840752	0.778783
8190	3	1.03369	1	2.20416	0.99108	0	0.00099108	0.00792864	0.78491
8200	3	1.0337	1	2.11114	0.990589	0	0.00198118	0.00742942	0.789652
8210	5	1.0327	1	2.11872	0.990099	0	0.00346535	0.00643564	0.78664
8220	7	1.02029	1	2.09182	0.988142	0	0.00444664	0.00741107	0.786446
8230	3	1.03052	1	2.26003	0.989609	0	0.00148441	0.00890648	0.784666
8240	4	1.04949	1	2.11515	0.989609	0	0.00247402	0.00791687	0.792492
8250	4	1.04844	1	2.14248	0.990099	0	0.00346535	0.00643564	0.787318
8260	4	1.06537	1	2.15998	0.992063	0	0.00198413	0.00595238	0.79018
8270	5	1.05695	1	2.13605	0.990589	0	0.00247647	0.00693413	0.787023
8280	4	1.05917	1	2.1271	0.992063	0	0.0014881	0.00644841	0.791425
8290	4	1.0254	1	2.21091	0.99108	0	0.00346878	0.00545094	0.79003
8300	4	1.01719	1	2.05241	0.989609	0	0.00395844	0.00643246	0.790315
8310	2	1.01411	1	2.19648	0.99108	0	0.0024777	0.00644202	0.784766
8320	2	1.00401	1	2.02487	0.994036	0	0.00198807	0.00397614	0.784348
8330	4	1.00603	1	2.05083	0.990589	0	0.00346706	0.00594354	0.787904
8340	2	1.01208	1	2.07173	0.990099	0	0.00346535	0.00643564	0.790666
8350	2	1.002	1	2.02289	0.99108	0	0.0024777	0.00644202	0.793346
8360	3	1.00401	1	2.06604	0.991572	0	0.00247893	0.00594943	0.775326
8370	1	1	1	2.04819	0.992556	0	0.00248139	0.00496278	0.789786
8380	3	1.01413	1	2.07326	0.989609	0	0.00395844	0.00643246	0.789039
8390	3	1.02848	1	2.09401	0.989609	0	0.00445324	0.00593765	0.785998
8400	3	1.02644	1	2.17979	0.990589	0	0.00198118	0.00742942	0.790678
8410	2	1.02635	1	2.07839	0.991572	0	0.00247893	0.00594943	0.779376
8420	2	1.02738	1	2.07085	0.990589	0	0.00247647	0.00693413	0.791128
8430	2	1.03356	1	2.11912	0.988142	0	0.0034585	0.00839921	0.785385
8440	2	1.02328	1	2.10285	0.993542	0	0.00149031	0.00496771	0.785863
8450	2	1.01309	1	2.06699	0.99453	0	0.0014918	0.00397812	0.787559
8460	2	1.03356	1	2.11501	0.99108	0	0.00297324	0.00594648	0.7846
8470	2	1.02123	1	2.1049	0.987167	0	0.00197433	0.0108588	0.785857
8480	2	1.02021	1	2.04746	0.992556	0	0.000992556	0.00645161	0.781702
8490	2	1.01512	1	2.06524	0.993049	0	0.00248262	0.00446872	0.776333
8500	3	1.00905	0.999996	2.20289	0.986193	0	0.00295858	0.0108481	0.785446
8510	1	1	0.99998	2.04623	0.993049	0	0.00148957	0.00546177	0.789493
8520	1	1	0.99996	2.04875	0.992063	0	0.00396825	0.00396825	0.782805
8530	3	1.00401	0.999948	2.03768	0.993542	0	0.00198708	0.00447094	0.788251
8540	4	1.02439	0.99997	2.08325	0.989609	0	0.00395844	0.00643246	0.793519
8550	3	1.0182	0.999986	2.07958	0.992556	0	0.00148883	0.00595533	0.786856
8560	2	1.04186	1	2.21173	0.993542	0	0.00298063	0.0034774	0.784601
8570	3	1.03254	1	2.12759	0.993049	0	0.00248262	0.00446872	0.781016
8580	2	1.03253	1	2.10165	0.992063	0	0.0014881	0.00644841	0.790079
8590	2	1.03356	1	2.09529	0.993049	0	0.0019861	0.00496524	0.785468
8600	3	1.02124	1	2.08266	0.99108	0	0.0024777	0.00644202	0.783991
8610	2	1.02533	1	2.09739	0.99453	0	0.0014918	0.00397812	0.78477
8620	2	1.02328	1	2.10421	0.990099	0	0.00247525	0.00742574	0.78727
8630	3	1.02848	1	2.05494	0.993542	0	0.00198708	0.00447094	0.787122
8640	5	1.04311	1	2.12949	0.992063	0	0.00297619	0.00496032	0.787387
8650	6	1.06583	0.999996	2.19948	0.990099	0	0.00247525	0.00742574	0.788037
8660	5	1.08222	1	2.16889	0.98912	0	0.00197824	0.00890208	0.785905
8670	4	1.09332	1	2.20635	0.990099	0	0.00346535	0.00643564	0.787617
8680	4	1.10015	1	2.18251	0.99453	0	0.00248633	0.00298359	0.779615
8690	4	1.06467	1	2.13543	0.988631	0	0.00346021	0.00790905	0.787796
8700	5	1.10343	1	2.19653	0.992063	0	0.00198413	0.00595238	0.7836
8710	4	1.09661	1	2.22322	0.992556	0	0.00297767	0.0044665	0.792232
8720	5	1.09002	1	2.29025	0.98912	0	0.00098912	0.0098912	0.781623
8730	4	1.13215	1	2.25659	0.988142	0	0.00247036	0.00938735	0.784457
8740	5	1.12656	1	2.26861	0.99108	0	0.00148662	0.0074331	0.787818
8750	4	1.09884	1	2.21394	0.995025	0	0.000995025	0.0039801	0.789131
8760	3	1.07091	1	2.16696	0.988142	0	0.00444664	0.00741107	0.789321
8770	4	1.05147	1	2.16297	0.99108	0	0.00396432	0.0049554	0.783778
8780	2	1.06183	1	2.13818	0.991572	0	0.00198314	0.00644522	0.784931
8790	3	1.06505	1	2.17631	0.990589	0	0.00297177	0.00643883	0.788036
8800	3	1.08714	1	2.17758	0.99108	0	0.0024777	0.00644202	0.782263
8810	3	1.11275	1	2.24397	0.993049	0	0.00248262	0.00446872	0.789617
8820	3	1.07285	1	2.17941	0.990589	0	0.00148588	0.00792472	0.79598
8830	5	1.08271	1	2.13866	0.991572	0	0.00198314	0.00644522	0.783779
8840	4	1.1095	1	2.18436	0.992063	0	0.00297619	0.00496032	0.787747
8850	4	1.18924	1	2.2906	0.992556	0	0.00297767	0.0044665	0.785558
8860	4	1.19204	1	2.38784	0.991572	0	0.0034705	0.00495786	0.791587
8870	3	1.21383	1	2.45608	0.989609	0	0.00544285	0.00494805	0.787169
8880	3	1.15022	1	2.2731	0.988142	0	0.00247036	0.00938735	0.782119
8890	3	1.15876	1	2.3427	0.985222	0	0.00295567	0.0118227	0.783684
8900	5	1.16311	1	2.2999	0.990099	0	0.00247525	0.00742574	0.786351
8910	4	1.16321	1	2.32775	0.99552	0	0.00099552	0.00348432	0.785337
8920	4	1.17926	1	2.35281	0.995025	0	0.000995025	0.0039801	0.787009
8930	5	1.1568	1	2.29359	0.988631	0	0.00395452	0.00741473	0.787081
8940	4	1.07856	1	2.29715	0.992556	0	0.00198511	0.00545906	0.789768
8950	4	1.10325	1	2.21583	0.987654	0	0.00296296	0.00938272	0.79146
8960	3	1.08416	1	2.16054	0.990099	0	0.00247525	0.00742574	0.785157
8970	3	1.11337	1	2.22022	0.993049	0	0.000496524	0.00645482	0.791065
8980	3	1.10514	1	2.22114	0.989609	0	0.00296883	0.00742207	0.787247
8990	7	1.16082	1	2.25697	0.991572	0	0.00198314	0.00644522	0.78273
9000	4	1.17258	1	2.27057	0.99453	0	0.00099453	0.00447539	0.787824
9010	6	1.13745	1	2.24759	0.996016	0	0	0.00398406	0.786249
9020	6	1.15044	1	2.3593	0.989609	0	0.00148441	0.00890648	0.786805
9030	5	1.14315	1	2.35977	0.99108	0	0.00297324	0.00594648	0.780057
9040	4	1.17389	0.999999	2.28794	0.990099	0	0.00247525	0.00742574	0.786839
9050	4	1.14785	1	2.29627	0.99108	0	0.00297324	0.00594648	0.790848
9060	5	1.09477	1	2.30465	0.993049	0	0.00148957	0.00546177	0.789416
9070	3	1.11798	1	2.26959	0.98912	0	0.00445104	0.00642928	0.785164
9080	3	1.1088	1	2.31182	0.99108	0	0.00099108	0.00792864	0.79051
9090	3	1.18504	1	2.4168	0.99552	0	0.00049776	0.00398208	0.790292
9100	4	1.17729	1	2.27513	0.993542	0	0.00198708	0.00447094	0.790325
9110	4	1.16126	1	2.26234	0.993049	0	0.00347567	0.00347567	0.783066
9120	4	1.1569	1	2.3534	0.990589	0	0.00247647	0.00693413	0.785971
9130	3	1.15412	1	2.30866	0.990589	0	0.00198118	0.00742942	0.787356
9140	3	1.08811	1	2.19714	0.99108	0	0.00346878	0.00545094	0.783903
9150	4	1.12354	1	2.20182	0.99552	0	0.00149328	0.00298656	0.786374
9160	4	1.13051	1	2.31382	0.990589	0	0.00247647	0.00693413	0.784839
9170	4	1.1297	1	2.23491	0.99108	0	0.00346878	0.00545094	0.785156
9180	6	1.20091	1	2.35852	0.994036	0	0	0.00596421	0.782481
9190	5	1.22192	1	2.38075	0.990589	0	0.00297177	0.00643883	0.786195
9200	6	1.18777	1	2.41289	0.991572	0	0.00198314	0.00644522	0.784685
9210	5	1.16029	1	2.28869	0.99108	0	0.0024777	0.00644202	0.782977
9220	3	1.17849	1	2.30943	0.990589	0	0.00198118	0.00742942	0.783774
9230	3	1.15931	1	2.30922	0.98912	0	0.00197824	0.00890208	0.775522
9240	3	1.20318	1	2.35289	0.988142	0	0.0034585	0.00839921	0.783515
9250	3	1.20221	1	2.3575	0.995025	0	0.00199005	0.00298507	0.779853
9260	3	1.22336	1	2.35274	0.990099	0	0.00148515	0.00841584	0.782406
9270	4	1.21188	1	2.33926	0.990589	0	0.00247647	0.00693413	0.784979
9280	3	1.22319	1	2.38472	0.99108	0	0.00148662	0.0074331	0.779841
9290	3	1.26196	1	2.45183	0.992556	0	0.00198511	0.00545906	0.78654
9300	3	1.29151	1	2.3536	0.989609	0	0.00494805	0.00544285	0.783168
9310	4	1.31363	1	2.47334	0.99108	0	0.00099108	0.00792864	0.777768
9320	3	1.37254	1	2.52175	0.990589	0	0.00346706	0.00594354	0.782028
9330	4	1.4193	0.999993	2.56731	0.992063	0	0.00347222	0.00446429	0.779649
9340	4	1.6539	0.999995	2.77047	0.993049	0	0.000993049	0.00595829	0.776374
9350	6	1.8117	1	2.81908	0.990589	0	0.00198118	0.00742942	0.782435
9360	7	1.96767	1	2.94996	0.990099	0	0.00247525	0.00742574	0.776014
9370	5	1.77792	1	2.71704	0.988142	0	0.00494071	0.006917	0.774931
9380	6	1.69565	1	2.81637	0.99108	0	0.00198216	0.00693756	0.78142
9390	5	1.62922	1	2.63117	0.98912	0	0.00346192	0.0074184	0.7797
9400	5	1.62272	1	2.6865	0.98912	0	0.00148368	0.00939664	0.780909
9410	3	1.71919	1	2.71183	0.990589	0	0.00247647	0.00693413	0.777806
9420	4	1.71781	1	2.69382	0.990589	0	0.00396236	0.00544824	0.776882
9430	3	1.71498	1	2.66534	0.99453	0	0.0014918	0.00397812	0.777633
9440	3	2.03474	0.999998	2.854	0.995025	0	0.000995025	0.0039801	0.775819
9450	4	2.04334	1	2.87695	0.99453	0	0.00198906	0.00348086	0.772472
9460	4	1.99455	1	2.88077	0.990589	0	0.00148588	0.00792472	0.778485
9470	3	1.92837	1	2.87205	0.988142	0	0.00296443	0.00889328	0.782123
9480	4	1.9155	1	2.86611	0.990589	0	0.00198118	0.00742942	0.782545
9490	4	1.71588	1	2.88588	0.99108	0	0.00099108	0.00792864	0.782128
9500	3	1.69654	1	2.79201	0.984737	0	0.00393895	0.0113245	0.77517
9510	4	1.65897	1	2.71011	0.987167	0	0.0029615	0.00987167	0.78003
9520	3	1.71034	1	2.84853	0.988142	0	0.00296443	0.00889328	0.778868
9530	3	1.60365	1	2.81913	0.992556	0	0.00347395	0.00397022	0.776531
9540	4	1.61107	1	2.73491	0.990589	0	0.00198118	0.00742942	0.782511
9550	4	1.67205	1	2.74981	0.989609	0	0.00148441	0.00890648	0.775646
9560	3	1.56416	1	2.64974	0.990589	0	0	0.0094106	0.778694
9570	3	1.61123	1	2.7449	0.990099	0	0.00247525	0.00742574	0.776979
9580	3	1.69029	1	2.79462	0.98912	0	0.00148368	0.00939664	0.779281
9590	2	1.74568	1	2.8396	0.993049	0	0.00248262	0.00446872	0.781076
9600	6	1.84875	1	2.8618	0.99108	0	0.00148662	0.0074331	0.772385
9610	4	1.9403	1	2.99395	0.983768	0	0.00442696	0.0118052	0.770176
9620	7	1.862	1	2.78319	0.987167	0	0.00493583	0.00789733	0.783797
9630	4	1.92474	1	2.93191	0.990589	0	0.00148588	0.00792472	0.77708
9640	4	1.83589	1	2.87106	0.985222	0	0.00295567	0.0118227	0.773587
9650	4	1.80997	1	2.84875	0.985707	0	0.00344998	0.0108428	0.773912
9660	4	1.80911	1	2.87095	0.990099	0	0.0039604	0.00594059	0.783133
9670	4	1.73432	1	2.78916	0.987167	0	0.00444225	0.00839092	0.781878
9680	3	1.73816	1	2.91901	0.992063	0	0.00297619	0.00496032	0.780858
9690	2	1.59391	1	2.72277	0.993542	0	0.00198708	0.00447094	0.775478
9700	4	1.73179	1	2.80007	0.993049	0	0.000496524	0.00645482	0.776271
9710	4	1.75837	1	2.82511	0.98912	0	0.0024728	0.00840752	0.775236
9720	3	1.77193	1	2.91157	0.98912	0	0.0024728	0.00840752	0.780354
9730	3	1.85189	1	2.82732	0.99108	0	0.00297324	0.00594648	0.77573
9740	4	1.68726	1	2.69474	0.993542	0	0.00149031	0.00496771	0.779864
9750	6	1.77833	1	2.882	0.990589	0	0.00148588	0.00792472	0.780117
9760	6	1.68863	0.999998	2.69644	0.98912	0	0.00197824	0.00890208	0.778268
9770	5	1.67429	0.999997	2.7466	0.992063	0	0.00297619	0.00496032	0.775702
9780	6	1.69678	0.999986	2.80744	0.99108	0	0.0024777	0.00644202	0.784688
9790	3	1.61057	0.999993	2.61866	0.989609	0	0.00445324	0.00593765	0.774305
9800	3	1.57859	0.999986	2.84367	0.988631	0	0.00148295	0.00988631	0.778995
9810	4	1.55475	0.999984	2.63195	0.989609	0	0.00247402	0.00791687	0.777365
9820	2	1.50593	0.999972	2.70955	0.993542	0	0.00198708	0.00447094	0.776288
9830	3	1.53347	0.999959	2.65225	0.992063	0	0.00396825	0.00396825	0.779474
9840	3	1.51667	0.999973	2.77872	0.991572	0	0.00297471	0.00545364	0.780272
9850	2	1.59519	0.999975	2.77767	0.988142	0	0.00296443	0.00889328	0.781421
9860	3	1.4934	0.99998	2.77683	0.98912	0	0.00296736	0.00791296	0.784726
9870	3	1.50393	0.999989	2.57605	0.98912	0	0.00346192	0.0074184	0.774781
9880	2	1.63721	0.99999	2.71791	0.990099	0	0.000990099	0.00891089	0.774713
9890	3	1.46738	0.999999	2.54498	0.997506	0	0.000997506	0.00149626	0.775242
9900	2	1.4475	1	2.73361	0.99108	0	0.00198216	0.00693756	0.780141
9910	3	1.4904	0.999994	2.67519	0.983768	0	0.00491884	0.0113133	0.782263
9920	4	1.53503	0.999984	2.64208	0.98912	0	0.00296736	0.00791296	0.774362
9930	6	1.58797	0.999991	2.56072	0.99108	0	0.0024777	0.00644202	0.772065
9940	3	1.60995	0.999998	2.68156	0.991572	0	0.000991572	0.00743679	0.776681
9950	3	1.6442	0.999999	3.0273	0.988631	0	0.00197726	0.00939199	0.778973
9960	4	1.63253	1	2.74196	0.993049	0	0.0019861	0.00496524	0.77983
9970	3	1.64478	0.999999	2.70561	0.987167	0	0.0029615	0.00987167	0.77347
9980	3	1.67675	0.999988	2.804	0.994036	0	0	0.00596421	0.778983
9990	3	1.57205	0.999996	2.68448	0.990589	0	0.00297177	0.00643883	0.771188
