Hello World !
 
Test for Model constructor
temps1 = 1.718903
generation 0
0x55c3118347f0
0x55c311834ee0
0x55c3118347f0
0x55c311834ee0
generation 1
0x55c3118347f0
0x55c311834ee0
0x55c311834f30
0x55c3118bc990
0x55c3118347f0
0x55c311834ee0
0x55c311834f30
0x55c3118bc990
generation 2
0x55c3118347f0
0x55c311834ee0
0x55c311834f30
0x55c3118347f0
0x55c311834ee0
0x55c311834f30
generation 3
0x55c3118347f0
0x55c311834ee0
0x55c311834f30
0x55c3118347f0
0x55c311834ee0
0x55c311834f30
generation 4
0x55c3118347f0
0x55c311834ee0
0x55c311834f30
0x55c3118347f0
0x55c311834ee0
0x55c311834f30
generation 5
0x55c3118347f0
0x55c311834ee0
0x55c311834f30
0x55c3118bc990
0x55c3118347f0
0x55c311834ee0
0x55c311834f30
0x55c3118bc990
generation 6
0x55c3118347f0
0x55c311834ee0
0x55c311834f30
0x55c3118347f0
0x55c311834ee0
0x55c311834f30
generation 7
0x55c3118347f0
0x55c311834ee0
0x55c311834f30
0x55c3118347f0
0x55c311834ee0
0x55c311834f30
generation 8
0x55c3118347f0
0x55c311834f30
0x55c3118347f0
0x55c311834f30
generation 9
0x55c3118347f0
0x55c311834f30
0x55c3118347f0
0x55c311834f30
generation 10
0x55c3118347f0
0x55c311834f30
0x55c3118347f0
0x55c311834f30
generation 11
0x55c3118347f0
0x55c311834f30
0x55c311834ee0
0x55c3118347f0
0x55c311834f30
0x55c311834ee0
generation 12
0x55c3118347f0
0x55c311834f30
0x55c3118347f0
0x55c311834f30
generation 13
0x55c3118347f0
0x55c311834f30
0x55c3118347f0
0x55c311834f30
generation 14
0x55c3118347f0
0x55c311834f30
0x55c3118347f0
0x55c311834f30
generation 15
0x55c3118347f0
0x55c3118347f0
generation 16
0x55c3118347f0
0x55c3118347f0
generation 17
0x55c3118347f0
0x55c3118347f0
generation 18
0x55c3118347f0
0x55c3118347f0
generation 19
0x55c3118347f0
0x55c3118347f0
generation 20
0x55c3118347f0
0x55c3118347f0
generation 21
0x55c3118347f0
0x55c311834f30
0x55c3118347f0
0x55c311834f30
generation 22
0x55c3118347f0
0x55c311834f30
0x55c3118347f0
0x55c311834f30
generation 23
0x55c3118347f0
0x55c3118347f0
generation 24
0x55c3118347f0
0x55c3118347f0
generation 25
0x55c3118347f0
0x55c3118347f0
generation 26
0x55c3118347f0
0x55c3118347f0
generation 27
0x55c3118347f0
0x55c311834f30
0x55c3118347f0
0x55c311834f30
generation 28
0x55c3118347f0
0x55c311834f30
0x55c3118347f0
0x55c311834f30
generation 29
0x55c3118347f0
0x55c311834f30
0x55c3118347f0
0x55c311834f30
generation 30
0x55c3118347f0
0x55c311834f30
0x55c3118347f0
0x55c311834f30
generation 31
0x55c3118347f0
0x55c311834f30
0x55c3118347f0
0x55c311834f30
generation 32
0x55c3118347f0
0x55c311834f30
0x55c3118347f0
0x55c311834f30
generation 33
0x55c3118347f0
0x55c311834f30
0x55c311834ee0
0x55c3118347f0
0x55c311834f30
0x55c311834ee0
generation 34
0x55c3118347f0
0x55c311834f30
0x55c311834ee0
0x55c3118bc990
0x55c3118347f0
0x55c311834f30
0x55c311834ee0
0x55c3118bc990
generation 35
0x55c3118347f0
0x55c311834f30
0x55c3118bc990
0x55c3118347f0
0x55c311834f30
0x55c3118bc990
generation 36
0x55c3118347f0
0x55c311834f30
0x55c3118bc990
0x55c3118347f0
0x55c311834f30
0x55c3118bc990
generation 37
0x55c3118347f0
0x55c311834f30
0x55c3118bc990
0x55c311834ee0
0x55c3118347f0
0x55c311834f30
0x55c3118bc990
0x55c311834ee0
generation 38
0x55c3118347f0
0x55c311834f30
0x55c3118bc990
0x55c311834ee0
0x55c3118bc750
0x55c3118347f0
0x55c311834f30
0x55c3118bc990
0x55c311834ee0
0x55c3118bc750
generation 39
0x55c3118347f0
0x55c311834f30
0x55c311834ee0
0x55c3118bc750
0x55c3118347f0
0x55c311834f30
0x55c311834ee0
0x55c3118bc750
generation 40
0x55c3118347f0
0x55c311834f30
0x55c3118bc750
0x55c3118347f0
0x55c311834f30
0x55c3118bc750
generation 41
0x55c3118347f0
0x55c311834f30
0x55c3118bc750
0x55c3118347f0
0x55c311834f30
0x55c3118bc750
generation 42
0x55c3118347f0
0x55c311834f30
0x55c3118bc750
0x55c3118347f0
0x55c311834f30
0x55c3118bc750
generation 43
0x55c3118347f0
0x55c311834f30
0x55c3118bc750
0x55c3118347f0
0x55c311834f30
0x55c3118bc750
generation 44
0x55c3118347f0
0x55c311834f30
0x55c3118bc750
0x55c3118347f0
0x55c311834f30
0x55c3118bc750
generation 45
0x55c3118347f0
0x55c311834f30
0x55c3118bc750
0x55c3118347f0
0x55c311834f30
0x55c3118bc750
generation 46
0x55c3118347f0
0x55c311834f30
0x55c3118bc750
0x55c3118347f0
0x55c311834f30
0x55c3118bc750
generation 47
0x55c3118347f0
0x55c311834f30
0x55c3118bc750
0x55c3118347f0
0x55c311834f30
0x55c3118bc750
generation 48
0x55c3118347f0
0x55c311834f30
0x55c3118347f0
0x55c311834f30
generation 49
0x55c3118347f0
0x55c311834f30
0x55c3118347f0
0x55c311834f30
generation 50
0x55c3118347f0
0x55c311834f30
0x55c3118347f0
0x55c311834f30
generation 51
0x55c3118347f0
0x55c311834f30
0x55c3118347f0
0x55c311834f30
generation 52
0x55c3118347f0
0x55c311834f30
0x55c3118347f0
0x55c311834f30
generation 53
0x55c3118347f0
0x55c311834f30
0x55c3118347f0
0x55c311834f30
generation 54
0x55c3118347f0
0x55c311834f30
0x55c3118347f0
0x55c311834f30
generation 55
0x55c3118347f0
0x55c311834f30
0x55c3118bc750
0x55c3118347f0
0x55c311834f30
0x55c3118bc750
generation 56
0x55c3118347f0
0x55c311834f30
0x55c3118347f0
0x55c311834f30
generation 57
0x55c3118347f0
0x55c311834f30
0x55c3118347f0
0x55c311834f30
generation 58
0x55c3118347f0
0x55c311834f30
0x55c3118347f0
0x55c311834f30
generation 59
0x55c3118347f0
0x55c311834f30
0x55c3118347f0
0x55c311834f30
generation 60
0x55c3118347f0
0x55c311834f30
0x55c3118347f0
0x55c311834f30
generation 61
0x55c3118347f0
0x55c311834f30
0x55c3118347f0
0x55c311834f30
generation 62
0x55c3118347f0
0x55c311834f30
0x55c3118347f0
0x55c311834f30
generation 63
0x55c3118347f0
0x55c311834f30
0x55c3118347f0
0x55c311834f30
generation 64
0x55c3118347f0
0x55c311834f30
0x55c3118347f0
0x55c311834f30
generation 65
0x55c3118347f0
0x55c311834f30
0x55c3118347f0
0x55c311834f30
generation 66
0x55c3118347f0
0x55c311834f30
0x55c3118bc750
0x55c3118347f0
0x55c311834f30
0x55c3118bc750
generation 67
0x55c3118347f0
0x55c311834f30
0x55c3118bc750
0x55c3118347f0
0x55c311834f30
0x55c3118bc750
generation 68
0x55c3118347f0
0x55c311834f30
0x55c3118347f0
0x55c311834f30
generation 69
0x55c3118347f0
0x55c311834f30
0x55c3118347f0
0x55c311834f30
generation 70
0x55c3118347f0
0x55c311834f30
0x55c3118347f0
0x55c311834f30
generation 71
0x55c3118347f0
0x55c311834f30
0x55c3118347f0
0x55c311834f30
generation 72
0x55c3118347f0
0x55c311834f30
0x55c3118347f0
0x55c311834f30
generation 73
0x55c3118347f0
0x55c311834f30
0x55c3118bc750
0x55c3118347f0
0x55c311834f30
0x55c3118bc750
generation 74
0x55c3118347f0
0x55c311834f30
0x55c3118bc750
0x55c311834ee0
0x55c3118347f0
0x55c311834f30
0x55c3118bc750
0x55c311834ee0
generation 75
0x55c3118347f0
0x55c311834f30
0x55c3118bc750
0x55c311834ee0
0x55c3118347f0
0x55c311834f30
0x55c3118bc750
0x55c311834ee0
generation 76
0x55c3118347f0
0x55c311834f30
0x55c3118bc750
0x55c311834ee0
0x55c3118347f0
0x55c311834f30
0x55c3118bc750
0x55c311834ee0
generation 77
0x55c3118347f0
0x55c311834f30
0x55c3118bc750
0x55c3118347f0
0x55c311834f30
0x55c3118bc750
generation 78
0x55c3118347f0
0x55c311834f30
0x55c3118bc750
0x55c3118347f0
0x55c311834f30
0x55c3118bc750
generation 79
0x55c3118347f0
0x55c311834f30
0x55c3118bc750
0x55c3118347f0
0x55c311834f30
0x55c3118bc750
generation 80
0x55c3118347f0
0x55c311834f30
0x55c3118bc750
0x55c3118347f0
0x55c311834f30
0x55c3118bc750
generation 81
0x55c3118347f0
0x55c311834f30
0x55c3118bc750
0x55c3118347f0
0x55c311834f30
0x55c3118bc750
generation 82
0x55c3118347f0
0x55c311834f30
0x55c3118bc750
0x55c3118347f0
0x55c311834f30
0x55c3118bc750
generation 83
0x55c3118347f0
0x55c311834f30
0x55c3118bc750
0x55c3118347f0
0x55c311834f30
0x55c3118bc750
generation 84
0x55c3118347f0
0x55c311834f30
0x55c3118bc750
0x55c3118347f0
0x55c311834f30
0x55c3118bc750
generation 85
0x55c3118347f0
0x55c311834f30
0x55c3118bc750
0x55c311834ee0
0x55c3118347f0
0x55c311834f30
0x55c3118bc750
0x55c311834ee0
generation 86
0x55c3118347f0
0x55c311834f30
0x55c3118bc750
0x55c311834ee0
0x55c3118347f0
0x55c311834f30
0x55c3118bc750
0x55c311834ee0
generation 87
0x55c3118347f0
0x55c311834f30
0x55c3118bc750
0x55c3118347f0
0x55c311834f30
0x55c3118bc750
generation 88
0x55c3118347f0
0x55c311834f30
0x55c3118bc750
0x55c3118347f0
0x55c311834f30
0x55c3118bc750
generation 89
0x55c3118347f0
0x55c3118bc750
0x55c3118347f0
0x55c3118bc750
generation 90
0x55c3118347f0
0x55c3118bc750
0x55c3118347f0
0x55c3118bc750
generation 91
0x55c3118347f0
0x55c3118bc750
0x55c3118347f0
0x55c3118bc750
generation 92
0x55c3118347f0
0x55c3118bc750
0x55c3118347f0
0x55c3118bc750
generation 93
0x55c3118347f0
0x55c3118bc750
0x55c3118347f0
0x55c3118bc750
generation 94
0x55c3118347f0
0x55c3118bc750
0x55c3118347f0
0x55c3118bc750
generation 95
0x55c3118347f0
0x55c3118bc750
0x55c311834f30
0x55c3118347f0
0x55c3118bc750
0x55c311834f30
generation 96
0x55c3118347f0
0x55c3118bc750
0x55c3118347f0
0x55c3118bc750
generation 97
0x55c3118347f0
0x55c3118bc750
0x55c3118347f0
0x55c3118bc750
generation 98
0x55c3118347f0
0x55c3118bc750
0x55c3118347f0
0x55c3118bc750
generation 99
0x55c3118347f0
0x55c3118bc750
0x55c3118347f0
0x55c3118bc750
generation 100
0x55c3118347f0
0x55c3118bc750
0x55c3118347f0
0x55c3118bc750
generation 101
0x55c3118347f0
0x55c3118bc750
0x55c311834f30
0x55c3118347f0
0x55c3118bc750
0x55c311834f30
generation 102
0x55c3118347f0
0x55c3118bc750
0x55c311834f30
0x55c3118347f0
0x55c3118bc750
0x55c311834f30
generation 103
0x55c3118347f0
0x55c3118bc750
0x55c311834f30
0x55c3118347f0
0x55c3118bc750
0x55c311834f30
generation 104
0x55c3118347f0
0x55c3118bc750
0x55c311834f30
0x55c3118347f0
0x55c3118bc750
0x55c311834f30
generation 105
0x55c3118347f0
0x55c3118bc750
0x55c311834f30
0x55c311834ee0
0x55c3118347f0
0x55c3118bc750
0x55c311834f30
0x55c311834ee0
generation 106
0x55c3118347f0
0x55c311834f30
0x55c311834ee0
0x55c3118347f0
0x55c311834f30
0x55c311834ee0
generation 107
0x55c3118347f0
0x55c311834f30
0x55c3118347f0
0x55c311834f30
generation 108
0x55c3118347f0
0x55c311834f30
0x55c311834ee0
0x55c3118347f0
0x55c311834f30
0x55c311834ee0
generation 109
0x55c3118347f0
0x55c311834f30
0x55c311834ee0
0x55c3118bc750
0x55c3118347f0
0x55c311834f30
0x55c311834ee0
0x55c3118bc750
generation 110
0x55c3118347f0
0x55c311834f30
0x55c311834ee0
0x55c3118347f0
0x55c311834f30
0x55c311834ee0
generation 111
0x55c3118347f0
0x55c311834f30
0x55c311834ee0
0x55c3118bc750
0x55c3118347f0
0x55c311834f30
0x55c311834ee0
0x55c3118bc750
generation 112
0x55c3118347f0
0x55c311834f30
0x55c311834ee0
0x55c3118bc750
0x55c3118347f0
0x55c311834f30
0x55c311834ee0
0x55c3118bc750
generation 113
0x55c3118347f0
0x55c311834f30
0x55c3118bc750
0x55c3118347f0
0x55c311834f30
0x55c3118bc750
generation 114
0x55c3118347f0
0x55c311834f30
0x55c3118bc750
0x55c3118347f0
0x55c311834f30
0x55c3118bc750
generation 115
0x55c3118347f0
0x55c311834f30
0x55c3118347f0
0x55c311834f30
generation 116
0x55c3118347f0
0x55c311834f30
0x55c3118bc750
0x55c3118347f0
0x55c311834f30
0x55c3118bc750
generation 117
0x55c3118347f0
0x55c311834f30
0x55c3118bc750
0x55c3118347f0
0x55c311834f30
0x55c3118bc750
generation 118
0x55c3118347f0
0x55c311834f30
0x55c3118bc750
0x55c311834ee0
0x55c3118347f0
0x55c311834f30
0x55c3118bc750
0x55c311834ee0
generation 119
0x55c3118347f0
0x55c311834f30
0x55c3118bc750
0x55c3118347f0
0x55c311834f30
0x55c3118bc750
generation 120
0x55c3118347f0
0x55c311834f30
0x55c3118bc750
0x55c3118347f0
0x55c311834f30
0x55c3118bc750
generation 121
0x55c3118347f0
0x55c311834f30
0x55c3118bc750
0x55c3118347f0
0x55c311834f30
0x55c3118bc750
generation 122
0x55c3118347f0
0x55c311834f30
0x55c3118bc750
0x55c3118347f0
0x55c311834f30
0x55c3118bc750
generation 123
0x55c3118347f0
0x55c311834f30
0x55c3118bc750
0x55c3118347f0
0x55c311834f30
0x55c3118bc750
generation 124
0x55c3118347f0
0x55c311834f30
0x55c3118bc750
0x55c311834ee0
0x55c3118347f0
0x55c311834f30
0x55c3118bc750
0x55c311834ee0
generation 125
0x55c3118347f0
0x55c311834f30
0x55c3118bc750
0x55c311834ee0
0x55c3118347f0
0x55c311834f30
0x55c3118bc750
0x55c311834ee0
generation 126
0x55c3118347f0
0x55c311834f30
0x55c3118bc750
0x55c311834ee0
0x55c3118347f0
0x55c311834f30
0x55c3118bc750
0x55c311834ee0
generation 127
0x55c3118347f0
0x55c311834f30
0x55c3118bc750
0x55c311834ee0
0x55c3118347f0
0x55c311834f30
0x55c3118bc750
0x55c311834ee0
generation 128
0x55c3118347f0
0x55c311834f30
0x55c3118bc750
0x55c311834ee0
0x55c3118347f0
0x55c311834f30
0x55c3118bc750
0x55c311834ee0
generation 129
0x55c3118347f0
0x55c311834f30
0x55c311834ee0
0x55c3118347f0
0x55c311834f30
0x55c311834ee0
generation 130
0x55c3118347f0
0x55c311834f30
0x55c311834ee0
0x55c3118347f0
0x55c311834f30
0x55c311834ee0
generation 131
0x55c3118347f0
0x55c311834f30
0x55c311834ee0
0x55c3118347f0
0x55c311834f30
0x55c311834ee0
generation 132
0x55c3118347f0
0x55c311834f30
0x55c3118347f0
0x55c311834f30
generation 133
0x55c3118347f0
0x55c311834f30
0x55c311834ee0
0x55c3118347f0
0x55c311834f30
0x55c311834ee0
generation 134
0x55c3118347f0
0x55c311834f30
0x55c3118347f0
0x55c311834f30
generation 135
0x55c3118347f0
0x55c311834f30
0x55c3118347f0
0x55c311834f30
generation 136
0x55c3118347f0
0x55c311834f30
0x55c3118347f0
0x55c311834f30
generation 137
0x55c3118347f0
0x55c311834f30
0x55c3118347f0
0x55c311834f30
generation 138
0x55c3118347f0
0x55c311834f30
0x55c3118347f0
0x55c311834f30
generation 139
0x55c3118347f0
0x55c311834f30
0x55c3118347f0
0x55c311834f30
generation 140
0x55c3118347f0
0x55c311834f30
0x55c311834ee0
0x55c3118bc750
0x55c3118347f0
0x55c311834f30
0x55c311834ee0
0x55c3118bc750
generation 141
0x55c3118347f0
0x55c311834f30
0x55c311834ee0
0x55c3118347f0
0x55c311834f30
0x55c311834ee0
generation 142
0x55c3118347f0
0x55c311834f30
0x55c311834ee0
0x55c3118347f0
0x55c311834f30
0x55c311834ee0
generation 143
0x55c3118347f0
0x55c311834f30
0x55c311834ee0
0x55c3118347f0
0x55c311834f30
0x55c311834ee0
generation 144
0x55c3118347f0
0x55c311834f30
0x55c311834ee0
0x55c3118347f0
0x55c311834f30
0x55c311834ee0
generation 145
0x55c3118347f0
0x55c311834f30
0x55c311834ee0
0x55c3118bc750
0x55c3118347f0
0x55c311834f30
0x55c311834ee0
0x55c3118bc750
generation 146
0x55c3118347f0
0x55c311834f30
0x55c311834ee0
0x55c3118bc750
0x55c3118347f0
0x55c311834f30
0x55c311834ee0
0x55c3118bc750
generation 147
0x55c3118347f0
0x55c311834f30
0x55c311834ee0
0x55c3118bc750
0x55c3118347f0
0x55c311834f30
0x55c311834ee0
0x55c3118bc750
generation 148
0x55c3118347f0
0x55c311834f30
0x55c311834ee0
0x55c3118347f0
0x55c311834f30
0x55c311834ee0
generation 149
0x55c3118347f0
0x55c311834f30
0x55c311834ee0
0x55c3118347f0
0x55c311834f30
0x55c311834ee0
generation 150
0x55c3118347f0
0x55c311834f30
0x55c311834ee0
0x55c3118347f0
0x55c311834f30
0x55c311834ee0
generation 151
0x55c3118347f0
0x55c311834f30
0x55c311834ee0
0x55c3118347f0
0x55c311834f30
0x55c311834ee0
generation 152
0x55c3118347f0
0x55c311834f30
0x55c3118347f0
0x55c311834f30
generation 153
0x55c3118347f0
0x55c311834f30
0x55c3118347f0
0x55c311834f30
generation 154
0x55c3118347f0
0x55c311834f30
0x55c3118347f0
0x55c311834f30
generation 155
0x55c3118347f0
0x55c311834f30
0x55c3118347f0
0x55c311834f30
generation 156
0x55c3118347f0
0x55c311834f30
0x55c3118347f0
0x55c311834f30
generation 157
0x55c3118347f0
0x55c311834f30
0x55c3118347f0
0x55c311834f30
generation 158
0x55c3118347f0
0x55c311834f30
0x55c3118347f0
0x55c311834f30
generation 159
0x55c3118347f0
0x55c311834f30
0x55c3118347f0
0x55c311834f30
generation 160
0x55c3118347f0
0x55c311834f30
0x55c3118347f0
0x55c311834f30
generation 161
0x55c3118347f0
0x55c311834f30
0x55c3118347f0
0x55c311834f30
generation 162
0x55c3118347f0
0x55c311834f30
0x55c3118347f0
0x55c311834f30
generation 163
0x55c3118347f0
0x55c311834f30
0x55c3118347f0
0x55c311834f30
generation 164
0x55c3118347f0
0x55c311834f30
0x55c3118347f0
0x55c311834f30
generation 165
0x55c3118347f0
0x55c311834f30
0x55c3118347f0
0x55c311834f30
generation 166
0x55c3118347f0
0x55c311834f30
0x55c3118347f0
0x55c311834f30
generation 167
0x55c3118347f0
0x55c311834f30
0x55c3118347f0
0x55c311834f30
generation 168
0x55c3118347f0
0x55c311834f30
0x55c3118347f0
0x55c311834f30
generation 169
0x55c3118347f0
0x55c311834f30
0x55c3118347f0
0x55c311834f30
generation 170
0x55c3118347f0
0x55c311834f30
0x55c3118347f0
0x55c311834f30
generation 171
0x55c3118347f0
0x55c311834f30
0x55c3118347f0
0x55c311834f30
generation 172
0x55c3118347f0
0x55c311834f30
0x55c311834ee0
0x55c3118347f0
0x55c311834f30
0x55c311834ee0
generation 173
0x55c3118347f0
0x55c311834f30
0x55c3118347f0
0x55c311834f30
generation 174
0x55c3118347f0
0x55c311834f30
0x55c311834ee0
0x55c3118347f0
0x55c311834f30
0x55c311834ee0
generation 175
0x55c3118347f0
0x55c311834f30
0x55c311834ee0
0x55c3118bc750
0x55c3118347f0
0x55c311834f30
0x55c311834ee0
0x55c3118bc750
generation 176
0x55c3118347f0
0x55c311834f30
0x55c311834ee0
0x55c3118347f0
0x55c311834f30
0x55c311834ee0
generation 177
0x55c3118347f0
0x55c311834f30
0x55c311834ee0
0x55c3118347f0
0x55c311834f30
0x55c311834ee0
generation 178
0x55c3118347f0
0x55c311834f30
0x55c311834ee0
0x55c3118347f0
0x55c311834f30
0x55c311834ee0
generation 179
0x55c3118347f0
0x55c311834f30
0x55c311834ee0
0x55c3118347f0
0x55c311834f30
0x55c311834ee0
generation 180
0x55c3118347f0
0x55c311834f30
0x55c311834ee0
0x55c3118bc750
0x55c3118bc990
0x55c3118347f0
0x55c311834f30
0x55c311834ee0
0x55c3118bc750
0x55c3118bc990
generation 181
0x55c3118347f0
0x55c311834f30
0x55c311834ee0
0x55c3118bc750
0x55c3118347f0
0x55c311834f30
0x55c311834ee0
0x55c3118bc750
generation 182
0x55c3118347f0
0x55c311834f30
0x55c311834ee0
0x55c3118bc750
0x55c3118347f0
0x55c311834f30
0x55c311834ee0
0x55c3118bc750
generation 183
0x55c3118347f0
0x55c311834f30
0x55c311834ee0
0x55c3118bc750
0x55c3118347f0
0x55c311834f30
0x55c311834ee0
0x55c3118bc750
generation 184
0x55c3118347f0
0x55c311834f30
0x55c311834ee0
0x55c3118347f0
0x55c311834f30
0x55c311834ee0
generation 185
0x55c3118347f0
0x55c311834f30
0x55c311834ee0
0x55c3118347f0
0x55c311834f30
0x55c311834ee0
generation 186
0x55c3118347f0
0x55c311834f30
0x55c3118347f0
0x55c311834f30
generation 187
0x55c3118347f0
0x55c311834f30
0x55c3118347f0
0x55c311834f30
generation 188
0x55c3118347f0
0x55c311834f30
0x55c3118347f0
0x55c311834f30
generation 189
0x55c3118347f0
0x55c311834f30
0x55c3118347f0
0x55c311834f30
generation 190
0x55c3118347f0
0x55c311834f30
0x55c3118347f0
0x55c311834f30
generation 191
0x55c3118347f0
0x55c311834f30
0x55c311834ee0
0x55c3118347f0
0x55c311834f30
0x55c311834ee0
generation 192
0x55c3118347f0
0x55c311834f30
0x55c311834ee0
0x55c3118347f0
0x55c311834f30
0x55c311834ee0
generation 193
0x55c3118347f0
0x55c311834f30
0x55c311834ee0
0x55c3118347f0
0x55c311834f30
0x55c311834ee0
generation 194
0x55c3118347f0
0x55c311834f30
0x55c311834ee0
0x55c3118bc750
0x55c3118347f0
0x55c311834f30
0x55c311834ee0
0x55c3118bc750
generation 195
0x55c3118347f0
0x55c311834f30
0x55c3118347f0
0x55c311834f30
generation 196
0x55c3118347f0
0x55c311834f30
0x55c3118347f0
0x55c311834f30
generation 197
0x55c3118347f0
0x55c311834f30
0x55c3118bc750
0x55c3118347f0
0x55c311834f30
0x55c3118bc750
generation 198
0x55c3118347f0
0x55c311834f30
0x55c3118bc750
0x55c3118347f0
0x55c311834f30
0x55c3118bc750
generation 199
0x55c3118347f0
0x55c311834f30
0x55c3118bc750
0x55c3118347f0
0x55c311834f30
0x55c3118bc750
generation 200
0x55c3118347f0
0x55c311834f30
0x55c3118bc750
0x55c311834ee0
0x55c3118347f0
0x55c311834f30
0x55c3118bc750
0x55c311834ee0
generation 201
0x55c3118347f0
0x55c311834f30
0x55c3118bc750
0x55c311834ee0
0x55c3118bc990
0x55c3118347f0
0x55c311834f30
0x55c3118bc750
0x55c311834ee0
0x55c3118bc990
generation 202
0x55c3118347f0
0x55c311834f30
0x55c3118bc750
0x55c311834ee0
0x55c3118bc990
0x55c3118347f0
0x55c311834f30
0x55c3118bc750
0x55c311834ee0
0x55c3118bc990
generation 203
0x55c3118347f0
0x55c311834f30
0x55c3118bc750
0x55c311834ee0
0x55c3118bc990
0x55c3118347f0
0x55c311834f30
0x55c3118bc750
0x55c311834ee0
0x55c3118bc990
generation 204
0x55c3118347f0
0x55c311834f30
0x55c3118bc750
0x55c311834ee0
0x55c3118bc990
0x55c3118347f0
0x55c311834f30
0x55c3118bc750
0x55c311834ee0
0x55c3118bc990
generation 205
0x55c3118347f0
0x55c311834f30
0x55c3118bc750
0x55c3118347f0
0x55c311834f30
0x55c3118bc750
generation 206
0x55c3118347f0
0x55c311834f30
0x55c3118bc750
0x55c3118347f0
0x55c311834f30
0x55c3118bc750
generation 207
0x55c3118347f0
0x55c311834f30
0x55c3118bc750
0x55c3118347f0
0x55c311834f30
0x55c3118bc750
generation 208
0x55c3118347f0
0x55c311834f30
0x55c3118bc750
0x55c3118347f0
0x55c311834f30
0x55c3118bc750
generation 209
0x55c3118347f0
0x55c311834f30
0x55c3118bc750
0x55c3118347f0
0x55c311834f30
0x55c3118bc750
generation 210
0x55c3118347f0
0x55c311834f30
0x55c3118bc750
0x55c3118347f0
0x55c311834f30
0x55c3118bc750
generation 211
0x55c3118347f0
0x55c311834f30
0x55c3118bc750
0x55c3118347f0
0x55c311834f30
0x55c3118bc750
generation 212
0x55c3118347f0
0x55c311834f30
0x55c3118bc750
0x55c3118347f0
0x55c311834f30
0x55c3118bc750
generation 213
0x55c3118347f0
0x55c311834f30
0x55c3118bc750
0x55c3118347f0
0x55c311834f30
0x55c3118bc750
generation 214
0x55c3118347f0
0x55c311834f30
0x55c3118bc750
0x55c3118bc990
0x55c3118347f0
0x55c311834f30
0x55c3118bc750
0x55c3118bc990
generation 215
0x55c3118347f0
0x55c311834f30
0x55c3118bc750
0x55c3118bc990
0x55c311834ee0
0x55c3118347f0
0x55c311834f30
0x55c3118bc750
0x55c3118bc990
0x55c311834ee0
generation 216
0x55c3118347f0
0x55c311834f30
0x55c3118bc750
0x55c3118bc990
0x55c311834ee0
0x55c3118347f0
0x55c311834f30
0x55c3118bc750
0x55c3118bc990
0x55c311834ee0
generation 217
0x55c3118347f0
0x55c311834f30
0x55c3118bc750
0x55c3118bc990
0x55c311834ee0
0x55c3118347f0
0x55c311834f30
0x55c3118bc750
0x55c3118bc990
0x55c311834ee0
generation 218
0x55c3118347f0
0x55c311834f30
0x55c3118bc750
0x55c3118bc990
0x55c311834ee0
0x55c3118347f0
0x55c311834f30
0x55c3118bc750
0x55c3118bc990
0x55c311834ee0
generation 219
0x55c3118347f0
0x55c311834f30
0x55c3118bc750
0x55c3118bc990
0x55c311834ee0
0x55c3118347f0
0x55c311834f30
0x55c3118bc750
0x55c3118bc990
0x55c311834ee0
generation 220
0x55c3118347f0
0x55c311834f30
0x55c3118bc750
0x55c3118bc990
0x55c311834ee0
0x55c3118347f0
0x55c311834f30
0x55c3118bc750
0x55c3118bc990
0x55c311834ee0
generation 221
0x55c3118347f0
0x55c311834f30
0x55c3118bc750
0x55c3118bc990
0x55c3118347f0
0x55c311834f30
0x55c3118bc750
0x55c3118bc990
generation 222
0x55c3118347f0
0x55c311834f30
0x55c3118bc750
0x55c3118347f0
0x55c311834f30
0x55c3118bc750
generation 223
0x55c3118347f0
0x55c311834f30
0x55c3118bc750
0x55c3118347f0
0x55c311834f30
0x55c3118bc750
generation 224
0x55c3118347f0
0x55c311834f30
0x55c3118bc750
0x55c3118bc990
0x55c3118347f0
0x55c311834f30
0x55c3118bc750
0x55c3118bc990
generation 225
0x55c3118347f0
0x55c311834f30
0x55c3118bc750
0x55c3118347f0
0x55c311834f30
0x55c3118bc750
generation 226
0x55c3118347f0
0x55c311834f30
0x55c3118bc750
0x55c3118347f0
0x55c311834f30
0x55c3118bc750
generation 227
0x55c3118347f0
0x55c311834f30
0x55c3118bc750
0x55c3118347f0
0x55c311834f30
0x55c3118bc750
generation 228
0x55c3118347f0
0x55c311834f30
0x55c3118bc750
0x55c3118347f0
0x55c311834f30
0x55c3118bc750
generation 229
0x55c3118347f0
0x55c311834f30
0x55c3118bc750
0x55c3118347f0
0x55c311834f30
0x55c3118bc750
generation 230
0x55c3118347f0
0x55c311834f30
0x55c3118bc750
0x55c3118347f0
0x55c311834f30
0x55c3118bc750
generation 231
0x55c3118347f0
0x55c311834f30
0x55c3118347f0
0x55c311834f30
generation 232
0x55c3118347f0
0x55c311834f30
0x55c3118347f0
0x55c311834f30
generation 233
0x55c3118347f0
0x55c311834f30
0x55c3118347f0
0x55c311834f30
generation 234
0x55c3118347f0
0x55c311834f30
0x55c3118347f0
0x55c311834f30
generation 235
0x55c3118347f0
0x55c311834f30
0x55c3118347f0
0x55c311834f30
generation 236
0x55c3118347f0
0x55c311834f30
0x55c3118347f0
0x55c311834f30
generation 237
0x55c3118347f0
0x55c311834f30
0x55c3118347f0
0x55c311834f30
generation 238
0x55c3118347f0
0x55c311834f30
0x55c3118347f0
0x55c311834f30
generation 239
0x55c3118347f0
0x55c311834f30
0x55c3118347f0
0x55c311834f30
generation 240
0x55c3118347f0
0x55c311834f30
0x55c3118347f0
0x55c311834f30
generation 241
0x55c3118347f0
0x55c311834f30
0x55c3118347f0
0x55c311834f30
generation 242
0x55c3118347f0
0x55c311834f30
0x55c3118347f0
0x55c311834f30
generation 243
0x55c3118347f0
0x55c311834f30
0x55c3118347f0
0x55c311834f30
generation 244
0x55c3118347f0
0x55c311834f30
0x55c3118347f0
0x55c311834f30
generation 245
0x55c3118347f0
0x55c311834f30
0x55c3118347f0
0x55c311834f30
generation 246
0x55c3118347f0
0x55c311834f30
0x55c3118bc750
0x55c3118bc990
0x55c3118347f0
0x55c311834f30
0x55c3118bc750
0x55c3118bc990
generation 247
0x55c3118347f0
0x55c311834f30
0x55c3118bc750
0x55c3118bc990
0x55c311834ee0
0x55c3118347f0
0x55c311834f30
0x55c3118bc750
0x55c3118bc990
0x55c311834ee0
generation 248
0x55c3118347f0
0x55c311834f30
0x55c3118bc750
0x55c3118bc990
0x55c3118347f0
0x55c311834f30
0x55c3118bc750
0x55c3118bc990
generation 249
0x55c3118347f0
0x55c311834f30
0x55c3118bc750
0x55c3118bc990
0x55c3118347f0
0x55c311834f30
0x55c3118bc750
0x55c3118bc990
generation 250
0x55c3118347f0
0x55c311834f30
0x55c3118bc750
0x55c3118bc990
0x55c3118347f0
0x55c311834f30
0x55c3118bc750
0x55c3118bc990
generation 251
0x55c3118347f0
0x55c311834f30
0x55c3118bc990
0x55c3118bc750
0x55c3118347f0
0x55c311834f30
0x55c3118bc990
0x55c3118bc750
generation 252
0x55c3118347f0
0x55c311834f30
0x55c3118347f0
0x55c311834f30
generation 253
0x55c3118347f0
0x55c311834f30
0x55c3118347f0
0x55c311834f30
generation 254
0x55c3118347f0
0x55c311834f30
0x55c3118347f0
0x55c311834f30
generation 255
0x55c3118347f0
0x55c311834f30
0x55c3118347f0
0x55c311834f30
generation 256
0x55c3118347f0
0x55c311834f30
0x55c3118347f0
0x55c311834f30
generation 257
0x55c3118347f0
0x55c311834f30
0x55c3118347f0
0x55c311834f30
generation 258
0x55c3118347f0
0x55c311834f30
0x55c3118347f0
0x55c311834f30
generation 259
0x55c3118347f0
0x55c311834f30
0x55c3118bc750
0x55c3118347f0
0x55c311834f30
0x55c3118bc750
generation 260
0x55c3118347f0
0x55c311834f30
0x55c3118bc750
0x55c3118bc990
0x55c3118347f0
0x55c311834f30
0x55c3118bc750
0x55c3118bc990
generation 261
0x55c3118347f0
0x55c311834f30
0x55c3118bc750
0x55c3118bc990
0x55c3118347f0
0x55c311834f30
0x55c3118bc750
0x55c3118bc990
generation 262
0x55c3118347f0
0x55c311834f30
0x55c3118bc750
0x55c3118bc990
0x55c3118347f0
0x55c311834f30
0x55c3118bc750
0x55c3118bc990
generation 263
0x55c3118347f0
0x55c311834f30
0x55c3118bc750
0x55c3118bc990
0x55c3118347f0
0x55c311834f30
0x55c3118bc750
0x55c3118bc990
generation 264
0x55c3118347f0
0x55c311834f30
0x55c3118bc750
0x55c3118bc990
0x55c3118347f0
0x55c311834f30
0x55c3118bc750
0x55c3118bc990
generation 265
0x55c3118347f0
0x55c311834f30
0x55c3118bc750
0x55c3118bc990
0x55c3118347f0
0x55c311834f30
0x55c3118bc750
0x55c3118bc990
generation 266
0x55c3118347f0
0x55c311834f30
0x55c3118bc750
0x55c3118bc990
0x55c3118347f0
0x55c311834f30
0x55c3118bc750
0x55c3118bc990
generation 267
0x55c3118347f0
0x55c311834f30
0x55c3118bc750
0x55c3118bc990
0x55c3118347f0
0x55c311834f30
0x55c3118bc750
0x55c3118bc990
generation 268
0x55c3118347f0
0x55c311834f30
0x55c3118bc750
0x55c3118bc990
0x55c311834ee0
0x55c3118347f0
0x55c311834f30
0x55c3118bc750
0x55c3118bc990
0x55c311834ee0
generation 269
0x55c3118347f0
0x55c311834f30
0x55c3118bc750
0x55c3118347f0
0x55c311834f30
0x55c3118bc750
generation 270
0x55c3118347f0
0x55c311834f30
0x55c3118bc750
0x55c3118347f0
0x55c311834f30
0x55c3118bc750
generation 271
0x55c3118347f0
0x55c311834f30
0x55c3118bc750
0x55c311834ee0
0x55c3118347f0
0x55c311834f30
0x55c3118bc750
0x55c311834ee0
generation 272
0x55c3118347f0
0x55c311834f30
0x55c3118bc750
0x55c311834ee0
0x55c3118347f0
0x55c311834f30
0x55c3118bc750
0x55c311834ee0
generation 273
0x55c3118347f0
0x55c311834f30
0x55c3118bc750
0x55c311834ee0
0x55c3118bc990
0x55c3118347f0
0x55c311834f30
0x55c3118bc750
0x55c311834ee0
0x55c3118bc990
generation 274
0x55c3118347f0
0x55c311834f30
0x55c3118bc750
0x55c311834ee0
0x55c3118bc990
0x55c3118347f0
0x55c311834f30
0x55c3118bc750
0x55c311834ee0
0x55c3118bc990
generation 275
0x55c3118347f0
0x55c311834f30
0x55c3118bc750
0x55c311834ee0
0x55c3118bc990
0x55c3118347f0
0x55c311834f30
0x55c3118bc750
0x55c311834ee0
0x55c3118bc990
generation 276
0x55c3118347f0
0x55c311834f30
0x55c3118bc750
0x55c3118bc990
0x55c3118347f0
0x55c311834f30
0x55c3118bc750
0x55c3118bc990
generation 277
0x55c3118347f0
0x55c311834f30
0x55c3118bc750
0x55c3118bc990
0x55c3118347f0
0x55c311834f30
0x55c3118bc750
0x55c3118bc990
generation 278
0x55c3118347f0
0x55c311834f30
0x55c3118bc750
0x55c3118bc990
0x55c3118347f0
0x55c311834f30
0x55c3118bc750
0x55c3118bc990
generation 279
0x55c3118347f0
0x55c311834f30
0x55c3118bc750
0x55c3118bc990
0x55c3118347f0
0x55c311834f30
0x55c3118bc750
0x55c3118bc990
generation 280
0x55c3118347f0
0x55c311834f30
0x55c3118bc750
0x55c3118bc990
0x55c3118347f0
0x55c311834f30
0x55c3118bc750
0x55c3118bc990
generation 281
0x55c3118347f0
0x55c311834f30
0x55c3118bc990
0x55c3118347f0
0x55c311834f30
0x55c3118bc990
generation 282
0x55c3118347f0
0x55c311834f30
0x55c3118bc990
0x55c3118347f0
0x55c311834f30
0x55c3118bc990
generation 283
0x55c3118347f0
0x55c311834f30
0x55c3118bc990
0x55c3118347f0
0x55c311834f30
0x55c3118bc990
generation 284
0x55c3118347f0
0x55c311834f30
0x55c3118bc990
0x55c3118347f0
0x55c311834f30
0x55c3118bc990
generation 285
0x55c3118347f0
0x55c311834f30
0x55c3118bc990
0x55c3118347f0
0x55c311834f30
0x55c3118bc990
generation 286
0x55c3118347f0
0x55c311834f30
0x55c3118bc990
0x55c3118347f0
0x55c311834f30
0x55c3118bc990
generation 287
0x55c3118347f0
0x55c311834f30
0x55c3118bc990
0x55c3118347f0
0x55c311834f30
0x55c3118bc990
generation 288
0x55c3118347f0
0x55c311834f30
0x55c3118bc990
0x55c3118bc750
0x55c3118347f0
0x55c311834f30
0x55c3118bc990
0x55c3118bc750
generation 289
0x55c3118347f0
0x55c311834f30
0x55c3118bc990
0x55c3118347f0
0x55c311834f30
0x55c3118bc990
generation 290
0x55c3118347f0
0x55c311834f30
0x55c3118bc990
0x55c3118347f0
0x55c311834f30
0x55c3118bc990
generation 291
0x55c3118347f0
0x55c311834f30
0x55c3118bc990
0x55c3118347f0
0x55c311834f30
0x55c3118bc990
generation 292
0x55c3118347f0
0x55c311834f30
0x55c3118bc990
0x55c3118347f0
0x55c311834f30
0x55c3118bc990
generation 293
0x55c3118347f0
0x55c311834f30
0x55c3118bc990
0x55c3118347f0
0x55c311834f30
0x55c3118bc990
generation 294
0x55c3118347f0
0x55c311834f30
0x55c3118bc990
0x55c3118bc750
0x55c3118347f0
0x55c311834f30
0x55c3118bc990
0x55c3118bc750
generation 295
0x55c3118347f0
0x55c311834f30
0x55c3118bc990
0x55c3118bc750
0x55c3118347f0
0x55c311834f30
0x55c3118bc990
0x55c3118bc750
generation 296
0x55c3118347f0
0x55c311834f30
0x55c3118bc990
0x55c3118bc750
0x55c3118347f0
0x55c311834f30
0x55c3118bc990
0x55c3118bc750
generation 297
0x55c3118347f0
0x55c311834f30
0x55c3118bc990
0x55c3118bc750
0x55c3118347f0
0x55c311834f30
0x55c3118bc990
0x55c3118bc750
generation 298
0x55c3118347f0
0x55c311834f30
0x55c3118bc990
0x55c3118bc750
0x55c3118347f0
0x55c311834f30
0x55c3118bc990
0x55c3118bc750
generation 299
0x55c3118347f0
0x55c311834f30
0x55c3118bc990
0x55c3118347f0
0x55c311834f30
0x55c3118bc990
generation 300
0x55c3118347f0
0x55c311834f30
0x55c3118bc990
0x55c3118347f0
0x55c311834f30
0x55c3118bc990
generation 301
0x55c3118347f0
0x55c311834f30
0x55c3118bc990
0x55c3118347f0
0x55c311834f30
0x55c3118bc990
generation 302
0x55c3118347f0
0x55c311834f30
0x55c3118bc990
0x55c3118347f0
0x55c311834f30
0x55c3118bc990
generation 303
0x55c3118347f0
0x55c311834f30
0x55c3118bc990
0x55c3118347f0
0x55c311834f30
0x55c3118bc990
generation 304
0x55c3118347f0
0x55c311834f30
0x55c3118bc990
0x55c3118347f0
0x55c311834f30
0x55c3118bc990
generation 305
0x55c3118347f0
0x55c311834f30
0x55c3118bc990
0x55c3118347f0
0x55c311834f30
0x55c3118bc990
generation 306
0x55c3118347f0
0x55c311834f30
0x55c3118bc990
0x55c3118347f0
0x55c311834f30
0x55c3118bc990
generation 307
0x55c3118347f0
0x55c311834f30
0x55c3118bc990
0x55c3118bc750
0x55c3118347f0
0x55c311834f30
0x55c3118bc990
0x55c3118bc750
generation 308
0x55c3118347f0
0x55c311834f30
0x55c3118bc990
0x55c3118347f0
0x55c311834f30
0x55c3118bc990
generation 309
0x55c3118347f0
0x55c311834f30
0x55c3118bc990
0x55c3118347f0
0x55c311834f30
0x55c3118bc990
generation 310
0x55c3118347f0
0x55c311834f30
0x55c3118bc990
0x55c3118bc750
0x55c3118347f0
0x55c311834f30
0x55c3118bc990
0x55c3118bc750
generation 311
0x55c3118347f0
0x55c311834f30
0x55c3118bc990
0x55c3118bc750
0x55c3118347f0
0x55c311834f30
0x55c3118bc990
0x55c3118bc750
generation 312
0x55c3118347f0
0x55c311834f30
0x55c3118bc990
0x55c3118bc750
0x55c311834ee0
0x55c3118347f0
0x55c311834f30
0x55c3118bc990
0x55c3118bc750
0x55c311834ee0
generation 313
0x55c3118347f0
0x55c311834f30
0x55c3118bc990
0x55c3118347f0
0x55c311834f30
0x55c3118bc990
generation 314
0x55c3118347f0
0x55c311834f30
0x55c3118bc990
0x55c3118347f0
0x55c311834f30
0x55c3118bc990
generation 315
0x55c3118347f0
0x55c311834f30
0x55c3118bc990
0x55c3118347f0
0x55c311834f30
0x55c3118bc990
generation 316
0x55c3118347f0
0x55c311834f30
0x55c3118bc990
0x55c3118347f0
0x55c311834f30
0x55c3118bc990
generation 317
0x55c3118347f0
0x55c311834f30
0x55c3118bc990
0x55c3118347f0
0x55c311834f30
0x55c3118bc990
generation 318
0x55c3118347f0
0x55c311834f30
0x55c3118bc990
0x55c3118347f0
0x55c311834f30
0x55c3118bc990
generation 319
0x55c3118347f0
0x55c311834f30
0x55c3118bc990
0x55c3118347f0
0x55c311834f30
0x55c3118bc990
generation 320
0x55c3118347f0
0x55c311834f30
0x55c3118bc990
0x55c311834ee0
0x55c3118347f0
0x55c311834f30
0x55c3118bc990
0x55c311834ee0
generation 321
0x55c3118347f0
0x55c311834f30
0x55c3118bc990
0x55c3118347f0
0x55c311834f30
0x55c3118bc990
generation 322
0x55c3118347f0
0x55c311834f30
0x55c3118bc990
0x55c3118347f0
0x55c311834f30
0x55c3118bc990
generation 323
0x55c3118347f0
0x55c311834f30
0x55c3118bc990
0x55c3118347f0
0x55c311834f30
0x55c3118bc990
generation 324
0x55c3118347f0
0x55c311834f30
0x55c3118bc990
0x55c3118347f0
0x55c311834f30
0x55c3118bc990
generation 325
0x55c3118347f0
0x55c311834f30
0x55c3118bc990
0x55c3118347f0
0x55c311834f30
0x55c3118bc990
generation 326
0x55c3118347f0
0x55c311834f30
0x55c3118bc990
0x55c311834ee0
0x55c3118347f0
0x55c311834f30
0x55c3118bc990
0x55c311834ee0
generation 327
0x55c3118347f0
0x55c311834f30
0x55c3118bc990
0x55c311834ee0
0x55c3118347f0
0x55c311834f30
0x55c3118bc990
0x55c311834ee0
generation 328
0x55c3118347f0
0x55c311834f30
0x55c3118bc990
0x55c311834ee0
0x55c3118347f0
0x55c311834f30
0x55c3118bc990
0x55c311834ee0
generation 329
0x55c3118347f0
0x55c311834f30
0x55c3118bc990
0x55c311834ee0
0x55c3118347f0
0x55c311834f30
0x55c3118bc990
0x55c311834ee0
generation 330
0x55c3118347f0
0x55c311834f30
0x55c3118bc990
0x55c311834ee0
0x55c3118347f0
0x55c311834f30
0x55c3118bc990
0x55c311834ee0
generation 331
0x55c3118347f0
0x55c311834f30
0x55c3118bc990
0x55c311834ee0
0x55c3118347f0
0x55c311834f30
0x55c3118bc990
0x55c311834ee0
generation 332
0x55c3118347f0
0x55c311834f30
0x55c3118bc990
0x55c311834ee0
0x55c3118347f0
0x55c311834f30
0x55c3118bc990
0x55c311834ee0
generation 333
0x55c3118347f0
0x55c311834f30
0x55c3118bc990
0x55c311834ee0
0x55c3118347f0
0x55c311834f30
0x55c3118bc990
0x55c311834ee0
generation 334
0x55c3118347f0
0x55c311834f30
0x55c3118bc990
0x55c311834ee0
0x55c3118347f0
0x55c311834f30
0x55c3118bc990
0x55c311834ee0
generation 335
0x55c3118347f0
0x55c311834f30
0x55c3118bc990
0x55c3118347f0
0x55c311834f30
0x55c3118bc990
generation 336
0x55c3118347f0
0x55c311834f30
0x55c3118bc990
0x55c3118347f0
0x55c311834f30
0x55c3118bc990
generation 337
0x55c3118347f0
0x55c311834f30
0x55c3118bc990
0x55c3118347f0
0x55c311834f30
0x55c3118bc990
generation 338
0x55c3118347f0
0x55c311834f30
0x55c3118bc990
0x55c3118347f0
0x55c311834f30
0x55c3118bc990
generation 339
0x55c3118347f0
0x55c311834f30
0x55c3118bc990
0x55c3118347f0
0x55c311834f30
0x55c3118bc990
generation 340
0x55c3118347f0
0x55c311834f30
0x55c3118bc990
0x55c3118347f0
0x55c311834f30
0x55c3118bc990
generation 341
0x55c3118347f0
0x55c311834f30
0x55c3118bc990
0x55c3118347f0
0x55c311834f30
0x55c3118bc990
generation 342
0x55c3118347f0
0x55c311834f30
0x55c3118bc990
0x55c3118347f0
0x55c311834f30
0x55c3118bc990
generation 343
0x55c3118347f0
0x55c311834f30
0x55c3118bc990
0x55c3118347f0
0x55c311834f30
0x55c3118bc990
generation 344
0x55c3118347f0
0x55c311834f30
0x55c3118bc990
0x55c311834ee0
0x55c3118bc750
0x55c3118347f0
0x55c311834f30
0x55c3118bc990
0x55c311834ee0
0x55c3118bc750
generation 345
0x55c3118347f0
0x55c311834f30
0x55c3118bc990
0x55c3118347f0
0x55c311834f30
0x55c3118bc990
generation 346
0x55c3118347f0
0x55c311834f30
0x55c3118bc990
0x55c3118347f0
0x55c311834f30
0x55c3118bc990
generation 347
0x55c3118347f0
0x55c311834f30
0x55c3118bc990
0x55c3118347f0
0x55c311834f30
0x55c3118bc990
generation 348
0x55c3118347f0
0x55c311834f30
0x55c3118bc990
0x55c3118347f0
0x55c311834f30
0x55c3118bc990
generation 349
0x55c3118347f0
0x55c311834f30
0x55c3118bc990
0x55c3118347f0
0x55c311834f30
0x55c3118bc990
generation 350
0x55c3118347f0
0x55c311834f30
0x55c3118bc990
0x55c3118347f0
0x55c311834f30
0x55c3118bc990
generation 351
0x55c3118347f0
0x55c311834f30
0x55c3118bc990
0x55c3118bc750
0x55c3118347f0
0x55c311834f30
0x55c3118bc990
0x55c3118bc750
generation 352
0x55c3118347f0
0x55c311834f30
0x55c3118bc990
0x55c3118bc750
0x55c3118347f0
0x55c311834f30
0x55c3118bc990
0x55c3118bc750
generation 353
0x55c3118347f0
0x55c311834f30
0x55c3118bc990
0x55c3118bc750
0x55c311834ee0
0x55c3118347f0
0x55c311834f30
0x55c3118bc990
0x55c3118bc750
0x55c311834ee0
generation 354
0x55c3118347f0
0x55c311834f30
0x55c3118bc990
0x55c3118bc750
0x55c3118347f0
0x55c311834f30
0x55c3118bc990
0x55c3118bc750
generation 355
0x55c3118347f0
0x55c311834f30
0x55c3118bc990
0x55c3118bc750
0x55c3118347f0
0x55c311834f30
0x55c3118bc990
0x55c3118bc750
generation 356
0x55c3118347f0
0x55c311834f30
0x55c3118bc990
0x55c3118bc750
0x55c3118347f0
0x55c311834f30
0x55c3118bc990
0x55c3118bc750
generation 357
0x55c3118347f0
0x55c311834f30
0x55c3118bc990
0x55c3118bc750
0x55c3118347f0
0x55c311834f30
0x55c3118bc990
0x55c3118bc750
generation 358
0x55c3118347f0
0x55c311834f30
0x55c3118bc990
0x55c3118bc750
0x55c3118347f0
0x55c311834f30
0x55c3118bc990
0x55c3118bc750
generation 359
0x55c3118347f0
0x55c311834f30
0x55c3118bc990
0x55c3118bc750
0x55c311834ee0
0x55c3118347f0
0x55c311834f30
0x55c3118bc990
0x55c3118bc750
0x55c311834ee0
generation 360
0x55c3118347f0
0x55c311834f30
0x55c3118bc990
0x55c3118bc750
0x55c311834ee0
0x55c3118bbdf0
0x55c3118347f0
0x55c311834f30
0x55c3118bc990
0x55c3118bc750
0x55c311834ee0
0x55c3118bbdf0
generation 361
0x55c3118347f0
0x55c311834f30
0x55c3118bc990
0x55c3118bc750
0x55c311834ee0
0x55c3118bbdf0
0x55c3118347f0
0x55c311834f30
0x55c3118bc990
0x55c3118bc750
0x55c311834ee0
0x55c3118bbdf0
generation 362
0x55c3118347f0
0x55c311834f30
0x55c3118bc990
0x55c3118bc750
0x55c311834ee0
0x55c3118bbdf0
0x55c3118347f0
0x55c311834f30
0x55c3118bc990
0x55c3118bc750
0x55c311834ee0
0x55c3118bbdf0
generation 363
0x55c3118347f0
0x55c311834f30
0x55c3118bc990
0x55c3118bc750
0x55c3118bbdf0
0x55c3118347f0
0x55c311834f30
0x55c3118bc990
0x55c3118bc750
0x55c3118bbdf0
generation 364
0x55c3118347f0
0x55c311834f30
0x55c3118bc750
0x55c3118bbdf0
0x55c3118347f0
0x55c311834f30
0x55c3118bc750
0x55c3118bbdf0
generation 365
0x55c3118347f0
0x55c311834f30
0x55c3118bc750
0x55c3118bbdf0
0x55c3118bc990
0x55c3118347f0
0x55c311834f30
0x55c3118bc750
0x55c3118bbdf0
0x55c3118bc990
generation 366
0x55c3118347f0
0x55c311834f30
0x55c3118bc750
0x55c3118bbdf0
0x55c3118bc990
0x55c3118347f0
0x55c311834f30
0x55c3118bc750
0x55c3118bbdf0
0x55c3118bc990
generation 367
0x55c3118347f0
0x55c311834f30
0x55c3118bc750
0x55c3118bbdf0
0x55c3118bc990
0x55c3118347f0
0x55c311834f30
0x55c3118bc750
0x55c3118bbdf0
0x55c3118bc990
generation 368
0x55c3118347f0
0x55c311834f30
0x55c3118bc750
0x55c3118bbdf0
0x55c3118bc990
0x55c3118347f0
0x55c311834f30
0x55c3118bc750
0x55c3118bbdf0
0x55c3118bc990
generation 369
0x55c3118347f0
0x55c311834f30
0x55c3118bc750
0x55c3118bbdf0
0x55c3118bc990
0x55c3118347f0
0x55c311834f30
0x55c3118bc750
0x55c3118bbdf0
0x55c3118bc990
generation 370
0x55c3118347f0
0x55c311834f30
0x55c3118bc750
0x55c3118bbdf0
0x55c3118347f0
0x55c311834f30
0x55c3118bc750
0x55c3118bbdf0
generation 371
0x55c3118347f0
0x55c311834f30
0x55c3118bc750
0x55c3118bbdf0
0x55c3118347f0
0x55c311834f30
0x55c3118bc750
0x55c3118bbdf0
generation 372
0x55c3118347f0
0x55c311834f30
0x55c3118bc750
0x55c3118bbdf0
0x55c3118347f0
0x55c311834f30
0x55c3118bc750
0x55c3118bbdf0
generation 373
0x55c3118347f0
0x55c311834f30
0x55c3118bc750
0x55c3118bbdf0
0x55c3118347f0
0x55c311834f30
0x55c3118bc750
0x55c3118bbdf0
generation 374
0x55c3118347f0
0x55c311834f30
0x55c3118bc750
0x55c3118bbdf0
0x55c3118347f0
0x55c311834f30
0x55c3118bc750
0x55c3118bbdf0
generation 375
0x55c3118347f0
0x55c311834f30
0x55c3118bbdf0
0x55c3118347f0
0x55c311834f30
0x55c3118bbdf0
generation 376
0x55c3118347f0
0x55c311834f30
0x55c3118bbdf0
0x55c3118bc750
0x55c3118347f0
0x55c311834f30
0x55c3118bbdf0
0x55c3118bc750
generation 377
0x55c3118347f0
0x55c311834f30
0x55c3118bbdf0
0x55c3118bc750
0x55c3118347f0
0x55c311834f30
0x55c3118bbdf0
0x55c3118bc750
generation 378
0x55c3118347f0
0x55c311834f30
0x55c3118bbdf0
0x55c3118bc750
0x55c3118347f0
0x55c311834f30
0x55c3118bbdf0
0x55c3118bc750
generation 379
0x55c3118347f0
0x55c311834f30
0x55c3118bbdf0
0x55c3118bc750
0x55c3118347f0
0x55c311834f30
0x55c3118bbdf0
0x55c3118bc750
generation 380
0x55c3118347f0
0x55c311834f30
0x55c3118bbdf0
0x55c3118bc750
0x55c3118347f0
0x55c311834f30
0x55c3118bbdf0
0x55c3118bc750
generation 381
0x55c3118347f0
0x55c311834f30
0x55c3118bbdf0
0x55c3118bc750
0x55c3118347f0
0x55c311834f30
0x55c3118bbdf0
0x55c3118bc750
generation 382
0x55c3118347f0
0x55c311834f30
0x55c3118bbdf0
0x55c3118bc750
0x55c3118bc990
0x55c3118347f0
0x55c311834f30
0x55c3118bbdf0
0x55c3118bc750
0x55c3118bc990
generation 383
0x55c3118347f0
0x55c311834f30
0x55c3118bbdf0
0x55c3118347f0
0x55c311834f30
0x55c3118bbdf0
generation 384
0x55c3118347f0
0x55c311834f30
0x55c3118bbdf0
0x55c3118347f0
0x55c311834f30
0x55c3118bbdf0
generation 385
0x55c3118347f0
0x55c311834f30
0x55c3118bbdf0
0x55c3118347f0
0x55c311834f30
0x55c3118bbdf0
generation 386
0x55c3118347f0
0x55c311834f30
0x55c3118bbdf0
0x55c3118bc990
0x55c3118bc750
0x55c3118347f0
0x55c311834f30
0x55c3118bbdf0
0x55c3118bc990
0x55c3118bc750
generation 387
0x55c3118347f0
0x55c311834f30
0x55c3118bbdf0
0x55c3118bc990
0x55c3118bc750
0x55c3118347f0
0x55c311834f30
0x55c3118bbdf0
0x55c3118bc990
0x55c3118bc750
generation 388
0x55c3118347f0
0x55c311834f30
0x55c3118bbdf0
0x55c3118bc990
0x55c3118bc750
0x55c3118347f0
0x55c311834f30
0x55c3118bbdf0
0x55c3118bc990
0x55c3118bc750
generation 389
0x55c3118347f0
0x55c311834f30
0x55c3118bbdf0
0x55c3118bc990
0x55c3118bc750
0x55c3118347f0
0x55c311834f30
0x55c3118bbdf0
0x55c3118bc990
0x55c3118bc750
generation 390
0x55c3118347f0
0x55c311834f30
0x55c3118bbdf0
0x55c3118bc990
0x55c3118bc750
0x55c3118347f0
0x55c311834f30
0x55c3118bbdf0
0x55c3118bc990
0x55c3118bc750
generation 391
0x55c3118347f0
0x55c311834f30
0x55c3118bbdf0
0x55c3118bc990
0x55c3118bc750
0x55c3118347f0
0x55c311834f30
0x55c3118bbdf0
0x55c3118bc990
0x55c3118bc750
generation 392
0x55c3118347f0
0x55c311834f30
0x55c3118bbdf0
0x55c3118bc990
0x55c3118347f0
0x55c311834f30
0x55c3118bbdf0
0x55c3118bc990
generation 393
0x55c3118347f0
0x55c311834f30
0x55c3118bbdf0
0x55c3118347f0
0x55c311834f30
0x55c3118bbdf0
generation 394
0x55c3118347f0
0x55c311834f30
0x55c3118bbdf0
0x55c3118347f0
0x55c311834f30
0x55c3118bbdf0
generation 395
0x55c3118347f0
0x55c311834f30
0x55c3118bbdf0
0x55c3118bc990
0x55c3118347f0
0x55c311834f30
0x55c3118bbdf0
0x55c3118bc990
generation 396
0x55c3118347f0
0x55c311834f30
0x55c3118bbdf0
0x55c3118347f0
0x55c311834f30
0x55c3118bbdf0
generation 397
0x55c3118347f0
0x55c311834f30
0x55c3118bbdf0
0x55c3118347f0
0x55c311834f30
0x55c3118bbdf0
generation 398
0x55c3118347f0
0x55c311834f30
0x55c3118bbdf0
0x55c3118347f0
0x55c311834f30
0x55c3118bbdf0
generation 399
0x55c3118347f0
0x55c311834f30
0x55c3118bbdf0
0x55c3118bc990
0x55c3118347f0
0x55c311834f30
0x55c3118bbdf0
0x55c3118bc990
generation 400
0x55c3118347f0
0x55c311834f30
0x55c3118bbdf0
0x55c3118347f0
0x55c311834f30
0x55c3118bbdf0
generation 401
0x55c3118347f0
0x55c311834f30
0x55c3118bbdf0
0x55c3118347f0
0x55c311834f30
0x55c3118bbdf0
generation 402
0x55c3118347f0
0x55c311834f30
0x55c3118bbdf0
0x55c3118347f0
0x55c311834f30
0x55c3118bbdf0
generation 403
0x55c3118347f0
0x55c311834f30
0x55c3118bbdf0
0x55c3118347f0
0x55c311834f30
0x55c3118bbdf0
generation 404
0x55c3118347f0
0x55c311834f30
0x55c3118bbdf0
0x55c3118bc990
0x55c3118347f0
0x55c311834f30
0x55c3118bbdf0
0x55c3118bc990
generation 405
0x55c3118347f0
0x55c311834f30
0x55c3118bbdf0
0x55c3118bc990
0x55c3118347f0
0x55c311834f30
0x55c3118bbdf0
0x55c3118bc990
generation 406
0x55c3118347f0
0x55c311834f30
0x55c3118bbdf0
0x55c3118bc990
0x55c3118347f0
0x55c311834f30
0x55c3118bbdf0
0x55c3118bc990
generation 407
0x55c3118347f0
0x55c311834f30
0x55c3118bbdf0
0x55c3118347f0
0x55c311834f30
0x55c3118bbdf0
generation 408
0x55c3118347f0
0x55c311834f30
0x55c3118bbdf0
0x55c3118347f0
0x55c311834f30
0x55c3118bbdf0
generation 409
0x55c3118347f0
0x55c311834f30
0x55c3118bbdf0
0x55c3118347f0
0x55c311834f30
0x55c3118bbdf0
generation 410
0x55c3118347f0
0x55c311834f30
0x55c3118bbdf0
0x55c3118347f0
0x55c311834f30
0x55c3118bbdf0
generation 411
0x55c3118347f0
0x55c311834f30
0x55c3118bbdf0
0x55c3118347f0
0x55c311834f30
0x55c3118bbdf0
generation 412
0x55c3118347f0
0x55c311834f30
0x55c3118347f0
0x55c311834f30
generation 413
0x55c3118347f0
0x55c311834f30
0x55c3118347f0
0x55c311834f30
generation 414
0x55c3118347f0
0x55c311834f30
0x55c3118347f0
0x55c311834f30
generation 415
0x55c3118347f0
0x55c311834f30
0x55c3118347f0
0x55c311834f30
generation 416
0x55c3118347f0
0x55c311834f30
0x55c3118bbdf0
0x55c3118347f0
0x55c311834f30
0x55c3118bbdf0
generation 417
0x55c3118347f0
0x55c311834f30
0x55c3118bbdf0
0x55c3118347f0
0x55c311834f30
0x55c3118bbdf0
generation 418
0x55c3118347f0
0x55c311834f30
0x55c3118bbdf0
0x55c3118347f0
0x55c311834f30
0x55c3118bbdf0
generation 419
0x55c3118347f0
0x55c311834f30
0x55c3118bbdf0
0x55c3118bc990
0x55c3118347f0
0x55c311834f30
0x55c3118bbdf0
0x55c3118bc990
generation 420
0x55c3118347f0
0x55c311834f30
0x55c3118bbdf0
0x55c3118347f0
0x55c311834f30
0x55c3118bbdf0
generation 421
0x55c3118347f0
0x55c311834f30
0x55c3118bbdf0
0x55c3118347f0
0x55c311834f30
0x55c3118bbdf0
generation 422
0x55c3118347f0
0x55c311834f30
0x55c3118bbdf0
0x55c3118bc990
0x55c3118347f0
0x55c311834f30
0x55c3118bbdf0
0x55c3118bc990
generation 423
0x55c3118347f0
0x55c311834f30
0x55c3118bbdf0
0x55c3118bc990
0x55c3118347f0
0x55c311834f30
0x55c3118bbdf0
0x55c3118bc990
generation 424
0x55c3118347f0
0x55c311834f30
0x55c3118bbdf0
0x55c3118bc990
0x55c3118347f0
0x55c311834f30
0x55c3118bbdf0
0x55c3118bc990
generation 425
0x55c3118347f0
0x55c311834f30
0x55c3118bbdf0
0x55c3118bc990
0x55c3118347f0
0x55c311834f30
0x55c3118bbdf0
0x55c3118bc990
generation 426
0x55c3118347f0
0x55c311834f30
0x55c3118347f0
0x55c311834f30
generation 427
0x55c3118347f0
0x55c311834f30
0x55c3118347f0
0x55c311834f30
generation 428
0x55c3118347f0
0x55c311834f30
0x55c3118347f0
0x55c311834f30
generation 429
0x55c3118347f0
0x55c311834f30
0x55c3118347f0
0x55c311834f30
generation 430
0x55c3118347f0
0x55c311834f30
0x55c3118347f0
0x55c311834f30
generation 431
0x55c3118347f0
0x55c311834f30
0x55c3118347f0
0x55c311834f30
generation 432
0x55c3118347f0
0x55c311834f30
0x55c3118bc990
0x55c3118347f0
0x55c311834f30
0x55c3118bc990
generation 433
0x55c3118347f0
0x55c311834f30
0x55c3118bc990
0x55c3118347f0
0x55c311834f30
0x55c3118bc990
generation 434
0x55c3118347f0
0x55c311834f30
0x55c3118bc990
0x55c3118347f0
0x55c311834f30
0x55c3118bc990
generation 435
0x55c3118347f0
0x55c311834f30
0x55c3118bc990
0x55c3118347f0
0x55c311834f30
0x55c3118bc990
generation 436
0x55c3118347f0
0x55c311834f30
0x55c3118347f0
0x55c311834f30
generation 437
0x55c3118347f0
0x55c3118347f0
generation 438
0x55c3118347f0
0x55c3118347f0
generation 439
0x55c3118347f0
0x55c3118347f0
generation 440
0x55c3118347f0
0x55c3118347f0
generation 441
0x55c3118347f0
0x55c3118347f0
generation 442
0x55c3118347f0
0x55c3118347f0
generation 443
0x55c3118347f0
0x55c311834f30
0x55c3118347f0
0x55c311834f30
generation 444
0x55c3118347f0
0x55c311834f30
0x55c3118347f0
0x55c311834f30
generation 445
0x55c3118347f0
0x55c3118347f0
generation 446
0x55c3118347f0
0x55c3118347f0
generation 447
0x55c3118347f0
0x55c3118347f0
generation 448
0x55c3118347f0
0x55c3118347f0
generation 449
0x55c3118347f0
0x55c311834f30
0x55c3118347f0
0x55c311834f30
generation 450
0x55c3118347f0
0x55c311834f30
0x55c3118347f0
0x55c311834f30
generation 451
0x55c3118347f0
0x55c311834f30
0x55c3118347f0
0x55c311834f30
generation 452
0x55c3118347f0
0x55c311834f30
0x55c3118347f0
0x55c311834f30
generation 453
0x55c3118347f0
0x55c311834f30
0x55c3118347f0
0x55c311834f30
generation 454
0x55c3118347f0
0x55c311834f30
0x55c3118347f0
0x55c311834f30
generation 455
0x55c3118347f0
0x55c3118347f0
generation 456
0x55c3118347f0
0x55c3118347f0
generation 457
0x55c3118347f0
0x55c311834f30
0x55c3118347f0
0x55c311834f30
generation 458
0x55c3118347f0
0x55c311834f30
0x55c3118347f0
0x55c311834f30
generation 459
0x55c3118347f0
0x55c311834f30
0x55c3118347f0
0x55c311834f30
generation 460
0x55c3118347f0
0x55c311834f30
0x55c3118347f0
0x55c311834f30
generation 461
0x55c3118347f0
0x55c311834f30
0x55c3118bc990
0x55c3118347f0
0x55c311834f30
0x55c3118bc990
generation 462
0x55c3118347f0
0x55c311834f30
0x55c3118347f0
0x55c311834f30
generation 463
0x55c3118347f0
0x55c311834f30
0x55c3118347f0
0x55c311834f30
generation 464
0x55c3118347f0
0x55c311834f30
0x55c3118347f0
0x55c311834f30
generation 465
0x55c3118347f0
0x55c311834f30
0x55c3118347f0
0x55c311834f30
generation 466
0x55c3118347f0
0x55c311834f30
0x55c3118347f0
0x55c311834f30
generation 467
0x55c3118347f0
0x55c311834f30
0x55c3118347f0
0x55c311834f30
generation 468
0x55c3118347f0
0x55c311834f30
0x55c3118347f0
0x55c311834f30
generation 469
0x55c3118347f0
0x55c3118347f0
generation 470
0x55c3118347f0
0x55c3118347f0
generation 471
0x55c3118347f0
0x55c311834f30
0x55c3118347f0
0x55c311834f30
generation 472
0x55c3118347f0
0x55c3118347f0
generation 473
0x55c3118347f0
0x55c3118347f0
generation 474
0x55c3118347f0
0x55c3118347f0
generation 475
0x55c3118347f0
0x55c311834f30
0x55c3118347f0
0x55c311834f30
generation 476
0x55c3118347f0
0x55c311834f30
0x55c3118347f0
0x55c311834f30
generation 477
0x55c3118347f0
0x55c311834f30
0x55c3118347f0
0x55c311834f30
generation 478
0x55c3118347f0
0x55c311834f30
0x55c3118347f0
0x55c311834f30
generation 479
0x55c3118347f0
0x55c3118347f0
generation 480
0x55c3118347f0
0x55c3118347f0
generation 481
0x55c3118347f0
0x55c3118347f0
generation 482
0x55c3118347f0
0x55c3118347f0
generation 483
0x55c3118347f0
0x55c3118347f0
generation 484
0x55c3118347f0
0x55c3118347f0
generation 485
0x55c3118347f0
0x55c311834f30
0x55c3118347f0
0x55c311834f30
generation 486
0x55c3118347f0
0x55c311834f30
0x55c3118347f0
0x55c311834f30
generation 487
0x55c3118347f0
0x55c311834f30
0x55c3118347f0
0x55c311834f30
generation 488
0x55c3118347f0
0x55c311834f30
0x55c3118347f0
0x55c311834f30
generation 489
0x55c3118347f0
0x55c311834f30
0x55c3118347f0
0x55c311834f30
generation 490
0x55c3118347f0
0x55c311834f30
0x55c3118bc990
0x55c3118347f0
0x55c311834f30
0x55c3118bc990
generation 491
0x55c3118347f0
0x55c3118bc990
0x55c3118347f0
0x55c3118bc990
generation 492
0x55c3118347f0
0x55c3118347f0
generation 493
0x55c3118347f0
0x55c3118347f0
generation 494
0x55c3118347f0
0x55c3118347f0
generation 495
0x55c3118347f0
0x55c3118347f0
generation 496
0x55c3118347f0
0x55c3118347f0
generation 497
0x55c3118347f0
0x55c3118347f0
generation 498
0x55c3118347f0
0x55c3118347f0
generation 499
0x55c3118347f0
0x55c3118347f0
generation 500
0x55c3118347f0
0x55c3118bc990
0x55c311834f30
0x55c3118347f0
0x55c3118bc990
0x55c311834f30
generation 501
0x55c3118347f0
0x55c3118bc990
0x55c3118347f0
0x55c3118bc990
generation 502
0x55c3118347f0
0x55c3118bc990
0x55c3118347f0
0x55c3118bc990
generation 503
0x55c3118347f0
0x55c3118bc990
0x55c3118347f0
0x55c3118bc990
generation 504
0x55c3118347f0
0x55c3118bc990
0x55c3118347f0
0x55c3118bc990
generation 505
0x55c3118347f0
0x55c3118bc990
0x55c3118347f0
0x55c3118bc990
generation 506
0x55c3118347f0
0x55c3118bc990
0x55c311834f30
0x55c3118347f0
0x55c3118bc990
0x55c311834f30
generation 507
0x55c3118347f0
0x55c3118bc990
0x55c3118347f0
0x55c3118bc990
generation 508
0x55c3118347f0
0x55c3118bc990
0x55c311834f30
0x55c3118347f0
0x55c3118bc990
0x55c311834f30
generation 509
0x55c3118347f0
0x55c3118bc990
0x55c311834f30
0x55c3118347f0
0x55c3118bc990
0x55c311834f30
generation 510
0x55c3118347f0
0x55c3118bc990
0x55c3118347f0
0x55c3118bc990
generation 511
0x55c3118347f0
0x55c3118bc990
0x55c311834f30
0x55c3118347f0
0x55c3118bc990
0x55c311834f30
generation 512
0x55c3118347f0
0x55c3118bc990
0x55c3118347f0
0x55c3118bc990
generation 513
0x55c3118347f0
0x55c3118bc990
