Generation number	Total number of allele	Diversity	Activity	Time	Fertility rate	2 DSB on one site rate	No DSB rate	No symmetrical sites (binding + DSB) rate	q
0	1	1	0.999465	2.19541	0.99108	0	0.0024777	0.00644202	0.762712
10	1	1	0.994294	2.19102	0.987167	0	0.00345508	0.00937808	0.767155
20	1	1	0.98875	2.09887	0.98668	0	0.00296004	0.0103601	0.752998
30	1	1	0.983248	2.08623	0.988142	0	0.00296443	0.00889328	0.756453
40	2	1.001	0.977763	2.17701	0.98912	0	0.00148368	0.00939664	0.755997
50	1	1	0.972249	2.08296	0.986193	0	0.00147929	0.0123274	0.749254
60	3	1.00301	0.967025	2.06918	0.990099	0	0.00148515	0.00841584	0.739292
70	2	1.00602	0.961339	2.0446	0.987654	0	0.00296296	0.00938272	0.733138
80	3	1.00804	0.954882	2.08575	0.987167	0	0.0029615	0.00987167	0.733019
90	2	1.00301	0.950105	2.15142	0.98668	0	0.00197336	0.0113468	0.722642
100	2	1.00905	0.945698	2.08796	0.985222	0	0.00147783	0.0133005	0.714043
110	2	1.00905	0.938421	1.99028	0.988142	0	0.00197628	0.00988142	0.720451
120	3	1.00804	0.932689	2.02735	0.990589	0	0.00247647	0.00693413	0.716462
130	2	1.00804	0.925576	2.11911	0.98912	0	0.00148368	0.00939664	0.711526
140	1	1	0.918335	2.00638	0.977995	0	0.00244499	0.0195599	0.70674
150	1	1	0.911409	2.02163	0.984252	0	0.00246063	0.0132874	0.700405
160	2	1.001	0.903787	1.96763	0.978953	0	0.00293686	0.0181106	0.688285
170	2	1.00301	0.897432	2.00201	0.981836	0	0.00294551	0.0152185	0.691857
180	1	1	0.889987	2.02547	0.978474	0	0.00342466	0.0181018	0.680833
190	1	1	0.880781	1.96991	0.982318	0	0.0024558	0.0152259	0.670684
200	1	1	0.873559	1.94473	0.983768	0	0.00147565	0.0147565	0.670626
210	1	1	0.864399	2.06059	0.981354	0	0.00245339	0.0161923	0.668831
220	2	1.001	0.854109	1.94807	0.976086	0	0.00195217	0.0219619	0.65466
230	3	1.00301	0.845679	1.94958	0.977517	0	0.00244379	0.0200391	0.649207
240	3	1.00502	0.836781	1.93853	0.977995	0	0.00293399	0.0190709	0.640087
250	3	1.00301	0.828959	2.00736	0.976562	0	0.00341797	0.0200195	0.637609
260	3	1.00906	0.822378	1.90903	0.976562	0	0.00195312	0.0214844	0.621795
270	3	1.01616	0.815931	1.95794	0.97229	0	0.00194458	0.0257657	0.625286
280	6	1.03063	0.807941	1.95518	0.97704	0	0.00390816	0.0190523	0.616967
290	4	1.06902	0.802243	2.07483	0.976562	0	0.00488281	0.0185547	0.618778
300	4	1.04215	0.789247	1.96134	0.973236	0	0.000486618	0.0262774	0.598755
310	3	1.04525	0.780009	1.93968	0.964785	0	0.00241196	0.0328027	0.605429
320	4	1.02334	0.769679	1.86265	0.969932	0	0.0029098	0.0271581	0.597244
330	2	1.02944	0.759702	1.87935	0.968523	0	0.00145278	0.0300242	0.588317
340	4	1.04409	0.750065	1.88528	0.970874	0	0.00145631	0.0276699	0.578629
350	5	1.0863	0.743909	1.95017	0.96432	0	0.00144648	0.0342334	0.585429
360	7	1.14977	0.741151	2.03286	0.965251	0	0.000965251	0.0337838	0.58328
370	4	1.27069	0.742939	2.16433	0.957396	0	0.00239349	0.0402106	0.57361
380	3	1.39836	0.745634	2.30279	0.971817	0	0.00194363	0.0262391	0.587481
390	4	1.59637	0.753666	2.45651	0.961538	0	0.00144231	0.0370192	0.594168
400	3	1.60414	0.746094	2.45631	0.95648	0	0.0023912	0.0411286	0.588856
410	3	1.91271	0.760701	2.65669	0.969462	0	0.00339312	0.0271449	0.607452
420	3	1.99613	0.759548	2.7479	0.973236	0	0.000486618	0.0262774	0.61518
430	3	2.18111	0.764357	2.73829	0.968992	0	0.00242248	0.0285853	0.605923
440	3	2.47439	0.781108	2.8699	0.969932	0	0.00242483	0.0276431	0.623377
450	4	2.43977	0.775453	2.84792	0.970403	0	0.000970403	0.0286269	0.622945
460	7	2.64292	0.785343	2.97201	0.973236	0	0.00291971	0.0238443	0.629679
470	6	2.8352	0.792449	3.02542	0.969932	0	0.0029098	0.0271581	0.633641
480	6	2.8287	0.789049	2.94881	0.974184	0	0.00194837	0.0238675	0.638464
490	6	2.87058	0.794433	3.07578	0.976562	0	0.00146484	0.0219727	0.643862
500	5	2.91709	0.79371	2.96834	0.97561	0	0.00097561	0.0234146	0.648035
