Generation number	Total number of allele	Diversity	Activity	Time	Fertility rate	2 DSB on one site rate	No DSB rate	No symmetrical sites (binding + DSB) rate	q
0	1	1	1	2.14167	0.987167	0	0.00246792	0.0103653	0.76594
10	1	1	0.999984	2.19666	0.989609	0	0.00148441	0.00890648	0.754888
20	1	1	0.999989	2.0637	0.989609	0	0.00148441	0.00890648	0.758534
30	1	1	0.999964	2.07077	0.986193	0	0.00345168	0.010355	0.755287
40	1	1	0.99998	2.08015	0.98912	0	0.00148368	0.00939664	0.757888
50	2	1.00401	0.999973	2.0758	0.990099	0	0.00346535	0.00643564	0.763964
60	2	1.001	0.999953	2.04063	0.990099	0	0.0019802	0.00792079	0.768284
70	1	1	0.999941	2.04235	0.99108	0	0.00297324	0.00594648	0.767516
80	1	1	0.99995	2.07135	0.988142	0	0.00247036	0.00938735	0.756394
90	1	1	0.999953	2.1718	0.99108	0	0.0049554	0.00396432	0.758294
100	1	1	0.999988	2.16412	0.990589	0	0.00198118	0.00742942	0.765637
110	1	1	0.999944	1.95557	0.988631	0	0.00247158	0.00889768	0.758073
120	2	1.001	0.999929	2.05959	0.990589	0	0.000495295	0.0089153	0.766533
130	3	1.01006	0.999889	2.08444	0.993049	0	0.0019861	0.00496524	0.762675
140	3	1.01209	0.999878	2.08716	0.987167	0	0.0029615	0.00987167	0.755712
150	3	1.00804	0.999788	2.06564	0.991572	0	0.00198314	0.00644522	0.756902
160	3	1.01006	0.999814	2.08913	0.990099	0	0.0039604	0.00594059	0.764702
170	4	1.0121	0.999903	2.08987	0.99108	0	0.0024777	0.00644202	0.764594
180	3	1.01514	0.999928	2.22048	0.99108	0	0.0024777	0.00644202	0.768151
190	3	1.02744	0.999954	2.11073	0.98668	0	0.0024667	0.0108535	0.765143
200	2	1.00804	0.999973	2.06834	0.992063	0	0.00297619	0.00496032	0.757944
210	3	1.00906	0.999933	2.08341	0.992063	0	0.0014881	0.00644841	0.763557
220	2	1.01006	0.999888	2.03596	0.990099	0	0.00247525	0.00742574	0.761362
230	3	1.00401	0.999899	2.08448	0.989609	0	0.00247402	0.00791687	0.761016
240	2	1.00301	0.999914	2.22935	0.99108	0	0.00148662	0.0074331	0.76637
250	1	1	0.999949	2.06664	0.98668	0	0.00296004	0.0103601	0.765573
260	3	1.00906	0.999959	2.07792	0.987167	0	0.00394867	0.0088845	0.757713
270	3	1.01412	0.999971	2.109	0.988142	0	0.00197628	0.00988142	0.76072
280	3	1.01108	0.999913	2.06415	0.990589	0	0.000495295	0.0089153	0.770473
290	2	1.001	0.999929	2.08364	0.989609	0	0.00148441	0.00890648	0.758872
300	1	1	0.999943	2.19703	0.990589	0	0.000990589	0.00842001	0.765829
310	3	1.0131	0.999922	2.14095	0.986193	0	0.00394477	0.00986193	0.767365
320	2	1.03047	0.999914	2.12108	0.991572	0	0.00297471	0.00545364	0.756573
330	2	1.05233	0.999917	2.1883	0.988631	0	0.00296589	0.00840336	0.759746
340	3	1.04606	0.999867	2.14696	0.988142	0	0.0034585	0.00839921	0.762591
350	2	1.0346	0.999912	2.1126	0.989609	0	0.00197922	0.00841168	0.763513
360	2	1.01614	0.999902	2.09642	0.989609	0	0.00296883	0.00742207	0.763561
370	4	1.04727	0.999934	2.16645	0.986193	0	0.00394477	0.00986193	0.769001
380	2	1.0315	0.99987	2.15344	0.988142	0	0.00247036	0.00938735	0.759717
390	2	1.05022	0.999866	2.19719	0.988631	0	0.00346021	0.00790905	0.770094
400	2	1.10393	0.999878	2.25145	0.987167	0	0.00197433	0.0108588	0.758814
410	3	1.09528	0.999836	2.23217	0.985707	0	0.00246427	0.0118285	0.761339
420	3	1.10081	0.999744	2.1912	0.988631	0	0.00296589	0.00840336	0.762591
430	2	1.10503	0.99968	2.24795	0.988142	0	0.00148221	0.0103755	0.762141
440	2	1.19717	0.999728	2.32157	0.991572	0	0.00148736	0.006941	0.76017
450	3	1.20052	0.999689	2.38827	0.989609	0	0.00395844	0.00643246	0.758292
460	3	1.1685	0.999654	2.36381	0.989609	0	0.000989609	0.00940129	0.757886
470	3	1.07701	0.999635	2.22822	0.994036	0	0.000994036	0.00497018	0.760927
480	3	1.12827	0.99961	2.28369	0.99453	0	0.000497265	0.00497265	0.763765
490	3	1.13047	0.999475	2.26465	0.990589	0	0.00148588	0.00792472	0.760801
500	4	1.11825	0.999436	2.26017	0.98912	0	0.0024728	0.00840752	0.770929
510	3	1.05039	0.999475	2.14838	0.990099	0	0.00346535	0.00643564	0.762537
