Generation number	Total number of allele	Diversity	Activity	Time	Fertility rate	2 DSB on one site rate	No DSB rate	No symmetrical sites (binding + DSB) rate	q
0	1	1	1	2.1698	0.988631	0	0.00346021	0.00790905	0.784272
10	2	1.001	1	2.13302	0.990099	0	0.0029703	0.00693069	0.784133
20	1	1	0.999998	2.09905	0.992556	0	0.00148883	0.00595533	0.796322
30	1	1	1	2.09251	0.98912	0	0.0024728	0.00840752	0.780949
40	1	1	1	2.11669	0.98912	0	0.00197824	0.00890208	0.791307
50	2	1.001	1	2.10142	0.99453	0	0.000497265	0.00497265	0.790498
60	2	1.00401	1	2.08788	0.99108	0	0.00198216	0.00693756	0.780052
70	1	1	0.999999	2.07524	0.992556	0	0.00297767	0.0044665	0.783405
80	1	1	1	2.10562	0.98912	0	0.00148368	0.00939664	0.790314
90	2	1.001	1	2.09838	0.990589	0	0.00148588	0.00792472	0.786634
100	2	1.001	1	2.11321	0.991572	0	0.00198314	0.00644522	0.797471
110	2	1.00301	1	2.12423	0.994036	0	0.00149105	0.00447316	0.789106
120	1	1	1	2.16914	0.990589	0	0.00297177	0.00643883	0.785868
130	2	1.002	0.999996	2.10396	0.990589	0	0.00198118	0.00742942	0.784373
140	2	1.00401	0.999991	2.23638	0.991572	0	0.00297471	0.00545364	0.793061
150	3	1.04088	0.999998	2.16057	0.992063	0	0.00198413	0.00595238	0.77969
160	3	1.02435	0.999996	2.11551	0.988631	0	0.00197726	0.00939199	0.791515
170	3	1.01209	1	2.13704	0.989609	0	0.00346363	0.00692726	0.78893
180	4	1.02956	1	2.12987	0.992063	0	0.00198413	0.00595238	0.78329
190	2	1.01107	1	2.14399	0.989609	0	0.00296883	0.00742207	0.782511
200	3	1.00401	1	2.13012	0.990099	0	0.00247525	0.00742574	0.788804
210	5	1.02542	0.999996	2.1284	0.98912	0	0.00346192	0.0074184	0.787201
220	3	1.01716	0.99999	2.13576	0.987167	0	0.00394867	0.0088845	0.782998
230	2	1.00905	0.99999	2.21836	0.989609	0	0.00247402	0.00791687	0.790298
240	2	1.0315	0.999984	2.14797	0.989609	0	0.00197922	0.00841168	0.784416
250	2	1.05443	0.999991	2.19598	0.990099	0	0.00247525	0.00742574	0.793025
260	3	1.08779	0.999998	2.26355	0.989609	0	0.00197922	0.00841168	0.78304
270	4	1.1098	0.999992	2.23972	0.991572	0	0	0.00842836	0.781795
280	3	1.15136	0.999977	2.45023	0.99108	0	0.0024777	0.00644202	0.789314
290	4	1.09002	0.999952	2.26314	0.992063	0	0.00347222	0.00446429	0.786676
300	3	1.06102	0.999918	2.23423	0.99108	0	0.00099108	0.00792864	0.786279
310	4	1.12072	0.999963	2.30533	0.98912	0	0.0024728	0.00840752	0.788037
320	6	1.11994	0.999914	2.29761	0.992556	0	0.00198511	0.00545906	0.782498
330	3	1.06942	0.999917	2.03948	0.989609	0	0.00296883	0.00742207	0.784978
340	4	1.08607	0.999921	2.25982	0.992063	0	0.00198413	0.00595238	0.779826
350	3	1.07371	0.999892	2.14119	0.993049	0	0.00148957	0.00546177	0.785992
360	2	1.0757	0.999826	2.23715	0.992063	0	0.00297619	0.00496032	0.786497
370	2	1.06395	0.999826	2.30344	0.99552	0	0.00199104	0.0024888	0.78389
380	3	1.08241	0.999763	2.24616	0.988142	0	0.00494071	0.006917	0.783399
390	4	1.09597	0.999797	2.30304	0.987654	0	0.00296296	0.00938272	0.78521
400	3	1.09438	0.999782	2.22956	0.989609	0	0.00395844	0.00643246	0.79361
410	3	1.0922	0.999818	2.25757	0.992063	0	0.00248016	0.00545635	0.792114
420	3	1.14413	0.99985	2.32667	0.989609	0	0.00247402	0.00791687	0.783208
430	4	1.12591	0.999886	2.32088	0.990099	0	0.0019802	0.00792079	0.786837
440	3	1.09857	0.99978	2.2661	0.993049	0	0.00148957	0.00546177	0.780765
450	3	1.12598	0.999789	2.2984	0.993542	0	0.000496771	0.00596125	0.783552
460	3	1.18763	0.999829	2.37078	0.992556	0	0.00198511	0.00545906	0.787376
470	3	1.1346	0.999884	2.35822	0.988142	0	0.00395257	0.00790514	0.791727
480	3	1.11637	0.999912	2.36305	0.990099	0	0.0019802	0.00792079	0.788571
490	3	1.20463	0.999904	2.39631	0.993542	0	0.00248385	0.00397417	0.787558
500	5	1.24211	0.999856	2.54762	0.990099	0	0.0029703	0.00693069	0.788263
