Generation number	Total number of allele	Diversity	Activity	Time	Fertility rate	2 DSB on one site rate	No DSB rate	No symmetrical sites (binding + DSB) rate	q
0	1	1	0.999881	3.33127	0.99453	0	0.00099453	0.00447539	0.764286
10	11	1.03486	0.998731	3.21944	0.991572	0	0.000991572	0.00743679	0.766241
20	8	1.06806	0.997709	3.14492	0.984737	0	0.00344658	0.0118168	0.765571
30	10	1.14855	0.996731	3.57149	0.987167	0	0.00148075	0.0113524	0.762035
40	17	1.15863	0.995628	3.57221	0.99108	0	0.00297324	0.00594648	0.75709
50	15	1.15783	0.994221	3.903	0.988631	0	0.00197726	0.00939199	0.764404
60	17	1.27224	0.993485	3.8224	0.992063	0	0.0014881	0.00644841	0.764922
70	16	1.15765	0.992295	3.5492	0.985707	0	0.00394283	0.0103499	0.754894
80	15	1.15279	0.991509	3.91595	0.990589	0	0.00198118	0.00742942	0.762913
90	17	1.17171	0.990437	3.63825	0.984737	0	0.00443131	0.0108321	0.759316
100	14	1.20046	0.989929	3.64007	0.98668	0	0.00197336	0.0113468	0.761341
110	14	1.21347	0.988803	4.06135	0.988631	0	0.00148295	0.00988631	0.76065
120	17	1.17391	0.987205	3.45706	0.985707	0	0.00443568	0.00985707	0.750332
130	16	1.25242	0.986119	4.07197	0.990589	0	0.00198118	0.00742942	0.755265
140	14	1.19786	0.984898	3.58467	0.988631	0	0.00197726	0.00939199	0.753669
150	17	1.1969	0.98422	3.53593	0.983768	0	0.00344319	0.012789	0.747138
160	17	1.22601	0.982562	3.79073	0.988631	0	0.00247158	0.00889768	0.745371
170	15	1.22454	0.980605	3.76358	0.996016	0	0.000498008	0.00348606	0.751897
180	20	1.2217	0.978716	3.73837	0.985222	0	0.00344828	0.01133	0.744204
190	16	1.25193	0.977685	3.5729	0.989609	0	0.000989609	0.00940129	0.746415
200	21	1.28477	0.976553	3.71822	0.98912	0	0.00197824	0.00890208	0.750138
210	25	1.37039	0.976106	3.93366	0.990589	0	0.00297177	0.00643883	0.741821
220	19	1.35606	0.975731	4.08664	0.992063	0	0.000992063	0.00694444	0.753797
230	18	1.27606	0.974055	3.71539	0.98912	0	0.00148368	0.00939664	0.747516
240	23	1.41187	0.972726	3.70303	0.987654	0	0.00246914	0.00987654	0.747521
250	21	1.50435	0.972263	4.07385	0.985222	0	0.0044335	0.0103448	0.743217
260	20	1.4961	0.971043	4.22145	0.987654	0	0.00197531	0.0103704	0.742881
270	20	1.52319	0.96957	4.11435	0.988631	0	0.00346021	0.00790905	0.740035
280	22	1.5614	0.968981	4.3919	0.981836	0	0.00343643	0.0147275	0.741861
290	21	1.97413	0.970004	4.3575	0.990099	0	0.000990099	0.00891089	0.745129
300	20	1.9856	0.967813	4.21046	0.98912	0	0.00296736	0.00791296	0.740942
310	22	1.8937	0.96572	4.31108	0.98668	0	0.00197336	0.0113468	0.738584
320	23	1.9728	0.964465	4.44609	0.987167	0	0.000493583	0.0123396	0.743215
330	32	1.99628	0.963226	4.39447	0.985707	0	0.00394283	0.0103499	0.732414
340	26	2.08075	0.961886	4.37469	0.98912	0	0.00296736	0.00791296	0.735274
350	26	2.1709	0.96108	4.57514	0.987167	0	0.00197433	0.0108588	0.736191
360	29	2.29665	0.960745	4.68193	0.988631	0	0.00346021	0.00790905	0.733764
370	22	2.48772	0.95972	4.61304	0.987654	0	0.00148148	0.0108642	0.741049
380	23	2.52116	0.958819	4.83879	0.98668	0	0.00345338	0.0098668	0.732553
390	16	2.54284	0.956885	4.70918	0.992063	0	0.00248016	0.00545635	0.746464
400	18	2.47445	0.954578	4.56531	0.986193	0	0.000986193	0.0128205	0.735258
410	19	2.53268	0.953685	4.59582	0.989609	0	0.00247402	0.00791687	0.730763
420	16	2.4239	0.951075	4.43704	0.990099	0	0.00049505	0.00940594	0.736134
430	15	2.53507	0.950918	4.94595	0.984737	0	0.0014771	0.0137863	0.726693
440	16	2.62824	0.950248	4.87471	0.985222	0	0.00246305	0.0123153	0.7337
450	17	2.40479	0.946972	4.7731	0.985222	0	0.0044335	0.0103448	0.725247
460	18	2.58196	0.947311	5.00457	0.984737	0	0.000492368	0.014771	0.733954
470	17	2.92842	0.947922	4.84165	0.985707	0	0.00394283	0.0103499	0.73134
480	22	3.34335	0.949304	4.96809	0.98912	0	0.00148368	0.00939664	0.736338
490	21	3.90542	0.950534	4.92877	0.987654	0	0.00148148	0.0108642	0.737585
500	21	3.99444	0.949989	5.26158	0.988631	0	0.00148295	0.00988631	0.736715
510	22	4.08458	0.948491	4.83318	0.985707	0	0.00246427	0.0118285	0.73272
520	25	4.33566	0.947826	4.74813	0.988631	0	0.00296589	0.00840336	0.734594
530	27	5.40997	0.954962	5.32787	0.985707	0	0.00394283	0.0103499	0.734543
540	25	5.57308	0.954772	4.8557	0.989609	0	0.000989609	0.00940129	0.737323
550	20	5.65923	0.958771	4.87081	0.988142	0	0.00296443	0.00889328	0.748013
560	24	6.01299	0.960089	4.87262	0.99108	0	0.00099108	0.00792864	0.749999
570	16	6.06658	0.962068	4.90815	0.991572	0	0.00148736	0.006941	0.742364
580	19	5.33859	0.959477	4.70141	0.987654	0	0.00395062	0.00839506	0.746187
590	25	5.27037	0.961142	4.71805	0.988142	0	0.00494071	0.006917	0.743558
600	20	5.69013	0.957752	5.09326	0.991572	0	0.00148736	0.006941	0.743101
610	19	4.9438	0.951779	4.77098	0.983768	0	0.00393507	0.0122971	0.742404
620	19	4.98284	0.949828	4.92047	0.990099	0	0.00247525	0.00742574	0.729828
630	22	5.31846	0.952318	4.96211	0.982801	0	0.00540541	0.0117936	0.740285
640	22	5.8356	0.951393	4.98806	0.988142	0	0.00296443	0.00889328	0.737007
650	16	5.66753	0.950221	4.92121	0.988142	0	0.00296443	0.00889328	0.742048
660	20	5.61057	0.948454	4.8409	0.98912	0	0.00197824	0.00890208	0.733481
670	27	5.77954	0.952893	5.42486	0.98668	0	0.00197336	0.0113468	0.740816
680	25	5.30522	0.952446	5.27773	0.982318	0	0.0024558	0.0152259	0.744927
690	25	5.70982	0.952059	4.77383	0.986193	0	0.000986193	0.0128205	0.747087
700	25	5.62408	0.953129	5.00244	0.99108	0	0.00099108	0.00792864	0.743831
710	18	5.17033	0.949915	4.96469	0.985707	0	0.00147856	0.0128142	0.748864
720	20	5.21722	0.951013	4.71003	0.987167	0	0.00197433	0.0108588	0.740972
730	18	5.08743	0.951166	5.111	0.990589	0	0.00346706	0.00594354	0.736782
740	20	4.61118	0.949794	4.67685	0.985707	0	0.00344998	0.0108428	0.755296
750	19	4.87971	0.949388	4.67087	0.992063	0	0.0014881	0.00644841	0.743169
760	14	5.46259	0.953172	4.93086	0.985707	0	0.00443568	0.00985707	0.750444
770	17	4.801	0.950853	4.80119	0.988142	0	0.000988142	0.0108696	0.740791
780	18	5.36184	0.95459	5.19913	0.99108	0	0.00099108	0.00792864	0.748327
790	21	4.83448	0.951131	5.05667	0.986193	0	0.00147929	0.0123274	0.740632
800	18	4.44153	0.949513	4.76011	0.987167	0	0.0029615	0.00987167	0.743567
810	21	4.87033	0.951466	4.80639	0.988142	0	0.00444664	0.00741107	0.7386
820	21	5.25627	0.952859	5.10996	0.987654	0	0.00395062	0.00839506	0.740022
830	22	6.1215	0.955696	5.21183	0.988142	0	0.00148221	0.0103755	0.749522
840	17	5.491	0.954894	4.98582	0.985707	0	0.00147856	0.0128142	0.741754
850	16	5.45469	0.956321	5.38169	0.987167	0	0.0029615	0.00987167	0.744133
860	20	5.29876	0.95779	5.15625	0.989609	0	0.00346363	0.00692726	0.742166
870	22	4.77631	0.95673	4.78599	0.988631	0	0.00247158	0.00889768	0.73584
880	28	5.692	0.958102	5.08953	0.990589	0	0.00297177	0.00643883	0.74716
890	22	6.16587	0.956977	5.39991	0.991572	0	0.00198314	0.00644522	0.743722
900	20	6.53351	0.953852	5.00264	0.992063	0	0.000992063	0.00694444	0.745917
910	19	6.20218	0.951749	5.07384	0.987167	0	0.00394867	0.0088845	0.735732
920	23	5.21213	0.948682	5.21282	0.987167	0	0.00345508	0.00937808	0.738911
930	18	5.19963	0.946867	5.45	0.986193	0	0.00345168	0.010355	0.743996
940	16	5.64951	0.94859	4.91064	0.990099	0	0.00148515	0.00841584	0.735368
950	20	5.45431	0.947975	5.18542	0.992556	0	0.00198511	0.00545906	0.734922
960	22	5.7022	0.947362	4.90246	0.985707	0	0.00147856	0.0128142	0.735933
970	16	5.64004	0.946027	5.19938	0.98668	0	0.00197336	0.0113468	0.747462
980	21	5.17413	0.942008	5.05575	0.987167	0	0.0029615	0.00987167	0.734645
990	22	4.70724	0.93702	5.03104	0.986193	0	0.00246548	0.0113412	0.732284
1000	20	5.22091	0.939559	5.00551	0.984737	0	0.00295421	0.0123092	0.732816
1010	19	5.92058	0.941194	5.10469	0.988631	0	0.00148295	0.00988631	0.731994
1020	24	6.00128	0.940139	4.94237	0.98668	0	0.00345338	0.0098668	0.732586
1030	24	5.83423	0.939301	4.98203	0.988142	0	0.00247036	0.00938735	0.735106
1040	23	5.20658	0.936726	5.71143	0.987167	0	0.0029615	0.00987167	0.729556
1050	23	4.30321	0.932604	4.81282	0.990099	0	0.00346535	0.00643564	0.72946
1060	22	4.39096	0.93362	5.59724	0.990099	0	0.0019802	0.00792079	0.728896
1070	21	4.26112	0.933861	4.85575	0.990589	0	0.00445765	0.00495295	0.730386
1080	26	4.82201	0.937253	5.33573	0.990099	0	0.00148515	0.00841584	0.731935
1090	28	5.06628	0.939106	5.17486	0.988631	0	0.00148295	0.00988631	0.733137
1100	27	4.23333	0.935635	4.72527	0.982801	0	0.002457	0.014742	0.732045
1110	27	4.05147	0.936384	4.58545	0.983284	0	0.00294985	0.013766	0.730493
1120	30	3.95531	0.934912	4.64903	0.989609	0	0.00346363	0.00692726	0.724578
1130	27	4.16004	0.935944	4.67516	0.988631	0	0.000988631	0.0103806	0.728041
1140	26	4.06603	0.934281	4.81142	0.987167	0	0.00197433	0.0108588	0.726809
1150	25	4.6218	0.936612	4.98011	0.98912	0	0.0024728	0.00840752	0.736947
1160	25	4.18933	0.93352	4.83339	0.98668	0	0.0049334	0.00838678	0.730115
1170	23	4.7358	0.936185	4.8449	0.989609	0	0.00197922	0.00841168	0.730192
1180	24	4.68334	0.934266	5.13046	0.981836	0	0.00196367	0.0162003	0.722547
1190	22	5.43453	0.937676	5.75769	0.985707	0	0.00394283	0.0103499	0.734556
1200	23	4.19796	0.928874	4.99177	0.990099	0	0.00148515	0.00841584	0.72873
1210	22	4.06907	0.928695	4.77633	0.988142	0	0.00197628	0.00988142	0.730606
1220	20	4.05165	0.926198	4.71819	0.985222	0	0.00295567	0.0118227	0.723419
1230	20	4.38669	0.929048	4.90227	0.98912	0	0.0024728	0.00840752	0.726839
1240	17	3.93016	0.924553	4.80806	0.987654	0	0.00246914	0.00987654	0.728004
1250	18	3.8231	0.923544	4.59964	0.985707	0	0.00197141	0.0123213	0.727016
1260	18	4.61573	0.927189	5.13411	0.984252	0	0.00295276	0.0127953	0.724742
1270	22	4.85235	0.928243	4.8705	0.979432	0	0.00391773	0.0166503	0.721836
1280	19	4.84874	0.927623	4.89426	0.988631	0	0.000494315	0.0108749	0.725114
1290	23	4.25463	0.919913	4.84889	0.985707	0	0.00246427	0.0118285	0.727048
1300	24	4.95105	0.925939	4.93315	0.983768	0	0.0029513	0.0132809	0.729874
1310	24	4.84916	0.924335	4.92097	0.982318	0	0.00392927	0.0137525	0.725224
1320	24	5.03276	0.924982	4.86847	0.988631	0	0.00197726	0.00939199	0.72329
1330	27	5.01389	0.924867	4.99102	0.987167	0	0.00246792	0.0103653	0.724971
1340	26	4.40068	0.916426	4.88767	0.988631	0	0.00593178	0.00543747	0.713892
1350	26	4.21069	0.913371	4.9773	0.985222	0	0.00147783	0.0133005	0.723034
1360	28	4.12219	0.91205	4.73553	0.984252	0	0.00442913	0.0113189	0.710886
1370	30	4.59057	0.917252	4.94543	0.984252	0	0.0019685	0.0137795	0.716169
1380	28	4.95992	0.920347	5.62706	0.99108	0	0.00148662	0.0074331	0.717353
1390	32	5.50976	0.922303	4.89227	0.985222	0	0.00147783	0.0133005	0.723421
1400	25	6.50035	0.927993	4.76734	0.990589	0	0.00148588	0.00792472	0.734408
1410	26	9.63556	0.941447	5.21992	0.989609	0	0.00247402	0.00791687	0.743095
1420	26	10.2955	0.943421	5.30118	0.988142	0	0.00197628	0.00988142	0.741635
1430	31	9.65036	0.940155	5.27747	0.986193	0	0.00197239	0.0118343	0.742924
1440	26	11.0149	0.946444	5.53818	0.984737	0	0.00295421	0.0123092	0.732007
1450	29	10.3429	0.944536	5.1147	0.98668	0	0.00345338	0.0098668	0.735379
1460	28	9.89271	0.944613	5.29655	0.988142	0	0.00247036	0.00938735	0.741173
1470	32	10.0369	0.946159	5.21866	0.987654	0	0.00296296	0.00938272	0.746503
1480	29	8.8318	0.940726	5.12038	0.986193	0	0.00394477	0.00986193	0.736885
1490	27	9.44422	0.946213	5.27125	0.985222	0	0.00295567	0.0118227	0.740118
1500	26	10.2231	0.946626	5.28653	0.988142	0	0.00296443	0.00889328	0.740506
1510	25	10.1576	0.947724	5.02019	0.987167	0	0.00197433	0.0108588	0.73928
1520	24	8.95218	0.943699	5.05822	0.991572	0	0.000495786	0.00793257	0.739981
1530	30	8.90517	0.942938	5.50368	0.985707	0	0.00197141	0.0123213	0.742349
1540	31	8.96101	0.946552	5.17516	0.98668	0	0.00148002	0.0118402	0.738815
1550	31	9.32503	0.948377	5.26345	0.984737	0	0.00344658	0.0118168	0.747104
1560	31	8.17874	0.94537	5.12355	0.987167	0	0.00493583	0.00789733	0.735179
1570	31	9.70662	0.944395	5.17213	0.985707	0	0.00197141	0.0123213	0.741688
1580	32	10.5239	0.9479	5.62834	0.987654	0	0.00296296	0.00938272	0.730886
1590	29	11.8645	0.948114	5.06875	0.990589	0	0.000495295	0.0089153	0.736382
1600	30	11.6779	0.954352	5.26182	0.994036	0	0.000994036	0.00497018	0.744879
1610	22	11.4696	0.952626	5.41586	0.983768	0	0.0029513	0.0132809	0.747346
1620	25	12.6366	0.95285	5.21566	0.987167	0	0.00197433	0.0108588	0.743352
1630	24	14.916	0.955374	5.23331	0.988631	0	0.000988631	0.0103806	0.741573
1640	26	14.2787	0.961371	5.39779	0.991572	0	0.000991572	0.00743679	0.754581
1650	35	14.3177	0.962993	5.51169	0.984737	0	0.00443131	0.0108321	0.749378
1660	30	11.6703	0.962994	5.10158	0.990589	0	0.00247647	0.00693413	0.754913
1670	33	12.6945	0.962319	5.34875	0.990589	0	0.00148588	0.00792472	0.744666
1680	28	12.9793	0.965036	5.60639	0.987654	0	0.000493827	0.0118519	0.754605
1690	26	13.3351	0.960297	5.3877	0.988631	0	0.00247158	0.00889768	0.75256
1700	31	12.3829	0.962005	5.59026	0.991572	0	0.00148736	0.006941	0.751459
1710	29	12.7378	0.960661	5.43526	0.988142	0	0.000988142	0.0108696	0.745586
1720	31	12.2427	0.959923	5.59514	0.990589	0	0.00297177	0.00643883	0.747445
1730	26	11.6659	0.959072	5.36069	0.987654	0	0.00197531	0.0103704	0.745974
1740	31	11.6553	0.960588	5.12189	0.983284	0	0.00245821	0.0142576	0.746509
1750	29	11.0999	0.961416	5.3609	0.993542	0	0	0.00645802	0.751362
1760	26	10.269	0.957554	5.4993	0.989609	0	0.00247402	0.00791687	0.744517
1770	29	12.4119	0.958775	5.58499	0.98668	0	0.00197336	0.0113468	0.749593
1780	31	12.8032	0.959486	5.21007	0.988142	0	0.0034585	0.00839921	0.748725
1790	30	13.0565	0.958508	5.29319	0.985222	0	0.00147783	0.0133005	0.745876
1800	37	13.7267	0.953884	5.24514	0.988631	0	0.00296589	0.00840336	0.738017
1810	35	13.7625	0.958813	5.24231	0.98912	0	0.00296736	0.00791296	0.753704
1820	37	14.3815	0.959717	5.24529	0.990099	0	0.0019802	0.00792079	0.750122
1830	36	13.868	0.960414	5.41234	0.987167	0	0.00246792	0.0103653	0.746887
1840	33	14.9109	0.961886	5.32669	0.988142	0	0.00148221	0.0103755	0.748323
1850	32	16.0751	0.964471	5.75526	0.992063	0	0.00198413	0.00595238	0.755797
1860	31	14.9285	0.962112	5.11891	0.990589	0	0.00148588	0.00792472	0.747018
1870	33	13.8049	0.965612	5.19493	0.988142	0	0.000988142	0.0108696	0.753856
1880	35	13.3638	0.966719	5.26778	0.989609	0	0.00247402	0.00791687	0.756421
1890	35	14.1236	0.966776	5.80668	0.990099	0	0.0019802	0.00792079	0.760104
1900	29	12.5421	0.966253	5.30802	0.991572	0	0.00247893	0.00594943	0.753207
1910	28	11.6642	0.965378	5.39869	0.990099	0	0.00346535	0.00643564	0.757479
1920	31	10.6256	0.963703	5.39193	0.988631	0	0.00247158	0.00889768	0.742172
1930	26	9.61904	0.957485	5.2605	0.988142	0	0.00197628	0.00988142	0.746004
1940	29	8.59832	0.958094	5.41427	0.986193	0	0.00295858	0.0108481	0.737538
1950	28	9.19928	0.959468	5.80444	0.99108	0	0.00148662	0.0074331	0.746918
1960	29	9.01706	0.959796	5.52416	0.99108	0	0.00198216	0.00693756	0.750038
1970	24	8.82774	0.956927	5.49182	0.985707	0	0.00246427	0.0118285	0.744154
1980	24	9.41778	0.955785	5.25935	0.988631	0	0.00395452	0.00741473	0.743449
1990	25	11.1891	0.961453	5.20749	0.990099	0	0.0019802	0.00792079	0.745997
2000	24	10.8182	0.961636	5.2034	0.987654	0	0.00246914	0.00987654	0.750769
2010	29	9.84188	0.961952	5.20606	0.986193	0	0.00345168	0.010355	0.744714
2020	28	9.19175	0.963095	5.29168	0.990589	0	0.00198118	0.00742942	0.755588
2030	26	9.93946	0.963905	5.40367	0.986193	0	0.00295858	0.0108481	0.753975
2040	31	11.6243	0.966193	5.13198	0.98912	0	0.00296736	0.00791296	0.749876
2050	33	10.7298	0.964461	5.31639	0.984737	0	0.00295421	0.0123092	0.745491
2060	33	11.4742	0.964947	5.1815	0.986193	0	0.00443787	0.00936884	0.751803
2070	34	11.7351	0.964755	5.54972	0.984737	0	0.00295421	0.0123092	0.753937
2080	35	10.1952	0.961548	5.29869	0.986193	0	0.00345168	0.010355	0.754916
2090	31	11.282	0.961467	5.21782	0.987654	0	0.00246914	0.00987654	0.744535
2100	26	10.2209	0.961029	5.36823	0.987167	0	0.000493583	0.0123396	0.752438
2110	30	9.15368	0.959896	5.30282	0.987167	0	0.00246792	0.0103653	0.753589
2120	34	7.78019	0.960139	5.52503	0.99108	0	0.0024777	0.00644202	0.748379
2130	25	7.02757	0.959701	5.15419	0.985222	0	0.00344828	0.01133	0.749048
2140	32	7.00438	0.960288	5.73066	0.992063	0	0.0014881	0.00644841	0.757637
2150	28	6.9719	0.95807	5.7959	0.990589	0	0.00198118	0.00742942	0.75018
2160	24	7.46118	0.958219	5.50892	0.990589	0	0.00297177	0.00643883	0.742052
2170	25	6.49822	0.95544	5.53267	0.989609	0	0.000989609	0.00940129	0.751154
2180	28	5.99818	0.954055	5.0515	0.988142	0	0.00197628	0.00988142	0.74305
2190	25	6.52121	0.955132	5.09591	0.989609	0	0	0.0103909	0.751436
2200	23	5.51434	0.952891	5.30063	0.99108	0	0.00099108	0.00792864	0.747059
2210	25	5.21223	0.950625	5.21096	0.984737	0	0.00295421	0.0123092	0.748487
2220	22	5.91418	0.951714	5.19459	0.98912	0	0.00395648	0.00692384	0.750969
2230	27	6.01525	0.952453	5.41638	0.989609	0	0.00346363	0.00692726	0.748588
2240	27	7.29117	0.954656	5.26676	0.987654	0	0.00148148	0.0108642	0.742048
2250	25	7.14094	0.952778	5.56203	0.990099	0	0.00148515	0.00841584	0.74999
2260	29	7.3291	0.950363	5.41614	0.98668	0	0.00345338	0.0098668	0.744584
2270	24	6.71529	0.946547	5.52516	0.987654	0	0.00197531	0.0103704	0.741116
2280	23	6.90788	0.945704	5.00917	0.990099	0	0.00148515	0.00841584	0.746459
2290	30	6.7668	0.94403	5.30698	0.984737	0	0.0014771	0.0137863	0.747644
2300	28	6.69868	0.944937	5.15144	0.988631	0	0.00395452	0.00741473	0.74
2310	32	6.50713	0.94514	5.11145	0.992063	0	0.000496032	0.00744048	0.741976
2320	26	6.12086	0.941259	5.79953	0.98912	0	0.00197824	0.00890208	0.73962
2330	24	5.75623	0.93813	5.43539	0.987167	0	0.00246792	0.0103653	0.727935
2340	25	6.00166	0.939733	4.94425	0.992556	0	0.00248139	0.00496278	0.737504
2350	26	6.23878	0.938509	5.03949	0.989609	0	0.00148441	0.00890648	0.749301
2360	23	6.56393	0.941104	5.05466	0.988142	0	0.00148221	0.0103755	0.733881
2370	24	6.18645	0.93919	5.25847	0.987654	0	0.00296296	0.00938272	0.738124
2380	23	5.75909	0.939189	5.8513	0.987654	0	0.00197531	0.0103704	0.742213
2390	19	5.28594	0.934253	5.28845	0.988142	0	0.0034585	0.00839921	0.736951
2400	21	5.57127	0.935178	5.34702	0.98912	0	0.00098912	0.0098912	0.740013
2410	24	5.12984	0.937262	5.28762	0.98912	0	0.00197824	0.00890208	0.739777
2420	27	5.27647	0.936367	4.87842	0.987167	0	0.0029615	0.00987167	0.750546
2430	26	5.1463	0.933579	5.17212	0.990099	0	0.00148515	0.00841584	0.734115
2440	23	4.885	0.927921	4.86943	0.985707	0	0.00197141	0.0123213	0.732871
2450	24	4.71454	0.927472	5.40765	0.988631	0	0.00247158	0.00889768	0.733454
2460	29	4.90624	0.924985	5.03463	0.984252	0	0.00147638	0.0142717	0.737532
2470	27	5.01616	0.923903	4.766	0.989609	0	0.00148441	0.00890648	0.736857
2480	22	4.5517	0.919915	4.76531	0.98912	0	0.00148368	0.00939664	0.736655
2490	25	4.92579	0.919548	4.89518	0.985707	0	0.00295712	0.0113356	0.729881
2500	22	5.53506	0.920678	5.11265	0.99108	0	0.00099108	0.00792864	0.735345
2510	22	5.58017	0.919721	4.94574	0.988631	0	0.00197726	0.00939199	0.732498
2520	28	5.53066	0.921412	4.86069	0.987654	0	0.00197531	0.0103704	0.72873
2530	26	5.4126	0.91755	5.00173	0.990589	0	0.000990589	0.00842001	0.729726
2540	28	6.09316	0.923642	5.08138	0.987167	0	0.00246792	0.0103653	0.734384
2550	27	5.21085	0.915484	5.31451	0.981836	0	0.00245459	0.0157094	0.726477
2560	26	5.64448	0.914502	5.0486	0.984252	0	0.000492126	0.0152559	0.719592
2570	28	5.46368	0.915682	5.20504	0.985222	0	0.00147783	0.0133005	0.724808
2580	27	5.05576	0.914184	4.66515	0.987167	0	0.00148075	0.0113524	0.724654
2590	29	6.03246	0.91734	5.20322	0.987167	0	0.00148075	0.0113524	0.726159
2600	30	5.8924	0.917594	4.90843	0.986193	0	0.00345168	0.010355	0.732019
2610	28	6.23687	0.916549	5.08928	0.987167	0	0.000493583	0.0123396	0.73026
2620	25	6.65918	0.915675	5.05147	0.982318	0	0.00294695	0.0147348	0.731471
2630	27	6.27493	0.909717	5.2767	0.985222	0	0.0044335	0.0103448	0.72882
2640	26	6.12737	0.906907	5.12617	0.985222	0	0.00147783	0.0133005	0.716889
2650	20	6.0461	0.904558	5.29669	0.981836	0	0.00441826	0.0137457	0.726012
2660	30	5.92882	0.901575	5.51877	0.988631	0	0.00197726	0.00939199	0.71814
2670	22	5.7177	0.900961	6.02593	0.985707	0	0.00147856	0.0128142	0.720414
2680	21	5.65124	0.899357	5.59038	0.986193	0	0.00197239	0.0118343	0.722668
2690	26	5.48779	0.89746	5.04909	0.984737	0	0.000984737	0.0142787	0.715887
2700	17	5.46457	0.897197	4.89177	0.987167	0	0.00246792	0.0103653	0.714605
2710	23	5.0477	0.895508	5.65429	0.98912	0	0.00296736	0.00791296	0.716951
2720	24	5.48567	0.897362	5.32827	0.98912	0	0.00197824	0.00890208	0.721232
2730	23	6.01836	0.899687	4.77952	0.98668	0	0.0024667	0.0108535	0.722383
2740	22	5.53204	0.898088	5.39351	0.990099	0	0.00049505	0.00940594	0.720815
2750	28	5.79011	0.902645	5.40876	0.987167	0	0.00148075	0.0113524	0.723472
2760	29	5.92631	0.907384	5.16004	0.980873	0	0.00294262	0.0161844	0.720313
2770	19	5.68137	0.907718	5.31693	0.988142	0	0.00148221	0.0103755	0.72074
2780	24	5.7708	0.909007	4.6898	0.991572	0	0.00148736	0.006941	0.723874
2790	22	6.33397	0.916454	5.55554	0.984252	0	0.00295276	0.0127953	0.728035
2800	23	5.69053	0.921323	5.00817	0.986193	0	0.00246548	0.0113412	0.734227
2810	21	5.91597	0.93017	5.28841	0.982801	0	0.0039312	0.0132678	0.750487
2820	29	6.53595	0.930977	5.14284	0.984737	0	0.0014771	0.0137863	0.740084
2830	25	5.78331	0.93345	5.00571	0.985222	0	0.00295567	0.0118227	0.746171
2840	23	6.60289	0.933405	5.77793	0.987167	0	0.0029615	0.00987167	0.749658
2850	32	7.71381	0.935662	5.42997	0.983768	0	0.0029513	0.0132809	0.748209
2860	27	7.59041	0.93547	5.23005	0.984252	0	0.00344488	0.0123031	0.740992
2870	24	8.07142	0.940641	5.96915	0.987167	0	0.00148075	0.0113524	0.740047
2880	27	8.80134	0.944832	5.84173	0.990589	0	0.00247647	0.00693413	0.751239
2890	24	8.37624	0.939249	6.19046	0.983768	0	0.00491884	0.0113133	0.745882
2900	26	8.08691	0.939514	5.48802	0.986193	0	0.00197239	0.0118343	0.751645
2910	24	7.60213	0.935888	5.93957	0.990099	0	0.000990099	0.00891089	0.73984
2920	25	7.28963	0.929643	5.85629	0.993049	0	0.00148957	0.00546177	0.743703
2930	27	7.5963	0.93623	5.40391	0.983284	0	0.00294985	0.013766	0.738908
2940	26	7.75953	0.941971	5.41242	0.987654	0	0.00246914	0.00987654	0.740221
2950	23	7.7483	0.945407	5.28228	0.987167	0	0.00394867	0.0088845	0.750483
2960	26	8.80619	0.95272	5.42401	0.991572	0	0.00148736	0.006941	0.746518
2970	22	8.87137	0.950298	5.22598	0.985222	0	0.00246305	0.0123153	0.742427
2980	26	9.20589	0.944148	5.42116	0.987654	0	0.00296296	0.00938272	0.743007
2990	25	9.56764	0.938271	5.35399	0.992556	0	0.00198511	0.00545906	0.744569
3000	28	9.09277	0.93689	5.38462	0.983284	0	0.00147493	0.0152409	0.747221
3010	29	8.19995	0.932912	5.02949	0.986193	0	0.00345168	0.010355	0.74674
3020	21	8.44692	0.93035	5.14498	0.986193	0	0.00345168	0.010355	0.735376
3030	19	7.27458	0.933297	5.40159	0.985222	0	0.00492611	0.00985222	0.735407
3040	23	7.64463	0.929776	5.18393	0.983768	0	0.00147565	0.0147565	0.738461
3050	21	8.33473	0.93567	5.71406	0.989609	0	0.00296883	0.00742207	0.739217
3060	22	8.8576	0.941762	5.25745	0.98668	0	0.00197336	0.0113468	0.741072
3070	25	8.98228	0.946195	5.35504	0.98668	0	0.00296004	0.0103601	0.743584
3080	22	8.43747	0.944216	5.08339	0.987654	0	0.00197531	0.0103704	0.749502
3090	24	8.25456	0.943225	5.10522	0.990589	0	0.00198118	0.00742942	0.745759
3100	23	8.14161	0.940259	5.28547	0.98912	0	0.00296736	0.00791296	0.738684
3110	26	7.25854	0.939955	5.54085	0.987167	0	0.0029615	0.00987167	0.742889
3120	22	7.31041	0.940698	5.49653	0.987167	0	0.00197433	0.0108588	0.740266
3130	25	6.68545	0.944768	5.79528	0.985707	0	0.00246427	0.0118285	0.742208
3140	26	7.3983	0.94791	5.86199	0.98668	0	0.0024667	0.0108535	0.740726
3150	31	7.50028	0.948292	5.91644	0.99453	0	0.00198906	0.00348086	0.742786
3160	23	6.41213	0.951016	5.27022	0.987654	0	0.00246914	0.00987654	0.74126
3170	19	6.15698	0.946513	5.677	0.99108	0	0.0024777	0.00644202	0.739236
3180	24	6.22948	0.943245	5.23113	0.989609	0	0.00346363	0.00692726	0.739649
3190	26	5.81829	0.941632	5.22177	0.987167	0	0.0029615	0.00987167	0.748157
3200	26	6.36795	0.94244	5.30944	0.988142	0	0.00148221	0.0103755	0.742207
3210	23	6.93093	0.944311	5.1431	0.986193	0	0.00295858	0.0108481	0.739077
3220	26	7.50161	0.946328	5.09566	0.98668	0	0.0024667	0.0108535	0.74366
3230	25	7.26115	0.946083	5.26057	0.989609	0	0.00395844	0.00643246	0.751006
3240	24	6.7877	0.944435	5.57565	0.987167	0	0.00148075	0.0113524	0.743811
3250	25	7.66216	0.944378	5.30674	0.989609	0	0.00247402	0.00791687	0.736193
3260	21	7.20488	0.943852	5.38378	0.98912	0	0.00296736	0.00791296	0.742523
3270	27	7.03066	0.942531	5.23266	0.986193	0	0.00443787	0.00936884	0.743977
3280	25	7.48533	0.942308	5.25548	0.988142	0	0.00247036	0.00938735	0.736707
3290	22	8.24938	0.943767	5.49952	0.988142	0	0.00543478	0.00642292	0.744751
3300	25	8.7164	0.943704	5.16201	0.988142	0	0.00247036	0.00938735	0.742637
3310	28	9.26377	0.946902	5.77076	0.99108	0	0.00198216	0.00693756	0.745286
3320	26	9.83113	0.947205	5.38315	0.992063	0	0.00198413	0.00595238	0.737559
3330	30	9.80441	0.943896	5.47819	0.987654	0	0.00345679	0.00888889	0.73511
3340	27	9.74454	0.94419	5.32923	0.98912	0	0.00296736	0.00791296	0.747222
3350	27	10.4893	0.94371	5.36889	0.983768	0	0.00393507	0.0122971	0.742614
3360	31	10.9646	0.944061	5.65193	0.988142	0	0.00296443	0.00889328	0.738616
3370	27	11.2878	0.942295	6.04406	0.985707	0	0.00246427	0.0118285	0.736823
3380	26	10.7811	0.9411	5.52637	0.988631	0	0.000494315	0.0108749	0.734901
3390	26	9.68479	0.940649	5.12671	0.985222	0	0.00246305	0.0123153	0.741553
3400	27	9.66324	0.937068	5.32571	0.984737	0	0.00295421	0.0123092	0.732428
3410	29	9.70407	0.93897	5.4912	0.98912	0	0.0024728	0.00840752	0.73923
3420	24	9.29009	0.943053	5.52936	0.989609	0	0.00197922	0.00841168	0.752073
3430	26	9.38002	0.943473	5.30916	0.99108	0	0.00148662	0.0074331	0.740655
3440	27	8.09425	0.939503	5.20381	0.988142	0	0.000988142	0.0108696	0.735374
3450	27	8.10127	0.940457	5.29215	0.988631	0	0.00346021	0.00790905	0.736496
3460	29	7.3133	0.939018	5.1966	0.985222	0	0.00344828	0.01133	0.740655
3470	32	8.79638	0.939996	5.72322	0.988142	0	0.00247036	0.00938735	0.739006
3480	27	7.6451	0.936767	5.59669	0.98668	0	0.00197336	0.0113468	0.734943
3490	32	7.37953	0.930632	5.43248	0.984737	0	0.00443131	0.0108321	0.729891
3500	29	8.35976	0.931936	5.45592	0.98912	0	0.00148368	0.00939664	0.741465
3510	34	8.96081	0.934945	5.10351	0.987167	0	0.00148075	0.0113524	0.731705
3520	35	9.56297	0.936229	5.27273	0.982801	0	0.002457	0.014742	0.736958
3530	26	9.6067	0.938845	5.33535	0.986193	0	0.00197239	0.0118343	0.737357
3540	31	10.7925	0.936701	5.51875	0.987654	0	0.00197531	0.0103704	0.736642
3550	35	10.6235	0.941574	5.94509	0.98668	0	0.0024667	0.0108535	0.742999
3560	33	10.4366	0.94247	5.94025	0.98668	0	0.0024667	0.0108535	0.739246
3570	33	9.54283	0.942995	6.11382	0.982318	0	0.0024558	0.0152259	0.729881
3580	30	10.9977	0.943079	6.45524	0.990589	0	0.000990589	0.00842001	0.740043
3590	32	11.7556	0.933886	6.47674	0.98912	0	0.00197824	0.00890208	0.730911
3600	33	12.0693	0.936929	6.50885	0.98912	0	0.00148368	0.00939664	0.737475
3610	31	12.769	0.936253	6.06282	0.988142	0	0.00148221	0.0103755	0.736836
3620	36	12.4898	0.936702	6.22882	0.98912	0	0.0024728	0.00840752	0.734498
3630	31	12.6507	0.939278	6.36005	0.983284	0	0.00344149	0.0132743	0.731585
3640	31	13.3226	0.939888	5.74126	0.988631	0	0.00197726	0.00939199	0.743402
3650	24	12.3618	0.941194	5.58992	0.985222	0	0.00246305	0.0123153	0.739892
3660	27	11.5842	0.941153	5.82104	0.988631	0	0.00346021	0.00790905	0.724245
3670	26	10.2328	0.935594	5.53135	0.987167	0	0.00148075	0.0113524	0.73399
3680	21	9.65479	0.934325	7.21524	0.987167	0	0.00246792	0.0103653	0.727186
3690	30	10.2358	0.931935	5.91774	0.98912	0	0.00346192	0.0074184	0.736332
3700	25	10.4473	0.926129	5.89603	0.983768	0	0.0029513	0.0132809	0.728398
3710	27	9.78793	0.923033	5.4355	0.987654	0	0.00197531	0.0103704	0.727437
3720	28	9.47301	0.919121	5.26225	0.988142	0	0.00197628	0.00988142	0.727736
3730	29	8.51122	0.918735	5.45992	0.987167	0	0.0029615	0.00987167	0.726368
3740	34	8.18749	0.918648	5.20869	0.985222	0	0.00246305	0.0123153	0.732396
3750	27	6.78406	0.916177	4.85516	0.988631	0	0.00197726	0.00939199	0.727453
3760	26	6.78109	0.916692	5.14577	0.986193	0	0.000493097	0.0133136	0.718923
3770	28	7.74932	0.919345	5.49065	0.983768	0	0.0029513	0.0132809	0.725772
3780	31	7.09338	0.921492	5.35671	0.983768	0	0.00147565	0.0147565	0.735539
3790	34	7.7736	0.926329	5.36532	0.98668	0	0.00148002	0.0118402	0.724752
3800	35	7.55936	0.926264	5.1592	0.992063	0	0.000992063	0.00694444	0.739935
3810	39	6.5649	0.924311	5.00407	0.983768	0	0.00442696	0.0118052	0.730679
3820	33	6.14399	0.9207	5.257	0.984737	0	0.00344658	0.0118168	0.738231
3830	28	6.42384	0.921062	5.04992	0.987654	0	0.00345679	0.00888889	0.734845
3840	31	6.03875	0.918945	5.3371	0.985707	0	0.00295712	0.0113356	0.730247
3850	32	6.37445	0.919988	5.30126	0.982801	0	0.002457	0.014742	0.727364
3860	31	6.09394	0.918543	5.46995	0.987167	0	0.00246792	0.0103653	0.729086
3870	28	6.33666	0.917265	5.38728	0.984252	0	0.000984252	0.0147638	0.729379
3880	18	6.37901	0.91106	5.23173	0.98668	0	0.00345338	0.0098668	0.717397
3890	21	6.91874	0.915355	5.11105	0.985707	0	0.00147856	0.0128142	0.721159
3900	26	6.10877	0.913897	5.22247	0.984737	0	0.00246184	0.0128016	0.72311
3910	21	6.65607	0.906346	5.27457	0.985707	0	0.00295712	0.0113356	0.718293
3920	24	6.51966	0.904275	5.15872	0.987654	0	0.00345679	0.00888889	0.722912
3930	19	7.13067	0.90479	6.15902	0.982318	0	0.00196464	0.0157171	0.723434
3940	17	7.99143	0.901752	5.94937	0.987167	0	0.00246792	0.0103653	0.716416
3950	16	8.21688	0.904493	5.91197	0.983768	0	0.00393507	0.0122971	0.724317
3960	21	8.13144	0.902893	5.11942	0.984252	0	0.00344488	0.0123031	0.717775
3970	20	8.41912	0.898754	5.96794	0.983768	0	0.00491884	0.0113133	0.720407
3980	19	7.89199	0.895311	6.09465	0.985222	0	0.000985222	0.0137931	0.71888
3990	21	8.8039	0.89912	5.87578	0.980873	0	0.00245218	0.0166748	0.716558
4000	21	8.44524	0.897687	5.67157	0.981836	0	0.000981836	0.0171821	0.718761
4010	22	7.92131	0.90332	5.86614	0.985707	0	0.00443568	0.00985707	0.717519
4020	21	8.32098	0.901891	6.01536	0.991572	0	0.00148736	0.006941	0.720624
4030	20	8.20699	0.903345	6.10513	0.985222	0	0.00197044	0.0128079	0.713876
4040	18	8.35714	0.905086	6.35628	0.988631	0	0.00148295	0.00988631	0.719059
4050	17	7.59	0.905812	5.72706	0.986193	0	0.00246548	0.0113412	0.716806
4060	14	7.73205	0.89631	5.17032	0.987654	0	0.00296296	0.00938272	0.720528
4070	16	8.21057	0.896857	4.7826	0.987654	0	0.000987654	0.011358	0.716919
4080	17	8.10548	0.900644	5.41791	0.987654	0	0.00246914	0.00987654	0.714458
4090	19	7.93408	0.896122	5.51566	0.982801	0	0.0029484	0.0142506	0.712223
4100	22	7.93988	0.901214	5.33096	0.990099	0	0.0019802	0.00792079	0.714454
4110	19	8.17934	0.903756	5.02616	0.988142	0	0.00247036	0.00938735	0.71654
4120	22	8.09071	0.906477	5.22433	0.983768	0	0.00344319	0.012789	0.726329
4130	21	7.82728	0.914795	5.19964	0.985707	0	0.00344998	0.0108428	0.730702
4140	26	6.97443	0.91736	4.83162	0.986193	0	0.00246548	0.0113412	0.720732
4150	19	7.37098	0.913944	5.19505	0.985222	0	0.00147783	0.0133005	0.724564
4160	18	6.84183	0.917302	5.08478	0.985707	0	0.000985707	0.013307	0.714887
4170	18	6.71908	0.914212	4.90992	0.987654	0	0.00148148	0.0108642	0.712463
4180	17	6.96451	0.920897	5.38203	0.987654	0	0.000987654	0.011358	0.720147
4190	21	6.12153	0.915457	5.00643	0.982318	0	0.00392927	0.0137525	0.718926
4200	21	6.52762	0.917784	5.02332	0.988631	0	0.00197726	0.00939199	0.72687
4210	21	5.43142	0.913033	5.33273	0.982801	0	0.002457	0.014742	0.713404
4220	22	5.1501	0.925398	6.32466	0.988631	0	0.00148295	0.00988631	0.726061
4230	23	5.38899	0.928673	6.64771	0.98668	0	0.00197336	0.0113468	0.727656
4240	27	5.29621	0.925627	6.22464	0.986193	0	0.00295858	0.0108481	0.731248
4250	30	4.95724	0.932965	6.41456	0.991572	0	0.00297471	0.00545364	0.733648
4260	33	5.06577	0.937918	5.99116	0.990099	0	0.000990099	0.00891089	0.727419
4270	28	5.52914	0.939549	5.28144	0.986193	0	0.00394477	0.00986193	0.734449
4280	25	5.62804	0.935665	5.36459	0.988142	0	0.0034585	0.00839921	0.732341
4290	19	5.74003	0.935724	5.56596	0.988142	0	0.00395257	0.00790514	0.73386
4300	19	5.85835	0.937136	4.99711	0.985222	0	0.00147783	0.0133005	0.728699
4310	24	7.0212	0.93985	5.14856	0.989609	0	0.00296883	0.00742207	0.735382
4320	24	6.88462	0.940175	5.06957	0.990099	0	0.000990099	0.00891089	0.741439
4330	25	5.9987	0.935314	5.52248	0.988631	0	0.00296589	0.00840336	0.737642
4340	23	6.83573	0.93499	5.2153	0.983768	0	0.000491884	0.0157403	0.718445
4350	21	7.19342	0.936968	5.62978	0.988631	0	0.00197726	0.00939199	0.727013
4360	22	6.60961	0.936567	5.31014	0.987654	0	0.00246914	0.00987654	0.734249
4370	25	7.06347	0.940105	5.349	0.991572	0	0.00198314	0.00644522	0.736629
4380	24	7.23722	0.941576	5.61146	0.988631	0	0.00148295	0.00988631	0.730772
4390	25	7.73154	0.936963	5.42545	0.982801	0	0.0039312	0.0132678	0.73111
4400	24	7.83054	0.93389	5.21898	0.988142	0	0.00148221	0.0103755	0.72663
4410	23	7.23033	0.934963	5.4198	0.986193	0	0.00345168	0.010355	0.723612
4420	26	8.21901	0.937253	5.37831	0.988142	0	0.000988142	0.0108696	0.7361
4430	30	8.00847	0.935811	5.31033	0.986193	0	0.00345168	0.010355	0.734266
4440	26	8.48556	0.938054	5.54245	0.988631	0	0.00296589	0.00840336	0.73936
4450	28	8.13604	0.937253	5.28205	0.991572	0	0.00148736	0.006941	0.730764
4460	24	8.2388	0.940555	5.87453	0.988142	0	0.00197628	0.00988142	0.726694
4470	24	9.01275	0.938676	5.24813	0.987167	0	0.000987167	0.011846	0.730986
4480	21	8.73775	0.936245	5.85967	0.987167	0	0.00444225	0.00839092	0.728598
4490	22	9.47535	0.932319	5.2236	0.984252	0	0.00246063	0.0132874	0.734709
4500	24	9.19945	0.935191	5.26917	0.985707	0	0.00394283	0.0103499	0.730902
4510	25	7.95658	0.933987	5.52139	0.984252	0	0.00295276	0.0127953	0.733101
4520	21	7.63543	0.932379	5.60008	0.985707	0	0.00197141	0.0123213	0.719925
4530	24	7.49845	0.932872	6.00561	0.98912	0	0.00197824	0.00890208	0.731263
4540	24	6.9544	0.929553	5.54575	0.982318	0	0.00294695	0.0147348	0.729875
4550	28	7.38171	0.933051	5.50617	0.984252	0	0.000984252	0.0147638	0.730591
4560	19	7.29679	0.930638	5.33798	0.991572	0	0.000991572	0.00743679	0.730135
4570	21	6.84329	0.929799	5.01007	0.983768	0	0.00393507	0.0122971	0.730249
4580	19	5.9846	0.93277	5.14421	0.986193	0	0.00345168	0.010355	0.733235
4590	19	6.37172	0.929935	5.24788	0.988631	0	0.00148295	0.00988631	0.738076
4600	21	6.54664	0.930979	4.83592	0.985222	0	0.00147783	0.0133005	0.730291
4610	22	6.31465	0.930273	5.21421	0.986193	0	0.00246548	0.0113412	0.731245
4620	26	6.67143	0.929102	6.36065	0.98668	0	0.0024667	0.0108535	0.733644
4630	26	7.41982	0.926942	5.95233	0.988631	0	0.00197726	0.00939199	0.733846
4640	30	6.82739	0.928362	5.92026	0.982318	0	0.00442043	0.0132613	0.728237
4650	27	8.39701	0.923825	5.78331	0.984737	0	0.00196947	0.0132939	0.725901
4660	28	9.16825	0.924575	5.65567	0.987167	0	0.00148075	0.0113524	0.7338
4670	32	9.5605	0.916485	6.58738	0.984737	0	0.00246184	0.0128016	0.72745
4680	34	9.61516	0.915441	6.09876	0.988142	0	0.00148221	0.0103755	0.728486
4690	29	9.40802	0.912845	6.07988	0.987654	0	0.000987654	0.011358	0.724017
4700	24	9.82721	0.915934	5.61416	0.986193	0	0.00246548	0.0113412	0.733779
4710	25	10.246	0.920421	5.27037	0.98912	0	0.00197824	0.00890208	0.725647
4720	23	9.43103	0.916437	5.27111	0.987167	0	0.00197433	0.0108588	0.72641
4730	29	9.24885	0.913439	5.58723	0.990099	0	0.0019802	0.00792079	0.725048
4740	28	9.06583	0.909262	5.5642	0.98668	0	0.00296004	0.0103601	0.724604
4750	26	7.61735	0.899185	5.3812	0.985707	0	0.00394283	0.0103499	0.727564
4760	24	7.66943	0.902218	5.52405	0.984252	0	0.00246063	0.0132874	0.720817
4770	29	8.1369	0.902919	5.41522	0.985707	0	0.00246427	0.0118285	0.71551
4780	30	9.07077	0.905536	5.94126	0.986193	0	0.00295858	0.0108481	0.718046
4790	25	8.01679	0.905697	5.72545	0.986193	0	0.00443787	0.00936884	0.720162
4800	26	7.42621	0.899989	5.28191	0.98668	0	0.00148002	0.0118402	0.724733
4810	23	8.71139	0.910623	5.17811	0.986193	0	0.00197239	0.0118343	0.725533
4820	24	9.41578	0.919099	5.11296	0.988142	0	0.00197628	0.00988142	0.727428
4830	22	8.60955	0.917712	5.31025	0.985707	0	0.00344998	0.0108428	0.733409
4840	26	9.51121	0.921718	5.51171	0.985707	0	0.00295712	0.0113356	0.72497
4850	28	9.57911	0.92025	5.38732	0.987167	0	0.0029615	0.00987167	0.736023
4860	29	10.0744	0.919631	5.2055	0.982801	0	0.0034398	0.0137592	0.733028
4870	26	9.90408	0.918924	5.25615	0.982801	0	0.0039312	0.0132678	0.72672
4880	26	9.45557	0.919545	5.221	0.984737	0	0.00443131	0.0108321	0.72966
4890	31	8.56684	0.921231	5.28163	0.986193	0	0.000986193	0.0128205	0.734178
4900	25	8.60769	0.923551	6.12472	0.99108	0	0.00297324	0.00594648	0.730157
4910	20	8.14792	0.924792	5.83231	0.984737	0	0.0014771	0.0137863	0.727894
4920	26	8.07456	0.924537	5.97145	0.985222	0	0.00246305	0.0123153	0.733911
4930	24	7.33963	0.915121	5.95557	0.992556	0	0.000496278	0.00694789	0.728498
4940	24	6.93488	0.91489	6.19353	0.984252	0	0.00393701	0.011811	0.723699
4950	23	6.90618	0.910781	5.77074	0.989609	0	0.00247402	0.00791687	0.725985
4960	22	7.31424	0.907372	5.92705	0.988142	0	0.00247036	0.00938735	0.716597
4970	24	6.88999	0.903991	5.5267	0.991572	0	0.000495786	0.00793257	0.720809
4980	23	6.94865	0.906505	5.79347	0.98668	0	0.00394672	0.00937346	0.731959
4990	24	6.76053	0.910587	5.41495	0.98912	0	0.00197824	0.00890208	0.730263
5000	27	6.81863	0.912501	5.34617	0.987167	0	0.00148075	0.0113524	0.725198
5010	26	6.60308	0.919029	5.4481	0.985222	0	0.00394089	0.0108374	0.726051
5020	29	5.85517	0.911652	5.22995	0.98668	0	0.00098668	0.0123335	0.727889
5030	28	6.18178	0.915485	5.53086	0.990589	0	0.00198118	0.00742942	0.734007
5040	29	5.97433	0.917241	5.21817	0.98668	0	0.00345338	0.0098668	0.722705
5050	30	5.89856	0.920271	5.06056	0.983768	0	0.0029513	0.0132809	0.728214
5060	28	6.22865	0.923794	5.3836	0.987167	0	0.00148075	0.0113524	0.721316
5070	24	5.91161	0.909599	5.29886	0.988142	0	0.00247036	0.00938735	0.725293
5080	20	5.97119	0.904659	5.46233	0.986193	0	0.00197239	0.0118343	0.727732
5090	19	6.06567	0.902084	5.79184	0.982801	0	0.0029484	0.0142506	0.716796
5100	22	5.95377	0.898018	6.05603	0.989609	0	0.00197922	0.00841168	0.725687
5110	23	5.85354	0.899936	5.66182	0.982801	0	0.002457	0.014742	0.71584
5120	23	5.38841	0.904659	5.67814	0.983768	0	0.00344319	0.012789	0.711379
5130	24	6.03622	0.90364	6.02816	0.984252	0	0.00246063	0.0132874	0.720459
5140	25	5.48345	0.90724	5.63152	0.985707	0	0.00147856	0.0128142	0.721326
5150	20	5.15262	0.90351	5.81375	0.984737	0	0.00295421	0.0123092	0.712615
5160	20	5.49939	0.901229	5.50052	0.98912	0	0.00098912	0.0098912	0.71041
5170	21	5.78236	0.901292	5.80853	0.987654	0	0.00493827	0.00740741	0.723181
5180	19	6.11381	0.900835	5.35117	0.978953	0	0.00293686	0.0181106	0.713135
5190	25	7.2291	0.905824	5.48598	0.987167	0	0.00197433	0.0108588	0.719838
5200	26	7.00898	0.898026	6.05063	0.982318	0	0.00147348	0.0162083	0.72414
5210	22	5.86864	0.889309	5.07998	0.984252	0	0.00344488	0.0123031	0.713749
5220	22	6.54029	0.889544	5.35668	0.984737	0	0.00295421	0.0123092	0.715371
5230	22	6.88999	0.901629	5.72264	0.981354	0	0.00196271	0.016683	0.727176
5240	25	6.78199	0.909214	5.6851	0.985707	0	0.00246427	0.0118285	0.724212
5250	26	6.46765	0.903862	5.37026	0.984737	0	0.0014771	0.0137863	0.7196
5260	23	6.81126	0.897107	5.66905	0.983284	0	0.00245821	0.0142576	0.716868
5270	27	6.97821	0.898697	5.12127	0.989609	0	0.00197922	0.00841168	0.716419
5280	25	6.06447	0.897303	5.48402	0.988631	0	0.00247158	0.00889768	0.709431
5290	26	6.75342	0.894366	5.19989	0.985222	0	0.0044335	0.0103448	0.714336
5300	27	7.16335	0.899298	5.39569	0.987654	0	0.00296296	0.00938272	0.720989
5310	29	6.51455	0.902705	5.61121	0.987167	0	0.00197433	0.0108588	0.71759
5320	33	8.16781	0.905672	5.77682	0.984737	0	0.00295421	0.0123092	0.717532
5330	34	6.582	0.908971	5.63945	0.987654	0	0.000493827	0.0118519	0.7217
5340	36	7.86506	0.917865	5.53674	0.980873	0	0.00343306	0.015694	0.731314
5350	27	7.78201	0.922292	5.76248	0.989609	0	0.00148441	0.00890648	0.715946
5360	28	7.71104	0.924344	5.38803	0.990099	0	0.00148515	0.00841584	0.719855
5370	24	7.4437	0.920314	5.94176	0.988631	0	0.00296589	0.00840336	0.728273
5380	29	7.0517	0.931801	6.01885	0.986193	0	0.00394477	0.00986193	0.727976
5390	31	7.9151	0.940417	5.52928	0.989609	0	0.00247402	0.00791687	0.724887
5400	34	7.00714	0.938802	5.21449	0.98912	0	0.00098912	0.0098912	0.73937
5410	30	5.70965	0.940995	5.4389	0.984737	0	0.00246184	0.0128016	0.730371
5420	24	6.35909	0.94297	5.60592	0.98668	0	0.00345338	0.0098668	0.738476
5430	23	6.34238	0.941164	5.63489	0.987167	0	0.0029615	0.00987167	0.73611
5440	20	6.85007	0.947259	5.54309	0.988631	0	0.00247158	0.00889768	0.736292
5450	21	7.55425	0.943943	5.49761	0.98912	0	0.00197824	0.00890208	0.726455
5460	22	7.20361	0.942926	5.46046	0.98912	0	0.00049456	0.0103858	0.739081
5470	23	7.79148	0.943803	5.84785	0.990589	0	0.000990589	0.00842001	0.736091
5480	22	6.92656	0.939101	5.51877	0.984252	0	0.00442913	0.0113189	0.726579
5490	22	6.37923	0.934022	5.30837	0.98668	0	0.00394672	0.00937346	0.72806
5500	23	5.89897	0.933695	5.1709	0.988631	0	0.00148295	0.00988631	0.732814
5510	31	5.75511	0.935522	5.16787	0.987654	0	0.000987654	0.011358	0.730994
5520	22	6.18199	0.936822	5.81205	0.990099	0	0.0019802	0.00792079	0.729688
5530	21	6.51985	0.941067	5.46256	0.989609	0	0.000989609	0.00940129	0.727292
5540	28	6.88961	0.942307	5.47742	0.988631	0	0.00197726	0.00939199	0.729825
5550	27	6.82119	0.945718	5.80286	0.988142	0	0.00247036	0.00938735	0.736953
5560	25	6.34332	0.9428	5.31061	0.983768	0	0.0029513	0.0132809	0.72743
5570	24	6.13313	0.938023	6.04881	0.986193	0	0.00345168	0.010355	0.729765
5580	21	5.94379	0.938185	5.47668	0.988142	0	0.00296443	0.00889328	0.73111
5590	23	5.2594	0.933038	5.30181	0.983768	0	0.000983768	0.0152484	0.730938
5600	21	5.60495	0.932294	5.32961	0.985222	0	0.00295567	0.0118227	0.725478
5610	24	5.5294	0.928704	5.48456	0.987654	0	0.00197531	0.0103704	0.72343
5620	25	5.41904	0.926014	5.21686	0.982801	0	0.0004914	0.0167076	0.728548
5630	19	5.00413	0.921371	5.44462	0.98912	0	0.00148368	0.00939664	0.729896
5640	20	5.00969	0.923597	5.88344	0.984737	0	0.00492368	0.0103397	0.723363
5650	21	4.9383	0.917351	5.41968	0.983768	0	0.00147565	0.0147565	0.717884
5660	19	4.90152	0.913446	5.59511	0.983768	0	0.0029513	0.0132809	0.716227
5670	24	4.97412	0.918176	5.47634	0.985707	0	0.00246427	0.0118285	0.719234
5680	15	4.71807	0.919291	5.26216	0.994036	0	0.000497018	0.0054672	0.720245
5690	15	4.35821	0.910347	5.22053	0.988631	0	0.00296589	0.00840336	0.724163
5700	17	4.11518	0.914125	5.15101	0.988631	0	0.00148295	0.00988631	0.721006
5710	18	4.04848	0.914273	5.06096	0.983768	0	0.00196754	0.0142646	0.714329
5720	20	4.34744	0.920729	5.25008	0.986193	0	0.00345168	0.010355	0.716692
5730	26	4.83916	0.928675	5.61086	0.98912	0	0.00049456	0.0103858	0.724731
5740	33	5.51885	0.93233	5.07379	0.984252	0	0.00246063	0.0132874	0.726229
5750	30	6.1257	0.935164	5.52572	0.987654	0	0.00296296	0.00938272	0.723459
5760	30	6.67469	0.935887	5.53813	0.989609	0	0.000989609	0.00940129	0.728335
5770	31	7.89134	0.938347	6.55391	0.988142	0	0.00197628	0.00988142	0.732561
5780	36	7.9765	0.940739	5.3785	0.990099	0	0.00148515	0.00841584	0.730976
5790	32	9.04114	0.941862	6.0083	0.988142	0	0.00444664	0.00741107	0.739021
5800	34	8.38334	0.942061	6.16338	0.987167	0	0.00246792	0.0103653	0.743481
5810	28	9.30774	0.950682	5.62556	0.987167	0	0.000987167	0.011846	0.737638
5820	34	9.30215	0.953504	5.65338	0.989609	0	0.000494805	0.00989609	0.744414
5830	29	9.39387	0.95665	5.3137	0.986193	0	0.00295858	0.0108481	0.748203
5840	28	10.3097	0.956567	5.7891	0.98912	0	0.00346192	0.0074184	0.747435
5850	29	9.61673	0.946724	6.30691	0.988631	0	0.00247158	0.00889768	0.738812
5860	30	10.3777	0.948421	5.72832	0.980392	0	0.00343137	0.0161765	0.736817
5870	33	11.3072	0.954784	5.70052	0.987654	0	0.00197531	0.0103704	0.748628
5880	31	11.7634	0.954838	5.51485	0.98668	0	0.00542674	0.00789344	0.740398
5890	33	10.9772	0.955816	5.86154	0.988631	0	0.00247158	0.00889768	0.752089
5900	29	11.2012	0.953649	6.43028	0.988631	0	0.00346021	0.00790905	0.745601
5910	30	9.59115	0.950049	5.91931	0.99108	0	0.00198216	0.00693756	0.735528
5920	27	9.88419	0.950482	5.94948	0.985707	0	0.00295712	0.0113356	0.741723
5930	25	10.2387	0.949221	5.94598	0.992063	0	0.0014881	0.00644841	0.742119
5940	23	10.0699	0.953235	5.563	0.988631	0	0.00395452	0.00741473	0.739461
5950	23	9.39992	0.951233	5.2819	0.990099	0	0.0019802	0.00792079	0.744112
5960	21	7.87821	0.950232	5.55337	0.984737	0	0.00393895	0.0113245	0.736209
5970	22	6.54209	0.947034	5.52619	0.99108	0	0.00099108	0.00792864	0.740831
5980	23	5.89713	0.940469	5.41479	0.990099	0	0.0029703	0.00693069	0.737218
5990	28	5.41343	0.939628	5.94039	0.98912	0	0.00148368	0.00939664	0.741517
6000	29	5.99608	0.944633	5.52618	0.989609	0	0.00247402	0.00791687	0.737385
6010	27	5.62879	0.944595	5.86973	0.992063	0	0.00297619	0.00496032	0.738482
6020	25	5.48127	0.944113	5.71166	0.983284	0	0.00344149	0.0132743	0.733042
6030	29	6.0261	0.945757	5.50477	0.988631	0	0.000494315	0.0108749	0.735305
6040	31	5.61149	0.944313	5.63409	0.988631	0	0.00296589	0.00840336	0.738505
6050	27	6.46527	0.946843	5.70307	0.984252	0	0.00147638	0.0142717	0.7362
6060	26	6.72644	0.948414	5.3127	0.981354	0	0.00245339	0.0161923	0.744074
6070	24	6.67001	0.950215	5.50084	0.990099	0	0.0029703	0.00693069	0.742162
6080	21	7.06115	0.95215	5.46604	0.989609	0	0.000989609	0.00940129	0.738812
6090	24	6.60461	0.948981	5.62502	0.989609	0	0.00148441	0.00890648	0.737393
6100	23	7.10971	0.948287	5.92827	0.987654	0	0.00246914	0.00987654	0.738736
6110	26	6.93276	0.949427	5.57491	0.989609	0	0.000494805	0.00989609	0.732568
6120	28	6.23989	0.944596	5.27451	0.984737	0	0.00246184	0.0128016	0.737487
6130	28	7.61213	0.948912	5.59996	0.987654	0	0.00197531	0.0103704	0.745383
6140	29	7.85986	0.946955	5.55118	0.988142	0	0.00148221	0.0103755	0.744515
6150	22	8.06563	0.946603	6.1246	0.988631	0	0.00148295	0.00988631	0.736477
6160	22	8.50796	0.948407	5.61399	0.98668	0	0.0024667	0.0108535	0.731547
6170	23	8.77567	0.949548	5.63816	0.987167	0	0.00148075	0.0113524	0.741803
6180	21	9.01397	0.951605	5.76847	0.987167	0	0.0029615	0.00987167	0.751479
6190	25	7.86364	0.947384	5.44797	0.983768	0	0.00196754	0.0142646	0.730382
6200	22	7.52098	0.948109	6.07538	0.990589	0	0.00297177	0.00643883	0.742878
6210	25	7.81877	0.945732	5.76637	0.985707	0	0.00197141	0.0123213	0.73553
6220	24	7.30616	0.943453	5.71299	0.985222	0	0.00295567	0.0118227	0.735581
6230	23	7.76459	0.941871	5.66423	0.988631	0	0.00296589	0.00840336	0.737337
6240	24	7.44733	0.941292	5.77326	0.984737	0	0.00443131	0.0108321	0.736763
6250	21	7.17541	0.939527	6.21904	0.987654	0	0.00296296	0.00938272	0.73022
6260	25	6.82212	0.937794	5.5854	0.984737	0	0.00344658	0.0118168	0.726582
6270	23	6.44329	0.941663	5.62736	0.988631	0	0.00197726	0.00939199	0.733515
6280	24	6.42376	0.939184	5.43574	0.988142	0	0.00148221	0.0103755	0.736981
6290	19	6.01713	0.938193	5.89925	0.982801	0	0.0019656	0.0152334	0.728995
6300	16	5.47858	0.929308	6.19298	0.986193	0	0.00394477	0.00986193	0.720165
6310	18	6.33006	0.935535	5.46468	0.984737	0	0.0014771	0.0137863	0.723347
6320	21	5.2118	0.926133	5.6305	0.987654	0	0.00296296	0.00938272	0.713538
6330	17	5.39397	0.931332	5.65296	0.985222	0	0.00394089	0.0108374	0.714221
6340	26	5.24288	0.934005	5.57993	0.985707	0	0.00295712	0.0113356	0.723607
6350	23	5.36524	0.936816	6.40898	0.988631	0	0.000988631	0.0103806	0.719156
6360	27	5.04973	0.945365	5.47817	0.985222	0	0.00246305	0.0123153	0.725169
6370	29	4.9014	0.939334	5.39186	0.984737	0	0.00295421	0.0123092	0.724078
6380	28	4.89916	0.944502	5.70695	0.98668	0	0.0024667	0.0108535	0.725822
6390	18	4.33269	0.947464	5.87335	0.988142	0	0.00247036	0.00938735	0.727042
6400	25	5.19932	0.942983	5.90016	0.986193	0	0.00197239	0.0118343	0.732893
6410	25	4.89369	0.946131	5.23968	0.984252	0	0.00344488	0.0123031	0.729814
6420	23	4.8345	0.94636	5.35432	0.988631	0	0.00247158	0.00889768	0.734108
6430	26	4.44479	0.948337	4.98583	0.990589	0	0.00247647	0.00693413	0.733351
6440	25	5.03237	0.951132	5.37405	0.990099	0	0.00247525	0.00742574	0.736151
6450	23	5.49721	0.950709	5.40322	0.985222	0	0.00394089	0.0108374	0.735365
6460	25	4.79056	0.956353	5.65245	0.987654	0	0.00246914	0.00987654	0.731314
6470	26	5.19915	0.956277	5.40118	0.991572	0	0.000991572	0.00743679	0.733086
6480	23	5.71931	0.955068	5.51369	0.99108	0	0.00099108	0.00792864	0.730984
6490	22	6.26615	0.951326	5.40449	0.983284	0	0.00294985	0.013766	0.733503
6500	26	6.17893	0.949355	5.60646	0.98668	0	0.00197336	0.0113468	0.723745
6510	30	4.39562	0.949928	5.65462	0.988631	0	0.00148295	0.00988631	0.735415
6520	27	5.10709	0.94722	5.54914	0.984252	0	0.00295276	0.0127953	0.727301
6530	23	5.51176	0.942016	6.01397	0.985707	0	0.00246427	0.0118285	0.730912
6540	20	5.93655	0.944221	5.86471	0.985707	0	0.00197141	0.0123213	0.722439
6550	24	6.42283	0.94758	5.45372	0.98668	0	0.00098668	0.0123335	0.726595
6560	25	6.44196	0.943628	5.72327	0.98668	0	0.00296004	0.0103601	0.726651
6570	28	7.09187	0.938026	5.53598	0.982318	0	0.0024558	0.0152259	0.712317
6580	24	6.60878	0.928923	5.71365	0.988142	0	0.00247036	0.00938735	0.722383
6590	22	6.54625	0.923436	5.16236	0.984737	0	0.0014771	0.0137863	0.708533
6600	23	7.33362	0.927803	5.78229	0.984252	0	0.00344488	0.0123031	0.721533
6610	23	7.35162	0.933509	5.55168	0.983768	0	0.00442696	0.0118052	0.722073
6620	21	6.81177	0.92855	5.36279	0.978953	0	0.00685267	0.0141948	0.720331
6630	24	5.19424	0.931885	4.95477	0.989609	0	0.00247402	0.00791687	0.705929
6640	24	5.29388	0.935026	5.09129	0.986193	0	0.00197239	0.0118343	0.721957
6650	22	5.56769	0.936371	5.52917	0.988631	0	0.00148295	0.00988631	0.713823
6660	24	6.34592	0.937565	5.26354	0.985707	0	0.00344998	0.0108428	0.720889
6670	24	6.51708	0.941393	5.80156	0.98668	0	0.00197336	0.0113468	0.720411
6680	22	6.53948	0.942429	5.29235	0.983768	0	0.0029513	0.0132809	0.729332
6690	28	7.64343	0.944586	5.14078	0.983768	0	0.00393507	0.0122971	0.727796
6700	28	7.42735	0.944066	5.48398	0.986193	0	0.000986193	0.0128205	0.723417
6710	27	8.31291	0.948463	5.27877	0.984737	0	0.00295421	0.0123092	0.739381
6720	30	9.02937	0.947394	5.2208	0.980392	0	0.00196078	0.0176471	0.730208
6730	30	9.15964	0.945369	5.73411	0.988142	0	0.0034585	0.00839921	0.724295
6740	29	10.0078	0.945703	5.5209	0.985222	0	0.00295567	0.0118227	0.733059
6750	30	9.17082	0.936924	5.64623	0.985222	0	0.00197044	0.0128079	0.723962
6760	34	9.42911	0.937501	5.28728	0.985222	0	0.00147783	0.0133005	0.726212
6770	24	7.68113	0.939719	5.89347	0.984737	0	0.00344658	0.0118168	0.724314
6780	28	7.05658	0.937487	5.14371	0.989609	0	0.00197922	0.00841168	0.726681
6790	27	7.0292	0.936364	5.12268	0.983768	0	0.0029513	0.0132809	0.717112
6800	28	9.10425	0.937964	5.35531	0.988631	0	0.00197726	0.00939199	0.717921
6810	27	8.94212	0.943814	5.42586	0.987654	0	0.00345679	0.00888889	0.732329
6820	23	7.90595	0.943059	5.01205	0.987167	0	0.00444225	0.00839092	0.726524
6830	24	7.73603	0.942863	5.34086	0.98668	0	0.0024667	0.0108535	0.730961
6840	21	7.28729	0.9476	5.70308	0.988631	0	0.00444884	0.00692042	0.736658
6850	28	6.72223	0.949297	5.30457	0.987167	0	0.00197433	0.0108588	0.73403
6860	27	5.8681	0.952038	5.1159	0.988142	0	0.00148221	0.0103755	0.742537
6870	27	5.79364	0.952453	5.19012	0.988631	0	0.00247158	0.00889768	0.742256
6880	28	4.69753	0.952592	4.92318	0.98912	0	0.00049456	0.0103858	0.736745
6890	24	5.04271	0.948344	5.06007	0.98668	0	0.00394672	0.00937346	0.731538
6900	26	5.65061	0.944747	5.1273	0.987654	0	0.00246914	0.00987654	0.73308
6910	29	6.39409	0.941912	4.95475	0.988631	0	0.00197726	0.00939199	0.738998
6920	34	5.72578	0.941567	5.09945	0.98912	0	0.00148368	0.00939664	0.727992
6930	30	6.16319	0.938724	5.03895	0.989609	0	0.00148441	0.00890648	0.73054
6940	26	5.97939	0.947508	5.13207	0.989609	0	0.00197922	0.00841168	0.740646
6950	25	5.57192	0.947846	4.97882	0.984737	0	0.00393895	0.0113245	0.744178
6960	21	4.9093	0.951689	5.41379	0.989609	0	0.00148441	0.00890648	0.749203
6970	21	4.42635	0.949297	5.29708	0.988142	0	0.00197628	0.00988142	0.747249
6980	19	4.04427	0.949892	5.22453	0.990589	0	0.000990589	0.00842001	0.743243
6990	21	4.45905	0.948864	4.786	0.994036	0	0	0.00596421	0.740664
7000	18	3.70221	0.949088	5.06086	0.984737	0	0.00295421	0.0123092	0.750062
7010	24	3.77079	0.948393	5.11657	0.983284	0	0.00639135	0.0103245	0.741915
7020	26	3.43766	0.950123	4.97172	0.991572	0	0.00247893	0.00594943	0.743511
7030	26	3.32917	0.949147	5.30415	0.988631	0	0.00197726	0.00939199	0.744132
7040	24	3.21708	0.947109	4.5605	0.988142	0	0.00494071	0.006917	0.737528
7050	20	2.99434	0.946994	4.93461	0.98668	0	0.0024667	0.0108535	0.74515
7060	21	2.99054	0.947341	4.76297	0.988631	0	0.00148295	0.00988631	0.745341
7070	21	3.01464	0.943802	4.59076	0.984737	0	0.00295421	0.0123092	0.733955
7080	22	3.0431	0.941808	5.14143	0.993049	0	0.00248262	0.00446872	0.74006
7090	22	3.12823	0.94134	4.83178	0.99108	0	0.00198216	0.00693756	0.742061
7100	24	3.11814	0.940507	4.94583	0.98668	0	0.00296004	0.0103601	0.740687
7110	28	2.99042	0.938218	4.69944	0.98668	0	0.00049334	0.0128268	0.736352
7120	20	3.12496	0.93475	5.10584	0.990099	0	0.0019802	0.00792079	0.737963
7130	21	3.32171	0.934111	4.96145	0.98668	0	0.00394672	0.00937346	0.735328
7140	26	3.24005	0.93432	4.98017	0.986193	0	0.00197239	0.0118343	0.73747
7150	22	3.13448	0.932383	4.79833	0.990589	0	0.00297177	0.00643883	0.728056
7160	21	3.64806	0.934233	5.14088	0.985222	0	0.00394089	0.0108374	0.733049
7170	16	3.78645	0.933563	5.14781	0.983768	0	0.00245942	0.0137727	0.734197
7180	26	4.02428	0.934568	5.0036	0.986193	0	0.00197239	0.0118343	0.733114
7190	23	3.86407	0.933729	5.19801	0.992063	0	0.00198413	0.00595238	0.735296
7200	23	3.54001	0.93321	4.71721	0.991572	0	0.00247893	0.00594943	0.726186
7210	23	4.02313	0.934963	5.09521	0.98668	0	0.0024667	0.0108535	0.736137
7220	22	4.4234	0.93725	4.89965	0.987167	0	0.00246792	0.0103653	0.735407
7230	26	5.21951	0.941592	5.0113	0.985707	0	0.00197141	0.0123213	0.7359
7240	27	5.42297	0.937934	5.10856	0.98912	0	0.00049456	0.0103858	0.738019
7250	29	5.40169	0.940176	5.05753	0.98668	0	0.0024667	0.0108535	0.737603
7260	25	6.0063	0.947046	5.58827	0.987167	0	0.0029615	0.00987167	0.73431
7270	25	5.97385	0.945081	5.39824	0.988142	0	0.00296443	0.00889328	0.741001
7280	24	5.24784	0.94109	4.91343	0.987167	0	0.00197433	0.0108588	0.739596
7290	26	4.9478	0.938063	4.94559	0.984252	0	0.00295276	0.0127953	0.742877
7300	32	4.64653	0.937159	5.09339	0.984252	0	0.00639764	0.00935039	0.734586
7310	28	5.0024	0.938364	5.48015	0.985222	0	0.00246305	0.0123153	0.736
7320	31	5.77554	0.943205	5.06998	0.98912	0	0.0024728	0.00840752	0.742694
7330	26	6.00626	0.942612	5.1505	0.986193	0	0.00197239	0.0118343	0.735153
7340	25	6.3751	0.941371	5.23023	0.988142	0	0.00148221	0.0103755	0.742063
7350	30	6.16661	0.935296	5.20792	0.985707	0	0.00147856	0.0128142	0.739099
7360	26	6.51712	0.937221	5.1564	0.987654	0	0.000987654	0.011358	0.740228
7370	31	7.24827	0.941262	5.17507	0.987654	0	0.00345679	0.00888889	0.737743
7380	35	7.79972	0.941595	5.31921	0.983768	0	0.00639449	0.00983768	0.743894
7390	35	8.7702	0.942206	5.0307	0.988142	0	0.00197628	0.00988142	0.740015
7400	36	7.84071	0.94387	5.49432	0.987654	0	0.00345679	0.00888889	0.739984
7410	35	7.81672	0.942389	5.29203	0.982318	0	0.00294695	0.0147348	0.740092
7420	30	7.22236	0.939433	5.51272	0.985222	0	0.00197044	0.0128079	0.735316
7430	32	7.03806	0.940709	5.41477	0.985222	0	0.00197044	0.0128079	0.743225
7440	31	6.51105	0.940708	5.5537	0.987167	0	0.00394867	0.0088845	0.740913
7450	32	6.56673	0.938538	5.03848	0.987654	0	0.00197531	0.0103704	0.738963
7460	30	5.94675	0.93375	5.09217	0.987167	0	0.00246792	0.0103653	0.739241
7470	31	6.02806	0.934231	5.25837	0.98668	0	0.0024667	0.0108535	0.740733
7480	34	7.64112	0.94218	5.12093	0.992063	0	0.00248016	0.00545635	0.744514
7490	28	6.76575	0.937846	5.12012	0.991572	0	0	0.00842836	0.734489
7500	30	6.38794	0.936852	5.09918	0.989609	0	0.00197922	0.00841168	0.744735
7510	33	6.64576	0.940149	5.05446	0.990099	0	0.00247525	0.00742574	0.731207
7520	27	8.18786	0.944947	5.11215	0.986193	0	0.00345168	0.010355	0.746778
7530	21	7.39138	0.940457	5.30802	0.991572	0	0.000991572	0.00743679	0.738471
7540	27	7.77353	0.943428	5.38326	0.99108	0	0.00049554	0.00842418	0.738821
7550	31	7.5797	0.945467	5.18216	0.990589	0	0.00148588	0.00792472	0.749325
7560	27	8.08465	0.945981	5.3833	0.988631	0	0.00197726	0.00939199	0.739611
7570	27	8.8655	0.946512	5.47761	0.98912	0	0.00098912	0.0098912	0.746277
7580	22	8.59156	0.947856	5.19713	0.987654	0	0.00395062	0.00839506	0.741315
7590	24	10.0008	0.945666	5.36586	0.987654	0	0.00493827	0.00740741	0.745167
7600	26	11.6754	0.951498	5.36651	0.987167	0	0.00246792	0.0103653	0.746478
7610	26	12.0975	0.952712	5.40479	0.987167	0	0.0029615	0.00987167	0.752043
7620	28	12.6258	0.951253	5.31073	0.986193	0	0.00295858	0.0108481	0.748164
7630	24	11.2723	0.948533	5.82532	0.983768	0	0.00245942	0.0137727	0.751171
7640	31	11.044	0.95297	5.45598	0.987167	0	0.00246792	0.0103653	0.751897
7650	24	10.3779	0.955151	5.48007	0.985222	0	0.00295567	0.0118227	0.750946
7660	23	10.2834	0.958072	5.5058	0.98912	0	0.00197824	0.00890208	0.750311
7670	22	8.63313	0.959657	5.7098	0.98668	0	0.00345338	0.0098668	0.755336
7680	25	7.86249	0.96123	5.26862	0.98912	0	0.00197824	0.00890208	0.748899
7690	29	6.63732	0.95468	5.3447	0.985222	0	0.0044335	0.0103448	0.740423
7700	28	6.82545	0.953515	5.63673	0.986193	0	0.00295858	0.0108481	0.746653
7710	24	6.19764	0.953304	5.41678	0.98912	0	0.00197824	0.00890208	0.742826
7720	30	6.24003	0.953027	4.98785	0.988142	0	0.00148221	0.0103755	0.746112
7730	22	5.35763	0.949239	5.13444	0.982801	0	0.0019656	0.0152334	0.740384
7740	26	4.66987	0.947073	5.17908	0.987167	0	0.00345508	0.00937808	0.737092
7750	30	5.32635	0.943389	5.21414	0.988142	0	0.00247036	0.00938735	0.750284
7760	30	5.75852	0.943968	5.11713	0.984737	0	0.00393895	0.0113245	0.73541
7770	27	5.81719	0.944988	5.10338	0.98912	0	0.00049456	0.0103858	0.741436
7780	23	6.17607	0.945151	5.26666	0.989609	0	0	0.0103909	0.745641
7790	27	5.86841	0.945986	4.98066	0.985222	0	0.00394089	0.0108374	0.750796
7800	27	5.2096	0.944879	5.34142	0.989609	0	0.00148441	0.00890648	0.734037
7810	26	4.85612	0.94535	4.77233	0.987167	0	0.0029615	0.00987167	0.734737
7820	23	4.44597	0.946251	5.08293	0.990099	0	0.0039604	0.00594059	0.746911
7830	24	4.30224	0.948249	5.13134	0.988631	0	0.00148295	0.00988631	0.741128
7840	21	4.11605	0.949307	5.47456	0.987654	0	0.00345679	0.00888889	0.741275
7850	25	3.89855	0.948236	4.75074	0.987654	0	0.00148148	0.0108642	0.745702
7860	24	3.73649	0.943643	5.25157	0.990589	0	0	0.0094106	0.740832
7870	21	3.2231	0.944364	5.03691	0.988631	0	0.00148295	0.00988631	0.738398
7880	21	2.86599	0.943052	4.68715	0.983768	0	0.00491884	0.0113133	0.740348
7890	17	2.9616	0.940584	4.88939	0.98912	0	0.0024728	0.00840752	0.739645
7900	19	3.06655	0.938319	4.73448	0.98912	0	0.00148368	0.00939664	0.738777
7910	22	3.33404	0.93608	4.87389	0.98912	0	0.00395648	0.00692384	0.738848
7920	21	3.19115	0.93637	4.81153	0.988142	0	0.00444664	0.00741107	0.737785
7930	22	3.3678	0.936663	4.72631	0.983768	0	0.000983768	0.0152484	0.734523
7940	22	3.62934	0.933586	5.16958	0.985707	0	0.00246427	0.0118285	0.734041
7950	18	3.71786	0.930322	4.8732	0.985222	0	0.00147783	0.0133005	0.73813
7960	23	4.45125	0.931915	4.82709	0.989609	0	0.00197922	0.00841168	0.742284
7970	19	4.5959	0.931281	5.04206	0.988142	0	0.00296443	0.00889328	0.738087
7980	21	4.91495	0.92804	4.80089	0.987167	0	0.00197433	0.0108588	0.731447
7990	18	4.75534	0.935253	5.1381	0.985707	0	0.00295712	0.0113356	0.732991
8000	25	5.81221	0.934479	5.20534	0.987167	0	0.00345508	0.00937808	0.740339
8010	27	6.02555	0.936954	5.04345	0.987167	0	0.00197433	0.0108588	0.732227
8020	32	6.37952	0.943833	5.17094	0.990099	0	0.0019802	0.00792079	0.749812
8030	31	7.30162	0.936676	5.1009	0.987167	0	0.00345508	0.00937808	0.732827
8040	25	8.0679	0.938627	5.46858	0.989609	0	0.00247402	0.00791687	0.741054
8050	24	7.58885	0.935503	5.11805	0.985222	0	0.00394089	0.0108374	0.738093
8060	23	7.41494	0.927825	5.78326	0.981836	0	0.00343643	0.0147275	0.733748
8070	22	6.64317	0.921802	4.94872	0.984737	0	0.00295421	0.0123092	0.732458
8080	23	7.29722	0.925396	5.06569	0.986193	0	0.00147929	0.0123274	0.735283
8090	20	7.33876	0.924067	5.19133	0.98912	0	0.00148368	0.00939664	0.733329
8100	19	6.85491	0.923051	5.05916	0.985707	0	0.00246427	0.0118285	0.723897
8110	25	7.51795	0.92464	4.98399	0.98668	0	0.00197336	0.0113468	0.727112
8120	24	7.40241	0.930031	5.62327	0.992063	0	0.00198413	0.00595238	0.734702
8130	25	7.06729	0.933123	5.17152	0.990099	0	0.00346535	0.00643564	0.732165
8140	25	7.70694	0.936889	5.18665	0.988142	0	0.00197628	0.00988142	0.742069
8150	29	8.19417	0.935729	4.96425	0.988142	0	0.00197628	0.00988142	0.733762
8160	29	8.43579	0.933343	5.21318	0.988142	0	0.00247036	0.00938735	0.73646
8170	31	9.6553	0.936415	5.48945	0.988142	0	0.00395257	0.00790514	0.739452
8180	26	7.89025	0.934153	5.31245	0.986193	0	0.00197239	0.0118343	0.73462
8190	24	6.97872	0.935014	4.91282	0.987654	0	0.00148148	0.0108642	0.740572
8200	28	7.33233	0.94029	4.97778	0.990099	0	0.00346535	0.00643564	0.74181
8210	29	8.10144	0.942146	5.51188	0.984252	0	0.00393701	0.011811	0.739824
8220	30	8.58783	0.939579	5.30765	0.988631	0	0.00247158	0.00889768	0.737928
8230	30	7.88194	0.93603	5.08443	0.985222	0	0.00246305	0.0123153	0.739482
8240	30	7.4258	0.93541	5.40334	0.985707	0	0.00394283	0.0103499	0.732364
8250	31	7.64931	0.938948	5.92686	0.983768	0	0.00491884	0.0113133	0.745382
8260	28	7.83711	0.942535	5.36682	0.985707	0	0.00147856	0.0128142	0.737289
8270	33	7.36441	0.943887	5.31786	0.985707	0	0.00246427	0.0118285	0.73957
8280	30	7.59024	0.944804	5.34198	0.983284	0	0.00393314	0.0127827	0.742294
8290	29	7.25143	0.945537	5.35825	0.986193	0	0.00246548	0.0113412	0.741105
8300	26	5.82365	0.941079	5.41145	0.988142	0	0.00247036	0.00938735	0.73828
8310	25	5.03643	0.937025	5.11057	0.993542	0	0.00149031	0.00496771	0.732814
8320	24	4.0644	0.931811	5.47835	0.983284	0	0.00294985	0.013766	0.732336
8330	26	4.29011	0.930262	5.10067	0.983768	0	0.00344319	0.012789	0.724638
8340	24	4.53732	0.929164	5.3352	0.984737	0	0.00492368	0.0103397	0.738259
8350	16	4.92777	0.932298	5.41706	0.982801	0	0.0034398	0.0137592	0.742374
8360	22	4.26982	0.92602	5.17251	0.988142	0	0.00247036	0.00938735	0.729563
8370	18	4.51364	0.926652	5.57827	0.991572	0	0.000991572	0.00743679	0.722787
8380	17	4.20062	0.924434	5.63144	0.99453	0	0.000497265	0.00497265	0.735559
8390	22	4.35292	0.925985	5.08788	0.987167	0	0.00345508	0.00937808	0.730841
8400	24	4.16701	0.92369	4.82309	0.987654	0	0.00246914	0.00987654	0.733379
8410	24	4.34365	0.924005	4.81394	0.986193	0	0.00295858	0.0108481	0.725999
8420	24	4.58551	0.926064	5.27561	0.984737	0	0.00492368	0.0103397	0.738089
8430	27	4.75899	0.927438	5.37746	0.98668	0	0.00444006	0.00888012	0.729296
8440	26	4.73326	0.923997	4.95766	0.987654	0	0.00197531	0.0103704	0.738487
8450	22	3.94574	0.917797	5.30905	0.988142	0	0.00197628	0.00988142	0.729099
8460	22	4.43251	0.922288	4.9784	0.991572	0	0.00198314	0.00644522	0.735496
8470	21	4.55689	0.921767	5.00612	0.994036	0	0.00248509	0.00347913	0.732173
8480	19	3.70353	0.912519	5.11733	0.979912	0	0.00293974	0.0171485	0.722132
8490	18	3.36702	0.907733	4.84698	0.981354	0	0.00392542	0.0147203	0.731609
8500	14	3.31418	0.907109	4.61165	0.984252	0	0.00246063	0.0132874	0.714422
8510	22	3.54349	0.908569	4.88042	0.98668	0	0.00296004	0.0103601	0.729002
8520	24	3.44376	0.905749	5.05749	0.985707	0	0.00246427	0.0118285	0.72044
8530	20	3.26297	0.903421	5.04217	0.981354	0	0.00294406	0.0157017	0.717504
8540	16	3.18001	0.902949	4.73009	0.984252	0	0.00393701	0.011811	0.71537
8550	20	3.32886	0.904641	5.23033	0.984252	0	0.00344488	0.0123031	0.713728
8560	28	3.29771	0.903265	4.84531	0.984252	0	0.00147638	0.0142717	0.717206
8570	23	3.82302	0.908381	5.13671	0.985707	0	0.00246427	0.0118285	0.716531
8580	22	4.61617	0.915064	5.30927	0.98668	0	0.0024667	0.0108535	0.732695
8590	26	4.67349	0.914561	5.06639	0.984252	0	0.00246063	0.0132874	0.728486
8600	24	5.82039	0.921943	5.26851	0.993049	0	0.000993049	0.00595829	0.72642
8610	23	5.89442	0.920011	5.46567	0.98912	0	0.0024728	0.00840752	0.734629
8620	24	5.29733	0.914398	5.18449	0.98668	0	0.00197336	0.0113468	0.724148
8630	20	4.84827	0.912607	5.00004	0.985707	0	0.00197141	0.0123213	0.718641
8640	16	4.10768	0.90706	4.82344	0.988142	0	0.00148221	0.0103755	0.714665
8650	17	4.23154	0.906677	5.10763	0.985222	0	0.000492611	0.0142857	0.7236
8660	24	4.81878	0.913626	5.19326	0.986193	0	0.000986193	0.0128205	0.721325
8670	24	4.12626	0.906454	4.84606	0.984737	0	0.0014771	0.0137863	0.729833
8680	24	4.4903	0.908615	4.70738	0.987167	0	0.00197433	0.0108588	0.72511
8690	29	4.63481	0.915267	4.87773	0.985222	0	0.00394089	0.0108374	0.724847
8700	24	4.71774	0.916904	5.09451	0.985222	0	0.00246305	0.0123153	0.727079
8710	22	5.24742	0.918659	5.16004	0.985707	0	0.00443568	0.00985707	0.726955
8720	25	5.62785	0.917398	4.97698	0.990589	0	0.00297177	0.00643883	0.72458
8730	31	6.00316	0.919207	5.15594	0.98668	0	0.00296004	0.0103601	0.722932
8740	30	6.1712	0.917541	5.41432	0.98912	0	0.00098912	0.0098912	0.725283
8750	38	7.72712	0.929461	5.40074	0.989609	0	0.00197922	0.00841168	0.733841
8760	39	8.04549	0.939843	5.50441	0.986193	0	0.00147929	0.0123274	0.734335
8770	37	7.52098	0.930923	5.31765	0.988631	0	0.00148295	0.00988631	0.729352
8780	31	7.09308	0.92369	5.01279	0.98912	0	0.00197824	0.00890208	0.72668
8790	29	7.58954	0.931929	5.25233	0.988142	0	0.00197628	0.00988142	0.72908
8800	28	7.49581	0.927403	5.41127	0.988142	0	0.00296443	0.00889328	0.734499
8810	26	7.04151	0.922812	5.10254	0.978474	0	0.00489237	0.0166341	0.723636
8820	27	6.31571	0.922146	5.66666	0.982801	0	0.00589681	0.0113022	0.736526
8830	30	6.24834	0.921005	5.34637	0.992556	0	0.00347395	0.00397022	0.737763
8840	28	6.45558	0.919652	4.88856	0.984252	0	0.00246063	0.0132874	0.737138
8850	26	6.11441	0.913335	4.96432	0.985707	0	0.00295712	0.0113356	0.719237
8860	25	5.97628	0.913784	4.90389	0.99108	0	0.0024777	0.00644202	0.729715
8870	23	5.99764	0.919985	5.00931	0.989609	0	0.00247402	0.00791687	0.733095
8880	24	6.05675	0.92196	5.17956	0.989609	0	0.00148441	0.00890648	0.731788
8890	31	5.04947	0.920647	4.98137	0.990589	0	0.00148588	0.00792472	0.727296
8900	25	4.93891	0.921214	4.87368	0.986193	0	0.00295858	0.0108481	0.730008
8910	21	4.55467	0.91732	5.25457	0.990099	0	0.000990099	0.00891089	0.724861
8920	21	4.68181	0.924974	5.2402	0.987167	0	0.00444225	0.00839092	0.732908
8930	18	5.16533	0.923808	5.11089	0.983768	0	0.00344319	0.012789	0.731656
8940	20	5.05318	0.916365	4.79771	0.987654	0	0.00296296	0.00938272	0.722075
8950	20	5.14143	0.917906	5.21384	0.986193	0	0.00246548	0.0113412	0.729838
8960	18	5.78631	0.920624	5.30291	0.988142	0	0.00148221	0.0103755	0.732262
8970	22	6.10162	0.922561	5.15051	0.984252	0	0.00344488	0.0123031	0.729969
8980	18	6.46682	0.919848	5.23463	0.98668	0	0.00148002	0.0118402	0.726488
8990	24	6.31178	0.914695	5.27502	0.98912	0	0.0024728	0.00840752	0.7256
9000	22	6.2128	0.918447	5.26177	0.982318	0	0.00343811	0.0142436	0.721999
9010	17	5.89059	0.919707	5.03912	0.985707	0	0.00492854	0.00936422	0.725472
9020	17	5.93851	0.92392	5.54975	0.987654	0	0.00197531	0.0103704	0.726991
9030	16	5.46111	0.919379	4.9734	0.987654	0	0.00148148	0.0108642	0.727891
9040	17	5.2036	0.916696	5.38487	0.990099	0	0.00247525	0.00742574	0.735644
9050	20	4.97548	0.915323	5.22726	0.983284	0	0.00344149	0.0132743	0.727303
9060	25	5.75534	0.9209	5.40593	0.988142	0	0.00247036	0.00938735	0.735087
9070	27	5.19768	0.917632	5.0947	0.986193	0	0.00345168	0.010355	0.730216
9080	23	4.97496	0.914804	4.96242	0.987167	0	0.00394867	0.0088845	0.72935
9090	21	5.24161	0.917601	5.08098	0.987654	0	0.000987654	0.011358	0.731284
9100	20	5.24777	0.918689	5.85007	0.986193	0	0.000986193	0.0128205	0.730895
9110	23	5.15547	0.916902	5.27269	0.988631	0	0.00148295	0.00988631	0.727342
9120	29	4.85495	0.914887	5.36924	0.987654	0	0.000987654	0.011358	0.735177
9130	19	4.64361	0.912472	4.78712	0.984252	0	0.00246063	0.0132874	0.734773
9140	22	4.23133	0.907953	5.26029	0.984252	0	0.00295276	0.0127953	0.729177
9150	20	4.9158	0.913903	5.0233	0.986193	0	0.00295858	0.0108481	0.730623
9160	22	4.68672	0.910373	5.43825	0.987167	0	0.00197433	0.0108588	0.723609
9170	23	4.04892	0.904903	5.29306	0.987167	0	0.00148075	0.0113524	0.726352
9180	24	3.88713	0.902589	4.91936	0.986193	0	0.000986193	0.0128205	0.721457
9190	21	3.96505	0.904277	4.89283	0.987167	0	0.00246792	0.0103653	0.721854
9200	21	4.32206	0.905389	5.19629	0.985707	0	0.00147856	0.0128142	0.718605
9210	17	3.80762	0.899373	5.48122	0.990589	0	0.00297177	0.00643883	0.727685
9220	24	3.50621	0.894243	5.00355	0.984252	0	0.00344488	0.0123031	0.713071
9230	23	3.59287	0.892803	5.0944	0.985707	0	0.00147856	0.0128142	0.716016
9240	29	3.67117	0.897451	4.80751	0.985707	0	0.00246427	0.0118285	0.711703
9250	28	3.48386	0.894327	5.05931	0.987654	0	0.00148148	0.0108642	0.707563
9260	27	4.28849	0.899842	4.85894	0.98912	0	0.00098912	0.0098912	0.719476
9270	22	4.58	0.900132	5.2553	0.981836	0	0.00294551	0.0152185	0.711348
9280	24	4.84198	0.903898	5.43388	0.987654	0	0.000987654	0.011358	0.716457
9290	23	4.87967	0.901498	5.36138	0.98668	0	0.0024667	0.0108535	0.721181
9300	24	5.06698	0.902091	5.00992	0.989609	0	0.000989609	0.00940129	0.718591
9310	23	4.85198	0.900242	5.50731	0.987654	0	0.00296296	0.00938272	0.717251
9320	24	5.29976	0.902571	5.22412	0.983284	0	0.00442478	0.0122911	0.719982
9330	27	6.04548	0.90927	4.96659	0.984737	0	0.00295421	0.0123092	0.721743
9340	31	7.28955	0.914642	5.34286	0.987654	0	0.00246914	0.00987654	0.72244
9350	27	7.90664	0.917953	6.06527	0.990099	0	0.000990099	0.00891089	0.733089
9360	27	7.12877	0.909629	5.62417	0.984737	0	0.0014771	0.0137863	0.72198
9370	24	7.34548	0.906501	5.61353	0.985707	0	0.00295712	0.0113356	0.721576
9380	26	6.81042	0.909433	5.25423	0.988142	0	0.000988142	0.0108696	0.724742
9390	34	8.60936	0.917085	5.67378	0.988631	0	0.000988631	0.0103806	0.728687
9400	29	7.06774	0.908357	5.07585	0.989609	0	0.00197922	0.00841168	0.719848
9410	29	7.65864	0.910025	4.8383	0.989609	0	0.000989609	0.00940129	0.722366
9420	30	7.94086	0.915416	4.95372	0.989609	0	0.00148441	0.00890648	0.72951
9430	32	8.92742	0.92513	5.42799	0.984737	0	0.00295421	0.0123092	0.733935
9440	30	8.06084	0.915287	5.64409	0.982318	0	0.00147348	0.0162083	0.726227
9450	31	7.7366	0.917239	5.03304	0.98668	0	0.00197336	0.0113468	0.729579
9460	25	7.7951	0.914643	4.979	0.985707	0	0.00295712	0.0113356	0.727007
9470	28	8.43494	0.913914	4.9407	0.988142	0	0.00296443	0.00889328	0.730832
9480	24	7.71903	0.910011	5.31501	0.980392	0	0.00343137	0.0161765	0.721565
9490	24	8.46392	0.918576	5.23476	0.987654	0	0.00246914	0.00987654	0.730009
9500	25	8.31146	0.916281	5.18389	0.988631	0	0.00197726	0.00939199	0.723239
9510	28	8.14955	0.915395	5.23919	0.982801	0	0.000982801	0.0162162	0.715088
9520	23	7.02085	0.906764	5.05412	0.982801	0	0.0039312	0.0132678	0.724036
9530	25	7.12373	0.905529	5.15611	0.990589	0	0.00198118	0.00742942	0.724719
9540	26	6.65947	0.902808	4.95062	0.98668	0	0.0024667	0.0108535	0.724724
9550	25	6.15485	0.89774	5.11652	0.987654	0	0.000987654	0.011358	0.719696
9560	29	6.63686	0.906196	5.11956	0.984737	0	0.00196947	0.0132939	0.723931
9570	31	6.2626	0.90236	5.0707	0.987654	0	0.000987654	0.011358	0.717534
9580	26	5.93992	0.898925	4.93325	0.987654	0	0.00148148	0.0108642	0.724957
9590	28	6.03407	0.898919	5.00297	0.983284	0	0.00344149	0.0132743	0.719554
9600	25	5.96014	0.897814	5.08502	0.988631	0	0.000988631	0.0103806	0.709194
9610	24	4.69947	0.880851	5.01194	0.981354	0	0.00147203	0.0171737	0.716416
9620	23	5.23167	0.882439	5.22922	0.987654	0	0.00444444	0.00790123	0.716456
9630	29	6.68691	0.892329	5.02354	0.987167	0	0.00246792	0.0103653	0.704431
9640	31	8.48044	0.912832	5.55072	0.987167	0	0.00246792	0.0103653	0.722414
9650	28	8.62687	0.907974	5.2036	0.988631	0	0.00296589	0.00840336	0.72182
9660	21	7.25322	0.907331	5.097	0.988142	0	0.00296443	0.00889328	0.728574
9670	24	7.39275	0.905856	5.15781	0.987654	0	0.00148148	0.0108642	0.725893
9680	26	8.4923	0.911562	5.10991	0.982318	0	0.0024558	0.0152259	0.718684
9690	29	8.35931	0.911595	5.03912	0.98668	0	0.00296004	0.0103601	0.720919
9700	24	7.80692	0.914805	5.08024	0.985222	0	0.000985222	0.0137931	0.731952
9710	29	7.57074	0.909193	5.20592	0.988142	0	0.00148221	0.0103755	0.727646
9720	25	7.04057	0.907024	5.03988	0.989609	0	0.00148441	0.00890648	0.723047
9730	26	6.48428	0.913996	5.24004	0.987654	0	0.00296296	0.00938272	0.728359
9740	22	6.05225	0.91652	5.3513	0.987654	0	0.00246914	0.00987654	0.72196
9750	24	5.83196	0.916003	5.80601	0.981836	0	0.0054001	0.0127639	0.734635
9760	26	5.62684	0.918145	5.23389	0.990099	0	0.0019802	0.00792079	0.725586
9770	23	5.83341	0.91812	5.25431	0.988142	0	0.00197628	0.00988142	0.725894
9780	28	5.87492	0.923591	5.04548	0.990589	0	0.00445765	0.00495295	0.725224
9790	27	6.31465	0.917524	5.22022	0.99108	0	0.00099108	0.00792864	0.718564
9800	22	7.06906	0.92156	5.04186	0.987167	0	0.00197433	0.0108588	0.721501
9810	24	7.59901	0.919666	5.1452	0.98668	0	0.0024667	0.0108535	0.731138
9820	24	7.77998	0.915215	5.42699	0.986193	0	0.00197239	0.0118343	0.727372
9830	17	7.50155	0.915701	5.23205	0.98668	0	0.00345338	0.0098668	0.731325
9840	22	8.24649	0.913559	5.06419	0.988631	0	0.000494315	0.0108749	0.728257
9850	21	8.86358	0.920061	5.33675	0.987654	0	0.00345679	0.00888889	0.719593
9860	23	9.83796	0.920014	5.28917	0.982318	0	0.00196464	0.0157171	0.727507
9870	29	10.1554	0.924188	5.65646	0.984252	0	0.0019685	0.0137795	0.730838
9880	29	9.6006	0.91936	5.16103	0.981836	0	0.00294551	0.0152185	0.7263
9890	30	9.45701	0.924136	5.67089	0.987654	0	0.00148148	0.0108642	0.739204
9900	27	8.90966	0.924857	5.4523	0.987654	0	0.00148148	0.0108642	0.735086
9910	24	8.18266	0.920039	5.10794	0.983284	0	0.00245821	0.0142576	0.731471
9920	21	8.2547	0.920709	5.3767	0.99108	0	0.00148662	0.0074331	0.735506
9930	26	7.9968	0.91855	5.60294	0.982801	0	0.002457	0.014742	0.730358
9940	21	8.19024	0.915644	5.37519	0.984737	0	0.0014771	0.0137863	0.719818
9950	22	7.26443	0.911934	5.20417	0.98668	0	0.00148002	0.0118402	0.725098
9960	22	6.37115	0.925598	4.90019	0.990099	0	0.00247525	0.00742574	0.741022
9970	22	5.55857	0.917409	5.30229	0.982801	0	0.0039312	0.0132678	0.723813
9980	28	5.93705	0.912246	5.13993	0.988142	0	0.00197628	0.00988142	0.728868
9990	30	5.3868	0.909739	4.90628	0.983768	0	0.00393507	0.0122971	0.72866
