Generation number	Total number of allele	Diversity	Activity	Time	Fertility rate	2 DSB on one site rate	No DSB rate	No symmetrical sites (binding + DSB) rate	q
0	9	1.01211	0.999916	4.41651	0.989609	0	0.00247402	0.00791687	0.77766
10	50	1.16225	0.999038	6.40218	0.992063	0	0.00198413	0.00595238	0.7759
20	80	1.47142	0.99824	6.3189	0.988631	0	0.00197726	0.00939199	0.76697
30	87	1.82342	0.997267	8.23923	0.992556	0	0.00347395	0.00397022	0.769059
40	94	2.49343	0.996745	7.19677	0.990589	0	0.00247647	0.00693413	0.773478
50	119	3.49248	0.99644	8.11456	0.990589	0	0.00396236	0.00544824	0.771024
60	115	5.41886	0.995762	8.83508	0.99453	0	0.00198906	0.00348086	0.776685
70	120	6.29554	0.995205	7.84739	0.988631	0	0.00296589	0.00840336	0.770356
80	132	6.26939	0.994568	7.69008	0.990099	0	0.0039604	0.00594059	0.769501
90	119	5.28469	0.993598	7.18295	0.988631	0	0.00247158	0.00889768	0.766394
100	134	6.35178	0.993327	7.49368	0.988631	0	0.00346021	0.00790905	0.770165
110	126	6.87135	0.992829	7.01366	0.987654	0	0.00246914	0.00987654	0.774743
120	135	12.1289	0.993158	7.21531	0.987654	0	0.00296296	0.00938272	0.769834
130	135	12.0125	0.992427	9.24307	0.988142	0	0.00296443	0.00889328	0.767738
140	137	16.5985	0.9927	9.10972	0.988631	0	0.00395452	0.00741473	0.766274
150	143	20.6002	0.992597	8.45979	0.985222	0	0.00394089	0.0108374	0.767399
160	151	25.732	0.992864	8.2911	0.990099	0	0.0019802	0.00792079	0.767507
170	145	36.9545	0.993095	7.45904	0.990099	0	0.0019802	0.00792079	0.762524
180	160	49.8385	0.993869	8.1008	0.98912	0	0.00445104	0.00642928	0.76617
190	153	51.1698	0.993147	8.6039	0.990589	0	0.00198118	0.00742942	0.768588
200	159	43.1166	0.992261	7.55661	0.985707	0	0.00443568	0.00985707	0.763939
210	152	48.2591	0.992643	8.41689	0.99108	0	0.00148662	0.0074331	0.766926
220	139	48.0814	0.992587	8.0462	0.994036	0	0.000994036	0.00497018	0.772223
230	135	50.2699	0.992059	7.96296	0.992556	0	0.00198511	0.00545906	0.765301
240	159	54.5224	0.991916	6.97364	0.990589	0	0.00148588	0.00792472	0.762918
250	144	46.2046	0.99153	7.90857	0.986193	0	0.00295858	0.0108481	0.765661
260	160	52.8313	0.992188	7.60306	0.987654	0	0.00197531	0.0103704	0.777862
270	156	47.7197	0.992621	8.99656	0.991572	0	0.00247893	0.00594943	0.764373
280	145	42.6481	0.992051	8.73682	0.990099	0	0.00148515	0.00841584	0.767109
290	154	40.481	0.992507	7.24685	0.990589	0	0.00247647	0.00693413	0.771998
300	154	49.9219	0.992246	8.34502	0.988631	0	0.00346021	0.00790905	0.774606
310	140	41.8723	0.992076	8.13362	0.98668	0	0.0024667	0.0108535	0.770792
320	148	41.2159	0.992261	8.4497	0.992063	0	0.00248016	0.00545635	0.765982
330	143	41.9655	0.991747	7.0455	0.990099	0	0.0019802	0.00792079	0.771298
340	155	41.2584	0.991691	7.93569	0.992556	0	0.00148883	0.00595533	0.769659
350	147	47.6196	0.992287	7.74431	0.989609	0	0.00197922	0.00841168	0.761809
360	149	46.9306	0.992097	8.09312	0.990099	0	0.000990099	0.00891089	0.766946
370	179	61.7639	0.993549	7.37426	0.98912	0	0.0024728	0.00840752	0.765464
380	156	58.9033	0.993134	8.43559	0.991572	0	0.00297471	0.00545364	0.767694
390	160	55.3862	0.99258	7.04945	0.99108	0	0.0024777	0.00644202	0.771882
400	149	41.7703	0.991898	7.31321	0.990099	0	0.00148515	0.00841584	0.767829
410	160	47.2363	0.992092	8.70683	0.990099	0	0.00346535	0.00643564	0.762356
420	147	49.6274	0.99203	7.49708	0.98912	0	0.00148368	0.00939664	0.775397
430	145	42.9216	0.991612	7.55393	0.990589	0	0.00247647	0.00693413	0.772101
440	143	37.7794	0.991446	9.20966	0.990099	0	0.0019802	0.00792079	0.766854
450	141	34.601	0.991949	8.72703	0.99108	0	0.00099108	0.00792864	0.772486
460	150	38.1837	0.9917	8.80589	0.990589	0	0.00297177	0.00643883	0.769183
470	136	45.552	0.992302	7.80489	0.988631	0	0.00296589	0.00840336	0.77209
480	146	45.7355	0.991469	7.44329	0.990589	0	0.00198118	0.00742942	0.771507
490	140	42.5369	0.991387	8.44453	0.98668	0	0.00296004	0.0103601	0.764936
500	129	44.6391	0.99114	7.25886	0.989609	0	0.00346363	0.00692726	0.765484
510	143	48.4528	0.991536	9.0675	0.985222	0	0.00246305	0.0123153	0.765717
520	141	47.7305	0.992272	10.2812	0.987654	0	0.00345679	0.00888889	0.773935
530	135	46.4392	0.991725	7.8116	0.990589	0	0.000495295	0.0089153	0.762594
540	141	47.3404	0.992105	9.14206	0.99108	0	0.00297324	0.00594648	0.769135
550	142	44.6451	0.991766	8.10275	0.98912	0	0.00445104	0.00642928	0.765108
560	132	44.4939	0.991829	8.03657	0.990099	0	0.00148515	0.00841584	0.770812
570	150	39.3555	0.9908	7.52985	0.988631	0	0.00247158	0.00889768	0.773576
580	145	43.3905	0.990489	8.62911	0.992063	0	0.00297619	0.00496032	0.771551
590	141	43.3039	0.990254	8.38204	0.990099	0	0.0019802	0.00792079	0.766632
600	144	46.1389	0.990701	7.72808	0.99108	0	0.00297324	0.00594648	0.760812
610	147	49.6447	0.990291	7.17355	0.992556	0	0.00198511	0.00545906	0.766863
620	156	45.9501	0.990033	7.98559	0.98912	0	0.00049456	0.0103858	0.770395
630	140	52.7525	0.990584	8.12896	0.991572	0	0.00247893	0.00594943	0.779918
640	138	48.1492	0.989781	7.46525	0.988631	0	0.00346021	0.00790905	0.770826
650	142	46.6256	0.988871	8.00061	0.990099	0	0.000990099	0.00891089	0.767417
660	134	41.8921	0.989072	8.11648	0.983768	0	0.00245942	0.0137727	0.765707
670	130	42.8958	0.988726	7.50443	0.985707	0	0.00394283	0.0103499	0.775094
680	130	36.6969	0.988528	8.80713	0.99108	0	0.00198216	0.00693756	0.754503
690	133	34.8436	0.989027	8.03281	0.98912	0	0.0024728	0.00840752	0.768313
700	145	35.4633	0.989673	8.6526	0.992063	0	0.00297619	0.00496032	0.758055
710	146	38.4675	0.989931	8.31371	0.98912	0	0.00395648	0.00692384	0.769779
720	150	43.2206	0.990653	7.75591	0.986193	0	0.00345168	0.010355	0.770472
730	146	44.9615	0.990859	8.72174	0.992556	0	0.000992556	0.00645161	0.772872
740	138	40.9737	0.990165	8.61476	0.99108	0	0.00297324	0.00594648	0.768029
750	137	42.4754	0.989909	7.32759	0.99108	0	0.00148662	0.0074331	0.759586
760	133	41.2273	0.989835	7.21205	0.990099	0	0.000990099	0.00891089	0.760203
770	138	36.0312	0.990395	8.39292	0.988142	0	0.00247036	0.00938735	0.754501
780	126	32.0881	0.989531	7.86501	0.988631	0	0.00395452	0.00741473	0.768844
790	146	40.3408	0.989591	6.78106	0.985222	0	0.00492611	0.00985222	0.765821
800	163	43.696	0.990013	8.15502	0.989609	0	0.00346363	0.00692726	0.770641
810	155	43.7084	0.989796	8.68391	0.990589	0	0.00247647	0.00693413	0.766947
820	162	32.3484	0.989266	7.96416	0.987654	0	0.00197531	0.0103704	0.763635
830	158	26.0485	0.989017	7.57497	0.988142	0	0.0034585	0.00839921	0.765263
840	148	31.2056	0.989918	7.6487	0.987167	0	0.0029615	0.00987167	0.767582
850	150	33.8799	0.989388	8.04728	0.988142	0	0.00148221	0.0103755	0.765992
860	153	41.4755	0.989563	7.4883	0.990589	0	0.00198118	0.00742942	0.765331
870	144	34.4251	0.989307	7.60276	0.993049	0	0.000993049	0.00595829	0.766553
880	154	46.4446	0.991738	7.86039	0.989609	0	0.00346363	0.00692726	0.773996
890	140	38.7179	0.990349	7.77205	0.985222	0	0.00295567	0.0118227	0.768172
900	138	38.2671	0.989896	8.49947	0.988631	0	0.00197726	0.00939199	0.767337
910	135	34.4947	0.988514	8.08487	0.992556	0	0.000992556	0.00645161	0.758442
920	137	30.3643	0.989331	9.17372	0.988142	0	0.00247036	0.00938735	0.758609
930	130	30.4745	0.988518	8.36745	0.987654	0	0.00148148	0.0108642	0.758298
940	145	42.6522	0.989495	8.41623	0.990589	0	0.000990589	0.00842001	0.775353
950	141	47.2385	0.989731	8.61261	0.991572	0	0.00198314	0.00644522	0.764069
960	137	54.6858	0.990065	9.13812	0.990589	0	0.00247647	0.00693413	0.766602
970	141	45.8867	0.987959	7.4632	0.991572	0	0.00148736	0.006941	0.755927
980	158	42.489	0.987079	8.04167	0.982801	0	0.0029484	0.0142506	0.768849
990	145	41.3742	0.986479	7.77455	0.990589	0	0.00396236	0.00544824	0.768339
1000	157	50.9434	0.988728	7.65327	0.987167	0	0.00345508	0.00937808	0.763669
1010	161	50.5235	0.989266	7.81612	0.987167	0	0.00246792	0.0103653	0.752404
1020	140	39.1243	0.988108	7.86374	0.995025	0	0	0.00497512	0.761099
1030	142	45.8404	0.988634	7.30757	0.987167	0	0.00246792	0.0103653	0.769944
1040	144	38.742	0.989019	8.71887	0.986193	0	0.00345168	0.010355	0.761667
1050	139	42.8342	0.990229	8.01416	0.987654	0	0.00148148	0.0108642	0.763745
1060	142	30.8467	0.991614	7.19428	0.99108	0	0.0024777	0.00644202	0.769635
1070	135	35.7335	0.990955	7.83672	0.990589	0	0.00198118	0.00742942	0.770242
1080	141	39.385	0.99121	7.71903	0.991572	0	0.000991572	0.00743679	0.77092
1090	137	39.9321	0.991617	7.85595	0.990099	0	0.0019802	0.00792079	0.77135
1100	128	36.6713	0.991256	8.1648	0.993049	0	0.000496524	0.00645482	0.768024
1110	138	29.2191	0.99089	9.21059	0.988631	0	0.00247158	0.00889768	0.76189
1120	132	36.78	0.991503	7.99478	0.988631	0	0.00148295	0.00988631	0.763273
1130	130	38.7705	0.99173	8.06939	0.991572	0	0.00198314	0.00644522	0.762291
1140	136	35.7603	0.991706	7.63742	0.989609	0	0.00346363	0.00692726	0.767027
1150	128	40.3636	0.992705	7.60069	0.99108	0	0.0024777	0.00644202	0.772398
1160	137	36.8485	0.99213	7.72609	0.994036	0	0.00298211	0.00298211	0.768143
1170	134	35.113	0.992069	8.87979	0.984737	0	0.00393895	0.0113245	0.771773
1180	143	37.5211	0.992336	7.15319	0.990099	0	0.0029703	0.00693069	0.777662
1190	138	41.1044	0.991857	7.4996	0.985707	0	0.00295712	0.0113356	0.774182
1200	145	38.1407	0.991554	8.59965	0.989609	0	0.00197922	0.00841168	0.766008
1210	142	36.6404	0.991638	8.34541	0.990099	0	0.00247525	0.00742574	0.763487
1220	156	34.0572	0.991136	7.58473	0.989609	0	0.00197922	0.00841168	0.772288
1230	165	41.0351	0.991482	7.61501	0.988142	0	0.00296443	0.00889328	0.771288
1240	155	46.6071	0.991327	8.7244	0.987654	0	0.00395062	0.00839506	0.770359
1250	147	43.2	0.990648	8.06099	0.987167	0	0.00542942	0.00740375	0.767909
1260	148	42.1066	0.989882	7.50863	0.98912	0	0.00346192	0.0074184	0.768405
1270	149	44.6471	0.990095	7.6662	0.991572	0	0.00396629	0.00446207	0.767207
1280	159	38.3921	0.98936	7.73713	0.987654	0	0.00296296	0.00938272	0.764925
1290	161	42.2535	0.989999	8.38074	0.988631	0	0.00296589	0.00840336	0.772711
1300	163	48.8246	0.990764	7.70469	0.993049	0	0.000496524	0.00645482	0.76318
1310	152	49.3736	0.990605	7.51167	0.989609	0	0.00296883	0.00742207	0.768636
1320	156	43.6188	0.990419	9.47394	0.990099	0	0.0029703	0.00693069	0.758657
1330	158	47.4799	0.990706	9.99419	0.988142	0	0.00395257	0.00790514	0.767816
1340	161	49.561	0.990429	8.08963	0.990589	0	0.000990589	0.00842001	0.759732
1350	144	52.1739	0.990407	7.27566	0.987654	0	0.00197531	0.0103704	0.760365
1360	140	47.4787	0.990217	8.00775	0.98668	0	0.0049334	0.00838678	0.764385
1370	163	60.2824	0.99103	7.65803	0.987654	0	0.00345679	0.00888889	0.769811
1380	150	53.8254	0.990796	8.35214	0.98912	0	0.00346192	0.0074184	0.765154
1390	148	47.014	0.989481	10.1134	0.988142	0	0.00395257	0.00790514	0.766418
1400	139	44.9798	0.989928	8.98695	0.991572	0	0.000495786	0.00793257	0.771033
1410	138	47.4235	0.990313	9.14433	0.98912	0	0.0024728	0.00840752	0.763654
1420	153	49.5241	0.99078	7.92579	0.991572	0	0.00247893	0.00594943	0.769245
1430	142	50.959	0.991323	8.63219	0.991572	0	0.00247893	0.00594943	0.773311
1440	161	54.295	0.992048	8.59685	0.985222	0	0.00344828	0.01133	0.766999
1450	152	51.6346	0.992515	7.25553	0.993542	0	0.00248385	0.00397417	0.770862
1460	151	44.6211	0.992256	8.0865	0.992556	0	0.00198511	0.00545906	0.766402
1470	156	46.6441	0.992362	8.47103	0.98668	0	0.00296004	0.0103601	0.767086
1480	150	44.915	0.992877	8.41895	0.987167	0	0.0029615	0.00987167	0.774735
1490	151	48.9382	0.99282	9.28643	0.990589	0	0.00198118	0.00742942	0.763616
1500	145	46.2693	0.992241	8.72004	0.987654	0	0.00246914	0.00987654	0.77655
1510	144	38.6924	0.99112	8.87282	0.990589	0	0.00148588	0.00792472	0.768189
1520	135	42.8921	0.990319	8.34873	0.990099	0	0.00346535	0.00643564	0.772023
1530	142	42.3332	0.990692	8.11631	0.990589	0	0.00495295	0.00445765	0.764563
1540	143	50.0915	0.991859	8.06616	0.987654	0	0.00197531	0.0103704	0.764275
1550	143	54.1625	0.992091	8.40606	0.990099	0	0.000990099	0.00891089	0.762418
1560	155	47.4765	0.992183	8.53208	0.98912	0	0.00296736	0.00791296	0.768992
1570	147	44.0923	0.99224	7.94388	0.993049	0	0.00248262	0.00446872	0.776576
1580	145	41.1552	0.992589	9.27721	0.988631	0	0.00296589	0.00840336	0.768451
1590	139	42.1528	0.992002	8.24839	0.98912	0	0.00346192	0.0074184	0.764923
1600	150	38.6543	0.991987	8.22204	0.98912	0	0.00296736	0.00791296	0.7702
1610	148	42.3628	0.992478	7.72248	0.990589	0	0.000990589	0.00842001	0.774303
1620	155	52.1821	0.992594	9.37999	0.986193	0	0.000986193	0.0128205	0.766659
1630	145	56.8907	0.992137	10.2834	0.992063	0	0.0014881	0.00644841	0.766645
1640	142	38.745	0.990697	8.12314	0.990589	0	0.00297177	0.00643883	0.76817
1650	141	40.4184	0.991008	8.66872	0.98668	0	0.00345338	0.0098668	0.765638
1660	125	43.5664	0.99081	8.36958	0.989609	0	0.00296883	0.00742207	0.77193
1670	150	50.0338	0.992176	8.40816	0.989609	0	0.00197922	0.00841168	0.77333
1680	127	35.9715	0.992495	8.66638	0.98912	0	0.0024728	0.00840752	0.768259
1690	129	39.0945	0.991773	7.44346	0.990099	0	0.00247525	0.00742574	0.770429
1700	129	41.3066	0.991928	8.88384	0.989609	0	0.00197922	0.00841168	0.768256
1710	141	46.0358	0.991921	7.96611	0.990589	0	0.00346706	0.00594354	0.764639
1720	162	47.106	0.991045	8.51442	0.989609	0	0.00296883	0.00742207	0.771687
1730	142	44.663	0.990048	8.36832	0.99108	0	0.00297324	0.00594648	0.772888
1740	129	41.448	0.99032	8.25848	0.99552	0	0.00149328	0.00298656	0.764904
1750	139	43.5161	0.990151	7.5296	0.993049	0	0.000993049	0.00595829	0.766933
1760	149	46.9223	0.990548	8.38481	0.990589	0	0.00247647	0.00693413	0.767399
1770	146	37.6846	0.989925	8.42132	0.990099	0	0.0029703	0.00693069	0.764552
1780	145	38.0949	0.989207	8.44529	0.992063	0	0.000992063	0.00694444	0.768713
1790	136	34.6322	0.988787	7.86627	0.990099	0	0.00247525	0.00742574	0.760825
1800	135	31.9711	0.988875	8.3779	0.992556	0	0.00248139	0.00496278	0.764912
1810	127	37.0632	0.9885	8.61512	0.988142	0	0.000988142	0.0108696	0.766792
1820	128	41.5281	0.988059	8.23824	0.992556	0	0.00148883	0.00595533	0.771137
1830	133	42.7261	0.988178	8.27881	0.988631	0	0.00197726	0.00939199	0.766312
1840	132	41.9969	0.989185	7.72414	0.993049	0	0.00148957	0.00546177	0.760216
1850	123	36.4832	0.988439	7.63644	0.990099	0	0.00247525	0.00742574	0.764631
1860	139	39.6476	0.989438	9.69278	0.987167	0	0.0029615	0.00987167	0.762708
1870	128	38.039	0.990252	8.82615	0.992556	0	0.000992556	0.00645161	0.757482
1880	138	40.8364	0.991234	8.84387	0.992063	0	0.00248016	0.00545635	0.759261
1890	150	44.5634	0.991523	9.68998	0.992063	0	0.00248016	0.00545635	0.774753
1900	151	43.7755	0.991467	9.541	0.987654	0	0.00197531	0.0103704	0.763264
1910	152	35.3929	0.99109	8.42111	0.98912	0	0.00197824	0.00890208	0.766115
1920	133	40.803	0.990888	6.85175	0.993542	0	0.00248385	0.00397417	0.763605
1930	139	39.4597	0.991673	7.86408	0.990099	0	0.0029703	0.00693069	0.768357
1940	137	39.3121	0.99203	11.0204	0.988631	0	0.00395452	0.00741473	0.773538
1950	150	46.2329	0.992333	8.88984	0.991572	0	0.00198314	0.00644522	0.769685
1960	152	43.9962	0.992205	9.61657	0.98668	0	0.00098668	0.0123335	0.776073
1970	152	48.6345	0.992219	7.72734	0.987167	0	0.00444225	0.00839092	0.771899
1980	138	49.7052	0.992274	7.71419	0.988142	0	0.00197628	0.00988142	0.773241
1990	140	50.6259	0.992342	7.55161	0.985707	0	0.00542139	0.00887137	0.770303
2000	143	44.4534	0.9923	7.58261	0.990099	0	0.0039604	0.00594059	0.773388
2010	145	50.2515	0.992163	7.79417	0.992063	0	0.0014881	0.00644841	0.762434
2020	131	46.1251	0.991025	8.23723	0.986193	0	0.00394477	0.00986193	0.773082
2030	133	42.2526	0.990739	7.8013	0.991572	0	0.00148736	0.006941	0.758481
2040	130	38.9648	0.990542	7.24709	0.982801	0	0.0029484	0.0142506	0.770942
2050	139	43.5057	0.99041	8.19312	0.985222	0	0.00394089	0.0108374	0.771327
2060	128	45.8846	0.99057	9.085	0.98668	0	0.00197336	0.0113468	0.761828
2070	138	41.9308	0.990299	9.15807	0.990099	0	0.00148515	0.00841584	0.76906
2080	154	46.2918	0.991069	7.88332	0.99108	0	0.00099108	0.00792864	0.771072
2090	142	43.8928	0.990524	9.67997	0.988142	0	0.00148221	0.0103755	0.763938
2100	149	39.0761	0.990655	9.70572	0.98912	0	0.00346192	0.0074184	0.766233
2110	156	37.4859	0.990332	9.64452	0.990589	0	0.00247647	0.00693413	0.762147
2120	144	37.0563	0.991058	9.89635	0.988631	0	0.00247158	0.00889768	0.768779
2130	139	36.2679	0.99095	8.59151	0.989609	0	0.000989609	0.00940129	0.764172
2140	153	34.7436	0.991264	8.45922	0.991572	0	0.000991572	0.00743679	0.771977
2150	141	37.4796	0.992087	8.36402	0.98668	0	0.00345338	0.0098668	0.775582
2160	153	38.2773	0.991463	9.49772	0.990589	0	0.00247647	0.00693413	0.773511
2170	122	34.3961	0.990596	7.81323	0.988142	0	0.00296443	0.00889328	0.776284
2180	142	41.1289	0.991306	7.94857	0.990099	0	0.0019802	0.00792079	0.771762
2190	148	39.4753	0.991353	8.19197	0.989609	0	0.00296883	0.00742207	0.768436
2200	145	38.658	0.990154	10.4672	0.99108	0	0.00198216	0.00693756	0.776489
2210	126	38.9057	0.989997	10.3575	0.992556	0	0.000496278	0.00694789	0.769516
2220	140	42.0189	0.989815	10.7179	0.985222	0	0.00295567	0.0118227	0.768588
2230	140	37.9487	0.99012	9.73484	0.991572	0	0.0034705	0.00495786	0.768451
2240	138	37.7387	0.98959	7.6541	0.985222	0	0.00197044	0.0128079	0.76445
2250	128	29.6444	0.98846	8.72582	0.991572	0	0.00198314	0.00644522	0.765325
2260	142	35.6023	0.988656	8.07001	0.989609	0	0.00247402	0.00791687	0.765701
2270	137	39.9033	0.990137	7.12445	0.990099	0	0.00148515	0.00841584	0.76374
2280	146	49.1344	0.990964	9.22642	0.98912	0	0.00197824	0.00890208	0.77363
2290	138	41.2418	0.991126	8.67225	0.99108	0	0.00297324	0.00594648	0.771214
2300	129	37.7758	0.991032	7.9049	0.991572	0	0.00297471	0.00545364	0.771957
2310	137	33.3495	0.990125	8.92154	0.992063	0	0.0014881	0.00644841	0.76927
2320	139	38.5863	0.991007	8.8058	0.988142	0	0.00247036	0.00938735	0.766036
2330	140	46.395	0.991757	8.40123	0.988142	0	0.0034585	0.00839921	0.769106
2340	141	40.0738	0.991593	8.30154	0.99108	0	0.0024777	0.00644202	0.770576
2350	134	38.8799	0.991086	8.83926	0.992063	0	0.00248016	0.00545635	0.76661
2360	137	37.1238	0.991337	8.29493	0.98912	0	0.00197824	0.00890208	0.76585
2370	125	41.0183	0.991876	7.96525	0.993542	0	0.00248385	0.00397417	0.771349
2380	151	43.9131	0.991046	8.5672	0.990589	0	0.00247647	0.00693413	0.766134
2390	147	49.4078	0.991258	8.87705	0.994036	0	0.00347913	0.00248509	0.763352
2400	162	57.9063	0.991888	8.1256	0.987654	0	0.00246914	0.00987654	0.766293
2410	147	52.9665	0.991228	7.7623	0.991572	0	0.00198314	0.00644522	0.76258
2420	147	54.12	0.991306	8.94815	0.992063	0	0.000992063	0.00694444	0.772442
2430	144	51.156	0.991613	9.2403	0.990589	0	0.00247647	0.00693413	0.765579
2440	149	51.4431	0.991979	8.64999	0.985222	0	0.00344828	0.01133	0.776441
2450	150	49.6706	0.991649	9.10918	0.992556	0	0.00248139	0.00496278	0.764367
2460	153	54.2463	0.992246	7.87877	0.992063	0	0.00198413	0.00595238	0.777354
2470	142	52.4341	0.99186	8.76538	0.988142	0	0.00247036	0.00938735	0.770126
2480	161	50.4966	0.992469	8.53325	0.990589	0	0.00198118	0.00742942	0.770103
2490	160	52.6843	0.992591	7.9357	0.990589	0	0.00247647	0.00693413	0.769657
2500	163	49.2494	0.992922	7.88936	0.98668	0	0.0024667	0.0108535	0.771568
2510	165	47.2162	0.992578	9.63027	0.988631	0	0.00296589	0.00840336	0.765349
2520	160	62.2062	0.992883	8.15158	0.987167	0	0.00394867	0.0088845	0.769607
2530	154	54.1566	0.993697	9.01395	0.98912	0	0.00296736	0.00791296	0.772495
2540	164	55.4061	0.992934	7.94837	0.990589	0	0.00148588	0.00792472	0.774029
2550	156	54.9158	0.992653	8.47543	0.990099	0	0.00148515	0.00841584	0.777941
2560	153	48.8485	0.991858	9.49987	0.98912	0	0.00296736	0.00791296	0.769429
2570	152	51.1011	0.992164	9.04412	0.99108	0	0.00198216	0.00693756	0.768865
2580	151	43.483	0.991618	10.2664	0.98668	0	0.00148002	0.0118402	0.765938
2590	153	45.1016	0.99182	9.85592	0.986193	0	0.00443787	0.00936884	0.767074
2600	137	41.0866	0.992014	10.1237	0.992063	0	0.00297619	0.00496032	0.768874
2610	137	42.7014	0.992348	7.30835	0.990589	0	0.000495295	0.0089153	0.767197
2620	140	46.1635	0.992568	8.16129	0.992556	0	0.00347395	0.00397022	0.765497
2630	146	43.3999	0.992442	8.67036	0.992556	0	0.000992556	0.00645161	0.765996
2640	148	39.3664	0.992251	9.10078	0.988142	0	0.0034585	0.00839921	0.761136
2650	147	46.6539	0.99264	8.99683	0.990589	0	0.000990589	0.00842001	0.769728
2660	156	52.3681	0.992182	8.7654	0.991572	0	0.00297471	0.00545364	0.761098
2670	141	49.4714	0.991828	9.68739	0.99108	0	0.00148662	0.0074331	0.768469
2680	142	48.9658	0.991479	9.11818	0.987167	0	0.00197433	0.0108588	0.765817
2690	130	46.5582	0.990545	9.21812	0.987167	0	0.00148075	0.0113524	0.770115
2700	139	42.4447	0.989162	9.07094	0.988142	0	0.00197628	0.00988142	0.76462
2710	145	43.7803	0.988885	8.3677	0.990099	0	0.0049505	0.0049505	0.768938
2720	165	43.6292	0.988739	8.54364	0.988631	0	0.00197726	0.00939199	0.767711
2730	145	36.4074	0.988673	8.62874	0.99108	0	0.0024777	0.00644202	0.7657
2740	135	46.3294	0.989674	8.58508	0.990099	0	0.00247525	0.00742574	0.768608
2750	158	54.4029	0.990002	10.5441	0.988631	0	0.00395452	0.00741473	0.757528
2760	161	48.4399	0.990285	9.44543	0.990099	0	0.00247525	0.00742574	0.76805
2770	147	44.0302	0.990327	9.45286	0.987654	0	0.00246914	0.00987654	0.770476
2780	146	45.811	0.990032	8.5703	0.988142	0	0.00296443	0.00889328	0.77605
2790	133	39.4417	0.989096	9.62751	0.988142	0	0.00395257	0.00790514	0.769089
2800	140	38.9976	0.988815	7.62408	0.985222	0	0.00541872	0.00935961	0.770204
2810	142	42.6896	0.989409	9.2674	0.992063	0	0.000496032	0.00744048	0.772856
2820	138	43.1739	0.988687	8.47195	0.987654	0	0.00345679	0.00888889	0.761682
2830	143	45.2272	0.989688	8.46912	0.991572	0	0.00297471	0.00545364	0.765795
2840	153	49.545	0.990803	8.30105	0.985707	0	0.00394283	0.0103499	0.76398
2850	162	55.8319	0.991902	7.31523	0.99108	0	0	0.00891972	0.772779
2860	155	56.9426	0.992298	9.07133	0.988142	0	0.00444664	0.00741107	0.761257
2870	148	57.0303	0.991965	7.9903	0.986193	0	0.00147929	0.0123274	0.765416
2880	151	59.3954	0.992186	8.00767	0.98912	0	0.00197824	0.00890208	0.764063
2890	158	56.4025	0.991823	7.71598	0.988142	0	0.00247036	0.00938735	0.765745
2900	160	52.3215	0.992195	9.47278	0.99108	0	0.0024777	0.00644202	0.771703
2910	162	51.0136	0.991887	8.06032	0.988142	0	0.00296443	0.00889328	0.764287
2920	160	50.6066	0.992082	9.94895	0.988142	0	0.00197628	0.00988142	0.774205
2930	147	50.1129	0.992261	8.7883	0.992556	0	0.000496278	0.00694789	0.764629
2940	154	52.3503	0.993337	8.59406	0.990589	0	0.00148588	0.00792472	0.774264
2950	161	53.2176	0.993794	8.40921	0.989609	0	0.00346363	0.00692726	0.768668
2960	162	46.9554	0.993352	9.45782	0.988631	0	0.00346021	0.00790905	0.768932
2970	157	46.0783	0.993395	8.81209	0.99453	0	0.0014918	0.00397812	0.769722
2980	144	45.9026	0.992863	8.8734	0.990589	0	0.00247647	0.00693413	0.761817
2990	141	38.2685	0.992379	9.01878	0.993049	0	0.00248262	0.00446872	0.774414
3000	156	36.6296	0.992303	8.9454	0.99108	0	0.00198216	0.00693756	0.764173
3010	151	40.5809	0.991859	9.60476	0.986193	0	0.00394477	0.00986193	0.762617
3020	157	45.3555	0.992257	8.1211	0.98912	0	0.00098912	0.0098912	0.771592
3030	152	47.0428	0.992254	8.74461	0.99108	0	0.00297324	0.00594648	0.762664
3040	138	48.3473	0.992827	9.09303	0.990589	0	0.00198118	0.00742942	0.779814
3050	140	41.7285	0.992823	7.91326	0.99453	0	0.0014918	0.00397812	0.773263
3060	131	45.1077	0.991905	8.31024	0.990589	0	0.00346706	0.00594354	0.766571
3070	144	47.0649	0.991972	9.67213	0.990099	0	0.00247525	0.00742574	0.765312
3080	154	46.8168	0.991535	8.89963	0.98912	0	0.00148368	0.00939664	0.769266
3090	140	53.3511	0.99116	9.62825	0.990589	0	0.000495295	0.0089153	0.757923
3100	158	47.8208	0.990158	9.52937	0.991572	0	0.00148736	0.006941	0.772224
3110	136	46.2286	0.990018	9.6868	0.98668	0	0.00542674	0.00789344	0.761266
3120	141	46.3713	0.990898	10.1902	0.98668	0	0.00296004	0.0103601	0.765188
3130	160	48.4176	0.99239	8.94602	0.991572	0	0.00198314	0.00644522	0.768169
3140	166	47.5058	0.992675	8.61069	0.98912	0	0.00346192	0.0074184	0.769251
3150	132	45.5915	0.992198	9.45031	0.992556	0	0.00148883	0.00595533	0.767023
3160	140	47.8746	0.991726	8.30941	0.990099	0	0.0029703	0.00693069	0.770769
3170	155	44.4662	0.991688	9.36411	0.98912	0	0.0024728	0.00840752	0.767882
3180	154	51.8396	0.991914	9.01687	0.988142	0	0.00296443	0.00889328	0.77556
3190	143	57.2706	0.99233	9.31071	0.992556	0	0.00148883	0.00595533	0.769298
3200	139	54.0336	0.990892	9.23752	0.989609	0	0.00247402	0.00791687	0.765119
3210	144	40.8339	0.990666	8.93719	0.987654	0	0.00296296	0.00938272	0.76815
3220	154	43.1851	0.990612	8.72391	0.988631	0	0.00247158	0.00889768	0.774749
3230	142	39.9744	0.990315	8.72679	0.991572	0	0.00148736	0.006941	0.766381
3240	153	40.813	0.989987	9.04334	0.989609	0	0.00296883	0.00742207	0.768606
3250	140	43.3594	0.98974	9.12838	0.992556	0	0.000992556	0.00645161	0.77322
3260	151	47.1783	0.990352	7.3475	0.985222	0	0.00147783	0.0133005	0.772317
3270	128	51.0945	0.990572	9.16803	0.992063	0	0.000992063	0.00694444	0.765747
3280	135	50.8216	0.990228	8.17162	0.986193	0	0.00443787	0.00936884	0.767571
3290	139	44.7912	0.989504	9.71461	0.98912	0	0.00346192	0.0074184	0.765352
3300	152	52.3092	0.990364	10.405	0.988631	0	0.00296589	0.00840336	0.769187
3310	153	51.965	0.990242	10.0312	0.987167	0	0.00345508	0.00937808	0.765834
3320	153	57.3825	0.991357	8.24955	0.992556	0	0.00248139	0.00496278	0.769477
3330	163	56.3293	0.991126	9.7114	0.992063	0	0.0014881	0.00644841	0.771765
3340	150	47.7808	0.990173	9.0276	0.991572	0	0	0.00842836	0.772584
3350	167	53.5169	0.991203	9.52663	0.988631	0	0.00197726	0.00939199	0.769691
3360	143	46.7379	0.991643	9.13678	0.988631	0	0.00247158	0.00889768	0.764333
3370	144	46.1667	0.991312	9.4226	0.990099	0	0.0019802	0.00792079	0.770987
3380	150	43.5588	0.990748	9.2494	0.98912	0	0.0024728	0.00840752	0.763006
3390	147	42.1804	0.991272	8.37052	0.98912	0	0.00395648	0.00692384	0.766999
3400	170	52.6413	0.991675	9.16473	0.99108	0	0.00198216	0.00693756	0.766649
3410	140	59.9172	0.991597	8.55388	0.98912	0	0.00148368	0.00939664	0.770966
3420	155	62.7138	0.992009	9.67474	0.988631	0	0.00296589	0.00840336	0.770562
3430	167	64.8175	0.991966	7.92605	0.993542	0	0.000993542	0.00546448	0.764455
3440	164	67.6692	0.992081	8.06219	0.993049	0	0.000496524	0.00645482	0.765347
3450	152	46.5214	0.991913	7.27754	0.991572	0	0.00247893	0.00594943	0.768611
3460	135	39.968	0.992378	9.00541	0.990099	0	0.0029703	0.00693069	0.771756
3470	128	40.8648	0.991627	9.4414	0.991572	0	0.00148736	0.006941	0.768057
3480	138	39.2034	0.991587	7.25828	0.989609	0	0.00395844	0.00643246	0.766744
3490	144	38.8353	0.991879	7.4876	0.987167	0	0.00197433	0.0108588	0.768832
3500	145	41.009	0.991621	8.89823	0.989609	0	0.00445324	0.00593765	0.77384
3510	141	36.2442	0.99149	8.95649	0.990099	0	0.0019802	0.00792079	0.776535
3520	137	38.4054	0.989974	7.4127	0.988631	0	0.00148295	0.00988631	0.768417
3530	137	41.4609	0.989574	8.33064	0.987654	0	0.00296296	0.00938272	0.766315
3540	122	34.3553	0.990026	8.42181	0.991572	0	0.00297471	0.00545364	0.766406
3550	149	43.9778	0.991289	7.26191	0.988631	0	0.00395452	0.00741473	0.759138
3560	136	40.4945	0.989928	7.87355	0.993049	0	0.000496524	0.00645482	0.77111
3570	134	34.4953	0.989784	8.06908	0.985707	0	0.00344998	0.0108428	0.769956
3580	140	33.6137	0.989514	8.63768	0.987167	0	0.0029615	0.00987167	0.771552
3590	131	31.1647	0.988978	9.34575	0.98912	0	0.00346192	0.0074184	0.766912
3600	146	33.9386	0.989287	7.31153	0.987654	0	0.00246914	0.00987654	0.766856
3610	151	38.1647	0.988239	8.41937	0.990099	0	0.0019802	0.00792079	0.761853
3620	150	42.5324	0.988453	9.35439	0.990589	0	0.000990589	0.00842001	0.769339
3630	145	43.0511	0.989571	9.85326	0.989609	0	0.000494805	0.00989609	0.756384
3640	158	42.6067	0.989479	7.43046	0.98912	0	0.00148368	0.00939664	0.766597
3650	139	42.3233	0.989238	8.76865	0.992556	0	0.00148883	0.00595533	0.767158
3660	145	42.3754	0.988694	7.87934	0.988631	0	0.00247158	0.00889768	0.761955
3670	150	43.4065	0.988613	7.89185	0.990589	0	0.00346706	0.00594354	0.771001
3680	128	45.1842	0.989081	8.13906	0.991572	0	0.000495786	0.00793257	0.772172
3690	148	43.1729	0.989309	9.5877	0.985707	0	0.00147856	0.0128142	0.770076
3700	144	42.6513	0.990076	8.52047	0.99108	0	0.0024777	0.00644202	0.772625
3710	145	50.9889	0.990609	8.47811	0.98912	0	0.00197824	0.00890208	0.762859
3720	150	44.28	0.988796	9.16582	0.991572	0	0.00198314	0.00644522	0.773854
3730	149	44.6271	0.989414	7.85245	0.988631	0	0.00197726	0.00939199	0.755146
3740	145	48.4047	0.990199	8.93299	0.987167	0	0.00197433	0.0108588	0.766057
3750	146	44.4445	0.990133	7.78291	0.992063	0	0.000496032	0.00744048	0.762126
3760	137	42.5487	0.990012	7.39309	0.993049	0	0.00148957	0.00546177	0.762505
3770	130	34.7956	0.989029	8.27461	0.987167	0	0.00394867	0.0088845	0.766086
3780	135	40.7057	0.988618	8.59505	0.990589	0	0.00148588	0.00792472	0.76411
3790	139	38.655	0.987718	9.40784	0.987654	0	0.00296296	0.00938272	0.763222
3800	139	34.5561	0.987308	8.2872	0.98668	0	0.0049334	0.00838678	0.762168
3810	140	30.4703	0.986639	8.94817	0.989609	0	0.00148441	0.00890648	0.759252
3820	139	29.6075	0.98735	8.03154	0.990589	0	0.00198118	0.00742942	0.759328
3830	116	26.5015	0.987117	8.59533	0.990589	0	0.000990589	0.00842001	0.762937
3840	130	28.093	0.987419	8.28739	0.987654	0	0.00296296	0.00938272	0.77038
3850	127	28.0107	0.985845	7.10188	0.98912	0	0.00148368	0.00939664	0.761734
3860	130	33.6352	0.988291	8.24687	0.99108	0	0.00099108	0.00792864	0.769857
3870	132	30.3574	0.988499	7.49377	0.99108	0	0.00346878	0.00545094	0.76045
3880	136	34.5669	0.98894	7.44392	0.992556	0	0.00198511	0.00545906	0.760954
3890	153	40.7198	0.990155	8.02911	0.992063	0	0.000496032	0.00744048	0.758416
3900	150	46.6703	0.990829	7.41489	0.987654	0	0.0054321	0.00691358	0.75708
3910	149	46.3767	0.990922	9.24491	0.98912	0	0.00346192	0.0074184	0.764222
3920	157	46.1283	0.990268	7.24974	0.988142	0	0.00296443	0.00889328	0.762364
3930	142	43.8024	0.990451	8.60294	0.985222	0	0.0044335	0.0103448	0.770826
3940	141	42.5134	0.990829	8.06116	0.98912	0	0.00346192	0.0074184	0.764947
3950	150	44.8676	0.990743	8.1744	0.990589	0	0.00148588	0.00792472	0.766645
3960	138	43.2337	0.990103	9.41936	0.990099	0	0.00247525	0.00742574	0.77056
3970	139	42.1991	0.990853	7.69498	0.98912	0	0.00148368	0.00939664	0.765953
3980	150	39.9888	0.990626	8.64448	0.98912	0	0.0024728	0.00840752	0.769882
3990	149	38.7585	0.990919	8.81841	0.98912	0	0.00395648	0.00692384	0.767883
4000	151	38.5699	0.990419	8.16537	0.98912	0	0.00197824	0.00890208	0.763459
4010	145	42.5496	0.991097	8.30383	0.990099	0	0.00148515	0.00841584	0.771901
4020	148	48.4188	0.991608	8.19267	0.989609	0	0.00148441	0.00890648	0.766913
4030	140	46.8102	0.991613	7.38897	0.99108	0	0.00297324	0.00594648	0.76823
4040	135	39.6767	0.99049	8.18687	0.993542	0	0.00198708	0.00447094	0.76088
4050	140	44.9676	0.990111	7.41725	0.990589	0	0.00297177	0.00643883	0.765804
4060	139	47.0085	0.989587	7.72935	0.987167	0	0.00394867	0.0088845	0.763598
4070	127	40.4831	0.989295	8.77292	0.989609	0	0.00346363	0.00692726	0.760352
4080	153	48.5517	0.989401	8.23499	0.988631	0	0.00197726	0.00939199	0.762994
4090	173	56.1	0.990645	7.39898	0.989609	0	0.00197922	0.00841168	0.769719
4100	157	49.1066	0.990039	8.84855	0.98912	0	0.0024728	0.00840752	0.769985
4110	153	45.526	0.989214	8.279	0.990099	0	0.00148515	0.00841584	0.762874
4120	141	46.8398	0.988989	8.19478	0.98912	0	0.00296736	0.00791296	0.761179
4130	148	45.2918	0.988943	8.17793	0.988142	0	0.000988142	0.0108696	0.772663
4140	143	48.0566	0.989847	7.44538	0.99108	0	0.00148662	0.0074331	0.768605
4150	150	46.3713	0.991729	8.53903	0.992063	0	0.00198413	0.00595238	0.766481
4160	141	40.9275	0.990725	8.28252	0.990589	0	0.000990589	0.00842001	0.762685
4170	153	43.764	0.991902	7.2432	0.987167	0	0.00246792	0.0103653	0.770793
4180	153	43.318	0.991584	7.34473	0.98668	0	0.00345338	0.0098668	0.766688
4190	148	42.836	0.990952	8.09675	0.984737	0	0.00246184	0.0128016	0.768113
4200	158	41.7834	0.991414	7.47275	0.98912	0	0.00395648	0.00692384	0.772705
4210	145	44.3379	0.991894	8.15868	0.992063	0	0.0014881	0.00644841	0.760298
4220	149	37.9473	0.991699	8.18766	0.988631	0	0.00197726	0.00939199	0.766268
4230	149	35.3097	0.99147	7.82962	0.985707	0	0.00246427	0.0118285	0.77086
4240	151	36.6323	0.991276	8.16695	0.990589	0	0.00247647	0.00693413	0.766002
4250	147	47.3662	0.992469	7.9321	0.99108	0	0.00198216	0.00693756	0.769908
4260	153	42.3368	0.991944	8.48002	0.989609	0	0.00197922	0.00841168	0.772858
4270	150	37.1818	0.990707	8.34832	0.987654	0	0.00148148	0.0108642	0.765121
4280	145	26.1858	0.990441	8.80506	0.988631	0	0.00444884	0.00692042	0.769503
4290	147	21.4148	0.990019	8.8161	0.993049	0	0.00148957	0.00546177	0.76541
4300	132	33.1778	0.989336	8.28039	0.988142	0	0.0034585	0.00839921	0.764377
4310	140	35.0483	0.989479	7.65402	0.993049	0	0.000993049	0.00595829	0.759448
4320	140	35.0643	0.989269	7.82916	0.986193	0	0.00295858	0.0108481	0.765494
4330	142	37.3186	0.989749	8.85838	0.98912	0	0.00197824	0.00890208	0.761506
4340	133	36.1904	0.989175	7.95523	0.98912	0	0.0024728	0.00840752	0.766155
4350	156	41.2316	0.988894	8.29604	0.988142	0	0.00247036	0.00938735	0.773356
4360	163	50.4202	0.989789	8.19016	0.992556	0	0.00198511	0.00545906	0.765513
4370	149	54.2198	0.990778	8.4703	0.99108	0	0.00148662	0.0074331	0.766064
4380	153	49.7696	0.990234	8.69151	0.988142	0	0.00296443	0.00889328	0.76527
4390	156	56.5093	0.991272	9.23126	0.98912	0	0.00346192	0.0074184	0.773468
4400	157	51.8894	0.991187	8.36783	0.99108	0	0.0024777	0.00644202	0.77931
4410	159	51.475	0.990921	7.88668	0.988631	0	0.00296589	0.00840336	0.763058
4420	170	54.2345	0.991122	8.87425	0.98912	0	0.00148368	0.00939664	0.769091
4430	164	59.8222	0.990478	7.78653	0.989609	0	0.00247402	0.00791687	0.769082
4440	160	51.5334	0.990528	7.34352	0.990099	0	0.0029703	0.00693069	0.762501
4450	144	46.1645	0.990413	7.30646	0.98912	0	0.00346192	0.0074184	0.768136
4460	142	45.9966	0.990073	7.67121	0.986193	0	0.00443787	0.00936884	0.767925
4470	150	52.8194	0.990259	7.9296	0.988142	0	0.00296443	0.00889328	0.765144
4480	142	52.9426	0.990656	7.86159	0.987167	0	0.0029615	0.00987167	0.762625
4490	152	42.1697	0.989734	8.40848	0.99108	0	0.00049554	0.00842418	0.762572
4500	150	38.7728	0.989996	7.30699	0.98912	0	0.00296736	0.00791296	0.770026
4510	146	33.6443	0.989648	8.43929	0.993049	0	0.00148957	0.00546177	0.773823
4520	133	34.8175	0.989099	8.28479	0.992063	0	0.0014881	0.00644841	0.764861
4530	151	35.3967	0.989139	7.83151	0.989609	0	0.00247402	0.00791687	0.765615
4540	135	38.2063	0.98987	9.4706	0.98912	0	0.0024728	0.00840752	0.766024
4550	143	40.6271	0.990909	7.37993	0.993542	0	0.000993542	0.00546448	0.767522
4560	138	37.7088	0.989992	8.24	0.99552	0	0.00099552	0.00348432	0.769641
4570	136	40.3294	0.990895	6.99364	0.987654	0	0.00148148	0.0108642	0.763816
4580	141	42.2696	0.991701	8.0101	0.98668	0	0.00444006	0.00888012	0.770497
4590	130	41.6398	0.991617	8.95607	0.984737	0	0.00344658	0.0118168	0.76947
4600	135	40.6155	0.991747	9.00758	0.986193	0	0.00246548	0.0113412	0.762683
4610	146	39.0914	0.992298	8.09415	0.990099	0	0.00247525	0.00742574	0.770709
4620	163	41.2742	0.992495	7.70023	0.992063	0	0.000496032	0.00744048	0.767961
4630	156	47.5239	0.991822	8.96948	0.992063	0	0.00198413	0.00595238	0.762657
4640	164	63.8522	0.99194	7.86453	0.988631	0	0.00395452	0.00741473	0.771445
4650	143	55.4769	0.991266	8.67806	0.990589	0	0.00198118	0.00742942	0.761161
4660	149	44.9656	0.991454	7.61399	0.99108	0	0.00198216	0.00693756	0.774155
4670	137	37.8044	0.991394	8.62472	0.990099	0	0.0019802	0.00792079	0.763639
4680	161	40.0032	0.991596	8.13022	0.991572	0	0.00148736	0.006941	0.77022
4690	153	43.8986	0.991068	8.48972	0.990589	0	0.00198118	0.00742942	0.762721
4700	161	40.2174	0.990766	7.84479	0.991572	0	0.00198314	0.00644522	0.767086
4710	145	41.8736	0.990744	8.22704	0.990589	0	0.00247647	0.00693413	0.7656
4720	131	43.1645	0.99079	8.53236	0.990099	0	0.0029703	0.00693069	0.768291
4730	150	42.7051	0.991402	8.3496	0.990099	0	0.00148515	0.00841584	0.766195
4740	143	40.4568	0.990457	9.00081	0.989609	0	0.00247402	0.00791687	0.767736
4750	135	37.7223	0.99021	7.18935	0.988631	0	0.00247158	0.00889768	0.767937
4760	139	40.3596	0.990256	8.85974	0.99108	0	0.00346878	0.00545094	0.768987
4770	119	40.6685	0.989809	7.65612	0.989609	0	0.00296883	0.00742207	0.770504
4780	141	44.2623	0.990908	9.95036	0.988142	0	0.00148221	0.0103755	0.768114
4790	160	44.9565	0.991318	7.43831	0.990099	0	0.00247525	0.00742574	0.767164
4800	153	43.764	0.991596	7.99007	0.990589	0	0.00297177	0.00643883	0.769097
4810	152	43.8986	0.992023	7.7655	0.987654	0	0.00296296	0.00938272	0.763797
4820	160	40.9754	0.991564	8.1301	0.990099	0	0.0029703	0.00693069	0.770674
4830	158	47.8792	0.992318	9.00735	0.989609	0	0.00197922	0.00841168	0.76979
4840	144	45.791	0.991956	8.10268	0.99108	0	0.00148662	0.0074331	0.767409
4850	147	41.1628	0.991316	8.37379	0.987654	0	0.00246914	0.00987654	0.767018
4860	160	45.5136	0.991294	6.85258	0.993049	0	0.000993049	0.00595829	0.765345
4870	133	47.0428	0.990807	8.78397	0.988142	0	0.00148221	0.0103755	0.766593
4880	130	42.7865	0.990185	7.87278	0.992063	0	0.0014881	0.00644841	0.760364
4890	124	48.2085	0.9903	7.5387	0.993542	0	0	0.00645802	0.766604
4900	138	53.263	0.990136	7.26645	0.990099	0	0.00148515	0.00841584	0.760276
4910	156	50.6195	0.98967	8.15311	0.988142	0	0.00444664	0.00741107	0.769381
4920	158	53.2204	0.990709	8.1087	0.991572	0	0.00247893	0.00594943	0.768495
4930	158	48.9059	0.990153	7.90426	0.990099	0	0.00148515	0.00841584	0.769344
4940	141	47.6577	0.990064	7.30379	0.990099	0	0.00247525	0.00742574	0.764556
4950	133	42.1048	0.989877	8.80059	0.990589	0	0.00396236	0.00544824	0.769851
4960	131	44.4573	0.990121	8.12991	0.99108	0	0.00198216	0.00693756	0.768825
4970	144	46.0666	0.990396	8.10285	0.98912	0	0.0024728	0.00840752	0.769959
4980	148	37.733	0.989922	8.39082	0.987167	0	0.0029615	0.00987167	0.767145
4990	143	51.1862	0.990678	8.57333	0.988631	0	0.00395452	0.00741473	0.76342
5000	139	41.7241	0.989856	7.33045	0.993542	0	0.00149031	0.00496771	0.767565
5010	153	41.4317	0.989447	8.47951	0.992063	0	0.00248016	0.00545635	0.767024
5020	172	48.2015	0.990068	8.76738	0.990099	0	0.00148515	0.00841584	0.761705
5030	146	41.973	0.989392	9.04366	0.993049	0	0.0019861	0.00496524	0.753797
5040	141	31.9869	0.98893	7.86964	0.98912	0	0.00395648	0.00692384	0.762955
5050	151	34.6562	0.989034	7.04435	0.989609	0	0.00247402	0.00791687	0.764912
5060	150	44.5704	0.989598	8.30438	0.992063	0	0.00347222	0.00446429	0.769016
5070	143	34.2728	0.989148	6.85493	0.989609	0	0.00197922	0.00841168	0.760946
5080	138	43.0242	0.989469	7.01789	0.986193	0	0.00246548	0.0113412	0.769202
5090	158	36.4698	0.989367	8.97416	0.98668	0	0.00197336	0.0113468	0.768036
5100	149	41.4256	0.99083	7.66935	0.98912	0	0.00098912	0.0098912	0.763164
5110	139	43.3537	0.990776	8.29389	0.99108	0	0.00148662	0.0074331	0.769374
5120	148	38.317	0.990297	8.05415	0.992556	0	0.00148883	0.00595533	0.760438
5130	134	35.3166	0.98996	9.29334	0.987167	0	0.00493583	0.00789733	0.768544
5140	139	41.2955	0.991171	8.09999	0.989609	0	0.00296883	0.00742207	0.763254
5150	136	36.8764	0.991099	8.04799	0.990099	0	0.00049505	0.00940594	0.766398
5160	133	33.6358	0.990603	8.95247	0.991572	0	0.00297471	0.00545364	0.765678
5170	135	42.3565	0.989828	8.39163	0.98912	0	0.0024728	0.00840752	0.760921
5180	125	40.5611	0.989317	8.78022	0.988631	0	0.00148295	0.00988631	0.764445
5190	133	43.2411	0.98928	8.64811	0.986193	0	0.00443787	0.00936884	0.762965
5200	133	40.729	0.989326	8.5108	0.993049	0	0.000496524	0.00645482	0.762874
5210	110	43.2664	0.989517	9.21466	0.991572	0	0.00148736	0.006941	0.771735
5220	131	42.4222	0.989963	8.05577	0.99108	0	0.00148662	0.0074331	0.76484
5230	141	41.7372	0.990128	9.25048	0.990099	0	0.0019802	0.00792079	0.763547
5240	136	37.4192	0.989379	8.2881	0.992556	0	0.00198511	0.00545906	0.767664
5250	137	45.4298	0.988933	8.84147	0.981836	0	0.00392734	0.0142366	0.767354
5260	144	55.3647	0.98931	8.15812	0.986193	0	0.00345168	0.010355	0.764615
5270	145	58.675	0.989914	8.32677	0.989609	0	0.00247402	0.00791687	0.760396
5280	144	45.6425	0.99031	8.06069	0.991572	0	0.00198314	0.00644522	0.77283
5290	127	45.6175	0.991607	8.44635	0.98912	0	0.00346192	0.0074184	0.772567
5300	144	45.8752	0.99167	9.63783	0.991572	0	0.000991572	0.00743679	0.774181
5310	143	49.9076	0.99116	7.76668	0.99108	0	0.0024777	0.00644202	0.772572
5320	138	52.4341	0.991401	8.25003	0.99108	0	0	0.00891972	0.777493
5330	140	44.2055	0.991177	8.50579	0.988631	0	0.00444884	0.00692042	0.766254
5340	144	43.6149	0.991129	8.64297	0.987654	0	0.00296296	0.00938272	0.767177
5350	144	37.5861	0.990565	8.27837	0.98912	0	0.00197824	0.00890208	0.76795
5360	159	42.9447	0.990796	7.99096	0.989609	0	0.00296883	0.00742207	0.76364
5370	151	39.0265	0.990268	7.37865	0.98912	0	0.0024728	0.00840752	0.767927
5380	154	37.5776	0.990245	8.70992	0.99108	0	0.00148662	0.0074331	0.771437
5390	135	38.0818	0.990417	7.96331	0.993542	0	0.00149031	0.00496771	0.766532
5400	125	33.6013	0.990201	8.07087	0.99108	0	0.0024777	0.00644202	0.773939
5410	132	42.5895	0.991208	7.81384	0.986193	0	0.00246548	0.0113412	0.768959
5420	135	48.1342	0.991546	8.12841	0.991572	0	0.00297471	0.00545364	0.767507
5430	146	45.8478	0.990516	8.26934	0.987654	0	0.00493827	0.00740741	0.762216
5440	149	42.3251	0.990425	8.13599	0.983768	0	0.00196754	0.0142646	0.764528
5450	147	44.746	0.990363	8.01073	0.99108	0	0.00346878	0.00545094	0.768941
5460	142	43.2974	0.990589	7.93767	0.98912	0	0.0024728	0.00840752	0.774794
5470	145	40.7439	0.989771	8.48704	0.989609	0	0.00247402	0.00791687	0.773817
5480	139	33.2928	0.990202	8.07707	0.988142	0	0.00247036	0.00938735	0.769289
5490	147	34.4584	0.989951	7.89042	0.98912	0	0.00098912	0.0098912	0.765796
5500	140	25.9605	0.988264	8.70789	0.990589	0	0.00198118	0.00742942	0.76272
5510	131	28.8278	0.989053	8.09697	0.992556	0	0.000496278	0.00694789	0.769384
5520	140	39.5182	0.990599	8.17655	0.99108	0	0.00148662	0.0074331	0.769438
5530	135	33.8615	0.989692	7.62448	0.993049	0	0.00248262	0.00446872	0.772317
5540	123	29.1841	0.988567	8.3802	0.98912	0	0.0024728	0.00840752	0.767809
5550	136	27.4908	0.98858	8.70268	0.99108	0	0.0024777	0.00644202	0.762517
5560	131	33.2153	0.990118	8.18233	0.98668	0	0.00345338	0.0098668	0.766823
5570	154	44.7691	0.991016	8.17192	0.992063	0	0.000992063	0.00694444	0.765846
5580	137	39.5965	0.990389	9.2764	0.990589	0	0.000990589	0.00842001	0.773909
5590	162	46.9632	0.990426	7.67683	0.991572	0	0.00198314	0.00644522	0.769886
5600	142	46.5008	0.99124	8.87716	0.99108	0	0.00148662	0.0074331	0.767092
5610	153	44.1723	0.990089	7.20625	0.987654	0	0.00345679	0.00888889	0.761927
5620	152	45.222	0.991015	9.21995	0.988631	0	0.00197726	0.00939199	0.764361
5630	147	50.7339	0.991547	7.96685	0.988631	0	0.00148295	0.00988631	0.770959
5640	146	48.1075	0.992086	8.24096	0.992556	0	0.00148883	0.00595533	0.77596
5650	150	50.5158	0.992351	8.23908	0.992556	0	0.00297767	0.0044665	0.758982
5660	155	50.3503	0.992887	8.38746	0.993542	0	0.000993542	0.00546448	0.764722
5670	144	48.2795	0.992888	7.5416	0.990099	0	0.00247525	0.00742574	0.768287
5680	141	38.7969	0.992577	8.06789	0.98668	0	0.0024667	0.0108535	0.766196
5690	143	38.6954	0.992357	8.80482	0.990589	0	0.00148588	0.00792472	0.76619
5700	139	45.2589	0.992717	7.66139	0.984252	0	0.00442913	0.0113189	0.773397
5710	148	37.7537	0.992542	8.41939	0.988631	0	0.00247158	0.00889768	0.775099
5720	158	42.0366	0.992549	9.16228	0.991572	0	0.00198314	0.00644522	0.770339
5730	170	47.4415	0.993285	7.27525	0.993049	0	0.0019861	0.00496524	0.768747
5740	143	46.0337	0.992972	7.72953	0.99108	0	0.00346878	0.00545094	0.77086
5750	134	45.3287	0.993063	8.58399	0.990099	0	0.00247525	0.00742574	0.773791
5760	140	40.1173	0.992797	8.40751	0.988631	0	0.00346021	0.00790905	0.765792
5770	147	45.2528	0.992864	8.91001	0.988142	0	0.00395257	0.00790514	0.771922
5780	141	45.0406	0.992136	9.36051	0.988631	0	0.000494315	0.0108749	0.768325
5790	136	44.6032	0.992747	8.62768	0.986193	0	0.00345168	0.010355	0.774592
5800	150	49.7065	0.992707	8.99454	0.993542	0	0.000993542	0.00546448	0.76022
5810	147	52.4327	0.992756	8.91508	0.990099	0	0.0019802	0.00792079	0.767085
5820	155	43.5399	0.99208	7.82153	0.990099	0	0.0019802	0.00792079	0.771387
5830	142	46.762	0.992288	7.71016	0.99108	0	0.00297324	0.00594648	0.773992
5840	133	40.5175	0.991544	8.60409	0.989609	0	0.00346363	0.00692726	0.764107
5850	139	35.8836	0.991348	8.00375	0.989609	0	0.00148441	0.00890648	0.766207
5860	138	40.5438	0.991127	7.86399	0.985707	0	0.00295712	0.0113356	0.771266
5870	132	31.156	0.990393	8.09779	0.988142	0	0.00395257	0.00790514	0.769935
5880	137	34.4293	0.990622	8.08169	0.988631	0	0.000988631	0.0103806	0.766088
5890	142	36.7118	0.99042	9.61289	0.988631	0	0.00247158	0.00889768	0.761816
5900	151	39.3098	0.990727	7.31439	0.991572	0	0.00198314	0.00644522	0.769066
5910	140	41.7861	0.990971	6.95693	0.983768	0	0.00541072	0.0108214	0.776098
5920	140	35.5257	0.9909	9.40801	0.988631	0	0.00148295	0.00988631	0.768934
5930	146	37.5416	0.990775	8.89596	0.98912	0	0.0024728	0.00840752	0.766441
5940	150	41.3528	0.991325	7.46235	0.990099	0	0.0039604	0.00594059	0.764799
5950	152	42.3323	0.990878	9.0772	0.993542	0	0.00149031	0.00496771	0.768851
5960	152	49.1151	0.991424	7.47316	0.98912	0	0.00346192	0.0074184	0.769198
5970	156	48.586	0.991514	9.26258	0.988631	0	0.00197726	0.00939199	0.766607
5980	149	52.2271	0.991731	7.65114	0.98912	0	0.00395648	0.00692384	0.767804
5990	161	54.8449	0.991492	8.55742	0.988631	0	0.00247158	0.00889768	0.771376
6000	148	44.7631	0.991343	8.05807	0.989609	0	0.00296883	0.00742207	0.765682
6010	135	45.1975	0.991535	7.39164	0.989609	0	0.00247402	0.00791687	0.766813
6020	135	38.5618	0.990143	7.51409	0.992556	0	0.00148883	0.00595533	0.769277
6030	123	40.2214	0.989978	8.19358	0.99108	0	0.00198216	0.00693756	0.767501
6040	137	38.0811	0.989751	8.50121	0.99453	0	0.00099453	0.00447539	0.767195
6050	136	35.2195	0.989845	6.60458	0.98912	0	0.00197824	0.00890208	0.76882
6060	143	37.4291	0.989612	8.46625	0.992063	0	0.0014881	0.00644841	0.765424
6070	140	37.9278	0.989968	9.02942	0.987654	0	0.00296296	0.00938272	0.767227
