Generation number	Total number of allele	Diversity	Activity	Time	Fertility rate	2 DSB on one site rate	No DSB rate	No symmetrical sites (binding + DSB) rate	q
0	1	1	0.999923	1.96729	0.991572	0	0.00148736	0.006941	0.772301
10	1	1	0.999043	1.97098	0.992063	0	0.00248016	0.00545635	0.771706
20	1	1	0.997998	1.9693	0.992063	0	0.00297619	0.00496032	0.761572
30	1	1	0.996774	1.97056	0.990589	0	0.00247647	0.00693413	0.764496
40	1	1	0.995604	1.9758	0.986193	0	0.00345168	0.010355	0.771589
50	1	1	0.994191	1.96428	0.992556	0	0.00148883	0.00595533	0.765261
60	1	1	0.992779	1.95665	0.993049	0	0.000993049	0.00595829	0.765046
70	1	1	0.991576	1.95615	0.990099	0	0.00346535	0.00643564	0.767885
80	1	1	0.990573	1.96305	0.98912	0	0.0024728	0.00840752	0.759428
90	1	1	0.989034	1.95876	0.989609	0	0.00197922	0.00841168	0.766638
100	1	1	0.987553	1.94446	0.992556	0	0.00148883	0.00595533	0.759423
110	1	1	0.985928	1.95687	0.985707	0	0.00147856	0.0128142	0.754599
120	1	1	0.984585	1.95889	0.988142	0	0.00148221	0.0103755	0.76089
130	1	1	0.982963	1.95593	0.987167	0	0.00148075	0.0113524	0.759643
140	1	1	0.981531	1.9465	0.989609	0	0.00197922	0.00841168	0.761099
150	1	1	0.979845	1.9555	0.984737	0	0.00541605	0.00984737	0.760031
160	1	1	0.977979	1.94356	0.987654	0	0	0.0123457	0.755257
170	1	1	0.976675	1.93921	0.987654	0	0.00296296	0.00938272	0.74984
180	1	1	0.975446	1.94686	0.988142	0	0.00296443	0.00889328	0.755649
190	1	1	0.973684	1.93924	0.990589	0	0.00198118	0.00742942	0.747266
200	1	1	0.971658	1.94351	0.986193	0	0.00197239	0.0118343	0.747412
210	1	1	0.970058	1.93956	0.98912	0	0.00296736	0.00791296	0.750305
220	1	1	0.968399	1.94303	0.985222	0	0.00147783	0.0133005	0.7514
230	1	1	0.965341	1.94201	0.984737	0	0.00295421	0.0123092	0.742875
240	1	1	0.963455	1.93144	0.990099	0	0.0029703	0.00693069	0.745968
250	1	1	0.960781	1.92749	0.989609	0	0.00346363	0.00692726	0.740751
260	1	1	0.958788	1.93273	0.983284	0	0.00294985	0.013766	0.731701
270	1	1	0.956786	1.93777	0.984252	0	0.0019685	0.0137795	0.737423
280	1	1	0.954848	1.92155	0.988142	0	0.00197628	0.00988142	0.737588
290	1	1	0.953103	1.91637	0.988142	0	0	0.0118577	0.735411
300	1	1	0.949681	1.91794	0.98668	0	0.0049334	0.00838678	0.733855
310	1	1	0.946763	1.90839	0.992063	0	0.000992063	0.00694444	0.731475
320	1	1	0.944348	1.90776	0.987167	0	0.00148075	0.0113524	0.730704
330	1	1	0.940801	1.9007	0.99108	0	0.00099108	0.00792864	0.72244
340	1	1	0.937941	1.89918	0.990099	0	0.00148515	0.00841584	0.731209
350	1	1	0.935843	1.90104	0.984252	0	0.00344488	0.0123031	0.716797
360	1	1	0.933781	1.90561	0.983284	0	0.00442478	0.0122911	0.717571
370	1	1	0.931914	1.90385	0.982801	0	0.0039312	0.0132678	0.720607
380	1	1	0.930423	1.89413	0.986193	0	0.00197239	0.0118343	0.726052
390	1	1	0.926926	1.88956	0.987654	0	0.00197531	0.0103704	0.712331
400	1	1	0.925088	1.89429	0.982801	0	0.0029484	0.0142506	0.70447
410	1	1	0.922034	1.8759	0.988142	0	0.00148221	0.0103755	0.706803
420	1	1	0.917633	1.88311	0.988142	0	0.00197628	0.00988142	0.714015
430	1	1	0.915918	1.89002	0.982318	0	0.00442043	0.0132613	0.712535
440	1	1	0.913291	1.87024	0.987167	0	0.0029615	0.00987167	0.712527
450	1	1	0.911255	1.87539	0.984252	0	0.00393701	0.011811	0.712181
460	1	1	0.90897	1.87476	0.983768	0	0.00245942	0.0137727	0.705257
470	1	1	0.905233	1.86172	0.98668	0	0.00098668	0.0123335	0.699754
480	1	1	0.900988	1.85948	0.983768	0	0.000983768	0.0152484	0.693125
490	1	1	0.897318	1.84562	0.98668	0	0.00148002	0.0118402	0.697674
500	1	1	0.895045	1.85118	0.984252	0	0.00246063	0.0132874	0.689174
510	1	1	0.892658	1.8551	0.982801	0	0.0029484	0.0142506	0.68706
520	1	1	0.88905	1.84868	0.981836	0	0.00294551	0.0152185	0.696237
530	1	1	0.886824	1.84712	0.981354	0	0.00147203	0.0171737	0.687413
540	1	1	0.882309	1.83887	0.984252	0	0.00246063	0.0132874	0.689331
550	1	1	0.879508	1.82722	0.987654	0	0.000987654	0.011358	0.694058
560	1	1	0.875921	1.82152	0.987167	0	0.000987167	0.011846	0.686315
570	1	1	0.871243	1.81793	0.986193	0	0.000493097	0.0133136	0.681728
580	1	1	0.867284	1.81773	0.985707	0	0.00295712	0.0113356	0.674382
590	1	1	0.863341	1.81842	0.979912	0	0.00489956	0.0151886	0.671788
600	1	1	0.859041	1.80262	0.984737	0	0.00295421	0.0123092	0.675215
610	1	1	0.855344	1.80949	0.978474	0	0.00146771	0.0200587	0.671849
620	1	1	0.850904	1.80711	0.976086	0	0.00244021	0.0214739	0.676516
630	1	1	0.846189	1.78613	0.982318	0	0.00294695	0.0147348	0.670327
640	1	1	0.84199	1.77978	0.983284	0	0.00196657	0.0147493	0.656855
650	1	1	0.839396	1.77709	0.980392	0	0.00343137	0.0161765	0.65791
660	1	1	0.835074	1.7711	0.980873	0	0.00245218	0.0166748	0.659688
670	1	1	0.828994	1.77443	0.975134	0	0.00195027	0.0229157	0.652881
680	1	1	0.82616	1.76517	0.977995	0	0.00342298	0.0185819	0.659214
690	1	1	0.820275	1.75823	0.97561	0	0.00195122	0.022439	0.651953
700	1	1	0.817657	1.7504	0.977517	0	0.00342131	0.0190616	0.637787
710	1	1	0.814238	1.74813	0.973236	0	0.00243309	0.0243309	0.644568
720	1	1	0.809671	1.7469	0.970403	0	0.00242601	0.0271713	0.643989
730	1	1	0.805949	1.73418	0.97561	0	0.00146341	0.0229268	0.63495
740	1	1	0.800988	1.7143	0.978474	0	0.00146771	0.0200587	0.630435
750	1	1	0.794448	1.72298	0.970874	0	0.00291262	0.0262136	0.640146
760	1	1	0.78858	1.68981	0.976086	0	0.00195217	0.0219619	0.625971
770	1	1	0.783313	1.69178	0.97371	0	0.00097371	0.0253165	0.633825
780	1	1	0.777269	1.66179	0.977517	0	0.00244379	0.0200391	0.630217
790	1	1	0.770663	1.64859	0.975134	0	0.00195027	0.0229157	0.622901
800	1	1	0.767801	1.63305	0.976086	0	0.00390434	0.0200098	0.622134
810	1	1	0.763055	1.62145	0.976086	0	0.00390434	0.0200098	0.614267
820	1	1	0.75793	1.62449	0.970403	0	0.0014556	0.0281417	0.612722
830	1	1	0.750511	1.58631	0.980392	0	0.000980392	0.0186275	0.616254
840	1	1	0.746607	1.58964	0.97229	0	0.00097229	0.026738	0.610723
850	1	1	0.739431	1.57961	0.966184	0	0.00289855	0.0309179	0.606243
860	1	1	0.73275	1.56685	0.969462	0	0.000484731	0.0300533	0.606348
870	1	1	0.726063	1.55894	0.964785	0	0.00385914	0.0313555	0.602523
880	1	1	0.719619	1.55253	0.965251	0	0.003861	0.030888	0.596007
890	1	1	0.712764	1.63316	0.968992	0	0.000484496	0.0305233	0.601374
900	1	1	0.707593	1.52252	0.969932	0	0.000969932	0.029098	0.594853
910	1	1	0.699929	1.5025	0.974184	0	0.00146128	0.0243546	0.600804
920	1	1	0.693271	1.50036	0.967586	0	0.00290276	0.0295114	0.593004
930	1	1	0.685525	1.48802	0.968523	0	0.00145278	0.0300242	0.589439
940	1	1	0.680421	1.4744	0.973236	0	0.000973236	0.0257908	0.591597
950	1	1	0.674284	1.46607	0.970874	0	0.00145631	0.0276699	0.57736
960	1	1	0.667765	1.45782	0.969932	0	0.0029098	0.0271581	0.579554
970	1	1	0.660399	1.4546	0.963855	0	0	0.0361446	0.584178
980	1	1	0.655935	1.44644	0.965251	0	0.00144788	0.0333012	0.570649
990	1	1	0.649161	1.42998	0.968523	0	0.000484262	0.0309927	0.573627
1000	1	1	0.643579	1.43316	0.960615	0	0.00144092	0.0379443	0.569424
1010	1	1	0.636405	1.41753	0.963391	0	0.00240848	0.0342004	0.570008
1020	1	1	0.630013	1.4052	0.964785	0	0.00289436	0.0323203	0.574955
1030	1	1	0.621921	1.44561	0.968054	0	0.00193611	0.0300097	0.567333
1040	1	1	0.614266	1.51532	0.951928	0	0.00190386	0.0461685	0.566989
1050	1	1	0.605096	1.48811	0.962927	0	0.00288878	0.0341839	0.555205
1060	1	1	0.597251	1.48576	0.955566	0	0.00477783	0.039656	0.554981
1070	1	1	0.592542	1.48253	0.956023	0	0.00143403	0.042543	0.561657
1080	1	1	0.585726	1.4575	0.959693	0	0.00335893	0.0369482	0.547776
1090	1	1	0.579092	1.46002	0.948767	0	0.00189753	0.0493359	0.547893
1100	1	1	0.572693	1.4457	0.951475	0	0.0038059	0.0447193	0.544128
1110	1	1	0.56641	1.43366	0.950119	0	0.00380048	0.0460808	0.53337
1120	1	1	0.560654	1.40949	0.961538	0	0.000480769	0.0379808	0.540198
1130	1	1	0.551197	1.39493	0.962001	0	0.000962001	0.037037	0.542509
1140	1	1	0.54296	1.38408	0.956938	0	0.00191388	0.0411483	0.534902
1150	1	1	0.534778	1.38159	0.947867	0	0.0028436	0.0492891	0.538248
1160	1	1	0.525819	1.36242	0.95057	0	0.00190114	0.0475285	0.531355
1170	1	1	0.51872	1.33656	0.953289	0	0.00285987	0.0438513	0.528834
1180	1	1	0.511419	1.32136	0.956023	0	0.000478011	0.043499	0.530433
1190	1	1	0.50582	1.31318	0.954198	0	0.00381679	0.0419847	0.52932
1200	1	1	0.499	1.314	0.942951	0	0.00141443	0.0556341	0.52697
1210	1	1	0.488801	1.27789	0.951475	0	0.00333016	0.0451951	0.523644
1220	1	1	0.480404	1.27616	0.951022	0	0.00142653	0.0475511	0.523828
1230	1	1	0.47186	1.24316	0.953743	0	0.00143062	0.0448259	0.517737
1240	1	1	0.462724	1.24058	0.949668	0	0.00189934	0.048433	0.525202
1250	1	1	0.455409	1.22961	0.949217	0	0.00474608	0.046037	0.516444
1260	1	1	0.44882	1.2176	0.938527	0	0.00328484	0.0581886	0.521288
1270	1	1	0.44097	1.18583	0.951928	0	0.00190386	0.0461685	0.51899
1280	1	1	0.435326	1.1681	0.952381	0	0.00190476	0.0457143	0.510537
1290	1	1	0.426299	1.15857	0.939408	0	0.00187882	0.058713	0.508346
1300	1	1	0.418889	1.13162	0.943841	0	0.00188768	0.0542709	0.507435
1310	1	1	0.411616	1.11967	0.942507	0	0.00141376	0.0560792	0.508975
1320	1	1	0.404656	1.09772	0.949217	0	0.00189843	0.0488847	0.514739
1330	1	1	0.395886	1.1058	0.936768	0	0.00421546	0.0590164	0.504043
1340	1	1	0.387619	1.07378	0.938967	0	0.00140845	0.0596244	0.512926
1350	1	1	0.379229	1.0543	0.946522	0	0.00331283	0.0501656	0.508587
1360	1	1	0.373294	1.04822	0.93985	0	0.00281955	0.0573308	0.506065
1370	1	1	0.365794	1.03032	0.944287	0	0.00283286	0.0528801	0.496954
1380	1	1	0.359499	1.02006	0.948317	0	0.00284495	0.0488383	0.50904
1390	1	1	0.352089	1.0076	0.943396	0	0.00141509	0.0551887	0.485744
1400	1	1	0.345164	1.01193	0.927214	0	0.00370885	0.0690774	0.492676
1410	1	1	0.338759	0.98925	0.939408	0	0.00281822	0.0577736	0.485626
1420	1	1	0.330971	0.983002	0.929368	0	0.00185874	0.0687732	0.477273
1430	1	1	0.323504	0.974305	0.923361	0	0.00369344	0.0729455	0.472678
1440	1	1	0.316824	0.964344	0.922084	0	0.000461042	0.077455	0.46405
1450	1	1	0.309714	0.946767	0.929368	0	0.00185874	0.0687732	0.467224
1460	1	1	0.304012	0.936612	0.929368	0	0.000464684	0.0701673	0.458997
1470	1	1	0.294851	0.92839	0.91617	0	0.00229043	0.0815392	0.459868
1480	1	1	0.28795	0.910713	0.918695	0	0.000918695	0.0803859	0.459426
1490	1	1	0.280734	0.89792	0.92081	0	0.00276243	0.0764273	0.445512
1500	1	1	0.272596	0.884122	0.91659	0	0.00320807	0.0802016	0.444275
1510	1	1	0.265708	0.867838	0.91954	0	0.00229885	0.0781609	0.442002
1520	1	1	0.258524	0.851901	0.918274	0	0.00275482	0.0789715	0.450181
1530	1	1	0.250759	0.835621	0.909504	0	0.00272851	0.0877672	0.453775
1540	1	1	0.243797	0.835855	0.893256	0	0.00267977	0.104064	0.435372
1550	1	1	0.236673	0.820053	0.911993	0	0.00182399	0.0861833	0.43839
1560	1	1	0.229004	0.816284	0.900495	0	0.000900495	0.0986042	0.435034
1570	1	1	0.221355	0.791758	0.898473	0	0.00359389	0.0979335	0.431072
1580	1	1	0.214201	0.769649	0.911993	0	0.000455996	0.0875513	0.429425
1590	1	1	0.20788	0.783607	0.897666	0	0.000448833	0.101885	0.428839
1600	1	1	0.200789	0.777437	0.909091	0	0.000454545	0.0904545	0.411585
1610	1	1	0.192982	0.7596	0.883783	0	0.00176757	0.11445	0.416286
1620	1	1	0.185701	0.744741	0.884173	0	0.000884173	0.114943	0.417718
1630	1	1	0.177715	0.724846	0.894055	0	0.00134108	0.104604	0.411088
1640	1	1	0.16991	0.718096	0.881446	0	0.00176289	0.116792	0.412625
1650	1	1	0.161452	0.698395	0.888889	0	0.000888889	0.110222	0.416826
1660	1	1	0.153722	0.688778	0.887311	0	0	0.112689	0.410659
1670	1	1	0.145721	0.671984	0.894855	0	0.000894855	0.104251	0.411337
1680	1	1	0.138218	0.678367	0.867303	0	0.000867303	0.13183	0.410951
1690	1	1	0.129966	0.675944	0.857265	0	0.0012859	0.141449	0.398482
1700	1	1	0.122392	0.667872	0.850702	0	0.000425351	0.148873	0.384582
1710	1	1	0.114046	0.656421	0.849618	0	0.00169924	0.148683	0.38623
1720	1	1	0.10484	0.644187	0.84674	0	0	0.15326	0.390374
1730	1	1	0.0958687	0.639149	0.833333	0	0.000416667	0.16625	0.376914
1740	1	1	0.0875725	0.624728	0.838223	0	0	0.161777	0.394189
1750	1	1	0.0793838	0.614567	0.843882	0	0.000843882	0.155274	0.400252
1760	1	1	0.0700638	0.593727	0.858738	0	0.000429369	0.140833	0.424656
1770	1	1	0.0611375	0.585405	0.854701	0	0	0.145299	0.462207
1780	1	1	0.0538463	0.573651	0.857633	0	0	0.142367	0.527621
1790	1	1	0.0476737	0.569972	0.845309	0	0.00126796	0.153423	0.593935
1800	1	1	0.0437488	0.568324	0.841751	0	0.00126263	0.156987	0.654882
1810	1	1	0.0413925	0.563309	0.84674	0	0.00084674	0.152413	0.691935
1820	1	1	0.039915	0.565491	0.83682	0	0	0.16318	0.719133
1830	1	1	0.03852	0.559704	0.841751	0	0.00210438	0.156145	0.728307
1840	1	1	0.036885	0.561791	0.83612	0	0.0020903	0.161789	0.741564
1850	1	1	0.0356088	0.560098	0.83647	0	0.00292765	0.160602	0.750235
1860	1	1	0.0339188	0.561232	0.831255	0	0.000831255	0.167914	0.761812
1870	1	1	0.0318762	0.562009	0.828844	0	0.00165769	0.169499	0.778435
1880	1	1	0.0302375	0.555275	0.84246	0	0.00210615	0.155434	0.790006
1890	1	1	0.0281687	0.554176	0.837521	0	0.0020938	0.160385	0.808056
1900	1	1	0.0267613	0.550438	0.844595	0	0.00211149	0.153294	0.814666
1910	1	1	0.0254663	0.547073	0.845309	0	0.00253593	0.152156	0.826133
1920	1	1	0.0234512	0.545624	0.842815	0	0.00379267	0.153392	0.848518
1930	1	1	0.0216188	0.55547	0.825083	0	0.00742574	0.167492	0.86158
1940	1	1	0.0205	0.54806	0.83612	0	0.00459866	0.159281	0.87879
1950	1	1	0.01952	0.554761	0.820681	0	0.00451375	0.174805	0.886354
1960	1	1	0.0183925	0.548382	0.835422	0	0.00459482	0.159983	0.896477
1970	1	1	0.0172512	0.551786	0.82713	0	0.00330852	0.169562	0.906033
1980	1	1	0.0164713	0.552351	0.81666	0	0.00775827	0.175582	0.906776
1990	1	1	0.0162475	0.540426	0.834725	0	0.00500835	0.160267	0.912196
2000	1	1	0.01512	0.535555	0.844238	0	0.00633179	0.14943	0.918092
2010	1	1	0.0145425	0.544077	0.831601	0	0.00623701	0.162162	0.921721
2020	1	1	0.0139962	0.549367	0.818666	0	0.00613999	0.175194	0.924954
2030	1	1	0.01316	0.537155	0.841397	0	0.00378629	0.154817	0.9335
2040	1	1	0.0126763	0.538308	0.839631	0	0.00713686	0.153233	0.929652
2050	1	1	0.0121963	0.542679	0.828844	0	0.00663075	0.164525	0.943283
2060	1	1	0.0112537	0.541513	0.83091	0	0.00747819	0.161612	0.948375
2070	1	1	0.010435	0.536347	0.835073	0	0.00501044	0.159916	0.950425
2080	1	1	0.010205	0.53608	0.839278	0	0.00713386	0.153588	0.955192
2090	1	1	0.009085	0.536607	0.834028	0	0.00417014	0.161802	0.9597
2100	1	1	0.0084725	0.541216	0.82713	0	0.00413565	0.168734	0.96555
2110	1	1	0.00789125	0.534913	0.839278	0	0.00713386	0.153588	0.968633
2120	1	1	0.00761125	0.548862	0.809717	0	0.0101215	0.180162	0.970627
2130	1	1	0.00735	0.532202	0.845666	0	0.00718816	0.147146	0.972925
2140	1	1	0.00664875	0.531741	0.844238	0	0.00844238	0.14732	0.977475
2150	1	1	0.00651375	0.535237	0.83091	0	0.00872455	0.160366	0.978508
2160	1	1	0.00645125	0.540497	0.824402	0	0.00577082	0.169827	0.97695
2170	1	1	0.00607	0.532148	0.838574	0	0.00754717	0.153878	0.98115
2180	1	1	0.00566375	0.535735	0.835073	0	0.00292276	0.162004	0.983333
2190	1	1	0.00536625	0.533775	0.838223	0	0.00796312	0.153814	0.984692
2200	1	1	0.0053425	0.531403	0.843882	0	0.00590717	0.150211	0.986383
2210	1	1	0.0053575	0.532074	0.841751	0	0.00631313	0.151936	0.987292
2220	1	1	0.0052525	0.541831	0.820345	0	0.00697293	0.172683	0.987392
2230	1	1	0.0047125	0.537231	0.825764	0	0.00867052	0.165566	0.990717
2240	1	1	0.00465375	0.539253	0.824742	0	0.00824742	0.16701	0.990467
2250	1	1	0.00451625	0.540087	0.822707	0	0.00987248	0.167421	0.991358
2260	1	1	0.00432875	0.533361	0.835073	0	0.00751566	0.157411	0.994083
2270	1	1	0.00415375	0.539274	0.824742	0	0.00494845	0.170309	0.995408
2280	1	1	0.00417375	0.541634	0.819672	0	0.00819672	0.172131	0.994067
2290	1	1	0.00410375	0.534147	0.834725	0	0.00792988	0.157346	0.993475
2300	1	1	0.0040475	0.530972	0.84246	0	0.00589722	0.151643	0.994792
2310	1	1	0.0037675	0.53469	0.831601	0	0.00706861	0.161331	0.996975
2320	1	1	0.0037625	0.536751	0.829876	0	0.00829876	0.161826	0.995292
2330	1	1	0.003735	0.534787	0.833681	0	0.010421	0.155898	0.995417
2340	1	1	0.00367	0.532606	0.833681	0	0.0100042	0.156315	0.996733
2350	1	1	0.00364375	0.535091	0.830565	0	0.0116279	0.157807	0.995975
2360	1	1	0.00371625	0.540388	0.822368	0	0.00904605	0.168586	0.997158
2370	1	1	0.00365625	0.536223	0.831601	0	0.00831601	0.160083	0.996842
2380	1	1	0.003575	0.54655	0.809389	0	0.00809389	0.182517	0.996258
2390	1	1	0.0036625	0.531033	0.83612	0	0.0108696	0.15301	0.996683
2400	1	1	0.00377125	0.534739	0.833333	0	0.0075	0.159167	0.996175
2410	1	1	0.0039075	0.544445	0.827472	0	0.00868846	0.163839	0.994692
2420	1	1	0.0040125	0.540431	0.822707	0	0.00740436	0.169889	0.995292
2430	1	1	0.0039325	0.546563	0.843526	0	0.0033741	0.1531	0.995158
2440	1	1	0.00389375	0.536219	0.826105	0	0.00908715	0.164808	0.99665
2450	1	1	0.00385625	0.530809	0.838926	0	0.00419463	0.156879	0.996175
2460	1	1	0.00375625	0.533187	0.832639	0	0.00582848	0.161532	0.997042
2470	1	1	0.00377875	0.557705	0.822707	0	0.00822707	0.169066	0.9968
2480	1	1	0.00368	0.533255	0.831947	0	0.00831947	0.159734	0.996583
2490	1	1	0.00352	0.532939	0.833333	0	0.00416667	0.1625	0.995567
2500	1	1	0.00360125	0.540128	0.818666	0	0.0106427	0.170692	0.99705
2510	1	1	0.0036525	0.529487	0.834028	0	0.00834028	0.157631	0.99675
2520	1	1	0.0035375	0.540082	0.818331	0	0.0102291	0.17144	0.996408
2530	1	1	0.00356875	0.533162	0.832986	0	0.0062474	0.160766	0.997292
2540	1	1	0.003595	0.539855	0.818666	0	0.00859599	0.172738	0.997067
2550	1	1	0.00340375	0.526793	0.833333	0	0.00833333	0.158333	0.997775
2560	1	1	0.0034025	0.524323	0.841397	0	0.00799327	0.15061	0.997725
2570	1	1	0.00336125	0.525701	0.837521	0	0.00670017	0.155779	0.99755
2580	1	1	0.0033225	0.545694	0.81666	0	0.0122499	0.17109	0.998717
2590	1	1	0.0032375	0.528359	0.853971	0	0.0059778	0.140051	0.998283
2600	1	1	0.00319625	0.545228	0.812018	0	0.00649614	0.181486	0.998025
2610	1	1	0.00337	0.529697	0.830565	0	0.00539867	0.164037	0.997825
2620	1	1	0.0034875	0.527149	0.834028	0	0.00708924	0.158882	0.998
2630	1	1	0.0034125	0.519889	0.852515	0	0.0059676	0.141517	0.997225
2640	1	1	0.0034325	0.536546	0.84246	0	0.00589722	0.151643	0.997217
2650	1	1	0.00352125	0.545259	0.823384	0	0.00864553	0.16797	0.99735
2660	1	1	0.003435	0.547697	0.820681	0	0.00615511	0.173164	0.997083
2670	1	1	0.00333	0.531808	0.834725	0	0.00834725	0.156928	0.998308
2680	1	1	0.00339875	0.523723	0.844595	0	0.00591216	0.149493	0.997033
2690	1	1	0.00329125	0.535823	0.829531	0	0.00663625	0.163832	0.997633
2700	1	1	0.00315375	0.533509	0.835422	0	0.00250627	0.162072	0.998183
2710	1	1	0.00302	0.538213	0.821018	0	0.0114943	0.167488	0.999117
2720	1	1	0.0029125	0.533283	0.831947	0	0.00540765	0.162646	0.998325
2730	1	1	0.00292875	0.531232	0.837521	0	0.00460637	0.157873	0.998833
2740	1	1	0.0030075	0.528609	0.847458	0	0.0101695	0.142373	0.998058
2750	1	1	0.0028525	0.532159	0.839983	0	0.00881982	0.151197	0.999083
2760	1	1	0.00291125	0.527035	0.846382	0	0.00634786	0.14727	0.998808
2770	1	1	0.00277125	0.527849	0.843526	0	0.0105441	0.14593	0.99855
2780	1	1	0.0027375	0.534619	0.832639	0	0.00582848	0.161532	0.999775
2790	1	1	0.00283	0.536948	0.827472	0	0.0057923	0.166736	0.999033
2800	1	1	0.0027925	0.533708	0.834725	0	0.00709516	0.15818	0.999117
2810	1	1	0.00274125	0.534419	0.829876	0	0.00580913	0.164315	0.999508
2820	1	1	0.00273	0.534787	0.832293	0	0.00749064	0.160216	0.999333
2830	1	1	0.00281	0.537891	0.826788	0	0.00785449	0.165358	0.999417
2840	1	1	0.0028025	0.535089	0.827815	0	0.00620861	0.165977	0.998967
2850	1	1	0.00274125	0.529794	0.839278	0	0.00671423	0.154008	0.998817
2860	1	1	0.00269625	0.53899	0.823723	0	0.00617792	0.170099	0.999625
2870	1	1	0.00271	0.542382	0.817327	0	0.0089906	0.173682	0.999483
2880	1	1	0.0027525	0.533376	0.834376	0	0.00542345	0.1602	0.9997
2890	1	1	0.0027425	0.534063	0.834376	0	0.00917814	0.156446	0.999508
2900	1	1	0.00261625	0.536914	0.8285	0	0.006628	0.164872	0.99955
2910	1	1	0.0026275	0.538291	0.825083	0	0.00783828	0.167079	0.999708
2920	1	1	0.00264375	0.527515	0.844595	0	0.00675676	0.148649	0.99975
2930	1	1	0.00260125	0.538157	0.825423	0	0.0070161	0.167561	1
2940	1	1	0.00258125	0.528822	0.840336	0	0.00504202	0.154622	0.999483
2950	1	1	0.002575	0.541423	0.818331	0	0.0094108	0.172259	0.999675
2960	1	1	0.0025625	0.534511	0.829187	0	0.00704809	0.163765	0.999833
2970	1	1	0.00258	0.53034	0.841397	0	0.00546908	0.153134	0.999625
2980	1	1	0.00256375	0.535623	0.828844	0	0.00663075	0.164525	0.9999
2990	1	1	0.00254625	0.537954	0.825083	0	0.00742574	0.167492	0.999875
3000	1	1	0.00252375	0.53354	0.83022	0	0.0132835	0.156496	1
3010	1	1	0.00250625	0.537435	0.826788	0	0.0124018	0.16081	0.9999
3020	1	1	0.0025	0.531451	0.834376	0	0.00750939	0.158114	1
3030	1	1	0.0025	0.535758	0.829531	0	0.00871008	0.161759	1
3040	1	1	0.0025	0.524389	0.848896	0	0.00679117	0.144312	1
3050	1	1	0.0025	0.541435	0.814664	0	0.00733198	0.178004	1
3060	1	1	0.0025	0.532832	0.832639	0	0.00666112	0.160699	1
3070	1	1	0.0025	0.533742	0.83022	0	0.00705687	0.162723	1
3080	1	1	0.0025	0.535913	0.823723	0	0.00823723	0.16804	1
3090	1	1	0.0025	0.536032	0.825764	0	0.0090834	0.165153	1
3100	1	1	0.0025	0.540959	0.817327	0	0.00776461	0.174908	1
3110	1	1	0.0025	0.528387	0.838223	0	0.00502934	0.156748	1
3120	1	1	0.0025	0.527545	0.841397	0	0.00799327	0.15061	1
3130	1	1	0.0025	0.529479	0.840689	0	0.00966793	0.149643	1
3140	1	1	0.0025	0.534533	0.830565	0	0.00872093	0.160714	1
3150	1	1	0.0025	0.530087	0.838574	0	0.00796646	0.153459	1
3160	1	1	0.0025	0.544943	0.804829	0	0.00764588	0.187525	1
3170	1	1	0.0025	0.531742	0.835771	0	0.00919348	0.155036	1
3180	1	1	0.0025	0.533052	0.831601	0	0.0112266	0.157173	1
3190	1	1	0.0025	0.529899	0.835073	0	0.00751566	0.157411	1
3200	1	1	0.0025	0.532645	0.833333	0	0.0075	0.159167	1
3210	1	1	0.0025	0.537092	0.823384	0	0.00782215	0.168794	1
3220	1	1	0.0025	0.537524	0.823045	0	0.00576132	0.171193	1
3230	1	1	0.0025	0.536272	0.825423	0	0.00619067	0.168386	1
3240	1	1	0.0025	0.532944	0.831255	0	0.00540316	0.163342	1
3250	1	1	0.0025	0.528136	0.84317	0	0.00463744	0.152192	1
3260	1	1	0.0025	0.537341	0.82203	0	0.00904233	0.168927	1
3270	1	1	0.0025	0.534892	0.828157	0	0.00869565	0.163147	1
3280	1	1	0.0025	0.529676	0.826105	0	0.00660884	0.167286	1
3290	1	1	0.0025	0.529655	0.833681	0	0.00708629	0.159233	1
3300	1	1	0.0025	0.527385	0.840336	0	0.00882353	0.15084	1
3310	1	1	0.0025	0.52914	0.83612	0	0.00668896	0.157191	1
3320	1	1	0.0025	0.54029	0.82713	0	0.00496278	0.167907	1
3330	1	1	0.0025	0.521923	0.839631	0	0.00923594	0.151134	1
3340	1	1	0.0025	0.529868	0.831947	0	0.00831947	0.159734	1
3350	1	1	0.0025	0.532528	0.8285	0	0.00621375	0.165286	1
3360	1	1	0.0025	0.531864	0.834376	0	0.00792657	0.157697	1
3370	1	1	0.0025	0.538327	0.824402	0	0.00659522	0.169002	1
3380	1	1	0.0025	0.5429	0.826788	0	0.00950806	0.163704	1
3390	1	1	0.0025	0.531111	0.835073	0	0.00709812	0.157829	1
3400	1	1	0.0025	0.534864	0.828844	0	0.00745959	0.163697	1
3410	1	1	0.0025	0.533187	0.826788	0	0.00578752	0.167425	1
3420	1	1	0.0025	0.542839	0.812348	0	0.00812348	0.179529	1
3430	1	1	0.0025	0.537616	0.823384	0	0.00823384	0.168382	1
3440	1	1	0.0025	0.536428	0.825423	0	0.00577796	0.168799	1
3450	1	1	0.0025	0.540556	0.822368	0	0.0106908	0.166941	1
3460	1	1	0.0025	0.533389	0.831601	0	0.00873181	0.159667	1
3470	1	1	0.0025	0.535893	0.826788	0	0.0066143	0.166598	1
3480	1	1	0.0025	0.532828	0.833333	0	0.005	0.161667	1
3490	1	1	0.0025	0.530989	0.826446	0	0.00867769	0.164876	1
3500	1	1	0.0025	0.531042	0.83682	0	0.00669456	0.156485	1
3510	1	1	0.0025	0.535452	0.827472	0	0.00786098	0.164667	1
3520	1	1	0.0025	0.533126	0.831947	0	0.00707155	0.160982	1
3530	1	1	0.0025	0.531286	0.831255	0	0.00789692	0.160848	1
3540	1	1	0.0025	0.534166	0.832986	0	0.00499792	0.162016	1
3550	1	1	0.0025	0.538147	0.821693	0	0.00739523	0.170912	1
3560	1	1	0.0025	0.541915	0.81367	0	0.00895037	0.17738	1
3570	1	1	0.0025	0.526914	0.841043	0	0.00504626	0.153911	1
3580	1	1	0.0025	0.530136	0.840336	0	0.00420168	0.155462	1
3590	1	1	0.0025	0.532893	0.832293	0	0.0062422	0.161465	1
3600	1	1	0.0025	0.535789	0.82713	0	0.00496278	0.167907	1
3610	1	1	0.0025	0.531621	0.835073	0	0.00584551	0.159081	1
3620	1	1	0.0025	0.541375	0.814332	0	0.00814332	0.177524	1
3630	1	1	0.0025	0.537725	0.822368	0	0.00740132	0.17023	1
3640	1	1	0.0025	0.531362	0.835771	0	0.0058504	0.158379	1
3650	1	1	0.0025	0.528932	0.838574	0	0.00545073	0.155975	1
3660	1	1	0.0025	0.525498	0.845309	0	0.00803043	0.146661	1
3670	1	1	0.0025	0.532949	0.832639	0	0.00707744	0.160283	1
3680	1	1	0.0025	0.534912	0.828844	0	0.00870286	0.162453	1
3690	1	1	0.0025	0.532222	0.829187	0	0.0107794	0.160033	1
3700	1	1	0.0025	0.53223	0.829876	0	0.0116183	0.158506	1
3710	1	1	0.0025	0.53487	0.829187	0	0.00746269	0.16335	1
3720	1	1	0.0025	0.53458	0.829531	0	0.00788055	0.162588	1
3730	1	1	0.0025	0.539402	0.814664	0	0.00651731	0.178819	1
3740	1	1	0.0025	0.528567	0.841043	0	0.00756939	0.151388	1
3750	1	1	0.0025	0.533933	0.829187	0	0.00621891	0.164594	1
3760	1	1	0.0025	0.537558	0.821693	0	0.00944947	0.168858	1
3770	1	1	0.0025	0.532193	0.827815	0	0.00703642	0.165149	1
3780	1	1	0.0025	0.531083	0.835771	0	0.0058504	0.158379	1
3790	1	1	0.0025	0.537603	0.822368	0	0.00740132	0.17023	1
3800	1	1	0.0025	0.528797	0.841397	0	0.00673117	0.151872	1
3810	1	1	0.0025	0.534096	0.828157	0	0.00952381	0.162319	1
3820	1	1	0.0025	0.532339	0.834028	0	0.00500417	0.160967	1
3830	1	1	0.0025	0.533296	0.826105	0	0.00908715	0.164808	1
3840	1	1	0.0025	0.535128	0.829531	0	0.00912484	0.161344	1
3850	1	1	0.0025	0.537588	0.822368	0	0.00863487	0.168997	1
3860	1	1	0.0025	0.533266	0.833333	0	0.00791667	0.15875	1
3870	1	1	0.0025	0.535122	0.827472	0	0.0057923	0.166736	1
3880	1	1	0.0025	0.53642	0.825423	0	0.00577796	0.168799	1
3890	1	1	0.0025	0.530019	0.83717	0	0.00795312	0.154877	1
3900	1	1	0.0025	0.529736	0.840336	0	0.00546218	0.154202	1
3910	1	1	0.0025	0.534312	0.828157	0	0.00910973	0.162733	1
3920	1	1	0.0025	0.531379	0.831255	0	0.00955943	0.159185	1
3930	1	1	0.0025	0.524953	0.851064	0	0.00595745	0.142979	1
3940	1	1	0.0025	0.537834	0.825423	0	0.0070161	0.167561	1
3950	1	1	0.0025	0.530984	0.83682	0	0.0083682	0.154812	1
3960	1	1	0.0025	0.527731	0.843526	0	0.00716997	0.149304	1
3970	1	1	0.0025	0.536282	0.823045	0	0.00658436	0.17037	1
3980	1	1	0.0025	0.533228	0.831601	0	0.00665281	0.161746	1
3990	1	1	0.0025	0.5323	0.833681	0	0.00875365	0.157566	1
4000	1	1	0.0025	0.533888	0.829531	0	0.00539195	0.165077	1
4010	1	1	0.0025	0.536851	0.824742	0	0.00618557	0.169072	1
4020	1	1	0.0025	0.532541	0.834376	0	0.00750939	0.158114	1
4030	1	1	0.0025	0.534344	0.829187	0	0.00704809	0.163765	1
4040	1	1	0.0025	0.538921	0.819672	0	0.0106557	0.169672	1
4050	1	1	0.0025	0.531391	0.83612	0	0.00794314	0.155936	1
4060	1	1	0.0025	0.536488	0.823723	0	0.00864909	0.167628	1
4070	1	1	0.0025	0.531043	0.83717	0	0.0083717	0.154458	1
4080	1	1	0.0025	0.534502	0.83091	0	0.00540091	0.163689	1
4090	1	1	0.0025	0.535513	0.821018	0	0.00738916	0.171593	1
4100	1	1	0.0025	0.535023	0.827472	0	0.00620604	0.166322	1
4110	1	1	0.0025	0.532055	0.834376	0	0.00792657	0.157697	1
4120	1	1	0.0025	0.53613	0.825083	0	0.00825083	0.166667	1
4130	1	1	0.0025	0.528249	0.844238	0	0.00802026	0.147742	1
4140	1	1	0.0025	0.526163	0.844238	0	0.00759814	0.148164	1
4150	1	1	0.0025	0.534437	0.828844	0	0.0095317	0.161625	1
4160	1	1	0.0025	0.530906	0.837872	0	0.00628404	0.155844	1
4170	1	1	0.0025	0.531547	0.832293	0	0.00582605	0.161881	1
4180	1	1	0.0025	0.536253	0.826446	0	0.00495868	0.168595	1
4190	1	1	0.0025	0.525928	0.847099	0	0.00720034	0.145701	1
4200	1	1	0.0025	0.53367	0.831947	0	0.00873544	0.159318	1
4210	1	1	0.0025	0.533956	0.83022	0	0.00581154	0.163968	1
4220	1	1	0.0025	0.530991	0.83091	0	0.00747819	0.161612	1
4230	1	1	0.0025	0.524862	0.850702	0	0.00723097	0.142067	1
4240	1	1	0.0025	0.536007	0.826105	0	0.0115655	0.16233	1
4250	1	1	0.0025	0.53152	0.83612	0	0.00752508	0.156355	1
4260	1	1	0.0025	0.523677	0.847817	0	0.00635863	0.145825	1
4270	1	1	0.0025	0.536206	0.825423	0	0.00990508	0.164672	1
4280	1	1	0.0025	0.517538	0.832639	0	0.00874271	0.158618	1
4290	1	1	0.0025	0.519394	0.8285	0	0.0057995	0.1657	1
4300	1	1	0.0025	0.509198	0.830565	0	0.00539867	0.164037	1
4310	1	1	0.0025	0.506545	0.84317	0	0.0029511	0.153879	1
4320	1	1	0.0025	0.507627	0.839983	0	0.0100798	0.149937	1
4330	1	1	0.0025	0.517249	0.826446	0	0.00867769	0.164876	1
4340	1	1	0.0025	0.518804	0.83612	0	0.00919732	0.154682	1
4350	1	1	0.0025	0.512727	0.8285	0	0.00869925	0.1628	1
4360	1	1	0.0025	0.51713	0.818666	0	0.00941465	0.17192	1
4370	1	1	0.0025	0.512492	0.833681	0	0.00541892	0.1609	1
4380	1	1	0.0025	0.524346	0.838926	0	0.00713087	0.153943	1
4390	1	1	0.0025	0.524249	0.832639	0	0.00915903	0.158201	1
4400	1	1	0.0025	0.528812	0.821018	0	0.00985222	0.16913	1
4410	1	1	0.0025	0.522766	0.835422	0	0.00543024	0.159148	1
4420	1	1	0.0025	0.522708	0.815993	0	0.00897593	0.175031	1
4430	1	1	0.0025	0.509083	0.843882	0	0.00886076	0.147257	1
4440	1	1	0.0025	0.519192	0.827472	0	0.00786098	0.164667	1
4450	1	1	0.0025	0.519277	0.82713	0	0.00661704	0.166253	1
4460	1	1	0.0025	0.512382	0.837521	0	0.00502513	0.157454	1
4470	1	1	0.0025	0.51774	0.829876	0	0.00705394	0.163071	1
4480	1	1	0.0025	0.523	0.819001	0	0.00900901	0.17199	1
4490	1	1	0.0025	0.518696	0.828157	0	0.00828157	0.163561	1
4500	1	1	0.0025	0.510217	0.844595	0	0.00464527	0.15076	1
4510	1	1	0.0025	0.51211	0.839631	0	0.0104954	0.149874	1
4520	1	1	0.0025	0.523488	0.825764	0	0.0090834	0.165153	1
4530	1	1	0.0025	0.517026	0.834028	0	0.00542118	0.16055	1
4540	1	1	0.0025	0.515749	0.829876	0	0.0103734	0.159751	1
4550	1	1	0.0025	0.516701	0.834028	0	0.00834028	0.157631	1
4560	1	1	0.0025	0.520647	0.824402	0	0.00659522	0.169002	1
4570	1	1	0.0025	0.519206	0.8285	0	0.00704225	0.164457	1
4580	1	1	0.0025	0.514147	0.835073	0	0.0108559	0.154071	1
4590	1	1	0.0025	0.519197	0.829531	0	0.00788055	0.162588	1
4600	1	1	0.0025	0.512083	0.83717	0	0.0083717	0.154458	1
4610	1	1	0.0025	0.507868	0.831601	0	0.0049896	0.16341	1
4620	1	1	0.0025	0.510148	0.825083	0	0.0070132	0.167904	1
4630	1	1	0.0025	0.513045	0.819672	0	0.00983607	0.170492	1
4640	1	1	0.0025	0.516286	0.812018	0	0.00771417	0.180268	1
4650	1	1	0.0025	0.509884	0.82713	0	0.0082713	0.164599	1
4660	1	1	0.0025	0.499828	0.846024	0	0.00761421	0.146362	1
4670	1	1	0.0025	0.508067	0.832639	0	0.00666112	0.160699	1
4680	1	1	0.0025	0.508345	0.82713	0	0.00909843	0.163772	1
4690	1	1	0.0025	0.515584	0.81666	0	0.00775827	0.175582	1
4700	1	1	0.0025	0.507233	0.832639	0	0.00457952	0.162781	1
4710	1	1	0.0025	0.504209	0.839631	0	0.00965575	0.150714	1
4720	1	1	0.0025	0.509091	0.829876	0	0.00622407	0.1639	1
4730	1	1	0.0025	0.507584	0.832986	0	0.00708038	0.159933	1
4740	1	1	0.0025	0.504562	0.835422	0	0.00793651	0.156642	1
4750	1	1	0.0025	0.507187	0.832986	0	0.0062474	0.160766	1
4760	1	1	0.0025	0.507943	0.831601	0	0.00831601	0.160083	1
4770	1	1	0.0025	0.513663	0.819672	0	0.0045082	0.17582	1
4780	1	1	0.0025	0.503831	0.834376	0	0.00625782	0.159366	1
4790	1	1	0.0025	0.512678	0.821018	0	0.00533662	0.173645	1
4800	1	1	0.0025	0.502169	0.843882	0	0.00759494	0.148523	1
4810	1	1	0.0025	0.508103	0.831255	0	0.00623441	0.16251	1
4820	1	1	0.0025	0.504341	0.83612	0	0.00919732	0.154682	1
4830	1	1	0.0025	0.50018	0.848896	0	0.00764007	0.143463	1
4840	1	1	0.0025	0.505803	0.83647	0	0.00920117	0.154329	1
4850	1	1	0.0025	0.51115	0.820008	0	0.00861009	0.171382	1
4860	1	1	0.0025	0.504877	0.832639	0	0.00791007	0.15945	1
4870	2	1.001	0.00299895	0.507162	0.838574	0	0.00964361	0.151782	0.9999
4880	1	1	0.0025	0.512612	0.820681	0	0.00574477	0.173574	1
4890	1	1	0.0025	0.509002	0.832639	0	0.00957535	0.157785	1
4900	1	1	0.0025	0.507162	0.831601	0	0.00873181	0.159667	1
4910	1	1	0.0025	0.50818	0.831255	0	0.00665004	0.162095	1
4920	1	1	0.0025	0.504395	0.839631	0	0.00503778	0.155332	1
4930	1	1	0.0025	0.504515	0.835422	0	0.00584795	0.15873	1
4940	1	1	0.0025	0.50891	0.824742	0	0.0103093	0.164948	1
4950	1	1	0.0025	0.508288	0.832293	0	0.011236	0.156471	1
4960	1	1	0.0025	0.511945	0.822707	0	0.0061703	0.171123	1
4970	1	1	0.0025	0.508328	0.83022	0	0.0107929	0.158987	1
4980	1	1	0.0025	0.502157	0.841397	0	0.00799327	0.15061	1
4990	1	1	0.0025	0.50935	0.827815	0	0.00620861	0.165977	1
5000	1	1	0.0025	0.508385	0.83022	0	0.00456621	0.165214	1
5010	1	1	0.0025	0.505539	0.83717	0	0.00795312	0.154877	1
5020	1	1	0.0025	0.50234	0.834028	0	0.0104254	0.155546	1
5030	1	1	0.0025	0.508593	0.83091	0	0.00664728	0.162443	1
5040	1	1	0.0025	0.504586	0.841397	0	0.00715187	0.151451	1
5050	1	1	0.0025	0.510156	0.82713	0	0.00661704	0.166253	1
5060	1	1	0.0025	0.500109	0.848536	0	0.0093339	0.14213	1
5070	1	1	0.0025	0.512485	0.822707	0	0.00822707	0.169066	1
5080	1	1	0.0025	0.508064	0.831255	0	0.00581879	0.162926	1
5090	1	1	0.0025	0.505772	0.835422	0	0.0100251	0.154553	1
5100	1	1	0.0025	0.499764	0.834725	0	0.00709516	0.15818	1
5110	1	1	0.0025	0.503285	0.831601	0	0.0037422	0.164657	1
5120	1	1	0.0025	0.506366	0.829876	0	0.00746888	0.162656	1
5130	1	1	0.0025	0.519568	0.817996	0	0.00777096	0.174233	1
5140	1	1	0.0025	0.513405	0.826446	0	0.00702479	0.166529	1
5150	1	1	0.0025	0.501148	0.83647	0	0.0083647	0.155165	1
5160	1	1	0.0025	0.499427	0.839983	0	0.00881982	0.151197	1
5170	1	1	0.0025	0.503651	0.835073	0	0.00960334	0.155324	1
5180	1	1	0.0025	0.507714	0.827472	0	0.00868846	0.163839	1
5190	1	1	0.0025	0.51136	0.839631	0	0.00419815	0.156171	1
5200	1	1	0.0025	0.512489	0.83717	0	0.00669736	0.156132	1
5210	1	1	0.0025	0.518591	0.823384	0	0.00988061	0.166735	1
5220	1	1	0.0025	0.507757	0.828844	0	0.00745959	0.163697	1
5230	1	1	0.0025	0.505116	0.838223	0	0.00754401	0.154233	1
5240	1	1	0.0025	0.506949	0.834028	0	0.0087573	0.157214	1
5250	1	1	0.0025	0.506904	0.834725	0	0.00876461	0.156511	1
5260	1	1	0.0025	0.504696	0.842105	0	0.00631579	0.151579	1
5270	1	1	0.0025	0.507077	0.835073	0	0.00793319	0.156994	1
5280	1	1	0.0025	0.507274	0.834028	0	0.00708924	0.158882	1
5290	1	1	0.0025	0.50103	0.848176	0	0.00636132	0.145462	1
5300	1	1	0.0025	0.504723	0.83717	0	0.00795312	0.154877	1
5310	1	1	0.0025	0.504928	0.834028	0	0.0087573	0.157214	1
5320	1	1	0.0025	0.507447	0.837521	0	0.00879397	0.153685	1
5330	1	1	0.0025	0.508297	0.831601	0	0.00873181	0.159667	1
5340	1	1	0.0025	0.509569	0.827815	0	0.0057947	0.166391	1
5350	1	1	0.0025	0.501871	0.843882	0	0.00759494	0.148523	1
5360	1	1	0.0025	0.507089	0.832986	0	0.0058309	0.161183	1
5370	1	1	0.0025	0.51105	0.824402	0	0.0107172	0.16488	1
5380	1	1	0.0025	0.507236	0.829531	0	0.00995438	0.160514	1
5390	1	1	0.0025	0.514098	0.823384	0	0.00658707	0.170029	1
5400	1	1	0.0025	0.507587	0.832986	0	0.00458142	0.162432	1
5410	1	1	0.0025	0.507216	0.832986	0	0.00499792	0.162016	1
5420	1	1	0.0025	0.510155	0.826446	0	0.00867769	0.164876	1
5430	1	1	0.0025	0.513229	0.819336	0	0.00860303	0.172061	1
5440	1	1	0.0025	0.515999	0.814996	0	0.00814996	0.176854	1
5450	1	1	0.0025	0.502674	0.84317	0	0.00758853	0.149241	1
5460	1	1	0.0025	0.509181	0.825764	0	0.0090834	0.165153	1
5470	1	1	0.0025	0.509974	0.828844	0	0.00704517	0.164111	1
5480	1	1	0.0025	0.512253	0.823045	0	0.00823045	0.168724	1
5490	1	1	0.0025	0.509516	0.828844	0	0.00621633	0.16494	1
5500	1	1	0.0025	0.519101	0.814996	0	0.00896496	0.176039	1
5510	1	1	0.0025	0.509474	0.827472	0	0.0107571	0.161771	1
5520	1	1	0.0025	0.511881	0.83022	0	0.00996264	0.159817	1
5530	1	1	0.0025	0.512121	0.822707	0	0.00740436	0.169889	1
5540	1	1	0.0025	0.497454	0.852878	0	0.00469083	0.142431	1
5550	1	1	0.0025	0.50855	0.830565	0	0.0095515	0.159884	1
5560	1	1	0.0025	0.506291	0.832639	0	0.0062448	0.161116	1
5570	1	1	0.0025	0.51153	0.822707	0	0.00863842	0.168655	1
5580	1	1	0.0025	0.503872	0.841043	0	0.00672834	0.152229	1
5590	1	1	0.0025	0.503694	0.841043	0	0.00756939	0.151388	1
5600	1	1	0.0025	0.507144	0.829187	0	0.00953566	0.161277	1
5610	1	1	0.0025	0.506559	0.833333	0	0.00666667	0.16	1
5620	1	1	0.0025	0.506299	0.829876	0	0.00788382	0.162241	1
5630	1	1	0.0025	0.509943	0.828157	0	0.00828157	0.163561	1
5640	1	1	0.0025	0.505593	0.832293	0	0.011236	0.156471	1
5650	1	1	0.0025	0.511692	0.823384	0	0.00905723	0.167559	1
5660	1	1	0.0025	0.512149	0.823045	0	0.00740741	0.169547	1
5670	1	1	0.0025	0.509597	0.827815	0	0.00869205	0.163493	1
5680	1	1	0.0025	0.51009	0.826105	0	0.00743494	0.16646	1
5690	1	1	0.0025	0.507108	0.832986	0	0.00874636	0.158267	1
5700	1	1	0.0025	0.503171	0.838223	0	0.00796312	0.153814	1
5710	1	1	0.0025	0.502086	0.844595	0	0.00591216	0.149493	1
5720	1	1	0.0025	0.510245	0.833333	0	0.00791667	0.15875	1
5730	1	1	0.0025	0.508059	0.826446	0	0.00743802	0.166116	1
5740	1	1	0.0025	0.504197	0.840689	0	0.0105086	0.148802	1
5750	1	1	0.0025	0.505844	0.83682	0	0.0083682	0.154812	1
5760	1	1	0.0025	0.511281	0.823045	0	0.00658436	0.17037	1
5770	1	1	0.0025	0.512674	0.822707	0	0.00575895	0.171534	1
5780	1	1	0.0025	0.49752	0.849979	0	0.00509987	0.144921	1
5790	1	1	0.0025	0.511692	0.823384	0	0.00782215	0.168794	1
5800	1	1	0.0025	0.505126	0.837521	0	0.010469	0.15201	1
5810	1	1	0.0025	0.506495	0.831947	0	0.00790349	0.16015	1
5820	1	1	0.0025	0.505184	0.838223	0	0.0129925	0.148785	1
5830	1	1	0.0025	0.508153	0.83091	0	0.00664728	0.162443	1
5840	1	1	0.0025	0.501719	0.846024	0	0.00761421	0.146362	1
5850	1	1	0.0025	0.504518	0.835771	0	0.00668617	0.157543	1
5860	1	1	0.0025	0.506251	0.829531	0	0.0107839	0.159685	1
5870	1	1	0.0025	0.507484	0.831947	0	0.00499168	0.163062	1
5880	1	1	0.0025	0.508766	0.830565	0	0.00539867	0.164037	1
5890	1	1	0.0025	0.509066	0.83022	0	0.00913242	0.160648	1
5900	1	1	0.0025	0.511697	0.822707	0	0.00699301	0.1703	1
5910	1	1	0.0025	0.507927	0.83091	0	0.00789364	0.161197	1
5920	1	1	0.0025	0.508546	0.83717	0	0.00879029	0.154039	1
5930	1	1	0.0025	0.511016	0.825764	0	0.00825764	0.165979	1
5940	1	1	0.0025	0.505683	0.831947	0	0.00831947	0.159734	1
5950	1	1	0.0025	0.510568	0.82713	0	0.0082713	0.164599	1
5960	1	1	0.0025	0.505036	0.837872	0	0.00879765	0.153331	1
5970	1	1	0.0025	0.505205	0.839631	0	0.00587741	0.154492	1
5980	1	1	0.0025	0.503644	0.837872	0	0.00502723	0.157101	1
5990	1	1	0.0025	0.503846	0.839983	0	0.00755985	0.152457	1
6000	1	1	0.0025	0.513252	0.819336	0	0.00942237	0.171241	1
6010	1	1	0.0025	0.500775	0.837521	0	0.00963149	0.152848	1
6020	1	1	0.0025	0.503566	0.83022	0	0.00498132	0.164799	1
6030	1	1	0.0025	0.506474	0.825423	0	0.00949236	0.165085	1
6040	1	1	0.0025	0.501936	0.841751	0	0.00631313	0.151936	1
6050	1	1	0.0025	0.516743	0.823384	0	0.00782215	0.168794	1
6060	1	1	0.0025	0.516969	0.818666	0	0.00654932	0.174785	1
6070	1	1	0.0025	0.510188	0.817327	0	0.0089906	0.173682	1
6080	1	1	0.0025	0.508933	0.818331	0	0.012275	0.169394	1
6090	1	1	0.0025	0.501035	0.839631	0	0.00755668	0.152813	1
6100	1	1	0.0025	0.506694	0.833333	0	0.00541667	0.16125	1
6110	1	1	0.0025	0.514815	0.83612	0	0.0083612	0.155518	1
6120	1	1	0.0025	0.515195	0.841751	0	0.00589226	0.152357	1
6130	1	1	0.0025	0.510106	0.833681	0	0.00791997	0.158399	1
6140	1	1	0.0025	0.505518	0.833333	0	0.00791667	0.15875	1
6150	1	1	0.0025	0.505192	0.837521	0	0.00628141	0.156198	1
6160	1	1	0.0025	0.50804	0.83091	0	0.00457	0.16452	1
6170	1	1	0.0025	0.506291	0.839278	0	0.00797314	0.152749	1
6180	1	1	0.0025	0.508388	0.831255	0	0.00706567	0.161679	1
6190	1	1	0.0025	0.50119	0.84674	0	0.0084674	0.144793	1
6200	1	1	0.0025	0.498094	0.854701	0	0.00769231	0.137607	1
6210	1	1	0.0025	0.508172	0.831947	0	0.00457571	0.163478	1
6220	1	1	0.0025	0.505299	0.832639	0	0.00874271	0.158618	1
6230	1	1	0.0025	0.502969	0.838223	0	0.003772	0.158005	1
6240	1	1	0.0025	0.506967	0.834725	0	0.00792988	0.157346	1
6250	1	1	0.0025	0.509018	0.829531	0	0.00497719	0.165491	1
6260	1	1	0.0025	0.506268	0.835073	0	0.00584551	0.159081	1
6270	1	1	0.0025	0.512121	0.821693	0	0.00944947	0.168858	1
6280	1	1	0.0025	0.514642	0.817661	0	0.00940311	0.172935	1
6290	1	1	0.0025	0.501594	0.846382	0	0.00973339	0.143885	1
6300	1	1	0.0025	0.506518	0.829876	0	0.00995851	0.160166	1
6310	1	1	0.0025	0.506446	0.831947	0	0.00790349	0.16015	1
6320	1	1	0.0025	0.505745	0.83682	0	0.00753138	0.155649	1
6330	1	1	0.0025	0.51108	0.826105	0	0.00743494	0.16646	1
6340	1	1	0.0025	0.509927	0.826105	0	0.0103263	0.163569	1
6350	1	1	0.0025	0.509123	0.828844	0	0.00704517	0.164111	1
6360	1	1	0.0025	0.516084	0.814996	0	0.00937245	0.175632	1
6370	1	1	0.0025	0.508372	0.83091	0	0.0103864	0.158704	1
6380	1	1	0.0025	0.511302	0.820008	0	0.0114801	0.168512	1
6390	1	1	0.0025	0.503987	0.843526	0	0.00590468	0.150569	1
6400	1	1	0.0025	0.507192	0.830565	0	0.00622924	0.163206	1
6410	1	1	0.0025	0.502863	0.84317	0	0.00885329	0.147976	1
6420	1	1	0.0025	0.505508	0.83612	0	0.0062709	0.157609	1
6430	1	1	0.0025	0.503844	0.839631	0	0.00503778	0.155332	1
6440	1	1	0.0025	0.503611	0.842815	0	0.00589971	0.151285	1
6450	1	1	0.0025	0.503126	0.84317	0	0.00716695	0.149663	1
6460	1	1	0.0025	0.507229	0.828844	0	0.010775	0.160381	1
6470	1	1	0.0025	0.505944	0.837521	0	0.00753769	0.154941	1
6480	1	1	0.0025	0.508433	0.825764	0	0.00825764	0.165979	1
6490	1	1	0.0025	0.509514	0.827815	0	0.00910596	0.163079	1
6500	1	1	0.0025	0.509139	0.829876	0	0.00705394	0.163071	1
6510	1	1	0.0025	0.509836	0.831601	0	0.00748441	0.160915	1
6520	1	1	0.0025	0.508844	0.831947	0	0.00956739	0.158486	1
6530	1	1	0.0025	0.510584	0.8285	0	0.00952775	0.161972	1
6540	1	1	0.0025	0.514598	0.812018	0	0.0089322	0.17905	1
6550	1	1	0.0025	0.512167	0.825083	0	0.00825083	0.166667	1
6560	1	1	0.0025	0.50557	0.833681	0	0.00875365	0.157566	1
6570	1	1	0.0025	0.508464	0.830565	0	0.00498339	0.164452	1
6580	1	1	0.0025	0.509958	0.827472	0	0.00868846	0.163839	1
6590	1	1	0.0025	0.510328	0.825764	0	0.00949628	0.16474	1
6600	1	1	0.0025	0.508736	0.83022	0	0.00871731	0.161063	1
6610	1	1	0.0025	0.514132	0.827472	0	0.00786098	0.164667	1
6620	1	1	0.0025	0.511849	0.824063	0	0.00947672	0.166461	1
6630	1	1	0.0025	0.512056	0.822368	0	0.00699013	0.170641	1
6640	1	1	0.0025	0.511901	0.825083	0	0.0049505	0.169967	1
6650	1	1	0.0025	0.511141	0.826788	0	0.00537412	0.167838	1
6660	1	1	0.0025	0.511521	0.824402	0	0.00577082	0.169827	1
6670	1	1	0.0025	0.510855	0.824402	0	0.00906843	0.166529	1
6680	1	1	0.0025	0.505477	0.83717	0	0.00795312	0.154877	1
6690	1	1	0.0025	0.508999	0.832293	0	0.0054099	0.162297	1
6700	1	1	0.0025	0.500692	0.842105	0	0.00673684	0.151158	1
6710	1	1	0.0025	0.505508	0.83682	0	0.00753138	0.155649	1
6720	1	1	0.0025	0.505823	0.83612	0	0.00794314	0.155936	1
6730	1	1	0.0025	0.505265	0.835073	0	0.00793319	0.156994	1
6740	1	1	0.0025	0.508813	0.829876	0	0.0103734	0.159751	1
6750	1	1	0.0025	0.505011	0.845309	0	0.0101437	0.144548	1
6760	1	1	0.0025	0.507397	0.833333	0	0.0104167	0.15625	1
6770	1	1	0.0025	0.502473	0.844951	0	0.00591466	0.149134	1
6780	1	1	0.0025	0.50593	0.831255	0	0.00914381	0.159601	1
6790	1	1	0.0025	0.513679	0.819672	0	0.00819672	0.172131	1
6800	1	1	0.0025	0.513548	0.819001	0	0.00778051	0.173219	1
6810	1	1	0.0025	0.506094	0.83647	0	0.00878294	0.154747	1
6820	1	1	0.0025	0.509054	0.829876	0	0.006639	0.163485	1
6830	1	1	0.0025	0.509474	0.8285	0	0.0111848	0.160315	1
6840	1	1	0.0025	0.510008	0.826788	0	0.00496073	0.168251	1
6850	1	1	0.0025	0.504994	0.840336	0	0.00714286	0.152521	1
6860	1	1	0.0025	0.507353	0.828157	0	0.00662526	0.165217	1
6870	1	1	0.0025	0.504773	0.838574	0	0.00754717	0.153878	1
6880	1	1	0.0025	0.506985	0.833681	0	0.00917049	0.157149	1
6890	1	1	0.0025	0.504564	0.835771	0	0.00835771	0.155871	1
6900	1	1	0.0025	0.503352	0.831255	0	0.0074813	0.161264	1
6910	1	1	0.0025	0.503411	0.832639	0	0.00791007	0.15945	1
6920	1	1	0.0025	0.507681	0.824402	0	0.00741962	0.168178	1
6930	1	1	0.0025	0.518728	0.823045	0	0.00699588	0.169959	1
6940	1	1	0.0025	0.512695	0.832986	0	0.00957934	0.157434	1
6950	1	1	0.0025	0.506662	0.834376	0	0.00584063	0.159783	1
6960	1	1	0.0025	0.501828	0.835073	0	0.00876827	0.156159	1
6970	1	1	0.0025	0.503481	0.839983	0	0.00629987	0.153717	1
6980	1	1	0.0025	0.507302	0.823384	0	0.00823384	0.168382	1
6990	1	1	0.0025	0.507108	0.85034	0	0.00765306	0.142007	1
7000	1	1	0.0025	0.512612	0.83717	0	0.00753453	0.155295	1
7010	1	1	0.0025	0.521141	0.817661	0	0.00899428	0.173344	1
7020	1	1	0.0025	0.505677	0.832986	0	0.00458142	0.162432	1
7030	1	1	0.0025	0.507728	0.832639	0	0.0062448	0.161116	1
7040	1	1	0.0025	0.508255	0.829876	0	0.00829876	0.161826	1
7050	1	1	0.0025	0.50731	0.832639	0	0.00541216	0.161948	1
7060	1	1	0.0025	0.508613	0.830565	0	0.0112126	0.158223	1
7070	1	1	0.0025	0.504842	0.838926	0	0.00545302	0.155621	1
7080	1	1	0.0025	0.506755	0.835073	0	0.0100209	0.154906	1
7090	1	1	0.0025	0.501801	0.846382	0	0.00550148	0.148117	1
7100	1	1	0.0025	0.503456	0.844238	0	0.00802026	0.147742	1
7110	1	1	0.0025	0.507443	0.828157	0	0.00621118	0.165631	1
7120	1	1	0.0025	0.501411	0.846382	0	0.0118493	0.141769	1
7130	1	1	0.0025	0.506488	0.83612	0	0.0062709	0.157609	1
7140	1	1	0.0025	0.510382	0.826788	0	0.0107482	0.162464	1
7150	1	1	0.0025	0.513356	0.82713	0	0.00992556	0.162945	1
7160	1	1	0.0025	0.508458	0.831601	0	0.00582121	0.162578	1
7170	1	1	0.0025	0.51239	0.821355	0	0.00533881	0.173306	1
7180	1	1	0.0025	0.508305	0.83091	0	0.00747819	0.161612	1
7190	1	1	0.0025	0.508095	0.827815	0	0.0057947	0.166391	1
7200	1	1	0.0025	0.5109	0.825083	0	0.0070132	0.167904	1
7210	1	1	0.0025	0.513248	0.819001	0	0.00573301	0.175266	1
7220	1	1	0.0025	0.509323	0.828844	0	0.00414422	0.167012	1
7230	1	1	0.0025	0.49969	0.845309	0	0.00845309	0.146238	1
7240	1	1	0.0025	0.506217	0.835422	0	0.00918964	0.155388	1
7250	1	1	0.0025	0.502936	0.841751	0	0.00883838	0.149411	1
7260	1	1	0.0025	0.506331	0.835422	0	0.00584795	0.15873	1
7270	1	1	0.0025	0.512288	0.822707	0	0.00699301	0.1703	1
7280	1	1	0.0025	0.509317	0.8285	0	0.00869925	0.1628	1
7290	1	1	0.0025	0.508619	0.828157	0	0.00952381	0.162319	1
7300	1	1	0.0025	0.512164	0.822368	0	0.0115132	0.166118	1
7310	1	1	0.0025	0.514417	0.817661	0	0.0102208	0.172118	1
7320	1	1	0.0025	0.501004	0.850702	0	0.00595491	0.143343	1
7330	1	1	0.0025	0.507008	0.837521	0	0.00753769	0.154941	1
7340	1	1	0.0025	0.514646	0.823045	0	0.00781893	0.169136	1
7350	1	1	0.0025	0.51339	0.83091	0	0.0083091	0.160781	1
7360	1	1	0.0025	0.508397	0.829876	0	0.00414938	0.165975	1
7370	1	1	0.0025	0.513084	0.819336	0	0.00655469	0.174109	1
7380	1	1	0.0025	0.511117	0.827815	0	0.00786424	0.164321	1
7390	1	1	0.0025	0.509209	0.832639	0	0.00915903	0.158201	1
7400	1	1	0.0025	0.507477	0.837521	0	0.00544389	0.157035	1
7410	1	1	0.0025	0.508049	0.831255	0	0.00415628	0.164589	1
7420	1	1	0.0025	0.511919	0.826105	0	0.00536968	0.168525	1
7430	1	1	0.0025	0.515198	0.819672	0	0.00819672	0.172131	1
7440	1	1	0.0025	0.516866	0.812018	0	0.00974421	0.178238	1
7450	1	1	0.0025	0.510109	0.824742	0	0.00701031	0.168247	1
7460	1	1	0.0025	0.511674	0.827472	0	0.00620604	0.166322	1
7470	1	1	0.0025	0.508183	0.834028	0	0.00834028	0.157631	1
7480	1	1	0.0025	0.508992	0.832639	0	0.0062448	0.161116	1
7490	1	1	0.0025	0.503324	0.84246	0	0.00631845	0.151222	1
7500	1	1	0.0025	0.507546	0.83682	0	0.00585774	0.157322	1
7510	1	1	0.0025	0.509743	0.830565	0	0.00622924	0.163206	1
7520	1	1	0.0025	0.506998	0.837521	0	0.00711893	0.15536	1
7530	1	1	0.0025	0.503606	0.840689	0	0.0075662	0.151744	1
7540	1	1	0.0025	0.51261	0.824742	0	0.011134	0.164124	1
7550	1	1	0.0025	0.516147	0.822707	0	0.00781571	0.169478	1
7560	1	1	0.0025	0.506553	0.837872	0	0.00795978	0.154168	1
7570	1	1	0.0025	0.512617	0.821693	0	0.00862777	0.16968	1
7580	1	1	0.0025	0.510652	0.83022	0	0.00788709	0.161893	1
7590	1	1	0.0025	0.502837	0.846024	0	0.00676819	0.147208	1
7600	1	1	0.0025	0.504874	0.842105	0	0.00926316	0.148632	1
7610	1	1	0.0025	0.508264	0.826446	0	0.00867769	0.164876	1
7620	1	1	0.0025	0.509101	0.832639	0	0.00874271	0.158618	1
7630	1	1	0.0025	0.506122	0.840689	0	0.00882724	0.150483	1
7640	1	1	0.0025	0.511885	0.826446	0	0.00661157	0.166942	1
7650	1	1	0.0025	0.505912	0.835771	0	0.00626828	0.157961	1
7660	1	1	0.0025	0.509252	0.831947	0	0.00790349	0.16015	1
7670	1	1	0.0025	0.513578	0.822707	0	0.0061703	0.171123	1
7680	1	1	0.0025	0.513266	0.824402	0	0.00865622	0.166941	1
7690	1	1	0.0025	0.510272	0.825423	0	0.00784152	0.166735	1
7700	1	1	0.0025	0.502505	0.844951	0	0.00549218	0.149556	1
7710	1	1	0.0025	0.502953	0.842815	0	0.00632111	0.150864	1
7720	1	1	0.0025	0.506276	0.83612	0	0.0104515	0.153428	1
7730	1	1	0.0025	0.504025	0.829187	0	0.00704809	0.163765	1
7740	1	1	0.0025	0.500122	0.838223	0	0.00754401	0.154233	1
7750	1	1	0.0025	0.505871	0.834725	0	0.00500835	0.160267	1
7760	1	1	0.0025	0.517124	0.823723	0	0.00700165	0.169275	1
7770	1	1	0.0025	0.510899	0.83612	0	0.00668896	0.157191	1
7780	1	1	0.0025	0.503171	0.833333	0	0.0075	0.159167	1
7790	1	1	0.0025	0.502474	0.834725	0	0.00709516	0.15818	1
7800	1	1	0.0025	0.510395	0.826446	0	0.00826446	0.165289	1
7810	1	1	0.0025	0.506335	0.829876	0	0.00580913	0.164315	1
7820	1	1	0.0025	0.517692	0.825764	0	0.00867052	0.165566	1
7830	1	1	0.0025	0.511892	0.838574	0	0.00838574	0.15304	1
7840	1	1	0.0025	0.514488	0.832293	0	0.00957137	0.158136	1
7850	1	1	0.0025	0.50916	0.826105	0	0.00702189	0.166873	1
7860	1	1	0.0025	0.505206	0.835073	0	0.0045929	0.160334	1
7870	1	1	0.0025	0.507172	0.834725	0	0.00959933	0.155676	1
7880	1	1	0.0025	0.513008	0.820008	0	0.0110701	0.168922	1
7890	1	1	0.0025	0.506094	0.832639	0	0.00915903	0.158201	1
7900	1	1	0.0025	0.513588	0.816993	0	0.0102124	0.172794	1
7910	1	1	0.0025	0.508455	0.829876	0	0.00705394	0.163071	1
7920	1	1	0.0025	0.511714	0.823045	0	0.00781893	0.169136	1
7930	1	1	0.0025	0.509341	0.825423	0	0.00907965	0.165497	1
7940	1	1	0.0025	0.504261	0.837872	0	0.00670297	0.155425	1
7950	1	1	0.0025	0.509358	0.837521	0	0.00837521	0.154104	1
7960	1	1	0.0025	0.510207	0.829187	0	0.00829187	0.162521	1
7970	1	1	0.0025	0.504464	0.835771	0	0.00835771	0.155871	1
7980	1	1	0.0025	0.507747	0.834725	0	0.00626043	0.159015	1
7990	1	1	0.0025	0.506196	0.835422	0	0.00626566	0.158312	1
8000	1	1	0.0025	0.503068	0.84317	0	0.00969646	0.147133	1
8010	1	1	0.0025	0.505246	0.83612	0	0.0083612	0.155518	1
8020	1	1	0.0025	0.513441	0.817661	0	0.00940311	0.172935	1
8030	1	1	0.0025	0.501387	0.841751	0	0.00799663	0.150253	1
8040	1	1	0.0025	0.504337	0.839278	0	0.00881242	0.151909	1
8050	1	1	0.0025	0.505833	0.83091	0	0.00332364	0.165767	1
8060	1	1	0.0025	0.506101	0.83612	0	0.0083612	0.155518	1
8070	1	1	0.0025	0.512116	0.821693	0	0.00780608	0.170501	1
8080	1	1	0.0025	0.506616	0.834725	0	0.00792988	0.157346	1
8090	1	1	0.0025	0.505789	0.833333	0	0.00708333	0.159583	1
8100	1	1	0.0025	0.506101	0.835771	0	0.0087756	0.155453	1
8110	1	1	0.0025	0.50527	0.834028	0	0.00667223	0.159299	1
8120	1	1	0.0025	0.505548	0.83612	0	0.00710702	0.156773	1
8130	1	1	0.0025	0.504231	0.834376	0	0.00834376	0.15728	1
8140	1	1	0.0025	0.498695	0.852515	0	0.00511509	0.14237	1
8150	1	1	0.0025	0.509679	0.83022	0	0.00913242	0.160648	1
8160	1	1	0.0025	0.509045	0.837872	0	0.00712191	0.155006	1
8170	1	1	0.0025	0.503365	0.838574	0	0.00628931	0.155136	1
8180	1	1	0.0025	0.504233	0.841397	0	0.00546908	0.153134	1
8190	1	1	0.0025	0.505642	0.834725	0	0.00918197	0.156093	1
8200	1	1	0.0025	0.506892	0.835073	0	0.00584551	0.159081	1
8210	1	1	0.0025	0.505128	0.831601	0	0.00790021	0.160499	1
8220	1	1	0.0025	0.507104	0.832986	0	0.00916285	0.157851	1
8230	1	1	0.0025	0.511955	0.822707	0	0.00822707	0.169066	1
8240	1	1	0.0025	0.50787	0.831601	0	0.00665281	0.161746	1
8250	1	1	0.0025	0.511323	0.819672	0	0.00737705	0.172951	1
8260	1	1	0.0025	0.507824	0.832293	0	0.00915522	0.158552	1
8270	1	1	0.0025	0.509577	0.831255	0	0.00581879	0.162926	1
8280	1	1	0.0025	0.50646	0.829876	0	0.00912863	0.160996	1
8290	1	1	0.0025	0.504897	0.833333	0	0.0075	0.159167	1
8300	1	1	0.0025	0.504651	0.841043	0	0.00630782	0.152649	1
8310	1	1	0.0025	0.508305	0.832293	0	0.00749064	0.160216	1
8320	1	1	0.0025	0.50856	0.831601	0	0.00914761	0.159252	1
8330	1	1	0.0025	0.50599	0.832639	0	0.00666112	0.160699	1
8340	1	1	0.0025	0.50499	0.838574	0	0.00712788	0.154298	1
8350	1	1	0.0025	0.519214	0.839278	0	0.0075535	0.153168	1
8360	1	1	0.0025	0.50473	0.835771	0	0.00376097	0.160468	1
8370	1	1	0.0025	0.507303	0.82713	0	0.00909843	0.163772	1
8380	1	1	0.0025	0.511	0.825764	0	0.00619323	0.168043	1
8390	1	1	0.0025	0.502604	0.844951	0	0.00802704	0.147022	1
8400	1	1	0.0025	0.512277	0.821693	0	0.0061627	0.172145	1
8410	1	1	0.0025	0.50546	0.834725	0	0.00918197	0.156093	1
8420	1	1	0.0025	0.505973	0.83647	0	0.0083647	0.155165	1
8430	1	1	0.0025	0.507606	0.831255	0	0.00665004	0.162095	1
8440	1	1	0.0025	0.504543	0.839631	0	0.00755668	0.152813	1
8450	1	1	0.0025	0.50512	0.827472	0	0.00744725	0.165081	1
8460	1	1	0.0025	0.506488	0.834376	0	0.00625782	0.159366	1
8470	1	1	0.0025	0.505432	0.838926	0	0.00964765	0.151426	1
8480	1	1	0.0025	0.509262	0.828844	0	0.00497306	0.166183	1
8490	1	1	0.0025	0.502918	0.839278	0	0.0096517	0.15107	1
8500	1	1	0.0025	0.513901	0.820008	0	0.00861009	0.171382	1
8510	1	1	0.0025	0.508381	0.833681	0	0.00666945	0.15965	1
8520	1	1	0.0025	0.510766	0.83091	0	0.00747819	0.161612	1
8530	1	1	0.0025	0.509991	0.825083	0	0.00660066	0.168317	1
8540	1	1	0.0025	0.507531	0.831601	0	0.00914761	0.159252	1
8550	1	1	0.0025	0.507651	0.844595	0	0.00506757	0.150338	1
8560	1	1	0.0025	0.508823	0.833333	0	0.005	0.161667	1
8570	1	1	0.0025	0.498344	0.844238	0	0.0067539	0.149008	1
8580	1	1	0.0025	0.501387	0.847817	0	0.00551081	0.146672	1
8590	1	1	0.0025	0.508518	0.831255	0	0.00872818	0.160017	1
8600	1	1	0.0025	0.513038	0.820681	0	0.00615511	0.173164	1
8610	1	1	0.0025	0.508237	0.826105	0	0.007848	0.166047	1
8620	1	1	0.0025	0.507842	0.834028	0	0.00959133	0.15638	1
8630	1	1	0.0025	0.511311	0.825083	0	0.0049505	0.169967	1
8640	1	1	0.0025	0.508485	0.830565	0	0.00747508	0.16196	1
8650	1	1	0.0025	0.501621	0.84246	0	0.00589722	0.151643	1
8660	1	1	0.0025	0.509519	0.828157	0	0.00538302	0.16646	1
8670	1	1	0.0025	0.503148	0.840689	0	0.00840689	0.150904	1
8680	1	1	0.0025	0.515471	0.814996	0	0.0114099	0.173594	1
8690	1	1	0.0025	0.50018	0.841043	0	0.00798991	0.150967	1
8700	1	1	0.0025	0.505991	0.823723	0	0.0115321	0.164745	1
8710	1	1	0.0025	0.500809	0.841043	0	0.00798991	0.150967	1
8720	1	1	0.0025	0.509036	0.8285	0	0.00704225	0.164457	1
8730	1	1	0.0025	0.51087	0.832986	0	0.00832986	0.158684	1
8740	1	1	0.0025	0.510551	0.83647	0	0.00501882	0.158511	1
8750	1	1	0.0025	0.500355	0.838223	0	0.00628667	0.15549	1
8760	1	1	0.0025	0.508413	0.820345	0	0.00820345	0.171452	1
8770	1	1	0.0025	0.508882	0.826446	0	0.00702479	0.166529	1
8780	1	1	0.0025	0.514718	0.821355	0	0.0102669	0.168378	1
8790	1	1	0.0025	0.514016	0.832639	0	0.00957535	0.157785	1
8800	1	1	0.0025	0.509831	0.841397	0	0.00841397	0.150189	1
8810	1	1	0.0025	0.515564	0.826446	0	0.0053719	0.168182	1
8820	1	1	0.0025	0.502212	0.841397	0	0.00588978	0.152714	1
8830	1	1	0.0025	0.507317	0.833681	0	0.00666945	0.15965	1
8840	1	1	0.0025	0.509364	0.829531	0	0.0120282	0.15844	1
8850	1	1	0.0025	0.503069	0.84246	0	0.00673968	0.1508	1
8860	1	1	0.0025	0.500799	0.847817	0	0.0105977	0.141585	1
8870	1	1	0.0025	0.510139	0.826788	0	0.00868127	0.164531	1
8880	1	1	0.0025	0.506993	0.834376	0	0.00876095	0.156863	1
8890	1	1	0.0025	0.510904	0.821693	0	0.00903862	0.169269	1
8900	1	1	0.0025	0.508255	0.832986	0	0.00874636	0.158267	1
8910	1	1	0.0025	0.507055	0.827472	0	0.00744725	0.165081	1
8920	1	1	0.0025	0.514426	0.817996	0	0.00613497	0.175869	1
8930	1	1	0.0025	0.508248	0.831255	0	0.00581879	0.162926	1
8940	1	1	0.0025	0.505304	0.83647	0	0.00711	0.15642	1
8950	1	1	0.0025	0.50596	0.83647	0	0.00711	0.15642	1
8960	1	1	0.0025	0.515446	0.816327	0	0.00938776	0.174286	1
8970	1	1	0.0025	0.50511	0.834028	0	0.00750626	0.158465	1
8980	1	1	0.0025	0.502409	0.849979	0	0.00552486	0.144496	1
8990	1	1	0.0025	0.50896	0.829531	0	0.00622148	0.164247	1
9000	1	1	0.0025	0.506517	0.839278	0	0.00797314	0.152749	1
9010	1	1	0.0025	0.509018	0.832639	0	0.00707744	0.160283	1
9020	1	1	0.0025	0.5116	0.826788	0	0.00950806	0.163704	1
9030	1	1	0.0025	0.503245	0.845666	0	0.00930233	0.145032	1
9040	1	1	0.0025	0.505037	0.842815	0	0.00716393	0.150021	1
9050	1	1	0.0025	0.506918	0.832293	0	0.00665834	0.161049	1
9060	1	1	0.0025	0.508606	0.834376	0	0.0100125	0.155611	1
9070	1	1	0.0025	0.505419	0.842105	0	0.00421053	0.153684	1
9080	1	1	0.0025	0.514209	0.820681	0	0.00820681	0.171112	1
9090	1	1	0.0025	0.510137	0.83091	0	0.00789364	0.161197	1
9100	1	1	0.0025	0.504825	0.842815	0	0.00800674	0.149178	1
9110	1	1	0.0025	0.510624	0.829531	0	0.00953961	0.160929	1
9120	1	1	0.0025	0.51951	0.811688	0	0.00933442	0.178977	1
9130	1	1	0.0025	0.510502	0.823723	0	0.00494234	0.171334	1
9140	1	1	0.0025	0.505834	0.839278	0	0.0075535	0.153168	1
9150	1	1	0.0025	0.511016	0.833333	0	0.00541667	0.16125	1
9160	1	1	0.0025	0.502128	0.844238	0	0.0088645	0.146897	1
9170	1	1	0.0025	0.511944	0.824402	0	0.00659522	0.169002	1
9180	1	1	0.0025	0.51455	0.820008	0	0.00410004	0.175892	1
9190	1	1	0.0025	0.507029	0.837521	0	0.00586265	0.156616	1
9200	1	1	0.0025	0.511524	0.825083	0	0.00825083	0.166667	1
9210	1	1	0.0025	0.504443	0.839278	0	0.00503567	0.155686	1
9220	1	1	0.0025	0.514899	0.819336	0	0.00655469	0.174109	1
9230	1	1	0.0025	0.510773	0.828157	0	0.00703934	0.164803	1
9240	1	1	0.0025	0.502828	0.84317	0	0.00590219	0.150927	1
9250	1	1	0.0025	0.508362	0.834725	0	0.00918197	0.156093	1
9260	1	1	0.0025	0.509158	0.832293	0	0.00707449	0.160633	1
9270	1	1	0.0025	0.510469	0.8285	0	0.0091135	0.162386	1
9280	1	1	0.0025	0.508315	0.833681	0	0.0112547	0.155065	1
9290	1	1	0.0025	0.511317	0.82713	0	0.0111663	0.161704	1
9300	1	1	0.0025	0.518651	0.811688	0	0.00811688	0.180195	1
9310	1	1	0.0025	0.509501	0.831947	0	0.00291181	0.165141	1
9320	1	1	0.0025	0.514153	0.82203	0	0.00698726	0.170982	1
9330	1	1	0.0025	0.511513	0.824402	0	0.00948063	0.166117	1
9340	1	1	0.0025	0.511976	0.825764	0	0.0111478	0.163088	1
9350	1	1	0.0025	0.514477	0.844595	0	0.00591216	0.149493	1
9360	1	1	0.0025	0.507936	0.83612	0	0.0062709	0.157609	1
9370	1	1	0.0025	0.513665	0.823045	0	0.00452675	0.172428	1
9380	1	1	0.0025	0.509096	0.832639	0	0.00499584	0.162365	1
9390	1	1	0.0025	0.502303	0.848896	0	0.00594228	0.145161	1
9400	1	1	0.0025	0.508238	0.834725	0	0.00834725	0.156928	1
9410	1	1	0.0025	0.511377	0.821693	0	0.00575185	0.172555	1
9420	1	1	0.0025	0.516507	0.815661	0	0.00652529	0.177814	1
9430	1	1	0.0025	0.509734	0.832639	0	0.00582848	0.161532	1
9440	1	1	0.0025	0.507706	0.825764	0	0.00536746	0.168869	1
9450	1	1	0.0025	0.508562	0.816327	0	0.0142857	0.169388	1
9460	1	1	0.0025	0.503015	0.837521	0	0.0113065	0.151173	1
9470	1	1	0.0025	0.501447	0.839278	0	0.00461603	0.156106	1
9480	1	1	0.0025	0.517909	0.824742	0	0.00824742	0.16701	1
9490	1	1	0.0025	0.510879	0.835771	0	0.00417885	0.16005	1
9500	1	1	0.0025	0.501198	0.838926	0	0.00545302	0.155621	1
9510	1	1	0.0025	0.508873	0.82203	0	0.00616523	0.171804	1
9520	1	1	0.0025	0.50605	0.837872	0	0.00544617	0.156682	1
9530	1	1	0.0025	0.512087	0.835422	0	0.00918964	0.155388	1
9540	1	1	0.0025	0.517348	0.83022	0	0.00788709	0.161893	1
9550	1	1	0.0025	0.523107	0.828157	0	0.00703934	0.164803	1
9560	1	1	0.0025	0.506834	0.83091	0	0.00872455	0.160366	1
9570	1	1	0.0025	0.508366	0.8285	0	0.00869925	0.1628	1
9580	1	1	0.0025	0.508654	0.833681	0	0.00875365	0.157566	1
9590	1	1	0.0025	0.501686	0.849979	0	0.00552486	0.144496	1
9600	1	1	0.0025	0.513152	0.824063	0	0.00947672	0.166461	1
9610	1	1	0.0025	0.509332	0.831947	0	0.00831947	0.159734	1
9620	1	1	0.0025	0.510182	0.831255	0	0.00955943	0.159185	1
9630	1	1	0.0025	0.514709	0.821355	0	0.0073922	0.171253	1
9640	1	1	0.0025	0.511092	0.827815	0	0.00993377	0.162252	1
9650	1	1	0.0025	0.510394	0.820345	0	0.00861362	0.171042	1
9660	1	1	0.0025	0.50539	0.835422	0	0.00793651	0.156642	1
9670	1	1	0.0025	0.506191	0.837521	0	0.00921273	0.153266	1
9680	1	1	0.0025	0.505317	0.83682	0	0.0083682	0.154812	1
9690	1	1	0.0025	0.514584	0.825764	0	0.00825764	0.165979	1
9700	1	1	0.0025	0.508571	0.830565	0	0.00789037	0.161545	1
9710	1	1	0.0025	0.509959	0.82713	0	0.00661704	0.166253	1
9720	1	1	0.0025	0.504344	0.841043	0	0.00798991	0.150967	1
9730	1	1	0.0025	0.502782	0.839278	0	0.0100713	0.15065	1
9740	1	1	0.0025	0.506615	0.831947	0	0.00956739	0.158486	1
9750	1	1	0.0025	0.521932	0.820008	0	0.00697007	0.173022	1
9760	1	1	0.0025	0.50242	0.844595	0	0.00633446	0.149071	1
9770	1	1	0.0025	0.508344	0.83091	0	0.00914001	0.15995	1
9780	1	1	0.0025	0.504746	0.838574	0	0.00461216	0.156813	1
9790	1	1	0.0025	0.505309	0.837521	0	0.00795645	0.154523	1
9800	1	1	0.0025	0.502858	0.845309	0	0.00676247	0.147929	1
9810	1	1	0.0025	0.510405	0.820345	0	0.0106645	0.168991	1
9820	1	1	0.0025	0.510935	0.826788	0	0.00785449	0.165358	1
9830	1	1	0.0025	0.51064	0.822368	0	0.011102	0.16653	1
9840	1	1	0.0025	0.503959	0.840689	0	0.0075662	0.151744	1
9850	1	1	0.0025	0.512584	0.820681	0	0.00943783	0.169881	1
9860	1	1	0.0025	0.510685	0.825764	0	0.00949628	0.16474	1
9870	1	1	0.0025	0.509988	0.826446	0	0.00743802	0.166116	1
9880	1	1	0.0025	0.505368	0.839278	0	0.00629459	0.154427	1
9890	1	1	0.0025	0.503722	0.838223	0	0.00461023	0.157167	1
9900	1	1	0.0025	0.510639	0.824402	0	0.00700742	0.16859	1
9910	1	1	0.0025	0.506912	0.832986	0	0.0104123	0.156601	1
9920	1	1	0.0025	0.510347	0.825083	0	0.0103135	0.164604	1
9930	1	1	0.0025	0.501679	0.846382	0	0.00634786	0.14727	1
9940	1	1	0.0025	0.509154	0.828844	0	0.00787402	0.163282	1
9950	1	1	0.0025	0.507412	0.840336	0	0.00840336	0.151261	1
9960	1	1	0.0025	0.50759	0.832639	0	0.00749376	0.159867	1
9970	1	1	0.0025	0.506831	0.831255	0	0.00665004	0.162095	1
9980	1	1	0.0025	0.50464	0.840336	0	0.00798319	0.151681	1
9990	1	1	0.0025	0.502433	0.843526	0	0.00759173	0.148882	1
