Generation number	Total number of allele	Diversity	Activity	Time	Fertility rate	2 DSB on one site rate	No DSB rate	No symmetrical sites (binding + DSB) rate	q
0	1	1	0.999903	2.12652	0.993542	0	0.000496771	0.00596125	0.768956
10	1	1	0.998834	2.12919	0.990099	0	0.00247525	0.00742574	0.768506
20	1	1	0.997624	2.12099	0.990589	0	0.00346706	0.00594354	0.769729
30	1	1	0.996613	2.12789	0.987167	0	0.00394867	0.0088845	0.764805
40	1	1	0.995291	2.21959	0.987167	0	0.0029615	0.00987167	0.761489
50	1	1	0.994296	2.1298	0.990099	0	0.0019802	0.00792079	0.767151
60	1	1	0.992818	2.13974	0.985707	0	0.00147856	0.0128142	0.760079
70	1	1	0.99204	2.12713	0.988142	0	0.00395257	0.00790514	0.760527
80	1	1	0.990573	2.13017	0.984252	0	0.00344488	0.0123031	0.759411
90	1	1	0.989351	2.11576	0.992063	0	0.00198413	0.00595238	0.753581
100	1	1	0.987745	2.12393	0.986193	0	0.00345168	0.010355	0.747801
110	1	1	0.986273	2.11463	0.990099	0	0.00346535	0.00643564	0.757139
120	1	1	0.985339	2.12222	0.987654	0	0.00197531	0.0103704	0.757915
130	1	1	0.983904	2.12175	0.987167	0	0.00246792	0.0103653	0.756442
140	1	1	0.982823	2.11455	0.987167	0	0.0029615	0.00987167	0.758935
150	1	1	0.981099	2.11827	0.987167	0	0.000987167	0.011846	0.749353
160	1	1	0.979845	2.11357	0.985707	0	0.00295712	0.0113356	0.749879
170	1	1	0.978683	2.10961	0.992063	0	0.0014881	0.00644841	0.7547
180	1	1	0.977252	2.11129	0.988631	0	0.00395452	0.00741473	0.748955
190	1	1	0.975491	2.10672	0.988631	0	0.00148295	0.00988631	0.747495
200	1	1	0.973884	2.10404	0.989609	0	0.00197922	0.00841168	0.75055
210	1	1	0.973033	2.11393	0.988631	0	0.00197726	0.00939199	0.744223
220	1	1	0.971643	2.09742	0.99108	0	0.00198216	0.00693756	0.739807
230	1	1	0.970031	2.09808	0.990099	0	0.00148515	0.00841584	0.745393
240	1	1	0.968765	2.10533	0.985707	0	0.00197141	0.0123213	0.746853
250	1	1	0.968369	2.1044	0.987167	0	0.00148075	0.0113524	0.739133
260	1	1	0.966998	2.08996	0.990099	0	0.00247525	0.00742574	0.740401
270	1	1	0.965376	2.09136	0.990589	0	0.000990589	0.00842001	0.733113
280	1	1	0.965268	2.09317	0.987167	0	0.000987167	0.011846	0.753686
290	1	1	0.963186	2.08687	0.989609	0	0.00197922	0.00841168	0.742346
300	1	1	0.960836	2.08217	0.988631	0	0.000988631	0.0103806	0.738939
310	1	1	0.9595	2.08141	0.990099	0	0.0029703	0.00693069	0.736587
320	1	1	0.95754	2.08246	0.985707	0	0.00147856	0.0128142	0.735036
330	1	1	0.9552	2.08056	0.987654	0	0.00197531	0.0103704	0.740472
340	1	1	0.9527	2.09087	0.982801	0	0.000982801	0.0162162	0.734478
350	1	1	0.951095	2.08413	0.984737	0	0.00246184	0.0128016	0.719012
360	1	1	0.949013	2.06722	0.991572	0	0.00247893	0.00594943	0.729357
370	1	1	0.946114	2.07346	0.983768	0	0.00344319	0.012789	0.715402
380	2	1.00301	0.94484	2.07817	0.983284	0	0.00196657	0.0147493	0.726499
390	1	1	0.9425	2.06097	0.988142	0	0.00247036	0.00938735	0.725258
400	2	1.002	0.939967	2.07073	0.985222	0	0.0044335	0.0103448	0.720887
410	1	1	0.936984	2.06698	0.983284	0	0.00344149	0.0132743	0.721118
420	1	1	0.93317	2.05685	0.985707	0	0.00295712	0.0113356	0.709854
430	1	1	0.929064	2.0484	0.987654	0	0.00345679	0.00888889	0.707437
440	1	1	0.925329	2.04082	0.98912	0	0.00148368	0.00939664	0.705154
450	1	1	0.923054	2.05404	0.981354	0	0.00245339	0.0161923	0.706007
460	1	1	0.919296	2.03932	0.980873	0	0.00294262	0.0161844	0.70745
470	1	1	0.915791	2.03547	0.982318	0	0.0024558	0.0152259	0.70828
480	1	1	0.912729	2.02508	0.986193	0	0.00295858	0.0108481	0.704062
490	1	1	0.908741	2.01776	0.988142	0	0.00148221	0.0103755	0.692142
500	1	1	0.905093	2.01809	0.986193	0	0.00345168	0.010355	0.699166
510	1	1	0.900333	2.01759	0.983284	0	0.00245821	0.0142576	0.694321
520	1	1	0.898498	2.00463	0.988142	0	0.00296443	0.00889328	0.695106
530	1	1	0.895815	2.01311	0.983768	0	0.00245942	0.0137727	0.690193
540	1	1	0.893266	1.99352	0.987167	0	0.00197433	0.0108588	0.691195
550	1	1	0.889481	1.99546	0.984252	0	0.00246063	0.0132874	0.687607
560	1	1	0.884941	1.9922	0.984737	0	0.00246184	0.0128016	0.685935
570	1	1	0.880831	1.98248	0.985222	0	0.0044335	0.0103448	0.686538
580	1	1	0.876534	1.97772	0.983768	0	0.000983768	0.0152484	0.676297
590	2	1.00602	0.87227	2.00807	0.974659	0	0.00341131	0.0219298	0.677222
600	3	1.02431	0.87038	2.01937	0.984252	0	0.00344488	0.0123031	0.684821
610	2	1.01006	0.864561	1.97863	0.982801	0	0.0019656	0.0152334	0.674026
620	2	1.02021	0.861639	1.99844	0.979432	0	0.00195886	0.0186092	0.668001
630	2	1.03047	0.858604	1.99585	0.984737	0	0.00246184	0.0128016	0.670235
640	2	1.0315	0.855895	1.99722	0.985707	0	0.00246427	0.0118285	0.667886
650	2	1.01715	0.852306	1.97306	0.979912	0	0.00244978	0.0176384	0.672094
660	2	1.02944	0.847435	1.98572	0.983284	0	0.00442478	0.0122911	0.671287
670	2	1.04395	0.844422	2.01598	0.985222	0	0.000985222	0.0137931	0.664521
680	2	1.07677	0.841521	2.07534	0.974659	0	0.00487329	0.0204678	0.665974
690	2	1.07248	0.837811	2.07344	0.97704	0	0.00293112	0.0200293	0.653193
700	2	1.05548	0.832519	2.03435	0.980873	0	0.00294262	0.0161844	0.659405
710	2	1.04499	0.827915	1.9774	0.981836	0	0.00196367	0.0162003	0.655006
720	2	1.07355	0.825108	2.03494	0.974659	0	0.00243665	0.0229045	0.644769
730	3	1.06935	0.821058	2.11105	0.977995	0	0.00195599	0.0200489	0.643499
740	2	1.06395	0.817456	1.9789	0.97704	0	0.00390816	0.0190523	0.652713
750	2	1.02841	0.808545	1.95447	0.973236	0	0.00243309	0.0243309	0.640823
760	2	1.0429	0.806521	1.99232	0.971345	0	0.00339971	0.025255	0.644477
770	2	1.04813	0.802513	1.94474	0.973236	0	0.00389294	0.022871	0.647158
780	3	1.02431	0.794663	1.91743	0.973236	0	0.00194647	0.0248175	0.641925
790	2	1.00804	0.787664	1.87764	0.976086	0	0.00146413	0.02245	0.637626
800	1	1	0.781184	1.82682	0.974659	0	0.00438596	0.0209552	0.632073
810	1	1	0.777275	1.81391	0.97704	0	0.00146556	0.0214949	0.62945
820	1	1	0.771704	1.80109	0.974184	0	0.00292255	0.0228933	0.621427
830	1	1	0.766793	1.78629	0.975134	0	0.00243784	0.0224281	0.622712
840	1	1	0.760078	1.78796	0.968523	0	0.00338983	0.0280872	0.615695
850	1	1	0.754155	1.74505	0.978474	0	0.00293542	0.018591	0.611631
860	1	1	0.749054	1.73522	0.974184	0	0.00292255	0.0228933	0.610471
870	1	1	0.744326	1.71948	0.974184	0	0.00243546	0.0233804	0.614751
880	1	1	0.739383	1.69847	0.979432	0	0.00146915	0.0190989	0.609135
890	1	1	0.733994	1.69883	0.973236	0	0.00389294	0.022871	0.607393
900	1	1	0.727779	1.69196	0.974184	0	0.00146128	0.0243546	0.614629
910	1	1	0.723979	1.68662	0.969462	0	0.00242365	0.0281144	0.6057
920	1	1	0.718603	1.66933	0.973236	0	0.00145985	0.0253041	0.612669
930	1	1	0.713465	1.65846	0.97371	0	0.00243427	0.0238559	0.604011
940	1	1	0.707721	1.64631	0.97561	0	0.00243902	0.0219512	0.60771
950	1	1	0.701946	1.64093	0.970403	0	0.00339641	0.0262009	0.602718
960	1	1	0.695828	1.63205	0.968992	0	0.00242248	0.0285853	0.599894
970	1	1	0.690957	1.63437	0.961538	0	0.00240385	0.0360577	0.591533
980	1	1	0.686783	1.62757	0.961538	0	0.00240385	0.0360577	0.592945
990	1	1	0.682021	1.61015	0.970403	0	0.00242601	0.0271713	0.597205
1000	1	1	0.675534	1.60658	0.964785	0	0.00192957	0.0332851	0.591739
1010	1	1	0.668909	1.58583	0.971817	0	0.00291545	0.0252672	0.584769
1020	1	1	0.662714	1.57414	0.971817	0	0.000971817	0.0272109	0.579369
1030	1	1	0.655509	1.56672	0.965717	0	0.00434573	0.0299372	0.585915
1040	3	1.01819	0.651549	1.57912	0.967586	0	0.00193517	0.030479	0.584126
1050	3	1.03576	0.646084	1.60624	0.966651	0	0.00241663	0.0309328	0.577679
1060	3	1.00502	0.633405	1.55481	0.956938	0	0.00143541	0.0416268	0.575358
1070	3	1.02436	0.63122	1.56632	0.967586	0	0.00145138	0.0309627	0.587225
1080	2	1.01006	0.623201	1.52687	0.963391	0	0.00481696	0.0317919	0.565896
1090	2	1.01309	0.618498	1.53032	0.965251	0	0.00289575	0.0318533	0.573424
1100	2	1.01309	0.612031	1.52556	0.956938	0	0.00191388	0.0411483	0.569399
1110	2	1.02328	0.609182	1.53495	0.960154	0	0.00288046	0.0369659	0.563291
1120	2	1.01006	0.601759	1.49077	0.962464	0	0.00288739	0.0346487	0.552928
1130	2	1.02533	0.597142	1.52067	0.957396	0	0.00191479	0.0406893	0.559211
1140	2	1.01309	0.58816	1.47538	0.963391	0	0.00337187	0.033237	0.558814
1150	2	1.00401	0.579213	1.43871	0.96432	0	0.0024108	0.033269	0.542107
1160	2	1.001	0.573616	1.44003	0.957854	0	0.00383142	0.0383142	0.558224
1170	1	1	0.566975	1.42345	0.95511	0	0.00334288	0.0415473	0.547208
1180	1	1	0.560464	1.413	0.958313	0	0.00143747	0.0402492	0.543483
1190	1	1	0.552964	1.40909	0.95057	0	0.00190114	0.0475285	0.533718
1200	3	1.00703	0.547914	1.41074	0.949217	0	0.00142383	0.0493593	0.541384
1210	1	1	0.539244	1.38686	0.950119	0	0.00190024	0.047981	0.530838
1220	1	1	0.531979	1.36526	0.952835	0	0.00142925	0.0457361	0.520295
1230	1	1	0.52342	1.35408	0.949668	0	0.0014245	0.0489079	0.530835
1240	1	1	0.516184	1.34859	0.947867	0	0.0014218	0.0507109	0.523537
1250	1	1	0.508646	1.32884	0.949668	0	0.00189934	0.048433	0.526153
1260	1	1	0.503341	1.31497	0.952835	0	0.00381134	0.043354	0.517654
1270	1	1	0.496076	1.30151	0.951928	0	0.00333175	0.0447406	0.517824
1280	1	1	0.487852	1.32104	0.942951	0	0.0018859	0.0551627	0.514838
1290	1	1	0.482429	1.28872	0.942951	0	0.0018859	0.0551627	0.503618
1300	1	1	0.474983	1.27645	0.94162	0	0.00235405	0.0560264	0.515676
1310	1	1	0.465081	1.26448	0.936768	0	0.00327869	0.0599532	0.499304
1320	1	1	0.457326	1.24582	0.940734	0	0.00235183	0.0569144	0.502575
1330	1	1	0.450708	1.22114	0.946522	0	0.00189304	0.0515854	0.505738
1340	1	1	0.443285	1.20938	0.94162	0	0.00329567	0.0550847	0.506957
1350	2	1.002	0.436429	1.19477	0.94162	0	0.00141243	0.056968	0.489329
1360	1	1	0.427869	1.15761	0.949217	0	0.000474608	0.0503085	0.49883
1370	1	1	0.422005	1.14612	0.950119	0	0.00142518	0.0484561	0.491216
1380	1	1	0.41255	1.12568	0.943396	0	0.00283019	0.0537736	0.492256
1390	1	1	0.405266	1.12479	0.932836	0	0.00373134	0.0634328	0.493398
1400	1	1	0.397547	1.11649	0.924214	0	0.00138632	0.0743993	0.491459
1410	1	1	0.391419	1.08722	0.933271	0	0.000466636	0.0662622	0.489917
1420	1	1	0.382398	1.06701	0.945626	0	0.00141844	0.0529551	0.485699
1430	2	1.00401	0.377037	1.07143	0.943396	0	0.000943396	0.0556604	0.488316
1440	2	1.00602	0.371372	1.05767	0.943841	0	0.000943841	0.0552147	0.492363
1450	2	1.002	0.362075	1.03791	0.938967	0	0.00234742	0.0586854	0.477143
1460	2	1.00602	0.3556	1.04863	0.923788	0	0.00184758	0.0743649	0.491094
1470	2	1.02738	0.354092	1.06822	0.948767	0	0.000474383	0.050759	0.494351
1480	2	1.05443	0.355323	1.11848	0.932401	0	0.004662	0.0629371	0.487832
1490	2	1.03978	0.344165	1.08237	0.940734	0	0.0014111	0.0578551	0.497652
1500	2	1.04186	0.337995	1.04822	0.943841	0	0.000471921	0.0556866	0.487944
1510	2	1.05759	0.335498	1.07684	0.929368	0	0.00511152	0.0655204	0.500076
1520	2	1.09626	0.340473	1.1326	0.938967	0	0.00140845	0.0596244	0.50733
1530	2	1.18081	0.360066	1.27404	0.938527	0	0.00328484	0.0581886	0.520057
1540	2	1.26301	0.379154	1.36316	0.947867	0	0.00473934	0.0473934	0.536199
1550	2	1.40106	0.41145	1.50886	0.951022	0	0.00190204	0.0470756	0.564783
1560	2	1.5345	0.444409	1.6394	0.963855	0	0.000963855	0.0351807	0.574659
1570	2	1.748	0.501206	1.85925	0.954198	0	0.0014313	0.0443702	0.614847
1580	2	1.91888	0.559213	1.99416	0.968054	0	0.00145208	0.0304937	0.650758
1590	2	1.95737	0.576956	2.05721	0.968054	0	0.00242014	0.0295257	0.657078
1600	2	1.99989	0.6251	2.1503	0.975134	0	0.00341297	0.0214529	0.664026
1610	3	1.89872	0.708864	2.27803	0.978953	0	0.000489476	0.020558	0.701918
1620	3	1.78385	0.750945	2.32648	0.979432	0	0.00342801	0.0171401	0.716498
1630	3	1.74032	0.764711	2.30883	0.982801	0	0.0029484	0.0142506	0.711748
1640	3	1.58206	0.806992	2.32223	0.983284	0	0.000491642	0.0162242	0.734544
1650	2	1.46436	0.834384	2.31069	0.980873	0	0.00343306	0.015694	0.739629
1660	2	1.37164	0.85823	2.29892	0.987654	0	0.00246914	0.00987654	0.744432
1670	2	1.26545	0.88613	2.25599	0.992556	0	0.000992556	0.00645161	0.743117
1680	2	1.18197	0.908684	2.21985	0.989609	0	0.00148441	0.00890648	0.749938
1690	2	1.38312	0.849625	2.30405	0.987167	0	0.00394867	0.0088845	0.752166
1700	2	1.3211	0.865406	2.37221	0.983284	0	0.00442478	0.0122911	0.746447
1710	2	1.35258	0.85524	2.26269	0.98912	0	0.00148368	0.00939664	0.745884
1720	2	1.27279	0.874879	2.23915	0.99453	0	0	0.00546992	0.738902
1730	2	1.25571	0.877419	2.22468	0.98668	0	0.00049334	0.0128268	0.736411
1740	2	1.22201	0.885852	2.23864	0.98912	0	0.0024728	0.00840752	0.740757
1750	2	1.18197	0.895084	2.19563	0.987654	0	0.00148148	0.0108642	0.747237
1760	2	1.16119	0.899288	2.19979	0.988631	0	0.00296589	0.00840336	0.748788
1770	2	1.13281	0.905404	2.18556	0.988142	0	0.00247036	0.00938735	0.742056
1780	2	1.14523	0.900749	2.20559	0.983768	0	0.00147565	0.0147565	0.73561
1790	2	1.10173	0.911053	2.15223	0.98912	0	0.00098912	0.0098912	0.73927
1800	3	1.11516	0.906556	2.17621	0.985222	0	0.00591133	0.008867	0.736032
1810	4	1.10569	0.910342	2.16167	0.990099	0	0.00148515	0.00841584	0.735865
1820	4	1.09195	0.920269	2.21248	0.98668	0	0.00296004	0.0103601	0.736853
1830	3	1.04933	0.921158	2.14213	0.983768	0	0.00442696	0.0118052	0.734626
1840	2	1.05233	0.913978	2.1342	0.984737	0	0.00246184	0.0128016	0.721624
1850	2	1.04186	0.914343	2.12144	0.982801	0	0.0029484	0.0142506	0.719251
1860	2	1.01512	0.919414	2.0909	0.986193	0	0.00394477	0.00986193	0.727268
1870	2	1.01512	0.917365	2.09422	0.98912	0	0.00296736	0.00791296	0.72406
1880	2	1.02533	0.909737	2.09404	0.985707	0	0.00246427	0.0118285	0.719355
1890	2	1.08973	0.886259	2.12549	0.985707	0	0.00197141	0.0123213	0.724362
1900	2	1.13619	0.869274	2.14164	0.984737	0	0.0014771	0.0137863	0.709964
1910	2	1.17617	0.854567	2.14858	0.982801	0	0.002457	0.014742	0.719445
1920	2	1.20187	0.84424	2.15267	0.988142	0	0.000988142	0.0108696	0.708514
1930	2	1.20541	0.841051	2.14795	0.984737	0	0.00196947	0.0132939	0.698833
1940	2	1.25086	0.825045	2.14903	0.988631	0	0.00247158	0.00889768	0.698552
1950	2	1.28261	0.814238	2.16388	0.97704	0	0.0024426	0.0205178	0.692908
1960	2	1.21963	0.828054	2.14004	0.982318	0	0.00540275	0.012279	0.699729
1970	2	1.21132	0.825982	2.13742	0.985222	0	0.00246305	0.0123153	0.692847
1980	2	1.3024	0.799193	2.15331	0.988631	0	0.00148295	0.00988631	0.689948
1990	2	1.25571	0.808583	2.13461	0.983768	0	0.00344319	0.012789	0.689292
2000	2	1.2436	0.806575	2.10882	0.981836	0	0.00343643	0.0147275	0.676296
2010	2	1.1475	0.827924	2.0787	0.980392	0	0.00392157	0.0156863	0.687451
2020	2	1.17849	0.815383	2.071	0.982318	0	0.000982318	0.0166994	0.683343
2030	2	1.13057	0.823623	2.0465	0.985222	0	0.00394089	0.0108374	0.678796
2040	2	1.18663	0.804119	2.06727	0.984252	0	0.00393701	0.011811	0.681146
2050	2	1.12163	0.816017	2.05605	0.977995	0	0.00440098	0.0176039	0.668763
2060	2	1.14523	0.805511	2.04677	0.982318	0	0.00147348	0.0162083	0.671934
2070	2	1.17965	0.792974	2.12144	0.987167	0	0.00197433	0.0108588	0.665843
2080	2	1.20777	0.781745	2.05873	0.983284	0	0.00344149	0.0132743	0.661341
2090	2	1.14863	0.79415	2.06183	0.971817	0	0.000971817	0.0272109	0.661605
2100	2	1.12274	0.796789	2.02209	0.977517	0	0.00293255	0.0195503	0.665779
2110	3	1.12038	0.798991	2.01716	0.980392	0	0.00245098	0.0171569	0.66748
2120	3	1.07466	0.801834	1.97278	0.984737	0	0.00295421	0.0123092	0.655984
2130	2	1.07784	0.794693	1.96848	0.977995	0	0.00293399	0.0190709	0.655067
2140	2	1.05022	0.798708	2.01892	0.980873	0	0.00245218	0.0166748	0.6514
2150	2	1.0346	0.794754	1.91865	0.978474	0	0.00293542	0.018591	0.652899
2160	2	1.02328	0.792665	1.92978	0.978953	0	0.000978953	0.0200685	0.640022
2170	2	1.01208	0.790554	1.90598	0.969462	0	0.00145419	0.0290839	0.658547
2180	2	1.0315	0.781656	1.89314	0.976086	0	0.00292826	0.0209858	0.646396
2190	2	1.04395	0.773958	1.88525	0.97371	0	0.00340798	0.0228822	0.646951
2200	2	1.04186	0.768428	1.88154	0.972763	0	0.00243191	0.0248054	0.638085
2210	3	1.03993	0.764366	1.85252	0.977995	0	0.00195599	0.0200489	0.637415
2220	3	1.02025	0.763895	1.84391	0.974659	0	0.000487329	0.0248538	0.627126
2230	3	1.02746	0.761219	1.84385	0.97371	0	0.00340798	0.0228822	0.628888
2240	3	1.04188	0.760345	1.85936	0.97229	0	0.00291687	0.0247934	0.626117
2250	3	1.05127	0.754574	1.85394	0.972763	0	0.00194553	0.0252918	0.628113
2260	2	1.11268	0.756462	1.95	0.975134	0	0.00341297	0.0214529	0.621556
2270	3	1.12386	0.752065	1.9773	0.974659	0	0.00389864	0.0214425	0.620544
2280	2	1.12267	0.745847	1.93694	0.970874	0	0.00242718	0.026699	0.625715
2290	2	1.0973	0.73794	1.88935	0.971345	0	0.00242836	0.0262263	0.612145
2300	2	1.11268	0.733635	1.91584	0.97371	0	0.00194742	0.0243427	0.618489
2310	2	1.09839	0.725055	1.88204	0.974659	0	0.00194932	0.0233918	0.619343
2320	2	1.14968	0.725691	1.95152	0.974659	0	0.00292398	0.0224172	0.615036
2330	2	1.12155	0.715404	1.86504	0.968992	0	0.00193798	0.0290698	0.613356
2340	2	1.1588	0.714751	1.918	0.97561	0	0.00097561	0.0234146	0.609784
2350	2	1.15309	0.710338	1.90202	0.965251	0	0.00144788	0.0333012	0.612235
2360	2	1.10717	0.696926	1.80441	0.977517	0	0.00195503	0.0205279	0.603191
2370	2	1.16568	0.697443	1.85945	0.97561	0	0.00146341	0.0229268	0.615078
2380	2	1.24826	0.701838	2.0225	0.968523	0	0.000968523	0.0305085	0.609366
2390	2	1.27015	0.700346	2.00936	0.973236	0	0.00194647	0.0248175	0.618375
2400	2	1.27015	0.693913	1.99557	0.971345	0	0.00242836	0.0262263	0.619425
2410	2	1.4769	0.716036	2.23625	0.971345	0	0.00485673	0.023798	0.630243
2420	2	1.5249	0.717348	2.25028	0.969462	0	0.00193892	0.0285991	0.632425
2430	2	1.68377	0.734203	2.46213	0.969932	0	0.00242483	0.0276431	0.638075
2440	2	1.68377	0.731194	2.38742	0.97371	0	0.000486855	0.0258033	0.639858
2450	2	1.84004	0.75178	2.51023	0.981354	0	0.00392542	0.0147203	0.644642
2460	2	1.75627	0.733435	2.44224	0.979432	0	0.00342801	0.0171401	0.645281
2470	2	1.82693	0.74058	2.46375	0.978953	0	0.00195791	0.0190896	0.645825
2480	3	1.8698	0.744962	2.49342	0.978474	0	0.00293542	0.018591	0.647769
2490	2	1.8613	0.741393	2.49455	0.97371	0	0.00389484	0.0223953	0.653596
2500	2	1.88135	0.743518	2.57036	0.980392	0	0.00147059	0.0181373	0.657399
2510	2	1.88918	0.742502	2.49525	0.973236	0	0.00194647	0.0248175	0.651517
2520	2	1.97102	0.762815	2.54528	0.977995	0	0.00391198	0.0180929	0.662536
2530	2	1.99608	0.787867	2.62491	0.97561	0	0.00292683	0.0214634	0.664553
2540	2	1.98299	0.796214	2.57982	0.978474	0	0.00342466	0.0181018	0.680528
2550	2	1.93664	0.809973	2.66671	0.976086	0	0.00146413	0.02245	0.673691
2560	2	1.82488	0.833176	2.61773	0.982801	0	0.0029484	0.0142506	0.687625
2570	2	1.83504	0.830282	2.63921	0.982801	0	0.000982801	0.0162162	0.68798
2580	2	1.78768	0.837408	2.59144	0.980392	0	0.00294118	0.0166667	0.686826
2590	2	1.84103	0.825848	2.57282	0.982801	0	0.0034398	0.0137592	0.688226
2600	2	1.82999	0.825702	2.61272	0.981354	0	0.00245339	0.0161923	0.690109
2610	2	1.65406	0.850957	2.53329	0.988631	0	0.000988631	0.0103806	0.689229
2620	2	1.45487	0.878087	2.44098	0.983284	0	0.00294985	0.013766	0.694009
2630	2	1.36879	0.888387	2.39253	0.991572	0	0.00148736	0.006941	0.706854
2640	2	1.28856	0.897659	2.37381	0.982801	0	0.004914	0.012285	0.713497
2650	2	1.28487	0.895883	2.32408	0.98668	0	0.00148002	0.0118402	0.709915
2660	2	1.27627	0.895445	2.37164	0.981354	0	0.00196271	0.016683	0.712987
2670	2	1.29845	0.889234	2.33689	0.982801	0	0.0039312	0.0132678	0.698132
2680	2	1.23742	0.895956	2.30111	0.985707	0	0.00197141	0.0123213	0.695364
2690	2	1.22186	0.896202	2.29724	0.987167	0	0.00246792	0.0103653	0.694023
2700	4	1.29853	0.88416	2.31866	0.985222	0	0.00394089	0.0108374	0.701661
2710	3	1.39721	0.865722	2.37876	0.984737	0	0.00443131	0.0108321	0.70071
2720	3	1.43106	0.859662	2.4091	0.982318	0	0.00294695	0.0147348	0.690179
2730	2	1.38919	0.862291	2.34281	0.985707	0	0.00295712	0.0113356	0.675715
2740	2	1.32837	0.868436	2.34052	0.979432	0	0.00244858	0.0181195	0.695616
2750	2	1.38153	0.858611	2.33356	0.982318	0	0.00147348	0.0162083	0.683798
2760	2	1.36498	0.859214	2.34608	0.984737	0	0.00295421	0.0123092	0.685196
2770	2	1.3422	0.858916	2.32254	0.980873	0	0.00196175	0.0171653	0.693022
2780	2	1.35104	0.854346	2.32007	0.984737	0	0.0014771	0.0137863	0.680865
2790	3	1.35015	0.852923	2.33164	0.982318	0	0.00147348	0.0162083	0.688737
2800	3	1.42755	0.838975	2.34769	0.984252	0	0.00147638	0.0142717	0.678624
2810	3	1.48168	0.82834	2.3601	0.983284	0	0.00245821	0.0142576	0.669026
2820	2	1.3777	0.839557	2.33257	0.983284	0	0.00294985	0.013766	0.6771
2830	2	1.4316	0.83092	2.35846	0.980392	0	0.00196078	0.0176471	0.670512
2840	3	1.32159	0.843341	2.29784	0.983768	0	0.00344319	0.012789	0.664211
2850	2	1.21592	0.852903	2.21792	0.978474	0	0.000978474	0.0205479	0.677518
2860	2	1.11711	0.865907	2.1297	0.982801	0	0.0029484	0.0142506	0.669617
2870	2	1.09185	0.866145	2.10143	0.979912	0	0.00342969	0.0166585	0.669557
2880	2	1.07888	0.864305	2.09601	0.97704	0	0.00293112	0.0200293	0.666481
2890	2	1.08643	0.858967	2.09803	0.978474	0	0.00342466	0.0181018	0.663198
2900	2	1.06604	0.857988	2.06597	0.978953	0	0.00244738	0.0186001	0.669082
2910	2	1.04601	0.85846	2.04467	0.980392	0	0.00147059	0.0181373	0.67385
2920	2	1.01918	0.859434	2.0103	0.977995	0	0.00146699	0.0205379	0.674416
2930	1	0.999	0.85976	1.96823	0.981836	0	0.00147275	0.0166912	0.668951
2940	1	0.999	0.855038	1.97542	0.97561	0	0.00341463	0.0209756	0.664052
2950	1	0.999	0.850682	1.96619	0.978953	0	0.00342633	0.0176211	0.656154
2960	1	0.999	0.84702	1.96553	0.977995	0	0.00146699	0.0205379	0.64813
2970	1	0.999	0.842969	1.95093	0.982318	0	0.00196464	0.0157171	0.650972
2980	1	0.999	0.840181	1.95528	0.976086	0	0.000976086	0.022938	0.659094
2990	1	0.999	0.8343	1.9468	0.976562	0	0.00244141	0.0209961	0.656149
3000	1	0.999	0.82996	1.93914	0.97704	0	0.00390816	0.0190523	0.646536
3010	2	1	0.826394	1.94552	0.973236	0	0.0053528	0.0214112	0.651915
3020	1	0.999	0.819197	1.92612	0.975134	0	0	0.0248659	0.648747
3030	1	0.999	0.816853	1.91501	0.978953	0	0.000489476	0.020558	0.640353
3040	1	0.999	0.809719	1.91666	0.97229	0	0.00097229	0.026738	0.639091
3050	1	0.999	0.803623	1.89319	0.979432	0	0.00195886	0.0186092	0.637047
3060	1	0.999	0.799615	1.88705	0.97704	0	0.00195408	0.0210064	0.631717
3070	1	0.999	0.793693	1.8794	0.974184	0	0.00243546	0.0233804	0.63374
3080	1	0.999	0.785919	1.86257	0.976562	0	0.00244141	0.0209961	0.631677
3090	1	0.999	0.779754	1.84785	0.976562	0	0.00292969	0.0205078	0.629164
3100	1	0.999	0.773117	1.84217	0.972763	0	0.00243191	0.0248054	0.628607
3110	1	0.999	0.766775	1.83953	0.966651	0	0.00289995	0.0304495	0.618065
3120	1	0.999	0.758551	1.81467	0.967586	0	0.00290276	0.0295114	0.61958
3130	1	0.999	0.752863	1.79603	0.966651	0	0.00434993	0.0289995	0.60956
3140	1	0.999	0.746726	1.76753	0.974659	0	0.00341131	0.0219298	0.616554
3150	1	0.999	0.74093	1.74425	0.973236	0	0.00243309	0.0243309	0.60648
3160	1	0.999	0.736198	1.73608	0.969932	0	0.00242483	0.0276431	0.599933
3170	1	0.999	0.730582	1.72174	0.969462	0	0.00290839	0.0276297	0.60142
3180	1	0.999	0.725453	1.71037	0.971817	0	0.00291545	0.0252672	0.595737
3190	1	0.999	0.719087	1.6965	0.970874	0	0.00291262	0.0262136	0.595674
3200	1	0.999	0.713599	1.68801	0.966651	0	0.00289995	0.0304495	0.60363
3210	1	0.999	0.707576	1.66207	0.976086	0	0.00195217	0.0219619	0.599471
3220	1	0.999	0.699882	1.66372	0.968523	0	0.00435835	0.0271186	0.585258
3230	1	0.999	0.691615	1.6507	0.968523	0	0.00338983	0.0280872	0.58631
3240	2	1.002	0.683591	1.65024	0.966184	0	0.00386473	0.0299517	0.587627
3250	2	1.00803	0.676253	1.6525	0.960154	0	0.00192031	0.0379261	0.588065
3260	2	1	0.669045	1.61677	0.968054	0	0.00290416	0.0290416	0.569016
3270	1	0.999	0.661726	1.60888	0.963391	0	0.00289017	0.0337187	0.585717
3280	1	0.999	0.655593	1.5858	0.968054	0	0.000484027	0.0314618	0.575361
3290	1	0.999	0.648587	1.5813	0.963855	0	0.00337349	0.0327711	0.574541
3300	1	0.999	0.643368	1.57067	0.967586	0	0.00145138	0.0309627	0.5778
3310	1	0.999	0.637599	1.56883	0.962464	0	0.0014437	0.0360924	0.578062
3320	1	0.999	0.631149	1.56052	0.959233	0	0.00335731	0.0374101	0.565355
3330	1	0.999	0.625311	1.62483	0.964785	0	0.00337675	0.0318379	0.556387
3340	1	0.999	0.620344	1.53163	0.964785	0	0.00144718	0.0337675	0.571046
3350	1	0.999	0.613407	1.50993	0.969462	0	0.000969462	0.0295686	0.570426
3360	1	0.999	0.603242	1.51165	0.959693	0	0	0.0403071	0.565617
3370	1	0.999	0.59783	1.49713	0.962001	0	0.002405	0.035594	0.560953
3380	1	0.999	0.589121	1.48647	0.959693	0	0.00335893	0.0369482	0.557069
3390	1	0.999	0.580924	1.47212	0.959693	0	0.00239923	0.0379079	0.561594
3400	2	1	0.574231	1.45381	0.966184	0	0.00144928	0.0323671	0.565043
3410	3	1.00501	0.567988	1.45143	0.960154	0	0.000480077	0.0393663	0.557577
3420	4	1.00905	0.560524	1.52964	0.962927	0	0.00192585	0.0351468	0.558243
3430	3	1.01616	0.555845	1.45066	0.960615	0	0.000960615	0.0384246	0.554221
3440	3	1.01108	0.546118	1.43709	0.960154	0	0.00192031	0.0379261	0.562385
3450	3	1.00401	0.538659	1.40987	0.958773	0	0.00383509	0.0373921	0.550191
3460	2	1.001	0.530811	1.38843	0.960615	0	0.00336215	0.0360231	0.546833
3470	1	0.999	0.521857	1.38543	0.952835	0	0.00381134	0.043354	0.528789
3480	1	0.999	0.515228	1.36713	0.95648	0	0.00286944	0.0406504	0.535848
3490	1	0.999	0.506948	1.36058	0.948317	0	0.00331911	0.0483642	0.534774
3500	1	0.999	0.498632	1.33326	0.957854	0	0.00191571	0.0402299	0.528939
3510	1	0.999	0.492215	1.33188	0.953743	0	0.00238436	0.0438722	0.524301
3520	1	0.999	0.484116	1.31369	0.952381	0	0.00285714	0.0447619	0.521636
3530	1	0.999	0.476503	1.30959	0.949668	0	0.000949668	0.0493827	0.518239
3540	1	0.999	0.467883	1.30423	0.941176	0	0.000941176	0.0578824	0.524504
3550	1	0.999	0.460171	1.2855	0.94518	0	0.00283554	0.0519849	0.515589
3560	1	0.999	0.451753	1.27564	0.940291	0	0.00235073	0.0573578	0.509051
3570	2	1.003	0.444339	1.25413	0.947867	0	0.00189573	0.050237	0.505715
3580	1	0.999	0.434313	1.31407	0.952835	0	0.00238209	0.0447832	0.499743
3590	2	1	0.424365	1.23363	0.93985	0	0.000469925	0.0596805	0.489197
3600	2	1.00401	0.416746	1.21692	0.926784	0	0.00463392	0.068582	0.489547
3610	1	0.999	0.407277	1.18747	0.935454	0	0.000935454	0.0636109	0.478218
3620	1	0.999	0.398699	1.18468	0.91954	0	0.00229885	0.0781609	0.465969
3630	1	0.999	0.391705	1.14446	0.932401	0	0.0032634	0.0643357	0.473872
3640	2	1	0.384682	1.14845	0.92081	0	0.00230203	0.0768877	0.468285
3650	1	0.999	0.375213	1.12432	0.923361	0	0.000461681	0.0761773	0.465224
3660	1	0.999	0.365643	1.10408	0.923361	0	0.00184672	0.0747922	0.457137
3670	1	0.999	0.356297	1.09091	0.92081	0	0.00230203	0.0768877	0.446868
3680	1	0.999	0.347136	1.0891	0.898473	0	0.00224618	0.0992812	0.443011
3690	1	0.999	0.336299	1.05368	0.918274	0	0.00229568	0.0794307	0.448067
3700	1	0.999	0.32691	1.05094	0.907441	0	0.00136116	0.0911978	0.442451
3710	1	0.999	0.317873	1.02811	0.908265	0	0.00181653	0.0899183	0.436159
3720	1	0.999	0.307903	1.01361	0.909918	0	0.0022748	0.0878071	0.440304
3730	1	0.999	0.298659	0.991605	0.915751	0	0.00137363	0.0828755	0.446168
3740	1	0.999	0.290289	0.978711	0.913242	0	0.00136986	0.0853881	0.43955
3750	1	0.999	0.282072	0.965098	0.909091	0	0.000909091	0.09	0.448078
3760	2	1.00803	0.275419	0.976568	0.902935	0	0.00225734	0.0948081	0.449722
3770	1	0.999	0.263894	0.923484	0.91659	0	0.00183318	0.0815765	0.43903
3780	1	0.999	0.254351	0.918297	0.907853	0	0.00136178	0.0907853	0.44394
3790	1	0.999	0.246202	0.903723	0.897263	0	0.00269179	0.100045	0.439289
3800	1	0.999	0.237249	0.88579	0.898473	0	0.00134771	0.10018	0.436573
3810	1	0.999	0.230823	0.859851	0.908265	0	0.0013624	0.0903724	0.435115
3820	1	0.999	0.223368	0.860327	0.897263	0	0.00224316	0.100493	0.425785
3830	1	0.999	0.217096	0.843279	0.899685	0	0.00224921	0.0980657	0.429754
3840	1	0.999	0.208841	0.824343	0.907853	0	0.000453926	0.0916931	0.417293
3850	1	0.999	0.202471	0.809539	0.910747	0	0.00182149	0.0874317	0.426507
3860	1	0.999	0.194037	0.800588	0.898473	0	0.00224618	0.0992812	0.419435
3870	1	0.999	0.187859	0.794571	0.890076	0	0.00222519	0.107699	0.408527
3880	1	0.999	0.181006	0.792342	0.888494	0	0.00177699	0.109729	0.407579
3890	1	0.999	0.173856	0.794217	0.869943	0	0.00173989	0.128317	0.408544
3900	1	0.999	0.165963	0.763643	0.880669	0	0.001321	0.11801	0.401081
3910	1	0.999	0.159236	0.758142	0.881834	0	0.00132275	0.116843	0.40141
3920	1	0.999	0.150329	0.763506	0.853242	0	0.00170648	0.145051	0.390987
3930	1	0.999	0.142546	0.752486	0.852878	0	0.000852878	0.146269	0.384063
3940	1	0.999	0.133537	0.740478	0.844238	0	0.000422119	0.15534	0.385589
3950	1	0.999	0.126518	0.710827	0.849257	0	0.00169851	0.149045	0.383325
3960	1	0.999	0.118495	0.704942	0.849257	0	0.00169851	0.149045	0.374794
3970	1	0.999	0.109176	0.694847	0.840336	0	0.00210084	0.157563	0.376172
3980	1	0.999	0.0996111	0.68153	0.835422	0	0.00125313	0.163325	0.373305
3990	1	0.999	0.0916321	0.676851	0.827472	0	0.00165494	0.170873	0.370675
4000	1	0.999	0.0826313	0.642955	0.844595	0	0.00168919	0.153716	0.379969
4010	1	0.999	0.0731541	0.629346	0.858001	0	0.000429	0.14157	0.391982
4020	1	0.999	0.0637319	0.615541	0.861326	0	0.000430663	0.138243	0.393858
4030	1	0.999	0.0548674	0.593736	0.866551	0	0	0.133449	0.417637
4040	1	0.999	0.0461481	0.580267	0.892459	0	0	0.107541	0.443102
4050	1	0.999	0.0381378	0.565884	0.895255	0	0	0.104745	0.487635
4060	1	0.999	0.031487	0.558997	0.887311	0	0	0.112689	0.544952
4070	1	0.999	0.0265008	0.556137	0.879894	0	0	0.120106	0.594709
4080	1	0.999	0.0227951	0.555746	0.874126	0	0	0.125874	0.637093
4090	1	0.999	0.0188707	0.548425	0.873362	0	0.000436681	0.126201	0.714667
4100	2	1.001	0.0178368	0.544926	0.865052	0	0.0017301	0.133218	0.774108
4110	2	1.00501	0.0176419	0.557249	0.858001	0	0.002145	0.139854	0.815383
4120	2	1.0408	0.0333916	0.626114	0.862441	0	0.00344976	0.13411	0.859671
4130	2	1.34094	0.160064	1.074	0.896057	0	0.00224014	0.101703	0.850305
4140	2	1.79206	0.3374	1.6343	0.934579	0	0.00420561	0.061215	0.82806
4150	2	1.99728	0.494402	1.9455	0.959693	0	0.00239923	0.0379079	0.808947
4160	2	1.90736	0.609954	2.09447	0.971345	0	0.00291404	0.0257407	0.795586
4170	2	1.66402	0.721937	2.29748	0.978474	0	0.00195695	0.0195695	0.78877
4180	2	1.51712	0.77735	2.23601	0.981354	0	0.00588813	0.0127576	0.787478
4190	2	1.4743	0.791985	2.23527	0.982801	0	0.0034398	0.0137592	0.782873
4200	2	1.3059	0.854845	2.21578	0.98668	0	0.00394672	0.00937346	0.778939
4210	2	1.22067	0.887447	2.22886	0.992063	0	0.000992063	0.00694444	0.776617
4220	2	1.15423	0.914419	2.2021	0.990099	0	0.0019802	0.00792079	0.772161
4230	2	1.11047	0.931536	2.20695	0.988142	0	0.000494071	0.0113636	0.76911
4240	2	1.03872	0.963234	2.19141	0.988631	0	0.00197726	0.00939199	0.770683
4250	2	1.00501	0.977326	2.16545	0.992063	0	0.0014881	0.00644841	0.768325
4260	2	1.001	0.977703	2.1708	0.990589	0	0.00247647	0.00693413	0.767479
4270	1	0.999	0.977708	2.16675	0.990589	0	0	0.0094106	0.77074
4280	1	0.999	0.976464	2.15621	0.992556	0	0.000992556	0.00645161	0.765272
4290	1	0.999	0.975199	2.1663	0.988631	0	0.00247158	0.00889768	0.769295
4300	1	0.999	0.973654	2.16047	0.988631	0	0.00148295	0.00988631	0.768719
4310	2	1.002	0.972258	2.16026	0.992556	0	0.00198511	0.00545906	0.764789
4320	2	1.00501	0.970514	2.17568	0.98912	0	0.00197824	0.00890208	0.763822
4330	2	1.00803	0.968937	2.16774	0.990589	0	0.000495295	0.0089153	0.758293
4340	1	0.999	0.966727	2.23118	0.99108	0	0.00198216	0.00693756	0.761694
4350	1	0.999	0.964461	2.14326	0.990589	0	0.00346706	0.00594354	0.760217
4360	1	0.999	0.962337	2.15002	0.989609	0	0.00148441	0.00890648	0.747808
4370	1	0.999	0.958947	2.14385	0.990589	0	0.00396236	0.00544824	0.753991
4380	2	1	0.956549	2.14783	0.988631	0	0.00395452	0.00741473	0.742956
4390	2	1	0.954125	2.13657	0.991572	0	0.00198314	0.00644522	0.744523
4400	1	0.999	0.951865	2.12751	0.991572	0	0.000495786	0.00793257	0.748789
4410	1	0.999	0.94818	2.12487	0.985222	0	0.00246305	0.0123153	0.744367
4420	1	0.999	0.944757	2.11314	0.988631	0	0.00148295	0.00988631	0.740335
4430	2	1.003	0.942639	2.12813	0.98668	0	0.00098668	0.0123335	0.743744
4440	1	0.999	0.939288	2.11969	0.983768	0	0.00639449	0.00983768	0.739346
4450	1	0.999	0.935865	2.11454	0.983768	0	0.0029513	0.0132809	0.735941
4460	1	0.999	0.932846	2.10861	0.982801	0	0.0029484	0.0142506	0.728553
4470	1	0.999	0.929746	2.09292	0.98912	0	0.0024728	0.00840752	0.732008
4480	1	0.999	0.926447	2.09098	0.98912	0	0.00197824	0.00890208	0.730238
4490	2	1.00602	0.923821	2.10347	0.985707	0	0.00246427	0.0118285	0.7245
4500	2	1.00702	0.92125	2.09855	0.988631	0	0.000494315	0.0108749	0.723427
4510	2	1.00501	0.916809	2.09579	0.984252	0	0.00246063	0.0132874	0.727285
4520	2	1.01005	0.913995	2.1068	0.980873	0	0.00294262	0.0161844	0.724659
4530	1	0.999	0.910534	2.0705	0.983768	0	0.0029513	0.0132809	0.72447
4540	1	0.999	0.906551	2.0619	0.988631	0	0.00296589	0.00840336	0.720014
4550	1	0.999	0.902401	2.06669	0.982318	0	0.0024558	0.0152259	0.708696
4560	1	0.999	0.899132	2.05639	0.986193	0	0.00345168	0.010355	0.714494
4570	2	1.00501	0.895533	2.06344	0.983284	0	0.000983284	0.0157325	0.706822
4580	2	1.00702	0.891242	2.04614	0.98668	0	0.00197336	0.0113468	0.6987
4590	1	0.999	0.885925	2.0474	0.978474	0	0.00587084	0.0156556	0.701974
4600	1	0.999	0.883562	2.04068	0.980873	0	0.00245218	0.0166748	0.702601
4610	1	0.999	0.877965	2.03106	0.982801	0	0.0014742	0.0157248	0.697081
4620	1	0.999	0.873232	2.03123	0.979912	0	0.00342969	0.0166585	0.695389
4630	1	0.999	0.870493	2.02237	0.980873	0	0.00294262	0.0161844	0.694576
4640	1	0.999	0.864622	2.00557	0.98668	0	0.00049334	0.0128268	0.692567
4650	1	0.999	0.861191	2.00468	0.982801	0	0.0014742	0.0157248	0.68756
4660	1	0.999	0.855609	2.00973	0.97561	0	0.00292683	0.0214634	0.680575
4670	1	0.999	0.849836	1.98272	0.983284	0	0.00245821	0.0142576	0.688669
4680	1	0.999	0.843763	1.97679	0.982801	0	0.0029484	0.0142506	0.682546
4690	1	0.999	0.839955	1.96996	0.984252	0	0.00295276	0.0127953	0.679479
4700	1	0.999	0.835001	1.96779	0.979912	0	0.00146987	0.0186183	0.676283
4710	1	0.999	0.831798	1.96209	0.979912	0	0.00391965	0.0161685	0.673915
4720	1	0.999	0.829268	1.95302	0.982801	0	0.002457	0.014742	0.675514
4730	1	0.999	0.82722	1.95212	0.981836	0	0.00294551	0.0152185	0.664146
4740	1	0.999	0.824273	1.95511	0.977517	0	0.00391007	0.0185728	0.665143
4750	1	0.999	0.819016	1.94399	0.980392	0	0.00196078	0.0176471	0.663953
4760	1	0.999	0.812031	1.9345	0.979912	0	0.00195982	0.0181284	0.661443
4770	1	0.999	0.808766	1.91742	0.983284	0	0.00147493	0.0152409	0.661356
4780	1	0.999	0.804681	1.92203	0.976562	0	0.00292969	0.0205078	0.653594
4790	1	0.999	0.799183	1.90432	0.980392	0	0.00245098	0.0171569	0.658622
4800	1	0.999	0.793513	1.89232	0.982318	0	0.00147348	0.0162083	0.652336
4810	1	0.999	0.790155	1.89722	0.976562	0	0.00292969	0.0205078	0.659305
4820	1	0.999	0.785143	1.883	0.979432	0	0.00195886	0.0186092	0.64435
4830	1	0.999	0.78026	1.87415	0.977517	0	0.00342131	0.0190616	0.651524
4840	1	0.999	0.773405	1.86203	0.979432	0	0.00244858	0.0181195	0.65365
4850	1	0.999	0.768861	1.85081	0.979912	0	0.00146987	0.0186183	0.646052
4860	1	0.999	0.761693	1.83952	0.974184	0	0.00194837	0.0238675	0.644012
4870	1	0.999	0.75662	1.82241	0.976086	0	0.0034163	0.0204978	0.635539
4880	1	0.999	0.751329	1.80787	0.976562	0	0.00292969	0.0205078	0.640256
4890	1	0.999	0.745439	1.78393	0.979912	0	0.00195982	0.0181284	0.635396
4900	2	1.001	0.738003	1.76405	0.977995	0	0.00293399	0.0190709	0.636529
4910	2	1.003	0.732714	1.75845	0.977995	0	0.00244499	0.0195599	0.627668
4920	2	1.00501	0.727543	1.74768	0.976562	0	0.00390625	0.0195312	0.628776
4930	1	0.999	0.719912	1.71215	0.978953	0	0.00146843	0.0195791	0.630494
4940	1	0.999	0.715742	1.70471	0.97561	0	0.00195122	0.022439	0.619642
4950	1	0.999	0.70932	1.69951	0.97229	0	0.00291687	0.0247934	0.625676
4960	1	0.999	0.702349	1.68721	0.971817	0	0.00194363	0.0262391	0.616416
4970	1	0.999	0.694942	1.67638	0.969462	0	0.00242365	0.0281144	0.607929
4980	1	0.999	0.688089	1.65418	0.974184	0	0.00340964	0.0224062	0.60688
4990	1	0.999	0.682741	1.6561	0.971345	0	0.00339971	0.025255	0.612311
5000	1	0.999	0.678941	1.64935	0.969932	0	0.00193986	0.028128	0.606186
5010	1	0.999	0.671816	1.63988	0.967118	0	0.00241779	0.0304642	0.595248
5020	1	0.999	0.664026	1.62461	0.966651	0	0.00289995	0.0304495	0.594208
5030	1	0.999	0.656682	1.61091	0.968992	0	0.00145349	0.0295543	0.593791
5040	1	0.999	0.648722	1.59653	0.970874	0	0.00194175	0.0271845	0.600098
5050	1	0.999	0.645301	1.59157	0.968523	0	0.00242131	0.0290557	0.587742
5060	1	0.999	0.638988	1.57301	0.973236	0	0.00145985	0.0253041	0.584322
5070	1	0.999	0.631965	1.55661	0.973236	0	0.00145985	0.0253041	0.577934
5080	1	0.999	0.624151	1.55378	0.968523	0	0.00145278	0.0300242	0.575119
5090	1	0.999	0.615579	1.53863	0.967586	0	0.00241896	0.0299952	0.56402
5100	2	1.00401	0.609582	1.55497	0.961538	0	0.000961538	0.0375	0.579619
5110	1	0.999	0.601289	1.52306	0.962464	0	0.00240616	0.0351299	0.575889
5120	1	0.999	0.595848	1.50027	0.97229	0	0.00145843	0.0262518	0.556255
5130	1	0.999	0.589514	1.51373	0.954198	0	0.0028626	0.0429389	0.566625
5140	1	0.999	0.581276	1.4833	0.960154	0	0.00288046	0.0369659	0.554838
5150	2	1.001	0.573256	1.47244	0.962001	0	0.004329	0.03367	0.562874
5160	1	0.999	0.565364	1.45696	0.961076	0	0.00144161	0.037482	0.555908
5170	1	0.999	0.557194	1.45107	0.955566	0	0.0028667	0.0415671	0.549213
5180	1	0.999	0.550305	1.4297	0.960615	0	0.00240154	0.0369837	0.546286
5190	1	0.999	0.543142	1.42178	0.950119	0	0.00522565	0.0446556	0.539051
5200	1	0.999	0.534501	1.41451	0.948767	0	0.00189753	0.0493359	0.528604
5210	1	0.999	0.524801	1.39981	0.947867	0	0.00379147	0.0483412	0.534524
5220	1	0.999	0.515845	1.37636	0.954654	0	0.00143198	0.0439141	0.525106
5230	1	0.999	0.508332	1.35774	0.954198	0	0.0028626	0.0429389	0.521276
5240	1	0.999	0.499829	1.3464	0.95057	0	0.00142586	0.0480038	0.522656
5250	1	0.999	0.490608	1.34091	0.947867	0	0.00189573	0.050237	0.519088
5260	1	0.999	0.483512	1.28311	0.942063	0	0.00282619	0.0551107	0.508251
5270	1	0.999	0.476276	1.25918	0.944287	0	0.00236072	0.0533522	0.508194
5280	1	0.999	0.469366	1.2614	0.93633	0	0.00374532	0.0599251	0.515185
5290	1	0.999	0.464962	1.23948	0.941176	0	0.00329412	0.0555294	0.517064
5300	1	0.999	0.458312	1.2194	0.947867	0	0.00236967	0.049763	0.514754
5310	1	0.999	0.450789	1.22318	0.934579	0	0.00140187	0.0640187	0.501467
5320	1	0.999	0.443647	1.20497	0.937207	0	0.00328022	0.0595127	0.499243
5330	1	0.999	0.434421	1.18654	0.936768	0	0.00140515	0.0618267	0.495891
5340	1	0.999	0.425291	1.1596	0.938086	0	0.0032833	0.0586304	0.492953
5350	1	0.999	0.418147	1.14844	0.933707	0	0.00140056	0.0648926	0.487527
5360	1	0.999	0.408618	1.12914	0.930233	0	0.00186047	0.067907	0.486827
5370	1	0.999	0.398324	1.09309	0.938527	0	0.00140779	0.0600657	0.490988
5380	1	0.999	0.389416	1.08257	0.928505	0	0.00185701	0.0696379	0.486696
5390	1	0.999	0.380837	1.0468	0.941176	0	0.00282353	0.056	0.489161
5400	1	0.999	0.373983	1.04328	0.932401	0	0.004662	0.0629371	0.485569
5410	1	0.999	0.365934	1.01826	0.942951	0	0.0018859	0.0551627	0.480728
5420	1	0.999	0.357843	1.016	0.928074	0	0.00232019	0.0696056	0.480221
5430	1	0.999	0.35099	1.00808	0.928074	0	0.000464037	0.0714617	0.484154
5440	1	0.999	0.343059	0.984983	0.934579	0	0.00046729	0.0649533	0.476439
5450	1	0.999	0.335296	0.969459	0.937207	0	0.00234302	0.0604499	0.475203
5460	1	0.999	0.326547	0.966079	0.925497	0	0.00277649	0.0717261	0.468576
5470	1	0.999	0.31947	0.954684	0.923361	0	0.00277008	0.0738689	0.474747
5480	1	0.999	0.312131	0.931645	0.932401	0	0.0013986	0.0662005	0.459831
5490	1	0.999	0.304011	0.923065	0.924214	0	0.00277264	0.0730129	0.464404
5500	1	0.999	0.296211	0.907726	0.928936	0	0.00185787	0.0692058	0.465589
5510	1	0.999	0.288502	0.906033	0.91659	0	0.00183318	0.0815765	0.456906
5520	1	0.999	0.278791	0.900769	0.903751	0	0.000903751	0.0953457	0.447793
5530	1	0.999	0.269795	0.877356	0.912409	0	0.000456204	0.087135	0.447893
5540	1	0.999	0.261506	0.873138	0.902935	0	0.000902935	0.0961625	0.447052
5550	2	1.001	0.254489	0.845938	0.912409	0	0.00319343	0.0843978	0.447575
5560	2	1.00401	0.24671	0.834575	0.910747	0	0.00227687	0.0869763	0.440605
5570	2	1.01714	0.244646	0.844381	0.905387	0	0.00271616	0.0918968	0.43951
5580	2	1.00803	0.231736	0.831266	0.893655	0	0.00268097	0.103664	0.432064
5590	2	1.001	0.220871	0.804577	0.881834	0	0.00220459	0.115961	0.42267
5600	2	1.003	0.213757	0.774766	0.904977	0	0.000904977	0.0941176	0.42376
5610	2	1.00401	0.206346	0.770076	0.895255	0	0.00179051	0.102954	0.417367
5620	2	1	0.195436	0.76076	0.883392	0	0.00309187	0.113516	0.411682
5630	1	0.999	0.186756	0.747942	0.881057	0	0.000440529	0.118502	0.408722
5640	1	0.999	0.179362	0.733542	0.879121	0	0.00263736	0.118242	0.403775
5650	1	0.999	0.173192	0.719995	0.885347	0	0.000885347	0.113767	0.413725
5660	1	0.999	0.165658	0.708178	0.879121	0	0.000879121	0.12	0.415592
5670	1	0.999	0.157574	0.701108	0.874891	0	0.00218723	0.122922	0.401216
5680	1	0.999	0.149956	0.683508	0.873744	0	0.000873744	0.125382	0.409069
5690	1	0.999	0.142055	0.668625	0.877963	0	0.00131694	0.12072	0.397856
5700	1	0.999	0.134288	0.657283	0.870701	0	0.000870701	0.128428	0.400255
5710	1	0.999	0.126513	0.647812	0.87108	0	0.00130662	0.127613	0.402086
5720	1	0.999	0.120321	0.649995	0.859107	0	0.00171821	0.139175	0.401416
5730	1	0.999	0.113074	0.630757	0.862441	0	0.000862441	0.136697	0.398422
5740	2	1.001	0.107686	0.629632	0.863185	0	0.00215796	0.134657	0.400163
5750	2	1.01106	0.105361	0.645352	0.849979	0	0.00127497	0.148746	0.40226
5760	2	1.04497	0.113315	0.686333	0.863931	0	0.0012959	0.134773	0.412931
5770	2	1.21118	0.17558	0.975118	0.857633	0	0.000857633	0.141509	0.465217
5780	2	1.76764	0.375413	1.56112	0.909918	0	0.000909918	0.089172	0.595493
5790	2	1.9653	0.597452	1.97788	0.951022	0	0.00190204	0.0470756	0.700961
5800	2	1.75741	0.706369	2.10867	0.975134	0	0.000975134	0.0238908	0.731008
5810	2	1.55984	0.778666	2.14423	0.981354	0	0.00147203	0.0171737	0.749263
5820	2	1.33213	0.857726	2.15555	0.983768	0	0.0029513	0.0132809	0.763934
5830	2	1.26526	0.88104	2.15023	0.985707	0	0.00197141	0.0123213	0.760683
5840	2	1.22663	0.894125	2.14153	0.988142	0	0.000988142	0.0108696	0.765476
5850	2	1.13049	0.930838	2.13339	0.986193	0	0.00591716	0.00788955	0.752872
5860	2	1.18418	0.908241	2.1356	0.98912	0	0.00148368	0.00939664	0.766646
5870	2	1.14401	0.922937	2.12354	0.987654	0	0.00148148	0.0108642	0.757531
5880	2	1.13836	0.923843	2.12209	0.992556	0	0.00347395	0.00397022	0.756081
5890	2	1.09294	0.940039	2.11518	0.986193	0	0.00345168	0.010355	0.750678
5900	2	1.11933	0.928093	2.11365	0.987167	0	0.00148075	0.0113524	0.75153
5910	2	1.08968	0.938406	2.10792	0.990589	0	0.00198118	0.00742942	0.761642
5920	2	1.11047	0.928115	2.10414	0.989609	0	0.00296883	0.00742207	0.755257
5930	2	1.11047	0.926714	2.09686	0.991572	0	0.000991572	0.00743679	0.758792
5940	2	1.10058	0.929261	2.10711	0.987654	0	0.00197531	0.0103704	0.751124
5950	4	1.08024	0.939707	2.11213	0.98668	0	0.00049334	0.0128268	0.754876
5960	2	1.04288	0.950394	2.08083	0.988142	0	0.00247036	0.00938735	0.747008
5970	2	1.03045	0.954641	2.0782	0.988142	0	0.00247036	0.00938735	0.751544
5980	2	1.06179	0.939398	2.07271	0.99108	0	0.00297324	0.00594648	0.74699
5990	2	1.03872	0.94751	2.06753	0.990589	0	0.00297177	0.00643883	0.742241
6000	2	1.03561	0.946371	2.06899	0.991572	0	0.00247893	0.00594943	0.750136
6010	2	1.0408	0.942985	2.06344	0.991572	0	0.00247893	0.00594943	0.741364
6020	2	1.02224	0.949573	2.07084	0.985707	0	0.00344998	0.0108428	0.734618
6030	2	1.06285	0.929542	2.07339	0.99108	0	0.00297324	0.00594648	0.745442
6040	3	1.11786	0.910617	2.09833	0.988631	0	0.00197726	0.00939199	0.739266
6050	3	1.08588	0.922663	2.10139	0.984737	0	0.00295421	0.0123092	0.737452
6060	2	1.10058	0.909655	2.1572	0.990099	0	0.0019802	0.00792079	0.736785
6070	2	1.11933	0.900691	2.07901	0.985707	0	0.00246427	0.0118285	0.731998
6080	2	1.06285	0.920284	2.06939	0.985222	0	0.00197044	0.0128079	0.737138
6090	2	1.03148	0.931531	2.04687	0.990589	0	0.00247647	0.00693413	0.730889
6100	2	1.05335	0.919857	2.05386	0.987167	0	0.00444225	0.00839092	0.725308
6110	2	1.07244	0.910485	2.06185	0.987167	0	0.00394867	0.0088845	0.726655
6120	2	1.02736	0.926268	2.11119	0.99108	0	0.00049554	0.00842418	0.732718
6130	2	1.00904	0.930572	2.04025	0.985222	0	0.00147783	0.0133005	0.729693
6140	2	1.00803	0.928874	2.03469	0.984737	0	0.00295421	0.0123092	0.720002
6150	2	1.00702	0.927246	2.03998	0.98668	0	0.00394672	0.00937346	0.722021
6160	2	1.00803	0.925879	2.03557	0.989609	0	0.00296883	0.00742207	0.711779
6170	2	1.00401	0.924848	2.03705	0.983768	0	0.00541072	0.0108214	0.722141
6180	1	0.999	0.924545	2.02192	0.987654	0	0.00345679	0.00888889	0.709673
6190	1	0.999	0.920231	2.02892	0.98668	0	0.00197336	0.0113468	0.711573
6200	1	0.999	0.917633	2.00852	0.984252	0	0.00246063	0.0132874	0.706627
6210	1	0.999	0.915612	2.02195	0.984252	0	0.00147638	0.0142717	0.709692
6220	1	0.999	0.914072	2.01812	0.986193	0	0.00197239	0.0118343	0.709845
6230	1	0.999	0.910008	2.00013	0.983768	0	0.00196754	0.0142646	0.702169
6240	1	0.999	0.905652	1.9952	0.981836	0	0.00490918	0.0132548	0.707511
6250	1	0.999	0.900399	1.98653	0.983768	0	0.00541072	0.0108214	0.707314
6260	1	0.999	0.896615	1.97535	0.987167	0	0.000987167	0.011846	0.690792
6270	1	0.999	0.892489	1.97876	0.981354	0	0	0.0186457	0.697514
6280	1	0.999	0.888517	1.97558	0.978953	0	0.00244738	0.0186001	0.694491
6290	1	0.999	0.884519	1.96138	0.982318	0	0.00343811	0.0142436	0.694691
6300	1	0.999	0.880804	1.95564	0.984252	0	0.00147638	0.0142717	0.680051
6310	1	0.999	0.877945	1.97172	0.976086	0	0.00390434	0.0200098	0.696048
6320	1	0.999	0.874208	1.93791	0.984737	0	0.00246184	0.0128016	0.682499
6330	1	0.999	0.870827	1.95394	0.976562	0	0.00390625	0.0195312	0.683328
6340	1	0.999	0.865864	1.94235	0.982318	0	0.00196464	0.0157171	0.671955
6350	1	0.999	0.862675	1.93228	0.982318	0	0	0.0176817	0.687961
6360	1	0.999	0.857191	1.95216	0.974184	0	0.00389674	0.0219191	0.6735
6370	1	0.999	0.852215	1.93442	0.980392	0	0.00196078	0.0176471	0.666401
6380	1	0.999	0.847191	1.92839	0.979432	0	0.00489716	0.0156709	0.668213
6390	1	0.999	0.843771	1.91095	0.984737	0	0.00295421	0.0123092	0.669037
6400	1	0.999	0.840138	1.91688	0.978953	0	0.00293686	0.0181106	0.675159
6410	1	0.999	0.836736	1.89896	0.981836	0	0.00245459	0.0157094	0.673409
6420	1	0.999	0.832237	1.87664	0.984252	0	0.00442913	0.0113189	0.670529
6430	1	0.999	0.828149	1.86673	0.984252	0	0.00393701	0.011811	0.667381
6440	1	0.999	0.823819	1.86423	0.981354	0	0.000981354	0.0176644	0.666049
6450	1	0.999	0.819881	1.86704	0.977517	0	0.00342131	0.0190616	0.657719
6460	3	1.00401	0.816182	1.86548	0.983284	0	0.00294985	0.013766	0.654473
6470	1	0.999	0.811381	1.85448	0.978474	0	0.00244618	0.0190802	0.663444
6480	1	0.999	0.806566	1.84088	0.97561	0	0.00341463	0.0209756	0.656956
6490	1	0.999	0.802199	1.82401	0.982318	0	0.00343811	0.0142436	0.645413
6500	1	0.999	0.796912	1.81842	0.979912	0	0.000979912	0.0191083	0.649394
6510	1	0.999	0.792561	1.81117	0.979912	0	0.00244978	0.0176384	0.646249
6520	1	0.999	0.789599	1.79674	0.985222	0	0.000492611	0.0142857	0.643446
6530	1	0.999	0.784831	1.80625	0.976562	0	0.00292969	0.0205078	0.637486
6540	1	0.999	0.779158	1.87395	0.97229	0	0.00194458	0.0257657	0.648024
6550	1	0.999	0.775737	1.79806	0.969462	0	0.00678623	0.0237518	0.643604
6560	1	0.999	0.769147	1.76941	0.97561	0	0.00243902	0.0219512	0.641579
6570	1	0.999	0.763114	1.74208	0.980392	0	0.00196078	0.0176471	0.639603
6580	1	0.999	0.757061	1.74843	0.974659	0	0.00341131	0.0219298	0.630106
6590	1	0.999	0.752006	1.72987	0.972763	0	0.00145914	0.0257782	0.637698
6600	1	0.999	0.747036	1.70078	0.976562	0	0.00244141	0.0209961	0.63176
6610	1	0.999	0.743164	1.6952	0.976562	0	0.00341797	0.0200195	0.630498
6620	1	0.999	0.737896	1.69375	0.970874	0	0.00145631	0.0276699	0.630156
6630	1	0.999	0.73184	1.67002	0.973236	0	0.00194647	0.0248175	0.628948
6640	1	0.999	0.726663	1.66264	0.968992	0	0.00290698	0.0281008	0.625374
6650	1	0.999	0.721004	1.64265	0.97561	0	0.00097561	0.0234146	0.631064
6660	1	0.999	0.714672	1.63193	0.975134	0	0.0029254	0.0219405	0.624381
6670	1	0.999	0.709317	1.62297	0.97229	0	0.00388916	0.0238211	0.622613
6680	1	0.999	0.703407	1.6064	0.97561	0	0.00146341	0.0229268	0.624491
6690	1	0.999	0.700404	1.65605	0.97371	0	0.00146056	0.0248296	0.622384
6700	1	0.999	0.694378	1.6492	0.972763	0	0.00145914	0.0257782	0.621975
6710	2	1.001	0.687719	1.64967	0.967586	0	0.000967586	0.0314465	0.608499
6720	1	0.999	0.68279	1.59387	0.971345	0	0.00242836	0.0262263	0.618298
6730	1	0.999	0.677137	1.5614	0.974659	0	0.00146199	0.0238791	0.614229
6740	1	0.999	0.670887	1.56938	0.968523	0	0.00145278	0.0300242	0.591095
6750	1	0.999	0.665943	1.60083	0.969462	0	0.00387785	0.0266602	0.591303
6760	1	0.999	0.660734	1.59245	0.970403	0	0.000485201	0.0291121	0.602119
6770	1	0.999	0.651866	1.52439	0.974184	0	0.000974184	0.0248417	0.599032
6780	1	0.999	0.646886	1.56015	0.966651	0	0.00289995	0.0304495	0.591213
6790	1	0.999	0.640975	1.50307	0.973236	0	0.000486618	0.0262774	0.592776
6800	1	0.999	0.635724	1.54844	0.968992	0	0.00193798	0.0290698	0.597902
6810	2	1	0.630521	1.49296	0.969932	0	0.00193986	0.028128	0.594393
6820	2	1.00501	0.625655	1.4909	0.968523	0	0.00242131	0.0290557	0.593949
6830	1	0.999	0.617906	1.47805	0.963391	0	0.00144509	0.0351638	0.581275
6840	1	0.999	0.614417	1.47242	0.963391	0	0.00385356	0.0327553	0.582429
6850	1	0.999	0.607803	1.45555	0.969462	0	0.00193892	0.0285991	0.578553
6860	1	0.999	0.601479	1.44533	0.967118	0	0.00145068	0.0314313	0.573502
6870	1	0.999	0.594674	1.43921	0.962464	0	0.00192493	0.0356112	0.578638
6880	1	0.999	0.585687	1.42299	0.96432	0	0.0024108	0.033269	0.581415
6890	1	0.999	0.577523	1.40347	0.968054	0	0.00193611	0.0300097	0.568483
6900	1	0.999	0.570473	1.39162	0.966651	0	0.00289995	0.0304495	0.565899
6910	1	0.999	0.565844	1.39597	0.958313	0	0.00239578	0.0392908	0.563419
6920	2	1	0.560156	1.38506	0.965251	0	0.00144788	0.0333012	0.566085
6930	1	0.999	0.552529	1.36746	0.961076	0	0.00288323	0.0360404	0.554593
6940	1	0.999	0.544726	1.34842	0.96432	0	0.00144648	0.0342334	0.562712
6950	1	0.999	0.539278	1.41325	0.965717	0	0.000482859	0.0338001	0.555929
6960	1	0.999	0.532376	1.33525	0.959233	0	0.00191847	0.0388489	0.551205
6970	1	0.999	0.52693	1.32625	0.959693	0	0.00383877	0.0364683	0.554424
6980	1	0.999	0.520416	1.31184	0.959693	0	0.00143954	0.0388676	0.541946
6990	1	0.999	0.514815	1.30127	0.961538	0	0.00144231	0.0370192	0.545886
7000	1	0.999	0.506253	1.29973	0.95511	0	0.00334288	0.0415473	0.547041
7010	1	0.999	0.499599	1.27762	0.961538	0	0.00240385	0.0360577	0.529952
7020	1	0.999	0.492904	1.27812	0.946522	0	0.0023663	0.0511122	0.537525
7030	1	0.999	0.485253	1.26929	0.945626	0	0.00378251	0.050591	0.539802
7040	1	0.999	0.477921	1.24443	0.954198	0	0.0014313	0.0443702	0.539876
7050	1	0.999	0.472933	1.23593	0.954654	0	0.00190931	0.0434368	0.532987
7060	1	0.999	0.466895	1.21712	0.956938	0	0.00334928	0.0397129	0.525706
7070	2	1	0.460487	1.22004	0.953289	0	0.00238322	0.0443279	0.52732
7080	1	0.999	0.451161	1.19804	0.954654	0	0.000477327	0.0448687	0.526473
7090	1	0.999	0.442723	1.19491	0.938086	0	0.00234522	0.0595685	0.529419
7100	2	1	0.435163	1.17615	0.95057	0	0.00190114	0.0475285	0.529546
7110	1	0.999	0.429016	1.17	0.941176	0	0.00282353	0.056	0.528847
7120	1	0.999	0.421587	1.15221	0.936768	0	0.0028103	0.0604215	0.527174
7130	1	0.999	0.415444	1.12248	0.953289	0	0.00142993	0.0452812	0.529042
7140	1	0.999	0.409321	1.10516	0.953289	0	0.00190658	0.0448046	0.521111
7150	1	0.999	0.402471	1.09601	0.942507	0	0.00377003	0.0537229	0.517482
7160	1	0.999	0.393978	1.0763	0.944733	0	0.00330657	0.0519603	0.508761
7170	1	0.999	0.38576	1.05858	0.943841	0	0.00519113	0.0509674	0.520205
7180	1	0.999	0.379377	1.05517	0.938086	0	0.00281426	0.0590994	0.512894
7190	1	0.999	0.374092	1.04919	0.932401	0	0.0013986	0.0662005	0.506619
7200	1	0.999	0.364669	1.00943	0.950119	0	0.000950119	0.0489311	0.506625
7210	1	0.999	0.356202	1.00493	0.942951	0	0.00235738	0.0546912	0.495287
7220	1	0.999	0.34733	1.01157	0.927214	0	0.00139082	0.0713955	0.486814
7230	1	0.999	0.340987	1.02942	0.927644	0	0.00278293	0.0695733	0.488826
7240	1	0.999	0.33307	1.00546	0.933707	0	0.000933707	0.0653595	0.481628
7250	1	0.999	0.325958	0.997969	0.928074	0	0.0037123	0.0682135	0.476477
7260	2	1.001	0.320198	0.995039	0.924642	0	0.00323625	0.0721221	0.476392
7270	2	1.00401	0.312971	0.99021	0.925069	0	0.00231267	0.0726179	0.477887
7280	1	0.999	0.30304	0.958678	0.934579	0	0.00186916	0.0635514	0.473994
7290	1	0.999	0.293412	0.939374	0.933707	0	0.00140056	0.0648926	0.468523
7300	1	0.999	0.285274	0.940494	0.919118	0	0.00229779	0.0785846	0.451237
7310	1	0.999	0.277873	0.921003	0.925069	0	0.00323774	0.0716929	0.461611
7320	1	0.999	0.269902	0.914391	0.914913	0	0.000914913	0.084172	0.459647
7330	1	0.999	0.261786	0.894403	0.918274	0	0.000459137	0.0812672	0.451348
7340	1	0.999	0.254167	0.878341	0.919963	0	0.00413983	0.075897	0.451354
7350	1	0.999	0.246893	0.872011	0.906618	0	0.00226655	0.0911151	0.439726
7360	1	0.999	0.241149	0.852923	0.911993	0	0.00273598	0.0852713	0.451348
7370	1	0.999	0.23245	0.829006	0.919963	0	0.00275989	0.0772769	0.439694
7380	1	0.999	0.224664	0.815209	0.910747	0	0.00318761	0.0860656	0.440365
7390	1	0.999	0.216742	0.811558	0.901307	0	0.000901307	0.0977918	0.436283
7400	1	0.999	0.208641	0.79938	0.896861	0	0.00134529	0.101794	0.427845
7410	1	0.999	0.200244	0.770407	0.891663	0	0.00222916	0.106108	0.407781
7420	1	0.999	0.193229	0.762928	0.887705	0	0.00133156	0.110963	0.410769
7430	2	1.00702	0.188436	0.788931	0.882223	0	0.00176445	0.116012	0.403429
7440	2	1.01714	0.185134	0.791943	0.87222	0	0.00174444	0.126036	0.410193
7450	2	1.09294	0.205683	0.931349	0.880669	0	0.001321	0.11801	0.429594
7460	2	1.44193	0.318716	1.35943	0.890869	0	0.0013363	0.107795	0.512113
7470	2	1.86874	0.465545	1.76461	0.938527	0	0.00281558	0.0586579	0.605665
7480	3	1.98214	0.615857	2.15326	0.968054	0	0.00242014	0.0295257	0.692827
7490	2	1.85082	0.690791	2.20315	0.967118	0	0.000483559	0.0323985	0.718768
7500	2	1.70927	0.743371	2.18139	0.973236	0	0.00194647	0.0248175	0.718168
7510	2	1.58559	0.784013	2.15892	0.977995	0	0.00440098	0.0176039	0.734863
7520	2	1.40329	0.84189	2.16396	0.985222	0	0.00147783	0.0133005	0.751751
7530	2	1.39175	0.844793	2.25618	0.98668	0	0.00345338	0.0098668	0.754008
7540	2	1.27995	0.880947	2.15513	0.990099	0	0.0019802	0.00792079	0.763765
7550	2	1.12937	0.933509	2.10736	0.988631	0	0.00148295	0.00988631	0.75069
7560	2	1.09294	0.945932	2.11526	0.99108	0	0.0024777	0.00644202	0.7652
7570	2	1.10387	0.940919	2.10702	0.987167	0	0.00394867	0.0088845	0.764135
7580	2	1.16683	0.916311	2.12752	0.988631	0	0.00197726	0.00939199	0.760781
7590	2	1.18884	0.907253	2.11719	0.987654	0	0.00345679	0.00888889	0.758169
7600	3	1.12288	0.931848	2.09532	0.98912	0	0.00197824	0.00890208	0.76705
7610	2	1.13498	0.925335	2.11845	0.98668	0	0.00542674	0.00789344	0.757123
7620	2	1.23022	0.889357	2.11895	0.98912	0	0.00197824	0.00890208	0.751143
7630	2	1.23142	0.886911	2.12224	0.987167	0	0.00148075	0.0113524	0.755398
7640	2	1.18651	0.901062	2.10111	0.985222	0	0.00246305	0.0123153	0.746507
7650	2	1.27137	0.870005	2.1318	0.986193	0	0.00295858	0.0108481	0.757048
7660	2	1.16913	0.904417	2.09512	0.990589	0	0.000990589	0.00842001	0.749481
7670	2	1.06498	0.940694	2.07705	0.987654	0	0.00197531	0.0103704	0.746493
7680	2	1.0523	0.944091	2.0564	0.989609	0	0.00296883	0.00742207	0.74925
7690	2	1.0141	0.956717	2.05133	0.988631	0	0.00247158	0.00889768	0.751203
7700	2	1.01005	0.956302	2.05319	0.984737	0	0.00393895	0.0113245	0.750557
7710	2	1.02224	0.950546	2.05048	0.98912	0	0.00098912	0.0098912	0.751944
7720	2	1.02839	0.945964	2.04255	0.988631	0	0.00197726	0.00939199	0.749986
7730	2	1.0481	0.937007	2.06122	0.985222	0	0.00394089	0.0108374	0.746584
7740	2	1.0481	0.934771	2.0496	0.992556	0	0.000992556	0.00645161	0.736948
7750	2	1.05968	0.927754	2.05757	0.987654	0	0.00197531	0.0103704	0.741177
7760	2	1.01106	0.944132	2.02786	0.989609	0	0.00346363	0.00692726	0.744091
7770	2	1.00904	0.942683	2.03551	0.984737	0	0.00246184	0.0128016	0.733646
7780	2	1.00702	0.940592	2.02162	0.990099	0	0.000990099	0.00891089	0.733291
7790	2	1.0202	0.933181	2.02625	0.985222	0	0.00394089	0.0108374	0.726247
7800	2	1.01005	0.933278	2.0233	0.984737	0	0.00295421	0.0123092	0.730397
7810	2	1.00401	0.932953	2.00943	0.988631	0	0.00395452	0.00741473	0.735251
7820	2	1.00602	0.928611	2.00853	0.987167	0	0.00148075	0.0113524	0.728452
7830	2	1.002	0.927117	2.00089	0.987654	0	0.00148148	0.0108642	0.729889
7840	1	0.999	0.923901	1.99561	0.98668	0	0.0024667	0.0108535	0.726939
7850	1	0.999	0.920693	1.9802	0.987167	0	0.00148075	0.0113524	0.720358
7860	2	1.001	0.918071	2.00111	0.981354	0	0.00392542	0.0147203	0.723605
7870	2	1.001	0.915005	1.97471	0.990589	0	0.00148588	0.00792472	0.718159
7880	2	1.002	0.911799	1.99144	0.988631	0	0.00197726	0.00939199	0.722265
7890	1	0.999	0.907084	1.9782	0.987167	0	0.00246792	0.0103653	0.715945
7900	1	0.999	0.905358	1.97826	0.984252	0	0.00295276	0.0127953	0.702644
7910	1	0.999	0.903681	1.97894	0.980873	0	0.00245218	0.0166748	0.714348
7920	1	0.999	0.90076	1.97527	0.978953	0	0.00391581	0.0171317	0.706206
7930	1	0.999	0.894751	1.95517	0.98668	0	0.00197336	0.0113468	0.705568
7940	1	0.999	0.892327	1.95559	0.985222	0	0.00344828	0.01133	0.695547
7950	1	0.999	0.888827	2.02911	0.985222	0	0.00246305	0.0123153	0.713756
7960	1	0.999	0.88676	1.94782	0.983768	0	0.00196754	0.0142646	0.702106
7970	1	0.999	0.883754	1.94182	0.984252	0	0.00147638	0.0142717	0.692685
7980	1	0.999	0.878668	1.93259	0.987167	0	0.00148075	0.0113524	0.694507
7990	1	0.999	0.87591	1.93767	0.982318	0	0.000491159	0.0171906	0.696305
8000	1	0.999	0.87313	1.92595	0.984737	0	0.00295421	0.0123092	0.690677
8010	1	0.999	0.867875	1.9154	0.985222	0	0.00246305	0.0123153	0.688898
8020	1	0.999	0.861937	1.92372	0.978474	0	0.00489237	0.0166341	0.688587
8030	1	0.999	0.85688	1.90834	0.983284	0	0.00147493	0.0152409	0.680171
8040	1	0.999	0.851206	1.89958	0.984252	0	0.00344488	0.0123031	0.682634
8050	1	0.999	0.846956	1.89194	0.983768	0	0.00245942	0.0137727	0.691893
8060	1	0.999	0.842681	1.88418	0.985222	0	0.00147783	0.0133005	0.681474
8070	1	0.999	0.83801	1.88183	0.982318	0	0.00343811	0.0142436	0.674682
8080	1	0.999	0.833275	1.88627	0.976086	0	0.0034163	0.0204978	0.67612
8090	1	0.999	0.826668	1.86545	0.981836	0	0.00294551	0.0152185	0.667958
8100	1	0.999	0.822959	1.85699	0.981836	0	0.000981836	0.0171821	0.668182
8110	1	0.999	0.818733	1.85309	0.977517	0	0.00342131	0.0190616	0.66361
8120	1	0.999	0.815148	1.84323	0.978953	0	0.00244738	0.0186001	0.663312
8130	1	0.999	0.811138	1.82945	0.982318	0	0.00294695	0.0147348	0.649948
8140	1	0.999	0.8051	1.82487	0.981836	0	0.00196367	0.0162003	0.654683
8150	1	0.999	0.801376	1.82364	0.978474	0	0.00195695	0.0195695	0.65438
8160	1	0.999	0.797824	1.8109	0.982801	0	0.000982801	0.0162162	0.650053
8170	1	0.999	0.79285	1.80464	0.982801	0	0.002457	0.014742	0.655148
8180	1	0.999	0.786625	1.80378	0.97561	0	0.00243902	0.0219512	0.639757
8190	2	1	0.782065	1.80114	0.97704	0	0.00341964	0.0195408	0.646381
8200	1	0.999	0.779038	1.78881	0.976086	0	0.00195217	0.0219619	0.640576
8210	1	0.999	0.773242	1.7672	0.981354	0	0.00196271	0.016683	0.640566
8220	1	0.999	0.769272	1.7777	0.970403	0	0.00194081	0.0276565	0.637613
8230	1	0.999	0.761328	1.74121	0.980873	0	0.00196175	0.0171653	0.635034
8240	2	1	0.756556	1.74086	0.973236	0	0.00291971	0.0238443	0.630182
8250	2	1.001	0.753298	1.72308	0.978474	0	0.00293542	0.018591	0.629407
8260	1	0.999	0.748498	1.71093	0.976086	0	0.00244021	0.0214739	0.63349
8270	1	0.999	0.740095	1.69707	0.974659	0	0.00146199	0.0238791	0.621418
8280	1	0.999	0.73505	1.68244	0.973236	0	0.00194647	0.0248175	0.626726
8290	1	0.999	0.728948	1.67152	0.972763	0	0.00291829	0.0243191	0.614635
8300	1	0.999	0.723164	1.65402	0.972763	0	0.00340467	0.0238327	0.62234
8310	1	0.999	0.716798	1.63574	0.972763	0	0.00340467	0.0238327	0.617594
8320	1	0.999	0.707718	1.62003	0.973236	0	0.00145985	0.0253041	0.617863
8330	1	0.999	0.701786	1.60413	0.974659	0	0.00194932	0.0233918	0.61047
8340	1	0.999	0.69666	1.59702	0.970874	0	0.00242718	0.026699	0.607644
8350	1	0.999	0.691091	1.58052	0.975134	0	0.00195027	0.0229157	0.6085
8360	1	0.999	0.686463	1.57383	0.975134	0	0.000975134	0.0238908	0.615489
8370	1	0.999	0.680915	1.56651	0.972763	0	0.00291829	0.0243191	0.610887
8380	1	0.999	0.675056	1.56786	0.967118	0	0.00290135	0.0299807	0.607887
8390	1	0.999	0.671747	1.5574	0.970874	0	0.00145631	0.0276699	0.595783
8400	1	0.999	0.664263	1.54123	0.973236	0	0.00243309	0.0243309	0.60348
8410	1	0.999	0.656973	1.53452	0.968523	0	0.000968523	0.0305085	0.600478
8420	1	0.999	0.65224	1.53355	0.964785	0	0.00337675	0.0318379	0.587597
8430	1	0.999	0.645459	1.50682	0.974184	0	0.000974184	0.0248417	0.597269
8440	1	0.999	0.638139	1.49536	0.969462	0	0.00339312	0.0271449	0.597202
8450	1	0.999	0.630563	1.4902	0.967118	0	0.00145068	0.0314313	0.580608
8460	1	0.999	0.624116	1.4852	0.965251	0	0.00434363	0.0304054	0.591371
8470	1	0.999	0.618317	1.46865	0.969462	0	0.00484731	0.0256907	0.585596
8480	2	1.001	0.611166	1.45207	0.97371	0	0.00146056	0.0248296	0.576306
8490	1	0.999	0.603513	1.44452	0.968992	0	0.00145349	0.0295543	0.579875
8500	1	0.999	0.598428	1.43864	0.962927	0	0.00240732	0.0346654	0.573933
8510	1	0.999	0.591048	1.42843	0.963855	0	0.000963855	0.0351807	0.571165
8520	1	0.999	0.583561	1.41841	0.962464	0	0.00240616	0.0351299	0.571327
8530	1	0.999	0.577665	1.40907	0.962001	0	0.001924	0.036075	0.564306
8540	1	0.999	0.571537	1.39636	0.962927	0	0.00288878	0.0341839	0.569519
8550	1	0.999	0.565909	1.38845	0.960615	0	0.00240154	0.0369837	0.56615
8560	1	0.999	0.557845	1.3648	0.964785	0	0.00241196	0.0328027	0.555041
8570	1	0.999	0.550715	1.36489	0.960154	0	0.00192031	0.0379261	0.55979
8580	1	0.999	0.543224	1.34495	0.964785	0	0.00144718	0.0337675	0.555958
8590	1	0.999	0.534536	1.33651	0.957396	0	0.00287219	0.0397319	0.548181
8600	1	0.999	0.526286	1.31837	0.960615	0	0.000960615	0.0384246	0.540989
8610	1	0.999	0.517211	1.30126	0.961076	0	0.00288323	0.0360404	0.545044
8620	1	0.999	0.51033	1.29547	0.956023	0	0.00334608	0.040631	0.539135
8630	1	0.999	0.502695	1.29018	0.946522	0	0.0023663	0.0511122	0.539059
8640	1	0.999	0.49466	1.27173	0.951022	0	0.00285307	0.0461246	0.539256
8650	1	0.999	0.48772	1.25632	0.95511	0	0.000477555	0.0444126	0.531987
8660	1	0.999	0.479771	1.24419	0.951475	0	0.00142721	0.047098	0.533511
8670	1	0.999	0.472818	1.23273	0.954198	0	0.0023855	0.043416	0.528163
8680	1	0.999	0.463622	1.21418	0.952835	0	0.00238209	0.0447832	0.535918
8690	1	0.999	0.457329	1.21074	0.949217	0	0.00237304	0.0484101	0.522813
8700	1	0.999	0.450318	1.1965	0.948767	0	0.00189753	0.0493359	0.53333
8710	1	0.999	0.440799	1.17461	0.95057	0	0.00380228	0.0456274	0.524512
8720	1	0.999	0.431947	1.16128	0.94697	0	0.00473485	0.0482955	0.518542
8730	1	0.999	0.423633	1.14294	0.949217	0	0.00332226	0.0474608	0.527638
8740	1	0.999	0.417624	1.11193	0.953289	0	0.00190658	0.0448046	0.516271
8750	1	0.999	0.411074	1.10614	0.94518	0	0.00094518	0.0538752	0.522518
8760	1	0.999	0.40428	1.09552	0.943841	0	0.00330345	0.0528551	0.511447
8770	2	1.001	0.397494	1.11337	0.94162	0	0.00329567	0.0550847	0.508079
8780	1	0.999	0.38926	1.0548	0.950119	0	0.000950119	0.0489311	0.514834
8790	1	0.999	0.381993	1.05342	0.938527	0	0.00187705	0.0595964	0.512121
8800	1	0.999	0.37458	1.02869	0.944733	0	0.000944733	0.0543222	0.511554
8810	1	0.999	0.365314	1.02458	0.936768	0	0.00327869	0.0599532	0.497533
8820	1	0.999	0.359082	1.00888	0.935891	0	0.00187178	0.0622368	0.504293
8830	1	0.999	0.351953	0.987944	0.949217	0	0.00284765	0.0479355	0.498423
8840	1	0.999	0.342436	0.979508	0.93985	0	0	0.0601504	0.501017
8850	1	0.999	0.336364	0.96995	0.938086	0	0.00281426	0.0590994	0.488971
8860	1	0.999	0.327894	0.956111	0.937647	0	0.00234412	0.0600094	0.493537
8870	1	0.999	0.319393	0.944857	0.932836	0	0.00186567	0.0652985	0.489143
8880	1	0.999	0.309956	0.932607	0.930665	0	0.00232666	0.0670079	0.492063
8890	1	0.999	0.302045	0.912493	0.937207	0	0.000937207	0.0618557	0.489793
8900	2	1.001	0.295137	0.91701	0.923788	0	0.00138568	0.0748268	0.480786
8910	2	1.00501	0.29001	0.898675	0.931532	0	0.000465766	0.0680019	0.476301
8920	2	1.00803	0.283831	0.89891	0.932401	0	0.0018648	0.0657343	0.474541
8930	1	0.999	0.273043	0.866603	0.919963	0	0.00183993	0.0781969	0.466836
8940	1	0.999	0.265694	0.853037	0.922935	0	0.00369174	0.0733733	0.462658
8950	1	0.999	0.257638	0.832038	0.925926	0	0.00231481	0.0717593	0.459035
8960	1	0.999	0.249561	0.815636	0.928074	0	0.00278422	0.0691415	0.458873
8970	1	0.999	0.242405	0.800266	0.922509	0	0.00276753	0.0747232	0.455191
8980	1	0.999	0.233583	0.79934	0.903751	0	0.00451875	0.0917307	0.45191
8990	1	0.999	0.225494	0.777626	0.912409	0	0.00319343	0.0843978	0.4541
9000	1	0.999	0.21739	0.758271	0.91954	0	0.00183908	0.0786207	0.442979
9010	1	0.999	0.210061	0.839933	0.902935	0	0.00180587	0.0952596	0.440615
9020	1	0.999	0.20429	0.736139	0.911577	0	0.00273473	0.0856882	0.43258
9030	1	0.999	0.196368	0.742654	0.892857	0	0.00223214	0.104911	0.425289
9040	1	0.999	0.187487	0.724977	0.890869	0	0	0.109131	0.422242
9050	1	0.999	0.179882	0.718906	0.886132	0	0.00177226	0.112096	0.408852
9060	1	0.999	0.171758	0.708001	0.879894	0	0.000879894	0.119226	0.407842
9070	1	0.999	0.163736	0.686288	0.884173	0	0.000442087	0.115385	0.412697
9080	1	0.999	0.157693	0.681516	0.87604	0	0.00175208	0.122208	0.39776
9090	1	0.999	0.151118	0.657936	0.892459	0	0.00133869	0.106203	0.400797
9100	2	1	0.144499	0.663054	0.872981	0	0.00218245	0.124836	0.398418
9110	1	0.999	0.137182	0.65716	0.865052	0	0.00216263	0.132785	0.391657
9120	1	0.999	0.12911	0.652754	0.843882	0	0.00253165	0.153586	0.388769
9130	1	0.999	0.122569	0.650668	0.87108	0	0.00087108	0.128049	0.384729
9140	1	0.999	0.115685	0.642724	0.863185	0	0.000431593	0.136383	0.395246
9150	1	0.999	0.108238	0.639873	0.852152	0	0.00255646	0.145292	0.400221
9160	1	0.999	0.101658	0.614079	0.881057	0	0.000440529	0.118502	0.39689
9170	1	0.999	0.0947849	0.602921	0.882613	0	0.000441306	0.116946	0.413482
9180	1	0.999	0.0887844	0.588453	0.887311	0	0.000443656	0.112245	0.418297
9190	1	0.999	0.083453	0.582697	0.897666	0	0.000897666	0.101436	0.432493
9200	1	0.999	0.0788044	0.571114	0.904977	0	0	0.0950226	0.433901
9210	1	0.999	0.0741958	0.572015	0.891663	0	0	0.108337	0.446066
9220	1	0.999	0.0686918	0.569112	0.891663	0	0	0.108337	0.430858
9230	2	1.001	0.0635942	0.5732	0.878735	0	0.000878735	0.120387	0.436451
9240	1	0.999	0.0561106	0.561504	0.866927	0	0	0.133073	0.472453
9250	1	0.999	0.0508554	0.559302	0.860215	0	0	0.139785	0.502811
9260	1	0.999	0.0460355	0.556828	0.854701	0	0	0.145299	0.539155
9270	1	0.999	0.0413132	0.549159	0.853606	0	0.000426803	0.145967	0.595325
9280	1	0.999	0.0379402	0.547059	0.849618	0	0.000849618	0.149533	0.643255
9290	1	0.999	0.0347711	0.542458	0.855066	0	0.000427533	0.144506	0.700358
9300	1	0.999	0.0322974	0.550412	0.823384	0	0.00123508	0.175381	0.734712
9310	1	0.999	0.0299262	0.538937	0.845666	0	0.00338266	0.150951	0.762416
9320	1	0.999	0.0279827	0.544422	0.83612	0	0.00292642	0.160953	0.79371
9330	1	0.999	0.0256091	0.540686	0.834725	0	0.00500835	0.160267	0.816157
9340	3	1.00804	0.0281054	0.559091	0.837521	0	0.00251256	0.159966	0.842665
9350	3	1.03772	0.0405844	0.621061	0.851064	0	0.00468085	0.144255	0.864743
9360	3	1.29122	0.147164	0.994513	0.876424	0	0.00306748	0.120508	0.847738
9370	3	1.73855	0.311138	1.53435	0.908265	0	0.00227066	0.0894641	0.814044
9380	3	2.10516	0.477006	1.95156	0.94518	0	0.00236295	0.0524575	0.787417
9390	3	1.95202	0.65785	2.14828	0.969932	0	0.00242483	0.0276431	0.778429
9400	3	1.66392	0.765823	2.19729	0.983284	0	0.00147493	0.0152409	0.765942
9410	3	1.44847	0.83438	2.24701	0.981836	0	0.00294551	0.0152185	0.757931
9420	3	1.37356	0.874995	2.29084	0.985707	0	0.00394283	0.0103499	0.761176
9430	3	1.42943	0.860151	2.29806	0.992556	0	0.000992556	0.00645161	0.757413
9440	3	1.3772	0.894148	2.29953	0.987654	0	0.00444444	0.00790123	0.760193
9450	3	1.3871	0.900084	2.34623	0.992063	0	0.000992063	0.00694444	0.750492
9460	3	1.36384	0.902803	2.3224	0.988631	0	0.00296589	0.00840336	0.753781
9470	3	1.41123	0.911041	2.44266	0.98668	0	0.00345338	0.0098668	0.758279
9480	3	1.40664	0.912749	2.38928	0.98668	0	0.00296004	0.0103601	0.75993
9490	3	1.49133	0.890735	2.41022	0.98912	0	0.00148368	0.00939664	0.754102
9500	3	1.45047	0.888073	2.38652	0.982318	0	0.0024558	0.0152259	0.748143
9510	3	1.57875	0.884848	2.45643	0.988631	0	0.00197726	0.00939199	0.748629
9520	3	1.66293	0.868799	2.53863	0.985222	0	0.00295567	0.0118227	0.747848
9530	3	1.6668	0.87683	2.57609	0.979432	0	0.00342801	0.0171401	0.758048
9540	4	1.60493	0.884519	2.55103	0.987654	0	0.00197531	0.0103704	0.75422
9550	3	1.42324	0.888046	2.46663	0.988142	0	0.00296443	0.00889328	0.737895
9560	3	1.33532	0.894226	2.31292	0.984252	0	0.00442913	0.0113189	0.743321
9570	3	1.24114	0.915937	2.31426	0.982801	0	0.0014742	0.0157248	0.741793
9580	3	1.26414	0.92885	2.32226	0.987167	0	0.0029615	0.00987167	0.736546
9590	3	1.22776	0.94342	2.32842	0.98912	0	0.0024728	0.00840752	0.743241
9600	3	1.24005	0.9346	2.34798	0.986193	0	0.00295858	0.0108481	0.735742
9610	3	1.25074	0.943792	2.35242	0.988631	0	0.00247158	0.00889768	0.740695
9620	3	1.17604	0.942761	2.30271	0.987167	0	0.00148075	0.0113524	0.73291
9630	3	1.20218	0.943842	2.34108	0.985222	0	0.00197044	0.0128079	0.729953
9640	3	1.2016	0.945231	2.3462	0.990099	0	0.00247525	0.00742574	0.741985
9650	3	1.14869	0.939613	2.27898	0.981836	0	0.00441826	0.0137457	0.727623
9660	3	1.18802	0.942869	2.33057	0.98668	0	0.00296004	0.0103601	0.729233
9670	3	1.16463	0.952911	2.37349	0.989609	0	0.00148441	0.00890648	0.726377
9680	2	1.21236	0.952529	2.39863	0.981836	0	0.00490918	0.0132548	0.732028
9690	2	1.1749	0.949417	2.31573	0.987167	0	0.00444225	0.00839092	0.727447
9700	2	1.15994	0.945641	2.30384	0.992556	0	0	0.00744417	0.729412
9710	2	1.14174	0.942375	2.29767	0.98668	0	0.00098668	0.0123335	0.714766
9720	2	1.09839	0.938673	2.21557	0.990589	0	0.00198118	0.00742942	0.718458
9730	2	1.12044	0.936747	2.23361	0.98912	0	0	0.0108803	0.713702
9740	2	1.19001	0.934423	2.31503	0.983768	0	0.000983768	0.0152484	0.714334
9750	2	1.18768	0.931889	2.32134	0.989609	0	0.000989609	0.00940129	0.709587
9760	2	1.2531	0.929888	2.44302	0.983768	0	0.000983768	0.0152484	0.714365
9770	2	1.23982	0.92761	2.3671	0.979432	0	0.00538688	0.0151812	0.707603
9780	2	1.26161	0.922891	2.41722	0.986193	0	0.00345168	0.010355	0.710139
9790	2	1.2531	0.920148	2.4097	0.981354	0	0.000981354	0.0176644	0.700765
9800	2	1.20645	0.916394	2.34948	0.984252	0	0.00246063	0.0132874	0.700658
9810	2	1.17953	0.912339	2.30505	0.985707	0	0.00147856	0.0128142	0.700312
9820	2	1.19001	0.910403	2.31675	0.986193	0	0.00394477	0.00986193	0.691502
9830	2	1.24947	0.906404	2.38503	0.987654	0	0.00148148	0.0108642	0.698079
9840	2	1.33968	0.905044	2.45685	0.985222	0	0.00344828	0.01133	0.681196
9850	2	1.30963	0.900189	2.41184	0.987654	0	0.00148148	0.0108642	0.685713
9860	2	1.29474	0.896916	2.45309	0.978474	0	0.00293542	0.018591	0.681624
9870	2	1.15765	0.890701	2.2589	0.980873	0	0.00196175	0.0171653	0.68413
9880	2	1.15765	0.886937	2.23608	0.984252	0	0.000984252	0.0147638	0.679693
9890	2	1.19821	0.885996	2.25125	0.983768	0	0.000983768	0.0152484	0.675666
9900	3	1.1905	0.883161	2.29711	0.977995	0	0.00195599	0.0200489	0.677484
9910	3	1.36929	0.884503	2.47085	0.979912	0	0.000979912	0.0191083	0.682779
9920	3	1.26545	0.879163	2.34442	0.982801	0	0.0029484	0.0142506	0.676578
9930	2	1.27382	0.876867	2.3197	0.975134	0	0.00341297	0.0214529	0.669437
9940	2	1.27749	0.875365	2.3891	0.976086	0	0.000976086	0.022938	0.673348
9950	2	1.30963	0.873035	2.39338	0.97704	0	0.00195408	0.0210064	0.680947
9960	2	1.31461	0.869948	2.40474	0.978474	0	0.00489237	0.0166341	0.669749
9970	2	1.33088	0.867923	2.39573	0.979912	0	0.00244978	0.0176384	0.670634
9980	2	1.36752	0.865743	2.414	0.981836	0	0.00196367	0.0162003	0.670004
9990	2	1.3422	0.859655	2.43145	0.97704	0	0.00146556	0.0214949	0.666552
