Generation number	Total number of allele	Diversity	Activity	Time	Fertility rate	2 DSB on one site rate	No DSB rate	No symmetrical sites (binding + DSB) rate	q
0	1	1	0.99991	2.17026	0.992556	0	0.00148883	0.00595533	0.787471
10	1	1	0.998815	2.17077	0.990589	0	0.000990589	0.00842001	0.783169
20	1	1	0.997695	2.16516	0.988631	0	0.00197726	0.00939199	0.780118
30	1	1	0.996389	2.16561	0.99108	0	0.00198216	0.00693756	0.774902
40	1	1	0.995258	2.16605	0.99108	0	0.00198216	0.00693756	0.773553
50	1	1	0.994416	2.16632	0.990589	0	0.00346706	0.00594354	0.774983
60	1	1	0.993316	2.16986	0.987167	0	0.0029615	0.00987167	0.767585
70	1	1	0.99245	2.15618	0.993049	0	0.00148957	0.00546177	0.773762
80	1	1	0.991035	2.16325	0.988142	0	0.00247036	0.00938735	0.767615
90	1	1	0.989701	2.16265	0.987167	0	0.00542942	0.00740375	0.773032
100	1	1	0.988916	2.16701	0.98912	0	0.00346192	0.0074184	0.768319
110	1	1	0.987199	2.16401	0.988142	0	0.00247036	0.00938735	0.777413
120	1	1	0.985929	2.1694	0.985222	0	0.00344828	0.01133	0.766565
130	1	1	0.984881	2.1597	0.988142	0	0.0034585	0.00839921	0.770967
140	1	1	0.983288	2.15786	0.988142	0	0.00296443	0.00889328	0.765886
150	1	1	0.981864	2.15114	0.990589	0	0.00148588	0.00792472	0.770606
160	1	1	0.980835	2.14348	0.990099	0	0.0019802	0.00792079	0.759515
170	1	1	0.979235	2.16266	0.984737	0	0.0014771	0.0137863	0.769539
180	1	1	0.978058	2.14633	0.988631	0	0.00444884	0.00692042	0.754845
190	1	1	0.976063	2.16352	0.985707	0	0.00591424	0.00837851	0.76879
200	1	1	0.974434	2.14496	0.993049	0	0.000993049	0.00595829	0.756806
210	1	1	0.97143	2.152	0.990099	0	0.000990099	0.00891089	0.753829
220	1	1	0.970405	2.13844	0.989609	0	0.00197922	0.00841168	0.754786
230	1	1	0.968408	2.1309	0.98912	0	0.00098912	0.0098912	0.760635
240	1	1	0.966998	2.13314	0.98912	0	0.00296736	0.00791296	0.757651
250	1	1	0.965103	2.13355	0.989609	0	0.00148441	0.00890648	0.750238
260	1	1	0.963417	2.13463	0.987167	0	0.000987167	0.011846	0.755345
270	1	1	0.961393	2.13075	0.990099	0	0.00445545	0.00544554	0.746846
280	1	1	0.95876	2.12267	0.990099	0	0.00148515	0.00841584	0.744512
290	1	1	0.956756	2.12152	0.990099	0	0.0029703	0.00693069	0.74769
300	1	1	0.955938	2.13169	0.986193	0	0.00394477	0.00986193	0.750743
310	1	1	0.954204	2.10604	0.99108	0	0.00198216	0.00693756	0.745493
320	1	1	0.95214	2.11114	0.990589	0	0.00346706	0.00594354	0.741387
330	1	1	0.948418	2.11997	0.988631	0	0.000988631	0.0103806	0.738827
340	1	1	0.94545	2.11682	0.987654	0	0.00395062	0.00839506	0.736987
350	1	1	0.943124	2.10325	0.990099	0	0.0019802	0.00792079	0.734974
360	1	1	0.940478	2.10442	0.988142	0	0.00148221	0.0103755	0.737401
370	1	1	0.937671	2.10061	0.988142	0	0.000988142	0.0108696	0.728157
380	1	1	0.93531	2.08582	0.991572	0	0.00148736	0.006941	0.732984
390	1	1	0.931561	2.08355	0.98912	0	0.0024728	0.00840752	0.726623
400	1	1	0.929459	2.09086	0.985222	0	0.00246305	0.0123153	0.728316
410	1	1	0.92695	2.08635	0.987654	0	0.00197531	0.0103704	0.730771
420	1	1	0.924593	2.09378	0.988631	0	0.00148295	0.00988631	0.721095
430	1	1	0.920945	2.07588	0.988631	0	0.00197726	0.00939199	0.727693
440	1	1	0.917191	2.06897	0.990099	0	0.00148515	0.00841584	0.715034
450	1	1	0.912829	2.08512	0.977995	0	0.00244499	0.0195599	0.722968
460	1	1	0.90994	2.06313	0.983284	0	0.00196657	0.0147493	0.709584
470	1	1	0.906575	2.06587	0.98668	0	0.00197336	0.0113468	0.708874
480	1	1	0.90298	2.06215	0.981836	0	0.00392734	0.0142366	0.705239
490	1	1	0.899949	2.05323	0.984252	0	0.0019685	0.0137795	0.7147
500	1	1	0.897891	2.04842	0.985707	0	0.00147856	0.0128142	0.703095
510	1	1	0.895814	2.04004	0.987654	0	0.000987654	0.011358	0.710189
520	1	1	0.892965	2.04353	0.984252	0	0.00246063	0.0132874	0.699749
530	1	1	0.890262	2.03265	0.985707	0	0.00344998	0.0108428	0.703429
540	1	1	0.88583	2.02763	0.985707	0	0.00197141	0.0123213	0.703136
550	1	1	0.88337	2.03305	0.983768	0	0.0029513	0.0132809	0.703601
560	1	1	0.881255	2.01961	0.985707	0	0.000985707	0.013307	0.70127
570	1	1	0.877996	2.02076	0.982318	0	0.00442043	0.0132613	0.692112
580	1	1	0.876153	2.01502	0.984252	0	0.00147638	0.0142717	0.692653
590	1	1	0.871657	2.01886	0.979912	0	0.000979912	0.0191083	0.698877
600	1	1	0.867406	2.01404	0.979912	0	0.00293974	0.0171485	0.688867
610	1	1	0.865485	2.00602	0.979912	0	0.0044096	0.0156786	0.693608
620	1	1	0.861518	1.99756	0.980873	0	0.00196175	0.0171653	0.693417
630	1	1	0.857058	1.99045	0.982801	0	0.002457	0.014742	0.68961
640	1	1	0.852965	1.98745	0.981354	0	0.00343474	0.015211	0.69207
650	1	1	0.848731	1.98397	0.979432	0	0.00195886	0.0186092	0.697465
660	1	1	0.842446	1.98145	0.976562	0	0.00390625	0.0195312	0.684505
670	1	1	0.838193	1.96638	0.980873	0	0.000980873	0.0181462	0.680498
680	1	1	0.834975	1.96361	0.978474	0	0.00195695	0.0195695	0.677424
690	1	1	0.8308	1.94569	0.984252	0	0.00147638	0.0142717	0.667465
700	1	1	0.826291	1.93748	0.985707	0	0.00147856	0.0128142	0.679922
710	1	1	0.821184	1.942	0.97704	0	0.00341964	0.0195408	0.665561
720	1	1	0.817525	1.93126	0.981836	0	0.00343643	0.0147275	0.6658
730	1	1	0.812343	1.92242	0.979912	0	0.00244978	0.0176384	0.669822
740	1	1	0.805831	1.91121	0.979912	0	0.00195982	0.0181284	0.666385
750	1	1	0.800288	1.88842	0.985222	0	0.00197044	0.0128079	0.66606
760	1	1	0.795418	1.88444	0.983768	0	0.00196754	0.0142646	0.662056
770	1	1	0.789658	1.88419	0.97704	0	0.00293112	0.0200293	0.65949
780	1	1	0.785319	1.86767	0.982318	0	0.00147348	0.0162083	0.653452
790	1	1	0.780835	1.85999	0.979912	0	0.00146987	0.0186183	0.653455
800	1	1	0.775535	1.85531	0.978474	0	0.00195695	0.0195695	0.6548
810	1	1	0.769397	1.83794	0.979912	0	0.00195982	0.0181284	0.656708
820	1	1	0.763234	1.82446	0.97371	0	0.00194742	0.0243427	0.64906
830	1	1	0.759174	1.8149	0.979432	0	0.00146915	0.0190989	0.642901
840	1	1	0.751359	1.79534	0.973236	0	0.00194647	0.0248175	0.64769
850	1	1	0.74556	1.77498	0.977995	0	0.00146699	0.0205379	0.637252
860	1	1	0.739733	1.76385	0.972763	0	0.00389105	0.0233463	0.634993
870	1	1	0.731526	1.73812	0.977995	0	0.00342298	0.0185819	0.628396
880	1	1	0.726931	1.72889	0.97704	0	0.00293112	0.0200293	0.629285
890	1	1	0.722864	1.71657	0.976562	0	0.000488281	0.0229492	0.62955
900	1	1	0.717316	1.72774	0.977995	0	0.00488998	0.0171149	0.630831
910	1	1	0.711915	1.69623	0.97704	0	0	0.0229604	0.624809
920	1	1	0.708118	1.69725	0.971817	0	0.00194363	0.0262391	0.635079
930	1	1	0.705185	1.67614	0.976086	0	0.00146413	0.02245	0.625885
940	1	1	0.699633	1.68311	0.966651	0	0.0019333	0.0314161	0.621692
950	1	1	0.694966	1.67897	0.968523	0	0.00435835	0.0271186	0.629097
960	1	1	0.685754	1.65071	0.971345	0	0.00291404	0.0257407	0.620621
970	1	1	0.679169	1.63434	0.976562	0	0.00341797	0.0200195	0.613344
980	1	1	0.673848	1.66283	0.964785	0	0.00434153	0.0308731	0.608989
990	1	1	0.665794	1.61623	0.97371	0	0.00243427	0.0238559	0.602716
1000	1	1	0.657854	1.61156	0.968523	0	0.00290557	0.0285714	0.60617
1010	1	1	0.653376	1.61472	0.966184	0	0.00193237	0.0318841	0.59726
1020	1	1	0.648685	1.58471	0.973236	0	0.00145985	0.0253041	0.606175
1030	1	1	0.641859	1.57486	0.968523	0	0.00435835	0.0271186	0.602259
1040	1	1	0.635844	1.56969	0.96432	0	0.00337512	0.0323047	0.591333
1050	1	1	0.627981	1.55214	0.971345	0	0.00291404	0.0257407	0.593602
1060	1	1	0.62061	1.53849	0.970403	0	0.00194081	0.0276565	0.595768
1070	1	1	0.615943	1.52596	0.969932	0	0.00242483	0.0276431	0.599864
1080	1	1	0.610075	1.52279	0.968523	0	0.00145278	0.0300242	0.585927
1090	1	1	0.602974	1.50592	0.963855	0	0.000963855	0.0351807	0.581137
1100	1	1	0.596119	1.48384	0.971345	0	0.000485673	0.028169	0.593528
1110	1	1	0.58952	1.48927	0.962464	0	0.00288739	0.0346487	0.577538
1120	1	1	0.582976	1.47594	0.96432	0	0.00048216	0.0351977	0.589511
1130	1	1	0.576123	1.46434	0.965717	0	0.00241429	0.0318687	0.5735
1140	1	1	0.568476	1.44621	0.965717	0	0.00482859	0.0294544	0.575498
1150	1	1	0.559674	1.42251	0.97229	0	0.00194458	0.0257657	0.564259
1160	1	1	0.551868	1.41903	0.967586	0	0.000967586	0.0314465	0.579922
1170	1	1	0.545077	1.41897	0.960615	0	0.00144092	0.0379443	0.565609
1180	1	1	0.538464	1.40668	0.956938	0	0.00334928	0.0397129	0.563615
1190	1	1	0.531686	1.38778	0.965717	0	0.00144858	0.0328344	0.549635
1200	1	1	0.52269	1.37033	0.962001	0	0.001924	0.036075	0.562206
1210	1	1	0.515576	1.36386	0.962464	0	0.00192493	0.0356112	0.562437
1220	1	1	0.509407	1.34589	0.96432	0	0.0024108	0.033269	0.555762
1230	1	1	0.504436	1.34453	0.962464	0	0.0014437	0.0360924	0.546202
1240	1	1	0.498243	1.32863	0.961076	0	0.000961076	0.0379625	0.552395
1250	1	1	0.488995	1.3145	0.961076	0	0.000480538	0.0384431	0.542675
1260	1	1	0.482207	1.31909	0.95057	0	0.00095057	0.0484791	0.54538
1270	1	1	0.473435	1.29909	0.954654	0	0.00286396	0.0424821	0.544892
1280	1	1	0.465463	1.2802	0.95511	0	0.00191022	0.0429799	0.541944
1290	1	1	0.45762	1.27262	0.949668	0	0.00237417	0.0479582	0.53323
1300	1	1	0.45106	1.2618	0.951022	0	0.00190204	0.0470756	0.524503
1310	1	1	0.444811	1.22741	0.966184	0	0.00193237	0.0318841	0.53054
1320	1	1	0.435956	1.22043	0.95511	0	0.00286533	0.0420248	0.519475
1330	1	1	0.429155	1.21917	0.94518	0	0.00141777	0.0534026	0.522636
1340	1	1	0.421279	1.2078	0.937647	0	0.00234412	0.0600094	0.513064
1350	1	1	0.411331	1.18546	0.93985	0	0.0018797	0.0582707	0.5114
1360	1	1	0.402874	1.15793	0.94697	0	0.00236742	0.0506629	0.494357
1370	1	1	0.395209	1.14188	0.935891	0	0.00233973	0.0617688	0.499422
1380	1	1	0.385785	1.11902	0.943841	0	0.000943841	0.0552147	0.503783
1390	1	1	0.377717	1.10392	0.942063	0	0.00423928	0.0536976	0.50023
1400	1	1	0.369875	1.09148	0.936768	0	0.00187354	0.0613583	0.500179
1410	1	1	0.361318	1.08293	0.931532	0	0.00186306	0.0666046	0.49717
1420	1	1	0.353308	1.0683	0.930665	0	0.000930665	0.0684039	0.488801
1430	1	1	0.344679	1.05122	0.938967	0	0.00328638	0.0577465	0.491003
1440	1	1	0.337949	1.04127	0.938086	0	0.00234522	0.0595685	0.498332
1450	1	1	0.329311	1.01459	0.938967	0	0.00187793	0.0591549	0.485576
1460	1	1	0.319702	1.01129	0.927214	0	0.00370885	0.0690774	0.485815
1470	1	1	0.311295	0.994567	0.929368	0	0.0027881	0.0678439	0.479287
1480	1	1	0.303176	0.971199	0.944733	0	0.0014171	0.0538498	0.487851
1490	1	1	0.294581	0.953636	0.939408	0	0.00187882	0.058713	0.483543
1500	1	1	0.286662	0.965288	0.91659	0	0.00274977	0.0806599	0.473132
1510	1	1	0.27884	0.934768	0.928074	0	0.00232019	0.0696056	0.470484
1520	1	1	0.269984	0.916096	0.931532	0	0.0027946	0.065673	0.474594
1530	1	1	0.261665	0.897421	0.925926	0	0.00138889	0.0726852	0.471623
1540	1	1	0.255258	0.883535	0.930665	0	0.001396	0.0679386	0.473819
1550	1	1	0.244827	0.863646	0.922084	0	0.00184417	0.0760719	0.467447
1560	1	1	0.236706	0.850488	0.92081	0	0.00138122	0.0778085	0.467759
1570	1	1	0.229265	0.820918	0.931099	0	0.00139665	0.0675047	0.471102
1580	1	1	0.222274	0.821889	0.919118	0	0.000459559	0.0804228	0.459484
1590	1	1	0.214594	0.812685	0.907029	0	0.00226757	0.0907029	0.447722
1600	1	1	0.206335	0.792431	0.913242	0	0.00182648	0.0849315	0.451444
1610	1	1	0.197655	0.781431	0.917011	0	0.00275103	0.0802384	0.439684
1620	1	1	0.190515	0.770579	0.914077	0	0.00137112	0.0845521	0.445554
1630	1	1	0.18307	0.770847	0.898473	0	0.00224618	0.0992812	0.439969
1640	1	1	0.175303	0.753665	0.898069	0	0.00179614	0.100135	0.445702
1650	1	1	0.168328	0.739596	0.901307	0	0.00135196	0.0973411	0.426926
1660	1	1	0.160769	0.734006	0.88968	0	0.00266904	0.107651	0.41742
1670	1	1	0.152931	0.72568	0.883392	0	0.00176678	0.114841	0.409576
1680	1	1	0.145828	0.713301	0.877963	0	0.000877963	0.121159	0.404141
1690	1	1	0.137009	0.707887	0.866551	0	0.00216638	0.131282	0.399508
1700	1	1	0.128221	0.692802	0.861698	0	0	0.138302	0.386143
1710	1	1	0.119935	0.700666	0.835771	0	0.00125366	0.162975	0.383646
1720	1	1	0.11165	0.679403	0.853971	0	0.000853971	0.145175	0.378288
1730	1	1	0.102654	0.660074	0.856164	0	0.000428082	0.143408	0.389665
1740	1	1	0.0941313	0.64601	0.855066	0	0.0012826	0.143651	0.394029
1750	1	1	0.0859275	0.63461	0.867679	0	0.000867679	0.131453	0.399263
1760	1	1	0.07845	0.616478	0.877578	0	0.000438789	0.121983	0.40749
1770	1	1	0.0727162	0.613103	0.860215	0	0.000860215	0.138925	0.413181
1780	1	1	0.0658362	0.611116	0.855432	0	0	0.144568	0.417804
1790	1	1	0.0586662	0.591142	0.87108	0	0	0.12892	0.425667
1800	1	1	0.05243	0.589888	0.851064	0	0	0.148936	0.468237
1810	1	1	0.0473275	0.58654	0.855432	0	0.000427716	0.14414	0.524133
1820	1	1	0.0437563	0.584081	0.843526	0	0	0.156474	0.559817
1830	1	1	0.0404388	0.57247	0.859107	0	0.000429553	0.140464	0.59071
1840	1	1	0.0376212	0.570934	0.860585	0	0	0.139415	0.6309
1850	1	1	0.0349975	0.569118	0.853606	0	0.00128041	0.145113	0.651856
1860	1	1	0.032495	0.568262	0.850702	0	0.00127605	0.148022	0.684368
1870	1	1	0.0295963	0.56915	0.847817	0	0.00127173	0.150911	0.722564
1880	1	1	0.02712	0.566197	0.840689	0	0.00126103	0.15805	0.768352
1890	1	1	0.025265	0.555863	0.853242	0	0.00170648	0.145051	0.808996
1900	1	1	0.0236875	0.56443	0.84246	0	0.00210615	0.155434	0.833843
1910	1	1	0.0222575	0.560602	0.848176	0	0.00339271	0.148431	0.849614
1920	1	1	0.0214337	0.555924	0.842815	0	0.00252845	0.154657	0.85891
1930	1	1	0.0208175	0.567801	0.832293	0	0.0062422	0.161465	0.873089
1940	1	1	0.0200687	0.559659	0.841397	0	0.00336559	0.155238	0.877396
1950	1	1	0.01959	0.557048	0.84246	0	0.0042123	0.153328	0.882919
1960	1	1	0.0191013	0.560448	0.850702	0	0.00340281	0.145895	0.893876
1970	1	1	0.0187163	0.553933	0.849257	0	0.00509554	0.145648	0.893494
1980	1	1	0.0178263	0.555143	0.838574	0	0.00377358	0.157652	0.901308
1990	1	1	0.0170112	0.556253	0.841043	0	0.00714886	0.151808	0.911848
2000	1	1	0.0169688	0.560053	0.832639	0	0.00457952	0.162781	0.906701
2010	1	1	0.01669	0.557408	0.834725	0	0.00292154	0.162354	0.911411
2020	1	1	0.0161563	0.549095	0.848176	0	0.00296862	0.148855	0.912919
2030	1	1	0.0158812	0.551427	0.846382	0	0.00507829	0.14854	0.9191
2040	1	1	0.0156687	0.555684	0.840689	0	0.00504414	0.154266	0.923383
2050	1	1	0.0153612	0.543779	0.846382	0	0.0046551	0.148963	0.917298
2060	1	1	0.0146838	0.558698	0.834725	0	0.00292154	0.162354	0.920975
2070	1	1	0.01432	0.55939	0.834725	0	0.00417362	0.161102	0.926635
2080	1	1	0.0140912	0.54924	0.835771	0	0.00835771	0.155871	0.930815
2090	1	1	0.0138963	0.563242	0.826446	0	0.00330579	0.170248	0.93119
2100	1	1	0.01372	0.549186	0.853242	0	0.00426621	0.142491	0.933145
2110	1	1	0.0134538	0.551	0.845309	0	0.00591716	0.148774	0.935458
2120	1	1	0.0131225	0.55756	0.834376	0	0.00458907	0.161035	0.93917
2130	1	1	0.0127212	0.553651	0.838926	0	0.00545302	0.155621	0.94248
2140	1	1	0.0124275	0.561623	0.828157	0	0.0057971	0.166046	0.945802
2150	1	1	0.0123675	0.549095	0.838223	0	0.00670578	0.155071	0.945317
2160	1	1	0.0120375	0.554494	0.838926	0	0.00545302	0.155621	0.950008
2170	1	1	0.0117813	0.555981	0.835771	0	0.00543251	0.158796	0.950302
2180	1	1	0.0113075	0.540915	0.852515	0	0.0059676	0.141517	0.947408
2190	1	1	0.0108637	0.552867	0.837872	0	0.00670297	0.155425	0.9585
2200	1	1	0.0107175	0.557402	0.831255	0	0.00540316	0.163342	0.960525
2210	1	1	0.01048	0.556557	0.825083	0	0.00660066	0.168317	0.964983
2220	1	1	0.010315	0.556847	0.831601	0	0.00540541	0.162994	0.969217
2230	1	1	0.0103225	0.553179	0.838223	0	0.00544845	0.156329	0.961433
2240	1	1	0.0099675	0.551659	0.839631	0	0.00587741	0.154492	0.9708
2250	1	1	0.00973375	0.559492	0.831255	0	0.00665004	0.162095	0.97395
2260	1	1	0.009485	0.553176	0.837872	0	0.0058651	0.156263	0.976683
2270	1	1	0.00917125	0.55059	0.841397	0	0.00631048	0.152293	0.978292
2280	1	1	0.00906875	0.549642	0.829531	0	0.00705102	0.163418	0.981183
2290	1	1	0.00878625	0.557025	0.83091	0	0.00664728	0.162443	0.976917
2300	1	1	0.00850875	0.546573	0.853971	0	0.00640478	0.139624	0.980217
2310	1	1	0.00844625	0.543659	0.847458	0	0.0059322	0.14661	0.983058
2320	1	1	0.0081025	0.559672	0.85034	0	0.0042517	0.145408	0.98235
2330	1	1	0.00796125	0.553455	0.833681	0	0.00541892	0.1609	0.986558
2340	1	1	0.0077975	0.542377	0.847817	0	0.0050869	0.147096	0.985967
2350	1	1	0.00767	0.547639	0.841043	0	0.00714886	0.151808	0.987942
2360	1	1	0.0076775	0.547281	0.845309	0	0.00422654	0.150465	0.987242
2370	1	1	0.00756625	0.543066	0.851064	0	0.00765957	0.141277	0.985525
2380	1	1	0.00755	0.553967	0.827472	0	0.00703351	0.165494	0.989708
2390	1	1	0.00721875	0.549108	0.841043	0	0.00714886	0.151808	0.988458
2400	1	1	0.00707375	0.55386	0.833681	0	0.00666945	0.15965	0.989517
2410	1	1	0.00709875	0.548501	0.84674	0	0.00550381	0.147756	0.990267
2420	1	1	0.0071275	0.552512	0.831947	0	0.00665557	0.161398	0.9885
2430	1	1	0.0068925	0.552642	0.83612	0	0.00710702	0.156773	0.98985
2440	1	1	0.0067625	0.55109	0.829187	0	0.00704809	0.163765	0.990275
2450	1	1	0.00676875	0.548229	0.83612	0	0.00752508	0.156355	0.99195
2460	1	1	0.0068775	0.552474	0.83647	0	0.00460059	0.158929	0.992083
2470	1	1	0.00692875	0.546335	0.83682	0	0.00585774	0.157322	0.990542
2480	1	1	0.0069	0.549415	0.831255	0	0.00581879	0.162926	0.991608
2490	1	1	0.00689875	0.548592	0.847817	0	0.00635863	0.145825	0.991742
2500	1	1	0.00673375	0.555534	0.828844	0	0.0103605	0.160796	0.992292
2510	1	1	0.006555	0.544369	0.85034	0	0.00765306	0.142007	0.991683
2520	1	1	0.00646375	0.543797	0.846382	0	0.00423191	0.149386	0.991975
2530	1	1	0.00645875	0.557903	0.834376	0	0.00667501	0.158949	0.991967
2540	1	1	0.00645	0.552967	0.834725	0	0.00709516	0.15818	0.992
2550	1	1	0.006325	0.544218	0.83682	0	0.00753138	0.155649	0.993825
2560	1	1	0.00640125	0.558216	0.82713	0	0.00992556	0.162945	0.991733
2570	1	1	0.0063825	0.543353	0.848536	0	0.00763683	0.143827	0.993117
2580	1	1	0.00611875	0.54154	0.852878	0	0.00639659	0.140725	0.99465
2590	1	1	0.006	0.551341	0.840336	0	0.00672269	0.152941	0.993783
2600	1	1	0.00601	0.542065	0.844951	0	0.00549218	0.149556	0.994183
2610	1	1	0.00588125	0.557383	0.826788	0	0.00744109	0.165771	0.994108
2620	1	1	0.0058175	0.550323	0.83717	0	0.00753453	0.155295	0.993567
2630	1	1	0.0057425	0.548416	0.838223	0	0.00419111	0.157586	0.994117
2640	1	1	0.00572625	0.551249	0.837521	0	0.00921273	0.153266	0.996425
2650	1	1	0.00560875	0.544139	0.841751	0	0.00925926	0.14899	0.994708
2660	1	1	0.0055525	0.551954	0.835771	0	0.00501463	0.159214	0.994483
2670	1	1	0.0056225	0.554082	0.831947	0	0.0062396	0.161814	0.994775
2680	1	1	0.0054875	0.544938	0.850702	0	0.00978307	0.139515	0.994333
2690	1	1	0.00539875	0.544676	0.848176	0	0.00678541	0.145038	0.996258
2700	1	1	0.00539125	0.541805	0.855798	0	0.00941378	0.134788	0.994592
2710	1	1	0.00534	0.548494	0.841397	0	0.00336559	0.155238	0.994275
2720	1	1	0.00530125	0.545812	0.84246	0	0.00673968	0.1508	0.993592
2730	1	1	0.00511875	0.548636	0.826788	0	0.0066143	0.166598	0.995517
2740	1	1	0.005105	0.556576	0.835422	0	0.00626566	0.158312	0.996117
2750	1	1	0.0051875	0.551296	0.827472	0	0.00703351	0.165494	0.995633
2760	1	1	0.0050675	0.548275	0.835073	0	0.0045929	0.160334	0.995292
2770	1	1	0.0050675	0.546488	0.843882	0	0.00970464	0.146414	0.996992
2780	1	1	0.00503625	0.555412	0.82713	0	0.00661704	0.166253	0.996125
2790	1	1	0.00486	0.561026	0.81666	0	0.0081666	0.175174	0.998017
2800	1	1	0.00472625	0.544913	0.85034	0	0.00382653	0.145833	0.995792
2810	1	1	0.00465125	0.54478	0.848536	0	0.00636402	0.1451	0.995867
2820	1	1	0.00448	0.548723	0.835073	0	0.00751566	0.157411	0.997058
2830	1	1	0.004315	0.54409	0.843526	0	0.00590468	0.150569	0.996433
2840	1	1	0.00440875	0.551848	0.834376	0	0.00917814	0.156446	0.99735
2850	1	1	0.00438625	0.548768	0.83612	0	0.00710702	0.156773	0.99615
2860	1	1	0.00433125	0.550613	0.824402	0	0.00741962	0.168178	0.997708
2870	1	1	0.00428625	0.55378	0.832293	0	0.00790678	0.1598	0.997175
2880	1	1	0.00435375	0.550916	0.835073	0	0.0045929	0.160334	0.996717
2890	1	1	0.00439875	0.53611	0.853242	0	0.0059727	0.140785	0.996542
2900	1	1	0.004225	0.549825	0.839278	0	0.00671423	0.154008	0.99775
2910	1	1	0.00428375	0.549005	0.835073	0	0.00793319	0.156994	0.996833
2920	1	1	0.00433625	0.549374	0.830565	0	0.00581395	0.163621	0.997742
2930	1	1	0.0041575	0.551479	0.838574	0	0.00922432	0.152201	0.997042
2940	1	1	0.00410375	0.547603	0.840336	0	0.00588235	0.153782	0.997683
2950	1	1	0.00407875	0.549789	0.835422	0	0.00626566	0.158312	0.997283
2960	1	1	0.0039525	0.553617	0.826788	0	0.00620091	0.167011	0.996708
2970	1	1	0.00386625	0.551229	0.832293	0	0.00832293	0.159384	0.997208
2980	1	1	0.0038675	0.559736	0.820345	0	0.00492207	0.174733	0.99765
2990	1	1	0.00375375	0.539515	0.844951	0	0.00633714	0.148711	0.998492
3000	1	1	0.00378625	0.548696	0.838574	0	0.00587002	0.155556	0.998167
3010	1	1	0.00371625	0.551551	0.832639	0	0.0112406	0.15612	0.998183
3020	1	1	0.00367625	0.541732	0.835073	0	0.00835073	0.156576	0.996808
3030	1	1	0.00366375	0.55217	0.832293	0	0.00582605	0.161881	0.998283
3040	1	1	0.00382625	0.552974	0.831601	0	0.00540541	0.162994	0.997467
3050	1	1	0.00375625	0.552462	0.832639	0	0.00707744	0.160283	0.998358
3060	1	1	0.003725	0.550329	0.837872	0	0.0104734	0.151655	0.997042
3070	1	1	0.0037275	0.546342	0.846382	0	0.00550148	0.148117	0.997942
3080	1	1	0.00361	0.55211	0.832639	0	0.00874271	0.158618	0.998625
3090	1	1	0.0034625	0.548696	0.827815	0	0.00662252	0.165563	0.998858
3100	1	1	0.00342125	0.554239	0.827472	0	0.00910219	0.163426	0.998767
3110	1	1	0.0032525	0.549007	0.83612	0	0.0083612	0.155518	0.998892
3120	1	1	0.00313375	0.544458	0.831601	0	0.00873181	0.159667	0.999067
3130	1	1	0.003155	0.549141	0.82713	0	0.0107527	0.162117	0.999308
3140	1	1	0.00316875	0.552148	0.825423	0	0.00660338	0.167974	0.9989
3150	1	1	0.0030425	0.549311	0.823045	0	0.00658436	0.17037	0.999033
3160	1	1	0.00306875	0.55559	0.820345	0	0.00574241	0.173913	0.998575
3170	1	1	0.00305375	0.547522	0.835422	0	0.00626566	0.158312	0.999358
3180	1	1	0.00291	0.542249	0.839278	0	0.00671423	0.154008	0.998908
3190	1	1	0.0028775	0.539164	0.83647	0	0.00669176	0.156838	0.99915
3200	1	1	0.0027775	0.535802	0.846382	0	0.00592467	0.147694	0.999417
3210	1	1	0.00276125	0.538855	0.834028	0	0.0108424	0.155129	0.999875
3220	1	1	0.00269875	0.538656	0.832293	0	0.00873908	0.158968	0.999375
3230	1	1	0.0026475	0.534502	0.848896	0	0.00509338	0.14601	0.999675
3240	1	1	0.00263375	0.541995	0.831601	0	0.00540541	0.162994	0.9998
3250	1	1	0.0025925	0.538956	0.828844	0	0.00621633	0.16494	1
3260	1	1	0.00260625	0.543977	0.824063	0	0.0065925	0.169345	0.999417
3270	1	1	0.0025475	0.541356	0.832986	0	0.0112453	0.155768	0.999833
3280	1	1	0.0025725	0.540841	0.83647	0	0.00878294	0.154747	0.99975
3290	1	1	0.00258875	0.541732	0.830565	0	0.00789037	0.161545	0.9999
3300	1	1	0.002565	0.540294	0.841397	0	0.00715187	0.151451	0.9999
3310	1	1	0.00255125	0.539122	0.839983	0	0.00923982	0.150777	0.999833
3320	1	1	0.0026025	0.542921	0.829531	0	0.00705102	0.163418	1
3330	1	1	0.0025275	0.536158	0.847099	0	0.00720034	0.145701	0.999875
3340	1	1	0.0025175	0.540738	0.841397	0	0.00757257	0.151031	1
3350	1	1	0.00253125	0.541922	0.841397	0	0.0100968	0.148507	1
3360	1	1	0.0025375	0.540016	0.832639	0	0.00749376	0.159867	0.999875
3370	1	1	0.0025825	0.544571	0.829187	0	0.00580431	0.165008	1
3380	1	1	0.00251875	0.54	0.832639	0	0.0062448	0.161116	1
3390	1	1	0.0025	0.541749	0.834725	0	0.00834725	0.156928	1
3400	1	1	0.0025	0.544244	0.834376	0	0.0070922	0.158531	1
3410	1	1	0.0025	0.551272	0.83612	0	0.00919732	0.154682	1
3420	1	1	0.0025	0.542678	0.841751	0	0.00589226	0.152357	1
3430	1	1	0.0025	0.541769	0.83091	0	0.00747819	0.161612	1
3440	1	1	0.0025	0.538246	0.844595	0	0.00633446	0.149071	1
3450	1	1	0.0025	0.538029	0.83612	0	0.00919732	0.154682	1
3460	1	1	0.0025	0.540793	0.83022	0	0.00622665	0.163553	1
3470	1	1	0.0025	0.544353	0.833333	0	0.00541667	0.16125	1
3480	1	1	0.0025	0.533707	0.843526	0	0.00674821	0.149726	1
3490	1	1	0.0025	0.544244	0.833681	0	0.00750313	0.158816	1
3500	1	1	0.0025	0.540941	0.837872	0	0.00502723	0.157101	1
3510	1	1	0.0025	0.536032	0.843526	0	0.00590468	0.150569	1
3520	1	1	0.0025	0.542178	0.83647	0	0.00752823	0.156002	1
3530	1	1	0.0025	0.537394	0.838574	0	0.00964361	0.151782	1
3540	1	1	0.0025	0.545896	0.830565	0	0.00539867	0.164037	1
3550	1	1	0.0025	0.543209	0.833681	0	0.00708629	0.159233	1
3560	1	1	0.0025	0.541771	0.829876	0	0.00580913	0.164315	1
3570	1	1	0.0025	0.541685	0.838574	0	0.00922432	0.152201	1
3580	1	1	0.0025	0.539601	0.83612	0	0.00919732	0.154682	1
3590	1	1	0.0025	0.541396	0.838223	0	0.00628667	0.15549	1
3600	1	1	0.0025	0.53847	0.839631	0	0.00881612	0.151553	1
3610	1	1	0.0025	0.540447	0.835073	0	0.00793319	0.156994	1
3620	1	1	0.0025	0.54847	0.825764	0	0.00701899	0.167217	1
3630	1	1	0.0025	0.5346	0.843526	0	0.00632644	0.150148	1
3640	1	1	0.0025	0.536384	0.85034	0	0.0085034	0.141156	1
3650	1	1	0.0025	0.539031	0.84317	0	0.00590219	0.150927	1
3660	1	1	0.0025	0.541336	0.838926	0	0.00671141	0.154362	1
3670	1	1	0.0025	0.541285	0.839983	0	0.00377992	0.156237	1
3680	1	1	0.0025	0.539528	0.83647	0	0.00627353	0.157256	1
3690	1	1	0.0025	0.547694	0.825764	0	0.010322	0.163914	1
3700	1	1	0.0025	0.537282	0.841751	0	0.00547138	0.152778	1
3710	1	1	0.0025	0.542124	0.829531	0	0.00580672	0.164662	1
3720	1	1	0.0025	0.549298	0.823723	0	0.00864909	0.167628	1
3730	1	1	0.0025	0.547258	0.821355	0	0.00903491	0.16961	1
3740	1	1	0.0025	0.536364	0.844951	0	0.00549218	0.149556	1
3750	1	1	0.0025	0.541673	0.838223	0	0.00754401	0.154233	1
3760	1	1	0.0025	0.542129	0.835771	0	0.00710405	0.157125	1
3770	1	1	0.0025	0.544951	0.827815	0	0.00786424	0.164321	1
3780	1	1	0.0025	0.542125	0.839983	0	0.00797984	0.152037	1
3790	1	1	0.0025	0.539239	0.839631	0	0.00797649	0.152393	1
3800	1	1	0.0025	0.540505	0.829876	0	0.00622407	0.1639	1
3810	1	1	0.0025	0.536775	0.838926	0	0.00545302	0.155621	1
3820	1	1	0.0025	0.539266	0.845309	0	0.00887574	0.145816	1
3830	1	1	0.0025	0.543937	0.835771	0	0.00543251	0.158796	1
3840	1	1	0.0025	0.538615	0.832986	0	0.00999584	0.157018	1
3850	1	1	0.0025	0.546385	0.827815	0	0.00703642	0.165149	1
3860	1	1	0.0025	0.542321	0.839983	0	0.00713986	0.152877	1
3870	1	1	0.0025	0.538627	0.835771	0	0.00668617	0.157543	1
3880	1	1	0.0025	0.543523	0.835771	0	0.00752194	0.156707	1
3890	1	1	0.0025	0.535884	0.849618	0	0.00764656	0.142736	1
3900	1	1	0.0025	0.541347	0.834376	0	0.00667501	0.158949	1
3910	1	1	0.0025	0.543752	0.828844	0	0.00870286	0.162453	1
3920	1	1	0.0025	0.54661	0.829876	0	0.00705394	0.163071	1
3930	1	1	0.0025	0.544866	0.833681	0	0.010421	0.155898	1
3940	1	1	0.0025	0.539382	0.831255	0	0.00914381	0.159601	1
3950	1	1	0.0025	0.541679	0.837521	0	0.00628141	0.156198	1
3960	1	1	0.0025	0.540122	0.841397	0	0.00631048	0.152293	1
3970	1	1	0.0025	0.538689	0.8285	0	0.00869925	0.1628	1
3980	1	1	0.0025	0.54595	0.832293	0	0.00873908	0.158968	1
3990	1	1	0.0025	0.539267	0.846382	0	0.0046551	0.148963	1
4000	2	1.01107	0.00798831	0.560893	0.838574	0	0.00712788	0.154298	0.997523
4010	2	1.0377	0.02094	0.612451	0.844595	0	0.00844595	0.146959	0.990627
4020	2	1.14523	0.0702136	0.7922	0.858369	0	0.00772532	0.133906	0.966927
4030	2	1.49033	0.208879	1.25395	0.896459	0	0.00358584	0.0999552	0.902349
4040	2	1.99999	0.500176	1.91973	0.94518	0	0.00330813	0.0515123	0.810827
4050	2	1.82501	0.652164	2.11609	0.966651	0	0.00338328	0.0299662	0.77696
4060	2	1.65606	0.723744	2.12762	0.976086	0	0.00146413	0.02245	0.767451
4070	2	1.44362	0.804309	2.1524	0.981354	0	0.00392542	0.0147203	0.760859
4080	2	1.35892	0.835605	2.16391	0.986193	0	0.00147929	0.0123274	0.759696
4090	2	1.28754	0.862498	2.16021	0.986193	0	0.00295858	0.0108481	0.742818
4100	2	1.26545	0.870388	2.14178	0.989609	0	0.000494805	0.00989609	0.747207
4110	2	1.19131	0.900078	2.15364	0.981354	0	0.00441609	0.0142296	0.748984
4120	2	1.17386	0.906158	2.14331	0.985707	0	0.00246427	0.0118285	0.742449
4130	2	1.19952	0.894175	2.13084	0.990099	0	0.00049505	0.00940594	0.749331
4140	2	1.13844	0.919519	2.12782	0.98912	0	0.00296736	0.00791296	0.743353
4150	2	1.15433	0.91139	2.15412	0.98912	0	0.0024728	0.00840752	0.742271
4160	2	1.1475	0.91221	2.13087	0.983284	0	0.00344149	0.0132743	0.746666
4170	2	1.12386	0.921937	2.1099	0.987654	0	0.00395062	0.00839506	0.739492
4180	2	1.16924	0.900827	2.12552	0.988142	0	0.0034585	0.00839921	0.735878
4190	2	1.12163	0.919421	2.11544	0.986193	0	0.00246548	0.0113412	0.73347
4200	2	1.11607	0.920108	2.11378	0.98912	0	0.00148368	0.00939664	0.727804
4210	2	1.10173	0.925109	2.09693	0.990589	0	0.00198118	0.00742942	0.73323
4220	2	1.06714	0.938806	2.10335	0.988631	0	0.00395452	0.00741473	0.729633
4230	2	1.05443	0.943821	2.08171	0.991572	0	0.000495786	0.00793257	0.729171
4240	2	1.07248	0.932619	2.10101	0.985707	0	0.00295712	0.0113356	0.724882
4250	2	1.04918	0.941828	2.08224	0.988142	0	0.00247036	0.00938735	0.733474
4260	2	1.05654	0.936602	2.08128	0.988142	0	0.00247036	0.00938735	0.728111
4270	2	1.11496	0.908148	2.09112	0.988631	0	0.00247158	0.00889768	0.719544
4280	2	1.09626	0.914245	2.08865	0.988142	0	0.0034585	0.00839921	0.722138
4290	2	1.09954	0.910754	2.09765	0.982318	0	0.00343811	0.0142436	0.721596
4300	2	1.05127	0.930398	2.08875	0.983768	0	0.0029513	0.0132809	0.720739
4310	2	1.04499	0.931221	2.07084	0.98912	0	0.00197824	0.00890208	0.712105
4320	2	1.03356	0.933652	2.0645	0.986193	0	0.00197239	0.0118343	0.716792
4330	2	1.02021	0.937097	2.04819	0.98912	0	0.0024728	0.00840752	0.708855
4340	2	1.02738	0.931191	2.05302	0.982801	0	0.0034398	0.0137592	0.707891
4350	2	1.04395	0.920711	2.06248	0.985222	0	0.00147783	0.0133005	0.711655
4360	2	1.04708	0.918315	2.06557	0.982801	0	0.0029484	0.0142506	0.711464
4370	2	1.05654	0.910767	2.04974	0.984252	0	0.0019685	0.0137795	0.705054
4380	2	1.03667	0.917263	2.05955	0.981836	0	0.00245459	0.0157094	0.704235
4390	2	1.04603	0.910412	2.0523	0.983284	0	0.00147493	0.0152409	0.706273
4400	2	1.04186	0.908721	2.04748	0.985222	0	0.000985222	0.0137931	0.695362
4410	2	1.09626	0.881378	2.05453	0.979912	0	0.00195982	0.0181284	0.697336
4420	2	1.10173	0.876429	2.06002	0.981836	0	0.00147275	0.0166912	0.696586
4430	2	1.08648	0.880196	2.04794	0.977517	0	0.00488759	0.0175953	0.688237
4440	2	1.08215	0.878923	2.02673	0.981354	0	0.00441609	0.0142296	0.690136
4450	2	1.09954	0.869029	2.03821	0.980392	0	0.00196078	0.0176471	0.688526
4460	2	1.09626	0.868298	2.02733	0.983284	0	0.00147493	0.0152409	0.677969
4470	2	1.11496	0.857803	2.03005	0.980392	0	0.00294118	0.0166667	0.67864
4480	2	1.12497	0.851002	2.04793	0.975134	0	0.00682594	0.01804	0.689009
4490	2	1.18663	0.823279	2.04294	0.982801	0	0.0029484	0.0142506	0.685125
4500	2	1.09299	0.85647	2.01259	0.979432	0	0.00440744	0.0161606	0.673591
4510	2	1.11164	0.845003	2.00985	0.983768	0	0.00147565	0.0147565	0.680592
4520	2	1.07034	0.858115	1.99424	0.983768	0	0.00147565	0.0147565	0.678329
4530	2	1.03978	0.865588	1.98498	0.979432	0	0.00195886	0.0186092	0.670895
4540	2	1.01309	0.872688	1.97009	0.978474	0	0.00391389	0.0176125	0.664672
4550	2	1.01006	0.870363	1.96296	0.978474	0	0.00293542	0.018591	0.665801
4560	2	1.01919	0.860621	1.95786	0.979912	0	0.00146987	0.0186183	0.670078
4570	2	1.0377	0.850274	1.95517	0.981354	0	0.00196271	0.016683	0.663758
4580	2	1.01309	0.855282	1.94527	0.978953	0	0.00293686	0.0181106	0.657926
4590	2	1.00301	0.854728	1.93686	0.978953	0	0.00146843	0.0195791	0.646405
4600	2	1.00703	0.848068	1.93343	0.978953	0	0.00195791	0.0190896	0.653924
4610	2	1.01919	0.839988	1.93718	0.974659	0	0.00146199	0.0238791	0.651112
4620	2	1.01919	0.837338	1.92419	0.978953	0	0.00244738	0.0186001	0.649926
4630	2	1.03978	0.825399	1.92268	0.981836	0	0.00294551	0.0152185	0.648189
4640	2	1.02635	0.827291	1.92151	0.97371	0	0.00340798	0.0228822	0.657129
4650	2	1	0.832829	1.89837	0.978474	0	0.00440313	0.0171233	0.649423
4660	2	1	0.826002	1.89487	0.974659	0	0.00341131	0.0219298	0.638242
4670	1	0.999	0.820229	1.8742	0.978474	0	0.00244618	0.0190802	0.638883
4680	1	0.999	0.816905	1.87297	0.97561	0	0.00292683	0.0214634	0.639517
4690	1	0.999	0.811061	1.87552	0.971345	0	0.00339971	0.025255	0.638565
4700	1	0.999	0.807371	1.86426	0.975134	0	0.00195027	0.0229157	0.63074
4710	1	0.999	0.802171	1.84058	0.978474	0	0.00293542	0.018591	0.631127
4720	1	0.999	0.796194	1.8345	0.975134	0	0.0029254	0.0219405	0.625557
4730	1	0.999	0.791461	1.82507	0.973236	0	0.00243309	0.0243309	0.626726
4740	1	0.999	0.787261	1.82158	0.970403	0	0.00533721	0.0242601	0.619453
4750	1	0.999	0.780044	1.78642	0.978953	0	0.00342633	0.0176211	0.622605
4760	1	0.999	0.776096	1.7815	0.974659	0	0.00146199	0.0238791	0.622233
4770	1	0.999	0.771264	1.76444	0.976562	0	0.00292969	0.0205078	0.613868
4780	1	0.999	0.766933	1.75874	0.974184	0	0.000974184	0.0248417	0.610129
4790	1	0.999	0.762279	1.74607	0.974659	0	0.00292398	0.0224172	0.624032
4800	1	0.999	0.757655	1.7342	0.971817	0	0.000485909	0.0276968	0.6188
4810	1	0.999	0.751403	1.71966	0.971345	0	0.00194269	0.026712	0.611993
4820	1	0.999	0.744762	1.70553	0.968992	0	0.00193798	0.0290698	0.616898
4830	1	0.999	0.739757	1.69252	0.967586	0	0.00241896	0.0299952	0.606897
4840	1	0.999	0.734027	1.68821	0.969932	0	0	0.0300679	0.597803
4850	1	0.999	0.728653	1.67353	0.969932	0	0.00242483	0.0276431	0.604659
4860	1	0.999	0.722806	1.6678	0.968992	0	0.00193798	0.0290698	0.601606
4870	1	0.999	0.715649	1.66525	0.961538	0	0.00336538	0.0350962	0.600845
4880	1	0.999	0.707939	1.63623	0.971345	0	0.00194269	0.026712	0.593615
4890	1	0.999	0.700609	1.62989	0.968523	0	0.00290557	0.0285714	0.596802
4900	1	0.999	0.692894	1.63505	0.95648	0	0.00334768	0.0401722	0.586016
4910	1	0.999	0.686945	1.6046	0.968054	0	0.000968054	0.0309777	0.587738
4920	1	0.999	0.679772	1.59578	0.96432	0	0.00337512	0.0323047	0.578786
4930	1	0.999	0.67402	1.59042	0.967118	0	0.000967118	0.0319149	0.590025
4940	1	0.999	0.669811	1.58298	0.962927	0	0.000962927	0.0361098	0.581583
4950	1	0.999	0.662925	1.57124	0.965251	0	0.00337838	0.0313707	0.577371
4960	1	0.999	0.65652	1.55153	0.971345	0	0.00194269	0.026712	0.56911
4970	1	0.999	0.65077	1.54869	0.966651	0	0.00338328	0.0299662	0.579534
4980	1	0.999	0.645281	1.55252	0.961538	0	0.00240385	0.0360577	0.561148
4990	1	0.999	0.639565	1.55324	0.949217	0	0.00142383	0.0493593	0.561717
5000	1	0.999	0.633711	1.54003	0.952835	0	0.00238209	0.0447832	0.559019
5010	1	0.999	0.627781	1.51886	0.958773	0	0.00191755	0.0393097	0.561287
5020	1	0.999	0.619967	1.51518	0.954198	0	0.00333969	0.0424618	0.56023
5030	1	0.999	0.611928	1.49495	0.958773	0	0.0071908	0.0340364	0.560386
5040	1	0.999	0.605439	1.47187	0.963855	0	0.00289157	0.033253	0.554364
5050	1	0.999	0.597826	1.46816	0.959233	0	0.00191847	0.0388489	0.554024
5060	1	0.999	0.591633	1.45506	0.959233	0	0.00191847	0.0388489	0.547381
5070	1	0.999	0.585251	1.45353	0.952381	0	0.00142857	0.0461905	0.542363
5080	1	0.999	0.577683	1.4506	0.944287	0	0.00377715	0.0519358	0.538827
5090	1	0.999	0.569575	1.42529	0.953743	0	0.00238436	0.0438722	0.536357
5100	1	0.999	0.560179	1.41658	0.954654	0	0.00190931	0.0434368	0.527871
5110	1	0.999	0.554073	1.40334	0.947867	0	0.0028436	0.0492891	0.526661
5120	1	0.999	0.545867	1.38219	0.953743	0	0.00286123	0.0433953	0.533836
5130	1	0.999	0.536691	1.36425	0.954654	0	0.000477327	0.0448687	0.52934
5140	1	0.999	0.530535	1.3617	0.948767	0	0.0028463	0.0483871	0.518911
5150	1	0.999	0.521827	1.34639	0.953743	0	0.00238436	0.0438722	0.52021
5160	1	0.999	0.513662	1.33429	0.94697	0	0	0.0530303	0.513246
5170	1	0.999	0.505144	1.31879	0.949668	0	0.00189934	0.048433	0.50488
5180	1	0.999	0.498022	1.31821	0.937207	0	0.00374883	0.059044	0.504506
5190	1	0.999	0.490281	1.29086	0.94697	0	0.00426136	0.0487689	0.500494
5200	1	0.999	0.481732	1.26776	0.951022	0	0.000475511	0.0485021	0.509524
5210	1	0.999	0.475076	1.27048	0.946522	0	0.00189304	0.0515854	0.496728
5220	1	0.999	0.467165	1.26124	0.939408	0	0.000469704	0.0601221	0.492618
5230	1	0.999	0.459704	1.22713	0.945626	0	0.00189125	0.0524823	0.503953
5240	1	0.999	0.449867	1.21739	0.942951	0	0.00235738	0.0546912	0.499852
5250	1	0.999	0.440624	1.19839	0.942507	0	0.00141376	0.0560792	0.491033
5260	1	0.999	0.431921	1.18353	0.931532	0	0.00232883	0.0661388	0.484805
5270	1	0.999	0.424356	1.16116	0.933707	0	0.00280112	0.0634921	0.490108
5280	1	0.999	0.416008	1.14409	0.930665	0	0.00232666	0.0670079	0.481648
5290	1	0.999	0.410076	1.1136	0.94518	0	0.00094518	0.0538752	0.474088
5300	1	0.999	0.403268	1.11942	0.925926	0	0.00138889	0.0726852	0.479389
5310	1	0.999	0.393463	1.08562	0.933271	0	0.00279981	0.0639291	0.486374
5320	1	0.999	0.385469	1.09025	0.923361	0	0.0023084	0.0743306	0.475458
5330	1	0.999	0.376988	1.06726	0.932836	0	0.000932836	0.0662313	0.48047
5340	1	0.999	0.368889	1.05361	0.933271	0	0.00233318	0.0643957	0.469442
5350	1	0.999	0.3599	1.04458	0.932836	0	0.00139925	0.0657649	0.473056
5360	1	0.999	0.352442	1.02665	0.925926	0	0.00277778	0.0712963	0.471292
5370	1	0.999	0.34513	1.01464	0.931966	0	0.00139795	0.0666356	0.468155
5380	1	0.999	0.33682	1.00261	0.923788	0	0.00323326	0.0729792	0.464167
5390	1	0.999	0.327941	0.992194	0.925926	0	0.0037037	0.0703704	0.462221
5400	1	0.999	0.32034	0.966384	0.934579	0	0.00140187	0.0640187	0.453646
5410	1	0.999	0.312082	0.971834	0.918274	0	0.00137741	0.0803489	0.463547
5420	1	0.999	0.305388	0.952668	0.919963	0	0.00137994	0.0786569	0.460027
5430	1	0.999	0.296603	0.933303	0.926355	0	0.00185271	0.0717925	0.456694
5440	1	0.999	0.288092	0.926628	0.914913	0	0.000457457	0.0846295	0.454728
5450	1	0.999	0.280258	0.915205	0.911577	0	0.000455789	0.0879672	0.447952
5460	1	0.999	0.27242	0.885564	0.9298	0	0.0027894	0.0674105	0.44409
5470	1	0.999	0.263877	0.870737	0.924642	0	0.000924642	0.0744337	0.445309
5480	1	0.999	0.257653	0.863807	0.912825	0	0.00228206	0.0848927	0.451186
5490	1	0.999	0.249055	0.850939	0.909091	0	0.00181818	0.0890909	0.439334
5500	1	0.999	0.240288	0.832394	0.908678	0	0.00181736	0.0895048	0.433992
5510	1	0.999	0.232221	0.827107	0.901307	0	0.00270392	0.0959892	0.43231
5520	1	0.999	0.223734	0.811983	0.905387	0	0.00181077	0.0928022	0.426284
5530	1	0.999	0.215715	0.798977	0.909504	0	0.000909504	0.0895862	0.428738
5540	1	0.999	0.207424	0.802702	0.884564	0	0.00176913	0.113667	0.41804
5550	1	0.999	0.199775	0.783985	0.894055	0	0.00223514	0.10371	0.419515
5560	1	0.999	0.190927	0.771431	0.883783	0	0.000883783	0.115334	0.404861
5570	1	0.999	0.182703	0.753948	0.892857	0	0.000446429	0.106696	0.40299
5580	1	0.999	0.173961	0.746503	0.888099	0	0.00133215	0.110568	0.410441
5590	1	0.999	0.166752	0.746749	0.865052	0	0.0017301	0.133218	0.402092
5600	1	0.999	0.159133	0.729694	0.870322	0	0.00261097	0.127067	0.397662
5610	1	0.999	0.150922	0.709795	0.875274	0	0.000875274	0.123851	0.398646
5620	1	0.999	0.143268	0.704537	0.859845	0	0.000859845	0.139295	0.390627
5630	1	0.999	0.135301	0.700962	0.853606	0	0.00128041	0.145113	0.384745
5640	1	0.999	0.12723	0.696508	0.837521	0	0.00293132	0.159548	0.386813
5650	1	0.999	0.119746	0.684409	0.841397	0	0.000420698	0.158183	0.387542
5660	1	0.999	0.112781	0.675158	0.830565	0	0.00207641	0.167359	0.383381
5670	1	0.999	0.105913	0.676889	0.813008	0	0	0.186992	0.371176
5680	1	0.999	0.0998337	0.673882	0.804505	0	0.000402253	0.195093	0.361309
5690	1	0.999	0.0944022	0.660759	0.81103	0	0.000405515	0.188564	0.366993
5700	1	0.999	0.08753	0.641952	0.820681	0	0.000820681	0.178498	0.385181
5710	1	0.999	0.081921	0.634433	0.829531	0	0.000414766	0.170054	0.39175
5720	1	0.999	0.0752339	0.625822	0.832639	0	0.00041632	0.166944	0.397001
5730	1	0.999	0.0682216	0.617495	0.826105	0	0.000826105	0.173069	0.403627
5740	1	0.999	0.0606591	0.618149	0.81367	0	0.000406835	0.185924	0.410638
5750	1	0.999	0.0533267	0.620907	0.798085	0	0	0.201915	0.440127
5760	1	0.999	0.046058	0.614502	0.780945	0	0.000390472	0.218665	0.475052
5770	1	0.999	0.040574	0.614243	0.767165	0	0.000767165	0.232068	0.536605
5780	1	0.999	0.0357591	0.610802	0.76864	0	0.00153728	0.229823	0.588069
5790	1	0.999	0.0319847	0.607689	0.759878	0	0.00493921	0.235182	0.642876
5800	1	0.999	0.0289432	0.601627	0.763359	0	0.000763359	0.235878	0.671219
5810	1	0.999	0.0268622	0.613445	0.747105	0	0.00560329	0.247292	0.695353
5820	1	0.999	0.0245185	0.606636	0.747105	0	0.00410908	0.248786	0.72767
5830	1	0.999	0.0230165	0.609674	0.739372	0	0.00480591	0.255823	0.753175
5840	1	0.999	0.0211818	0.608327	0.744048	0	0.0078125	0.24814	0.763571
5850	1	0.999	0.0199012	0.598279	0.751597	0	0.00714017	0.241263	0.79556
5860	1	0.999	0.0181853	0.609256	0.730194	0	0.00876232	0.261044	0.811726
5870	1	0.999	0.0159767	0.608617	0.730994	0	0.0116959	0.25731	0.849573
5880	1	0.999	0.0142846	0.599538	0.736106	0	0.0161943	0.2477	0.887582
5890	1	0.999	0.012939	0.603359	0.724638	0	0.0148551	0.260507	0.917917
5900	1	0.999	0.0122461	0.609539	0.721761	0	0.0187658	0.259473	0.934992
5910	1	0.999	0.0117446	0.605488	0.718907	0	0.0165349	0.264558	0.9415
5920	1	0.999	0.0109842	0.596377	0.732064	0	0.0153734	0.252562	0.956842
5930	1	0.999	0.0105628	0.600473	0.733676	0	0.0220103	0.244314	0.961092
5940	1	0.999	0.0101213	0.596172	0.726744	0	0.0196221	0.253634	0.964925
5950	1	0.999	0.010045	0.595354	0.736106	0	0.0191388	0.244755	0.968033
5960	1	0.999	0.00976238	0.605288	0.725689	0	0.0177794	0.256531	0.971967
5970	1	0.999	0.0095948	0.594804	0.736648	0	0.0187845	0.244567	0.975783
5980	1	0.999	0.0094022	0.606658	0.712758	0	0.0231646	0.264077	0.975092
5990	1	0.999	0.00939095	0.59947	0.731797	0	0.0212221	0.246981	0.977292
6000	1	0.999	0.00921086	0.602413	0.723589	0	0.0238784	0.252533	0.978192
6010	1	0.999	0.00917209	0.585241	0.749064	0	0.0194757	0.231461	0.977708
6020	1	0.999	0.00896823	0.601033	0.731261	0	0.0182815	0.250457	0.9823
6030	1	0.999	0.0088907	0.592274	0.739919	0	0.0159083	0.244173	0.983767
6040	1	0.999	0.00868684	0.594414	0.733676	0	0.0187087	0.247616	0.986275
6050	1	0.999	0.00824037	0.601374	0.728332	0	0.0236708	0.247997	0.986792
6060	1	0.999	0.00817659	0.593745	0.740741	0	0.0166667	0.242593	0.989067
6070	1	0.999	0.00786893	0.595892	0.728863	0	0.0153061	0.255831	0.990258
6080	1	0.999	0.00775888	0.608932	0.720721	0	0.0154955	0.263784	0.993442
6090	1	0.999	0.00772886	0.604139	0.724638	0	0.017029	0.258333	0.992292
6100	1	0.999	0.00774637	0.597718	0.72648	0	0.0207047	0.252815	0.994933
6110	1	0.999	0.00774262	0.594466	0.735835	0	0.0261221	0.238043	0.994342
6120	1	0.999	0.0075963	0.603677	0.721241	0	0.0219978	0.256762	0.995283
6130	1	0.999	0.0075	0.593546	0.732869	0	0.016856	0.250275	0.9966
6140	1	0.999	0.00747374	0.609051	0.723066	0	0.0245842	0.25235	0.99755
6150	1	0.999	0.00743622	0.618191	0.712251	0	0.0281339	0.259615	0.996808
6160	1	0.999	0.00735743	0.60244	0.729129	0	0.0193219	0.251549	0.995767
6170	1	0.999	0.00735618	0.60813	0.730727	0	0.0179028	0.25137	0.996917
6180	1	0.999	0.00736743	0.61078	0.727273	0	0.0232727	0.249455	0.997475
6190	1	0.999	0.00740245	0.604554	0.728863	0	0.0189504	0.252187	0.996808
6200	1	0.999	0.00744247	0.59195	0.74239	0	0.0226429	0.234967	0.99745
6210	1	0.999	0.00744997	0.596998	0.735024	0	0.0213157	0.24366	0.996658
6220	1	0.999	0.00742371	0.606302	0.716076	0	0.0229144	0.26101	0.996817
6230	1	0.999	0.00742746	0.619324	0.716589	0	0.0204228	0.262988	0.996892
6240	1	0.999	0.00738619	0.614537	0.723327	0	0.0231465	0.253526	0.997667
6250	1	0.999	0.00732366	0.597604	0.738552	0	0.0166174	0.24483	0.997667
6260	1	0.999	0.0073049	0.616506	0.719166	0	0.0237325	0.257102	0.99735
6270	1	0.999	0.00731866	0.604207	0.739098	0	0.0218034	0.239098	0.996933
6280	1	0.999	0.00735243	0.607664	0.722543	0	0.0242052	0.253251	0.998008
6290	1	0.999	0.00734742	0.622078	0.712504	0	0.0252939	0.262202	0.996033
6300	1	0.999	0.00731741	0.602916	0.742942	0	0.0163447	0.240713	0.998467
6310	1	0.999	0.00730115	0.598768	0.728863	0	0.0247813	0.246356	0.997783
6320	1	0.999	0.0073049	0.610632	0.722543	0	0.0227601	0.254697	0.997083
6330	1	0.999	0.00723362	0.608944	0.723066	0	0.0202458	0.256688	0.996975
6340	1	0.999	0.00727489	0.593641	0.732601	0	0.018315	0.249084	0.997142
6350	1	0.999	0.00725863	0.608951	0.722543	0	0.0205925	0.256864	0.997492
6360	1	0.999	0.00726113	0.609342	0.722804	0	0.0231297	0.254066	0.997425
6370	1	0.999	0.00726113	0.592442	0.739919	0	0.0162782	0.243803	0.997583
6380	1	0.999	0.00724862	0.612587	0.719424	0	0.0194245	0.261151	0.998575
6390	1	0.999	0.00718234	0.606232	0.729927	0	0.0259124	0.244161	0.996725
6400	1	0.999	0.00718109	0.605345	0.722022	0	0.0263538	0.251625	0.997725
6410	1	0.999	0.00716983	0.603007	0.736648	0	0.0224678	0.240884	0.996425
6420	1	0.999	0.00721986	0.604265	0.737463	0	0.0210177	0.241519	0.997133
6430	1	0.999	0.00718609	0.601911	0.727537	0	0.0174609	0.255002	0.997233
6440	1	0.999	0.00716108	0.609961	0.727008	0	0.0232643	0.249727	0.996842
6450	1	0.999	0.0073024	0.602039	0.739098	0	0.0236511	0.237251	0.997933
6460	1	0.999	0.00734492	0.606893	0.724375	0	0.0228178	0.252807	0.998483
6470	1	0.999	0.0072924	0.60312	0.736106	0	0.0195068	0.244387	0.998142
6480	1	0.999	0.00730615	0.607996	0.723066	0	0.0274765	0.249458	0.9967
6490	1	0.999	0.0074037	0.59099	0.73692	0	0.0206338	0.242447	0.997158
6500	1	0.999	0.00740995	0.601895	0.723327	0	0.0216998	0.254973	0.996683
6510	1	0.999	0.00727614	0.597516	0.728067	0	0.0192938	0.252639	0.99735
6520	1	0.999	0.00731866	0.599263	0.715564	0	0.0225403	0.261896	0.997883
6530	1	0.999	0.00724737	0.596599	0.729927	0	0.0189781	0.251095	0.997758
6540	1	0.999	0.0072924	0.587905	0.744602	0	0.018615	0.236783	0.997867
6550	1	0.999	0.00732616	0.588629	0.733945	0	0.0201835	0.245872	0.997708
6560	1	0.999	0.00736118	0.597496	0.726744	0	0.0247093	0.248547	0.997658
6570	1	0.999	0.00730365	0.590982	0.73828	0	0.015873	0.245847	0.9973
6580	1	0.999	0.00736243	0.596277	0.720202	0	0.0259273	0.253871	0.996758
6590	1	0.999	0.00737994	0.590482	0.737735	0	0.0169679	0.245297	0.997283
6600	1	0.999	0.00732616	0.59618	0.727802	0	0.0214702	0.250728	0.996867
6610	1	0.999	0.00730115	0.596747	0.722543	0	0.0220376	0.255419	0.997275
6620	1	0.999	0.00732116	0.592072	0.735294	0	0.0209559	0.24375	0.99675
6630	1	0.999	0.00729615	0.601525	0.724113	0	0.0177408	0.258146	0.998308
6640	1	0.999	0.0073024	0.593801	0.728863	0	0.0222303	0.248907	0.99695
6650	1	0.999	0.0073024	0.599659	0.722282	0	0.0245576	0.25316	0.996725
6660	1	0.999	0.00737119	0.606482	0.713267	0	0.0221113	0.264622	0.996625
6670	1	0.999	0.00736993	0.594215	0.729927	0	0.0248175	0.245255	0.9974
6680	1	0.999	0.00732116	0.595085	0.731529	0	0.0197513	0.24872	0.997358
6690	1	0.999	0.00734117	0.595788	0.730994	0	0.0204678	0.248538	0.998075
6700	1	0.999	0.00736993	0.608277	0.718907	0	0.0222861	0.258807	0.996792
6710	1	0.999	0.00733742	0.598669	0.728863	0	0.0276968	0.24344	0.997042
6720	1	0.999	0.00732366	0.590998	0.740741	0	0.0211111	0.238148	0.99765
6730	1	0.999	0.0072011	0.590208	0.735565	0	0.0183891	0.246046	0.996675
6740	1	0.999	0.00712856	0.596654	0.725689	0	0.0195936	0.254717	0.99695
6750	1	0.999	0.00717234	0.593651	0.734484	0	0.0157914	0.249725	0.997108
6760	1	0.999	0.00715483	0.593328	0.735294	0	0.0246324	0.240074	0.997675
6770	1	0.999	0.0072011	0.591957	0.735835	0	0.0246505	0.239514	0.99745
6780	1	0.999	0.00714482	0.595843	0.731261	0	0.0182815	0.250457	0.997017
6790	1	0.999	0.00705228	0.585708	0.745434	0	0.0242266	0.230339	0.995775
6800	1	0.999	0.00709355	0.584557	0.742942	0	0.0185736	0.238484	0.996833
6810	1	0.999	0.00704977	0.606903	0.719166	0	0.0237325	0.257102	0.996142
6820	1	0.999	0.00712481	0.599986	0.723589	0	0.0231548	0.253256	0.998633
6830	1	0.999	0.00713732	0.582848	0.746269	0	0.0216418	0.23209	0.996217
6840	1	0.999	0.00709605	0.591327	0.736377	0	0.0202504	0.243373	0.997658
6850	1	0.999	0.00725238	0.592838	0.735024	0	0.0268284	0.238148	0.99695
6860	1	0.999	0.00721486	0.593171	0.734484	0	0.0176276	0.247888	0.997608
6870	1	0.999	0.00721111	0.601413	0.724375	0	0.0253531	0.250272	0.997075
6880	1	0.999	0.00721986	0.590047	0.741015	0	0.0251945	0.23379	0.9981
6890	1	0.999	0.00735618	0.589116	0.736648	0	0.0187845	0.244567	0.998375
6900	1	0.999	0.0072949	0.600821	0.722282	0	0.0198628	0.257855	0.996942
6910	1	0.999	0.00722111	0.598967	0.725426	0	0.0250272	0.249547	0.996575
6920	1	0.999	0.00721861	0.595714	0.723589	0	0.0227931	0.253618	0.99855
6930	1	0.999	0.0072061	0.601742	0.724113	0	0.0184649	0.257422	0.997108
6940	1	0.999	0.00718859	0.607877	0.711744	0	0.0202847	0.267972	0.997208
6950	1	0.999	0.00716358	0.594309	0.728863	0	0.0247813	0.246356	0.998083
6960	1	0.999	0.0072086	0.598525	0.727008	0	0.0174482	0.255543	0.9972
6970	1	0.999	0.00716483	0.595862	0.731529	0	0.0204828	0.247988	0.997533
6980	1	0.999	0.00718359	0.593147	0.732869	0	0.0219861	0.245145	0.997092
6990	1	0.999	0.00719985	0.589844	0.739372	0	0.018854	0.241774	0.997167
7000	1	0.999	0.00712606	0.588503	0.742115	0	0.0215213	0.236364	0.997025
7010	1	0.999	0.00713732	0.591989	0.734214	0	0.0227606	0.243025	0.997133
7020	1	0.999	0.00703727	0.59791	0.723066	0	0.021692	0.255242	0.9973
7030	1	0.999	0.00704852	0.597194	0.732869	0	0.0201539	0.246977	0.99665
7040	1	0.999	0.00703852	0.600053	0.721501	0	0.020202	0.258297	0.997083
7050	1	0.999	0.00705728	0.600989	0.718649	0	0.0244341	0.256917	0.997225
7060	1	0.999	0.00697974	0.593212	0.734754	0	0.0168993	0.248347	0.996575
7070	1	0.999	0.0070085	0.590837	0.737191	0	0.0232215	0.239587	0.996833
7080	1	0.999	0.00703352	0.59607	0.72648	0	0.0247003	0.248819	0.998083
7090	1	0.999	0.00691596	0.595172	0.732064	0	0.022694	0.245242	0.998
7100	1	0.999	0.00690095	0.589399	0.740466	0	0.0229545	0.236579	0.998017
7110	1	0.999	0.00693972	0.602962	0.71582	0	0.0232641	0.260916	0.997783
7120	1	0.999	0.00675213	0.605374	0.716589	0	0.0257972	0.257614	0.9983
7130	1	0.999	0.00676588	0.605178	0.71582	0	0.0232641	0.260916	0.996617
7140	1	0.999	0.0068009	0.597755	0.722022	0	0.0223827	0.255596	0.997042
7150	1	0.999	0.00683467	0.602775	0.718391	0	0.0219109	0.259698	0.997025
7160	1	0.999	0.0068922	0.593384	0.731797	0	0.0223198	0.245884	0.997525
7170	1	0.999	0.00687594	0.588551	0.733676	0	0.0179751	0.248349	0.998275
7180	1	0.999	0.00690845	0.598736	0.728597	0	0.0193078	0.252095	0.998183
7190	1	0.999	0.00703227	0.595986	0.728863	0	0.0215015	0.249636	0.997967
7200	1	0.999	0.00703352	0.580929	0.747105	0	0.0197983	0.233097	0.997333
7210	1	0.999	0.00707354	0.591088	0.737463	0	0.0235988	0.238938	0.998283
7220	1	0.999	0.00711606	0.600039	0.727802	0	0.0192868	0.252911	0.996867
7230	1	0.999	0.00714107	0.588321	0.729927	0	0.0233577	0.246715	0.996342
7240	1	0.999	0.00712231	0.595625	0.730727	0	0.0193643	0.249909	0.997275
7250	1	0.999	0.00702101	0.596394	0.728067	0	0.0232981	0.248635	0.998008
7260	1	0.999	0.00686218	0.590228	0.725426	0	0.0228509	0.251723	0.996758
7270	1	0.999	0.00698099	0.595996	0.728863	0	0.0266035	0.244534	0.99795
7280	1	0.999	0.00703477	0.593213	0.733407	0	0.0168684	0.249725	0.997075
7290	1	0.999	0.0071048	0.594556	0.718133	0	0.0204668	0.2614	0.998242
7300	1	0.999	0.00714857	0.59247	0.734214	0	0.0227606	0.243025	0.996792
7310	1	0.999	0.00714607	0.595439	0.730194	0	0.0208105	0.248996	0.997242
7320	1	0.999	0.00710855	0.59716	0.713267	0	0.0246077	0.262126	0.996825
7330	1	0.999	0.00719985	0.597892	0.727008	0	0.0167212	0.25627	0.99735
7340	1	0.999	0.00723862	0.600311	0.721501	0	0.0248918	0.253608	0.998633
7350	1	0.999	0.00722111	0.591575	0.722022	0	0.0245487	0.25343	0.997683
7360	1	0.999	0.00718234	0.596973	0.727273	0	0.0232727	0.249455	0.9978
7370	1	0.999	0.00711606	0.599881	0.720981	0	0.0212689	0.257751	0.997267
7380	1	0.999	0.00717359	0.589303	0.725953	0	0.0210526	0.252995	0.997925
7390	1	0.999	0.0070948	0.599108	0.720461	0	0.0226945	0.256844	0.997617
7400	1	0.999	0.00717234	0.595701	0.725163	0	0.0184917	0.256345	0.99755
7410	1	0.999	0.0072061	0.591924	0.723066	0	0.021692	0.255242	0.997483
7420	1	0.999	0.00721861	0.59954	0.719942	0	0.0226782	0.257379	0.998208
7430	1	0.999	0.00718859	0.606429	0.707965	0	0.0237168	0.268319	0.9977
7440	1	0.999	0.00719985	0.58767	0.728597	0	0.0200364	0.251366	0.996792
7450	1	0.999	0.00720985	0.590342	0.734214	0	0.0227606	0.243025	0.996917
7460	1	0.999	0.00728364	0.584974	0.74184	0	0.0181751	0.239985	0.997792
7470	1	0.999	0.00730365	0.581205	0.737463	0	0.0114307	0.251106	0.998875
7480	1	0.999	0.00734242	0.586463	0.734214	0	0.0209251	0.24486	0.997175
7490	1	0.999	0.00731991	0.585245	0.732869	0	0.0205203	0.24661	0.996925
7500	1	0.999	0.00735118	0.584201	0.729395	0	0.0237053	0.2469	0.997292
7510	1	0.999	0.00727739	0.586657	0.731261	0	0.0182815	0.250457	0.99625
7520	1	0.999	0.0072999	0.588635	0.728332	0	0.0211216	0.250546	0.998358
7530	1	0.999	0.00736118	0.585222	0.728863	0	0.0178571	0.25328	0.997117
7540	1	0.999	0.00734242	0.592391	0.726216	0	0.0239651	0.249818	0.997758
7550	1	0.999	0.00735618	0.581061	0.74129	0	0.0214974	0.237213	0.997567
7560	1	0.999	0.00735243	0.587419	0.726216	0	0.0217865	0.251997	0.997058
7570	1	0.999	0.00736993	0.585725	0.733676	0	0.0172414	0.249083	0.996542
7580	1	0.999	0.00737369	0.584107	0.733407	0	0.0179685	0.248625	0.997475
7590	1	0.999	0.00737244	0.60108	0.702988	0	0.0172232	0.279789	0.997333
7600	1	0.999	0.00733492	0.580372	0.736648	0	0.0232044	0.240147	0.997792
7610	1	0.999	0.00726113	0.58151	0.738552	0	0.0217873	0.23966	0.998842
7620	1	0.999	0.00728739	0.591677	0.71736	0	0.0276184	0.255022	0.997433
7630	1	0.999	0.00725988	0.591259	0.719942	0	0.025558	0.2545	0.996725
7640	1	0.999	0.00729115	0.587022	0.730194	0	0.0230011	0.246805	0.997367
7650	1	0.999	0.00737619	0.585623	0.728863	0	0.0174927	0.253644	0.997342
7660	1	0.999	0.00734742	0.581919	0.733407	0	0.0187019	0.247891	0.99745
7670	1	0.999	0.00728989	0.586332	0.732869	0	0.0190546	0.248076	0.99795
7680	1	0.999	0.0073049	0.582369	0.733676	0	0.0234776	0.242847	0.996808
7690	1	0.999	0.00726613	0.580137	0.73692	0	0.0206338	0.242447	0.995617
7700	1	0.999	0.00733617	0.596101	0.71582	0	0.0175376	0.266643	0.997183
7710	1	0.999	0.00735743	0.581998	0.735835	0	0.0187638	0.245401	0.997333
7720	1	0.999	0.00737369	0.582117	0.733407	0	0.0201687	0.246425	0.997367
7730	1	0.999	0.00735493	0.582495	0.737735	0	0.0213943	0.240871	0.995925
7740	1	0.999	0.00735368	0.58764	0.725689	0	0.0185051	0.255806	0.997842
7750	1	0.999	0.00726738	0.590583	0.721501	0	0.0205628	0.257937	0.99675
7760	1	0.999	0.00729615	0.594098	0.716846	0	0.0236559	0.259498	0.997017
7770	1	0.999	0.00726613	0.582807	0.731797	0	0.0153677	0.252836	0.998358
7780	1	0.999	0.00722861	0.581305	0.736106	0	0.020979	0.242915	0.996575
7790	1	0.999	0.00719235	0.583719	0.736648	0	0.0220994	0.241252	0.997883
7800	1	0.999	0.00725613	0.588666	0.723327	0	0.0206148	0.256058	0.9974
7810	1	0.999	0.00731366	0.585459	0.732601	0	0.0205128	0.246886	0.997675
7820	1	0.999	0.00735118	0.586019	0.732601	0	0.0194139	0.247985	0.997792
7830	1	0.999	0.0072924	0.575199	0.739098	0	0.0225425	0.238359	0.996925
7840	1	0.999	0.0072086	0.588834	0.722022	0	0.0234657	0.254513	0.997317
7850	1	0.999	0.00722236	0.580203	0.733945	0	0.0198165	0.246239	0.997575
7860	1	0.999	0.00725238	0.581843	0.730727	0	0.0186335	0.250639	0.997267
7870	1	0.999	0.00731116	0.595149	0.713521	0	0.0192651	0.267214	0.997692
7880	1	0.999	0.00729115	0.581803	0.733945	0	0.0220183	0.244037	0.997817
7890	1	0.999	0.00725488	0.591186	0.711997	0	0.0238519	0.264151	0.997767
7900	1	0.999	0.00726738	0.580469	0.734484	0	0.0216673	0.243849	0.996042
7910	1	0.999	0.00724862	0.579986	0.733138	0	0.0194282	0.247434	0.997908
7920	1	0.999	0.00723987	0.57744	0.739645	0	0.0177515	0.242604	0.99745
7930	1	0.999	0.00716233	0.596745	0.709723	0	0.0227111	0.267566	0.997808
7940	1	0.999	0.00719985	0.594246	0.71048	0	0.0234458	0.266075	0.99665
7950	1	0.999	0.00721861	0.575955	0.743218	0	0.0193237	0.237458	0.997217
7960	1	0.999	0.00716483	0.587797	0.725426	0	0.0228509	0.251723	0.99655
7970	1	0.999	0.00723862	0.58403	0.731261	0	0.0186472	0.250091	0.996783
7980	1	0.999	0.0072086	0.58768	0.72648	0	0.016709	0.256811	0.998767
7990	1	0.999	0.00726363	0.577605	0.745712	0	0.0219985	0.232289	0.9973
8000	1	0.999	0.00732866	0.589259	0.723327	0	0.0209765	0.255696	0.997725
8010	1	0.999	0.00731616	0.589995	0.722543	0	0.0205925	0.256864	0.997583
8020	1	0.999	0.00724987	0.590484	0.722543	0	0.0184249	0.259032	0.998183
8030	1	0.999	0.0073024	0.578403	0.73828	0	0.0214101	0.24031	0.997775
8040	1	0.999	0.00730365	0.592586	0.719166	0	0.0237325	0.257102	0.998242
8050	1	0.999	0.00731616	0.58213	0.738825	0	0.023273	0.237902	0.997308
8060	1	0.999	0.0072949	0.587141	0.726216	0	0.02687	0.246914	0.997508
8070	1	0.999	0.00727989	0.58544	0.729661	0	0.0218898	0.248449	0.998058
8080	1	0.999	0.00725113	0.592461	0.721241	0	0.0205554	0.258204	0.99745
8090	1	0.999	0.00719235	0.586719	0.727537	0	0.0192797	0.253183	0.9965
8100	1	0.999	0.00713232	0.581842	0.736106	0	0.0231873	0.240707	0.997175
8110	1	0.999	0.0070973	0.58878	0.727273	0	0.0225455	0.250182	0.997992
8120	1	0.999	0.00716608	0.590074	0.727273	0	0.016	0.256727	0.997567
8130	1	0.999	0.00717109	0.588891	0.725163	0	0.0181291	0.256708	0.997233
8140	1	0.999	0.00715608	0.592285	0.722022	0	0.0187726	0.259206	0.998367
8150	1	0.999	0.0069097	0.593853	0.718907	0	0.0215672	0.259526	0.998342
8160	1	0.999	0.00684342	0.582951	0.735565	0	0.016918	0.247517	0.996975
8170	1	0.999	0.00689345	0.591504	0.723851	0	0.0188201	0.257329	0.997592
8180	1	0.999	0.00676838	0.585991	0.732332	0	0.017576	0.250092	0.996317
8190	1	0.999	0.00675213	0.587165	0.724638	0	0.0188406	0.256522	0.997275
8200	1	0.999	0.00684217	0.59317	0.721501	0	0.015873	0.262626	0.997958
8210	1	0.999	0.00684967	0.588454	0.727537	0	0.0210986	0.251364	0.997192
8220	1	0.999	0.00676338	0.577224	0.74129	0	0.0200148	0.238695	0.997842
8230	1	0.999	0.00685218	0.590522	0.725163	0	0.0206672	0.25417	0.99815
8240	1	0.999	0.00696473	0.593615	0.719683	0	0.0244692	0.255847	0.998417
8250	1	0.999	0.00700475	0.580803	0.737463	0	0.0173304	0.245206	0.997958
8260	1	0.999	0.006991	0.580499	0.74184	0	0.0200297	0.238131	0.9956
8270	1	0.999	0.00701476	0.577495	0.746826	0	0.0175504	0.235624	0.996908
8280	1	0.999	0.00700975	0.588591	0.722282	0	0.0227519	0.254966	0.9976
8290	1	0.999	0.00697224	0.581311	0.738552	0	0.0217873	0.23966	0.997708
8300	1	0.999	0.00683842	0.584045	0.735835	0	0.0220751	0.24209	0.997792
8310	1	0.999	0.00688969	0.580441	0.734214	0	0.0216593	0.244126	0.996417
8320	1	0.999	0.00692346	0.580542	0.742942	0	0.0159733	0.241085	0.997008
8330	1	0.999	0.00703602	0.590677	0.723851	0	0.0206298	0.255519	0.999058
8340	1	0.999	0.00705353	0.584276	0.730194	0	0.0251917	0.244615	0.9979
8350	1	0.999	0.00704227	0.596853	0.714796	0	0.0275197	0.257684	0.99725
8360	1	0.999	0.00695473	0.584863	0.735294	0	0.0205882	0.244118	0.998
8370	1	0.999	0.00697474	0.591626	0.719166	0	0.0212154	0.259619	0.998433
8380	1	0.999	0.00697474	0.59353	0.719683	0	0.0212307	0.259086	0.996825
8390	1	0.999	0.00703227	0.584277	0.735294	0	0.0198529	0.244853	0.997142
8400	1	0.999	0.00705478	0.590458	0.723066	0	0.0260304	0.250904	0.997683
8410	1	0.999	0.0072011	0.591898	0.722022	0	0.0252708	0.252708	0.997683
8420	1	0.999	0.0071936	0.591569	0.724638	0	0.0173913	0.257971	0.996767
8430	1	0.999	0.00706478	0.580255	0.743771	0	0.0171067	0.239122	0.996133
8440	1	0.999	0.00707854	0.591317	0.723851	0	0.0220775	0.254072	0.997792
8450	1	0.999	0.0071073	0.583544	0.736106	0	0.0195068	0.244387	0.997367
8460	1	0.999	0.00708479	0.586985	0.73046	0	0.0204529	0.249087	0.997
8470	1	0.999	0.00694472	0.577324	0.746547	0	0.02053	0.232923	0.997558
8480	1	0.999	0.00679215	0.578008	0.746547	0	0.0175439	0.235909	0.996617
8490	1	0.999	0.0067096	0.590594	0.725689	0	0.0221335	0.252177	0.997958
8500	1	0.999	0.00683467	0.599855	0.706714	0	0.0254417	0.267845	0.998217
8510	1	0.999	0.0066921	0.588439	0.728863	0	0.0222303	0.248907	0.997592
8520	1	0.999	0.00671211	0.586199	0.731797	0	0.0223198	0.245884	0.9982
8530	1	0.999	0.00657454	0.582055	0.734754	0	0.0168993	0.248347	0.99785
8540	1	0.999	0.0065045	0.584656	0.735294	0	0.0172794	0.247426	0.997658
8550	1	0.999	0.00646198	0.592012	0.722282	0	0.0263633	0.251354	0.9974
8560	1	0.999	0.00650325	0.580589	0.736377	0	0.0243004	0.239323	0.997842
8570	1	0.999	0.00649075	0.585026	0.734484	0	0.0168931	0.248623	0.997458
8580	1	0.999	0.00665208	0.585848	0.732869	0	0.0164896	0.250641	0.997975
8590	1	0.999	0.00665333	0.588698	0.722022	0	0.0209386	0.25704	0.997008
8600	1	0.999	0.00655828	0.589673	0.728332	0	0.0229425	0.248725	0.998283
8610	1	0.999	0.00678714	0.589556	0.729129	0	0.0185928	0.252279	0.997117
8620	1	0.999	0.0066996	0.585198	0.729395	0	0.0247994	0.245806	0.998225
8630	1	0.999	0.00672586	0.594272	0.719166	0	0.021575	0.259259	0.998267
8640	1	0.999	0.00672086	0.583667	0.736106	0	0.0213471	0.242547	0.996925
8650	1	0.999	0.00677464	0.583216	0.733138	0	0.0164956	0.250367	0.997325
8660	1	0.999	0.00664207	0.587987	0.727802	0	0.0163755	0.255822	0.997742
8670	1	0.999	0.0067096	0.582317	0.740192	0	0.0222058	0.237602	0.997683
8680	1	0.999	0.00659955	0.589319	0.720981	0	0.0230714	0.255948	0.9977
8690	1	0.999	0.00663207	0.59583	0.717103	0	0.0215131	0.261384	0.998233
8700	1	0.999	0.00671961	0.589094	0.727537	0	0.023645	0.248818	0.996958
8710	1	0.999	0.0067096	0.583105	0.738552	0	0.0192024	0.242245	0.997242
8720	1	0.999	0.0065933	0.591095	0.725426	0	0.0184984	0.256075	0.99765
8730	1	0.999	0.00646823	0.59291	0.718391	0	0.0251437	0.256466	0.9973
8740	1	0.999	0.00647074	0.594748	0.718907	0	0.0215672	0.259526	0.9971
8750	1	0.999	0.00650575	0.588439	0.728332	0	0.0233066	0.248361	0.997725
8760	1	0.999	0.00672586	0.582186	0.739919	0	0.0218276	0.238254	0.998025
8770	1	0.999	0.00673587	0.585128	0.734214	0	0.0190896	0.246696	0.997775
8780	1	0.999	0.00679215	0.596225	0.713776	0	0.0192719	0.266952	0.997033
8790	1	0.999	0.00677964	0.596307	0.714286	0	0.0192857	0.266429	0.99755
8800	1	0.999	0.0067959	0.585319	0.733407	0	0.0231023	0.243491	0.99785
8810	1	0.999	0.00679965	0.584492	0.729661	0	0.019336	0.251003	0.998375
8820	1	0.999	0.00679715	0.584021	0.735024	0	0.0227857	0.24219	0.997475
8830	1	0.999	0.0069047	0.588535	0.728067	0	0.0243902	0.247543	0.997717
8840	1	0.999	0.00687969	0.585277	0.728597	0	0.0222222	0.24918	0.997225
8850	1	0.999	0.00694347	0.58881	0.726744	0	0.0203488	0.252907	0.997983
8860	1	0.999	0.00687844	0.58918	0.727273	0	0.0250909	0.247636	0.9977
8870	1	0.999	0.00676588	0.585189	0.726216	0	0.0163399	0.257444	0.997367
8880	1	0.999	0.00687594	0.601401	0.708215	0	0.0212465	0.270538	0.996975
8890	1	0.999	0.00694972	0.588797	0.727537	0	0.0247363	0.247726	0.9978
8900	1	0.999	0.00704102	0.577934	0.742942	0	0.0245171	0.232541	0.997467
8910	1	0.999	0.00707979	0.586771	0.73046	0	0.0230095	0.24653	0.9967
8920	1	0.999	0.00702101	0.589557	0.727802	0	0.0192868	0.252911	0.998367
8930	1	0.999	0.00702101	0.591714	0.717875	0	0.0308686	0.251256	0.996908
8940	1	0.999	0.00703727	0.586387	0.732064	0	0.0248902	0.243045	0.996992
8950	1	0.999	0.00702101	0.588837	0.728863	0	0.0193149	0.251822	0.996817
8960	1	0.999	0.00706603	0.584736	0.728067	0	0.0262104	0.245723	0.99735
8970	1	0.999	0.00709355	0.594052	0.719942	0	0.0259179	0.25414	0.998475
8980	1	0.999	0.00694347	0.591976	0.727802	0	0.0254731	0.246725	0.997175
8990	1	0.999	0.00693222	0.597266	0.709723	0	0.0202271	0.27005	0.998692
9000	1	0.999	0.0069935	0.587105	0.730194	0	0.0233662	0.24644	0.997158
9010	1	0.999	0.00692721	0.587804	0.729927	0	0.0215328	0.24854	0.997483
9020	1	0.999	0.00685093	0.581567	0.73692	0	0.0239499	0.23913	0.997125
9030	1	0.999	0.00682341	0.596309	0.719166	0	0.0194175	0.261417	0.997
9040	1	0.999	0.00688469	0.594916	0.718133	0	0.0226212	0.259246	0.996525
9050	1	0.999	0.00687719	0.582816	0.736377	0	0.0184094	0.245214	0.997458
9060	1	0.999	0.00684342	0.587325	0.736377	0	0.0202504	0.243373	0.998225
9070	1	0.999	0.00684592	0.595517	0.717103	0	0.0240229	0.258874	0.9978
9080	1	0.999	0.00688594	0.586089	0.728863	0	0.016035	0.255102	0.996617
9090	1	0.999	0.00681841	0.59298	0.719424	0	0.0201439	0.260432	0.997142
9100	1	0.999	0.0066971	0.596288	0.715564	0	0.0261181	0.258318	0.996933
9110	1	0.999	0.00672586	0.584559	0.730727	0	0.0233833	0.24589	0.997683
9120	1	0.999	0.00651326	0.579838	0.738552	0	0.0228951	0.238552	0.996975
9130	1	0.999	0.00634817	0.593161	0.721761	0	0.0184049	0.259834	0.998333
9140	1	0.999	0.0064945	0.593427	0.71736	0	0.0236729	0.258967	0.9975
9150	1	0.999	0.00653202	0.582698	0.732869	0	0.0205203	0.24661	0.99835
9160	1	0.999	0.00648074	0.594044	0.720202	0	0.0205257	0.259273	0.998567
9170	1	0.999	0.00637069	0.591992	0.725953	0	0.0199637	0.254083	0.99755
9180	1	0.999	0.00643697	0.580873	0.732332	0	0.0208715	0.246796	0.997617
9190	1	0.999	0.00649075	0.590484	0.727537	0	0.023645	0.248818	0.997792
9200	1	0.999	0.00646323	0.57904	0.741565	0	0.0218762	0.236559	0.998292
9210	1	0.999	0.00654952	0.575541	0.744325	0	0.0193524	0.236323	0.9975
9220	1	0.999	0.00659955	0.586214	0.732869	0	0.0212532	0.245878	0.9978
9230	1	0.999	0.00673337	0.587121	0.727802	0	0.014556	0.257642	0.996933
9240	1	0.999	0.00676463	0.586052	0.731529	0	0.0212143	0.247257	0.998133
9250	1	0.999	0.00681591	0.581923	0.740466	0	0.0199926	0.239541	0.99775
9260	1	0.999	0.00672961	0.574849	0.747943	0	0.0194465	0.23261	0.998433
9270	1	0.999	0.00688594	0.597684	0.709975	0	0.0188143	0.271211	0.997217
9280	1	0.999	0.00674837	0.589702	0.728332	0	0.0193008	0.252367	0.996842
9290	1	0.999	0.00703977	0.593587	0.717103	0	0.0190032	0.263894	0.99755
9300	1	0.999	0.00703477	0.594052	0.720721	0	0.0241441	0.255135	0.997675
9310	1	0.999	0.00715233	0.591144	0.725163	0	0.0253807	0.249456	0.998358
9320	1	0.999	0.00722486	0.581317	0.738007	0	0.0210332	0.240959	0.997883
9330	1	0.999	0.00722861	0.581178	0.742942	0	0.0237741	0.233284	0.998075
9340	1	0.999	0.0072036	0.57973	0.744879	0	0.0163873	0.238734	0.99765
9350	1	0.999	0.00711481	0.585743	0.732064	0	0.0186676	0.249268	0.998475
9360	1	0.999	0.00715108	0.591186	0.727008	0	0.0229008	0.250091	0.997825
9370	1	0.999	0.00717484	0.597229	0.712504	0	0.0217314	0.265764	0.997825
9380	1	0.999	0.00718359	0.588584	0.724638	0	0.023913	0.251449	0.997725
9390	1	0.999	0.00718734	0.58577	0.734214	0	0.0249633	0.240822	0.998158
9400	1	0.999	0.00717109	0.592204	0.721241	0	0.0194735	0.259286	0.997675
9410	1	0.999	0.00719735	0.584831	0.731261	0	0.0223035	0.246435	0.997925
9420	1	0.999	0.00718359	0.587365	0.732601	0	0.0175824	0.249817	0.996858
9430	1	0.999	0.00706978	0.582969	0.734214	0	0.0194567	0.246329	0.998133
9440	1	0.999	0.00706978	0.58705	0.726216	0	0.0163399	0.257444	0.997267
9450	1	0.999	0.00691721	0.59186	0.728067	0	0.0196578	0.252275	0.998258
9460	1	0.999	0.00695723	0.585185	0.727008	0	0.0236278	0.249364	0.998433
9470	1	0.999	0.00697724	0.583294	0.734484	0	0.0201983	0.245318	0.99795
9480	1	0.999	0.00709355	0.59356	0.721501	0	0.0223665	0.256133	0.997767
9490	1	0.999	0.00706228	0.588266	0.725689	0	0.0217707	0.25254	0.997842
9500	1	0.999	0.00704227	0.587675	0.726744	0	0.0239826	0.249273	0.99825
9510	1	0.999	0.00698224	0.586965	0.732064	0	0.0212299	0.246706	0.998967
9520	1	0.999	0.00702851	0.599303	0.708215	0	0.0240793	0.267705	0.997133
9530	1	0.999	0.00695723	0.58829	0.725689	0	0.0232221	0.251089	0.998017
9540	1	0.999	0.00697224	0.595444	0.718649	0	0.0215595	0.259792	0.99815
9550	1	0.999	0.00695848	0.58755	0.727537	0	0.0185522	0.253911	0.998483
9560	1	0.999	0.0069985	0.587064	0.729395	0	0.02407	0.246535	0.997908
9570	1	0.999	0.00707979	0.585703	0.735835	0	0.0202355	0.243929	0.996358
9580	1	0.999	0.00697974	0.580614	0.739372	0	0.0207024	0.239926	0.99845
9590	1	0.999	0.00707104	0.585794	0.729395	0	0.0182349	0.252371	0.9977
9600	1	0.999	0.00689095	0.585611	0.734214	0	0.0253304	0.240455	0.997225
9610	1	0.999	0.00692096	0.589723	0.728863	0	0.0178571	0.25328	0.997842
9620	1	0.999	0.00694722	0.580426	0.73828	0	0.018457	0.243263	0.998417
9630	1	0.999	0.00688094	0.591189	0.727008	0	0.0247183	0.248273	0.997758
9640	1	0.999	0.00677214	0.590409	0.727273	0	0.0254545	0.247273	0.998475
9650	1	0.999	0.00672086	0.583445	0.733676	0	0.0223771	0.243947	0.9978
9660	1	0.999	0.00668084	0.592994	0.724113	0	0.0159305	0.259957	0.998592
9670	1	0.999	0.00667709	0.593525	0.721501	0	0.0205628	0.257937	0.998775
9680	1	0.999	0.00653827	0.579427	0.738007	0	0.0169742	0.245018	0.99845
9690	1	0.999	0.00661081	0.589761	0.728597	0	0.0193078	0.252095	0.997467
9700	1	0.999	0.00662331	0.589837	0.728597	0	0.0218579	0.249545	0.998042
9710	1	0.999	0.00655203	0.584824	0.727537	0	0.0192797	0.253183	0.9987
9720	1	0.999	0.00647074	0.59247	0.7249	0	0.0206597	0.25444	0.998608
9730	1	0.999	0.0062969	0.587748	0.732601	0	0.0194139	0.247985	0.999058
9740	1	0.999	0.00630065	0.584297	0.730994	0	0.0204678	0.248538	0.9987
9750	1	0.999	0.00638069	0.585865	0.736106	0	0.0213471	0.242547	0.9987
9760	1	0.999	0.00631566	0.592146	0.7249	0	0.0210221	0.254078	0.998275
9770	1	0.999	0.00629065	0.583153	0.730194	0	0.0211756	0.248631	0.99865
9780	1	0.999	0.00632316	0.592075	0.725163	0	0.0293691	0.245468	0.998558
9790	1	0.999	0.00630065	0.579378	0.744879	0	0.0238361	0.231285	0.998108
9800	1	0.999	0.00633942	0.579274	0.734754	0	0.0198384	0.245408	0.998483
9810	1	0.999	0.00634442	0.582301	0.741565	0	0.0218762	0.236559	0.998217
9820	1	0.999	0.00629315	0.581596	0.743218	0	0.0148644	0.241918	0.998825
9830	1	0.999	0.00626063	0.583939	0.728067	0	0.0243902	0.247543	0.998358
9840	1	0.999	0.00643322	0.584223	0.73828	0	0.0214101	0.24031	0.998442
9850	1	0.999	0.00653202	0.582976	0.739098	0	0.0251293	0.235772	0.99755
9860	1	0.999	0.00633192	0.577275	0.74129	0	0.0222387	0.236471	0.998158
9870	1	0.999	0.0064995	0.592204	0.723589	0	0.0242402	0.252171	0.999125
9880	1	0.999	0.00648324	0.590387	0.720721	0	0.0230631	0.256216	0.99915
9890	1	0.999	0.00663707	0.579779	0.7249	0	0.0250091	0.250091	0.997567
9900	1	0.999	0.00674087	0.591414	0.722022	0	0.0187726	0.259206	0.997408
9910	1	0.999	0.00661831	0.591883	0.731797	0	0.0175631	0.25064	0.998642
9920	1	0.999	0.00645698	0.591947	0.717103	0	0.0154177	0.267479	0.998417
9930	1	0.999	0.00647199	0.59103	0.732869	0	0.0223525	0.244778	0.998283
9940	1	0.999	0.00638569	0.602372	0.715564	0	0.019678	0.264758	0.998467
9950	1	0.999	0.00631316	0.584355	0.729661	0	0.0197008	0.250638	0.997833
9960	1	0.999	0.00632816	0.590184	0.721501	0	0.0252525	0.253247	0.99805
9970	1	0.999	0.00623312	0.593258	0.719942	0	0.0291577	0.2509	0.999042
9980	1	0.999	0.00608554	0.585813	0.717103	0	0.0225887	0.260308	0.998483
9990	1	0.999	0.00608554	0.588664	0.730727	0	0.0208257	0.248447	0.999092
