Generation number	Total number of allele	Diversity	Activity	Time	Fertility rate	2 DSB on one site rate	No DSB rate	No symmetrical sites (binding + DSB) rate	q
0	1	1	0.999889	2.20083	0.990099	0	0.00247525	0.00742574	0.787458
10	1	1	0.998688	2.21018	0.988142	0	0.00247036	0.00938735	0.782915
20	1	1	0.997726	2.18052	0.994036	0	0	0.00596421	0.784079
30	1	1	0.996534	2.19731	0.989609	0	0.00296883	0.00742207	0.782134
40	1	1	0.995628	2.19263	0.991572	0	0.00198314	0.00644522	0.787866
50	1	1	0.994563	2.19255	0.990589	0	0.000990589	0.00842001	0.791016
60	1	1	0.993529	2.19253	0.990099	0	0.0029703	0.00693069	0.776877
70	1	1	0.992239	2.18938	0.992063	0	0.00446429	0.00347222	0.781298
80	1	1	0.991396	2.19974	0.98668	0	0.00542674	0.00789344	0.78416
90	1	1	0.990216	2.18746	0.990589	0	0.00148588	0.00792472	0.778296
100	1	1	0.989101	2.1918	0.987654	0	0.00296296	0.00938272	0.776715
110	1	1	0.987121	2.18214	0.990589	0	0.00247647	0.00693413	0.777112
120	1	1	0.985275	2.18071	0.988631	0	0.00296589	0.00840336	0.775205
130	1	1	0.984074	2.18274	0.98912	0	0.00445104	0.00642928	0.784342
140	1	1	0.982028	2.17345	0.992063	0	0.00446429	0.00347222	0.768521
150	1	1	0.98079	2.16672	0.992556	0	0.00248139	0.00496278	0.774654
160	1	1	0.979445	2.17148	0.990589	0	0.00148588	0.00792472	0.774044
170	1	1	0.978174	2.172	0.992063	0	0.00347222	0.00446429	0.770131
180	1	1	0.976851	2.16679	0.991572	0	0.00198314	0.00644522	0.768495
190	1	1	0.974709	2.17454	0.993049	0	0.00148957	0.00546177	0.755447
200	1	1	0.97227	2.17717	0.988631	0	0.00247158	0.00889768	0.762148
210	1	1	0.969893	2.15198	0.993542	0	0.00198708	0.00447094	0.758008
220	1	1	0.968406	2.16393	0.985222	0	0.0044335	0.0103448	0.759865
230	1	1	0.966869	2.15477	0.992556	0	0.00248139	0.00496278	0.767642
240	1	1	0.965244	2.16418	0.988142	0	0.00395257	0.00790514	0.753378
250	1	1	0.96294	2.16251	0.98668	0	0.00296004	0.0103601	0.756406
260	1	1	0.96115	2.1514	0.990099	0	0.0019802	0.00792079	0.763627
270	1	1	0.959881	2.16583	0.981836	0	0.00294551	0.0152185	0.756678
280	1	1	0.957754	2.15177	0.988142	0	0.00395257	0.00790514	0.746676
290	1	1	0.956089	2.13044	0.993542	0	0.00149031	0.00496771	0.752698
300	1	1	0.953059	2.14165	0.989609	0	0.00197922	0.00841168	0.751588
310	1	1	0.95081	2.14347	0.985222	0	0.00492611	0.00985222	0.764061
320	1	1	0.948538	2.13717	0.98668	0	0.00148002	0.0118402	0.749132
330	1	1	0.94606	2.13425	0.98912	0	0.0024728	0.00840752	0.74758
340	1	1	0.944448	2.12757	0.991572	0	0.000991572	0.00743679	0.748094
350	1	1	0.941266	2.12608	0.989609	0	0.00296883	0.00742207	0.75407
360	1	1	0.93928	2.1395	0.987654	0	0.00395062	0.00839506	0.740747
370	1	1	0.936815	2.11339	0.991572	0	0.00148736	0.006941	0.744426
380	1	1	0.933506	2.11185	0.990589	0	0.000990589	0.00842001	0.741715
390	1	1	0.930806	2.11527	0.988142	0	0.000988142	0.0108696	0.736592
400	1	1	0.926806	2.10897	0.988142	0	0.00247036	0.00938735	0.736354
410	1	1	0.925576	2.11094	0.987167	0	0.00394867	0.0088845	0.728398
420	1	1	0.921353	2.10268	0.987167	0	0.00345508	0.00937808	0.730458
430	1	1	0.91845	2.09342	0.987167	0	0.0029615	0.00987167	0.735548
440	1	1	0.91611	2.0852	0.989609	0	0.000494805	0.00989609	0.734392
450	1	1	0.912811	2.09823	0.987167	0	0.00394867	0.0088845	0.723874
460	1	1	0.909518	2.0893	0.987167	0	0.00394867	0.0088845	0.725921
470	1	1	0.906721	2.07608	0.99108	0	0.00049554	0.00842418	0.718281
480	1	1	0.903794	2.07735	0.987167	0	0.00197433	0.0108588	0.714582
490	1	1	0.902042	2.08142	0.982801	0	0.0019656	0.0152334	0.714186
500	1	1	0.900266	2.07629	0.983284	0	0.00442478	0.0122911	0.719629
510	1	1	0.896401	2.07387	0.982801	0	0.0039312	0.0132678	0.721433
520	1	1	0.89344	2.06101	0.985707	0	0.00246427	0.0118285	0.708911
530	1	1	0.890433	2.06934	0.980873	0	0.00637567	0.0127513	0.703321
540	1	1	0.888208	2.05926	0.985222	0	0.00492611	0.00985222	0.709759
550	1	1	0.885073	2.05367	0.985707	0	0.00147856	0.0128142	0.703082
560	1	1	0.88199	2.05933	0.98668	0	0.00197336	0.0113468	0.702975
570	1	1	0.878744	2.03903	0.98668	0	0.00197336	0.0113468	0.698587
580	1	1	0.876801	2.04408	0.982801	0	0.0014742	0.0157248	0.705176
590	1	1	0.873171	2.0361	0.986193	0	0.00147929	0.0123274	0.694655
600	1	1	0.868793	2.03535	0.982318	0	0.00196464	0.0157171	0.693646
610	1	1	0.86561	2.02363	0.985222	0	0.00246305	0.0123153	0.688195
620	1	1	0.86199	2.0171	0.984252	0	0.000984252	0.0147638	0.681571
630	1	1	0.859146	2.02434	0.977995	0	0.00293399	0.0190709	0.690847
640	1	1	0.854506	2.02214	0.982318	0	0.00294695	0.0147348	0.687489
650	1	1	0.851451	2.00301	0.981836	0	0.00392734	0.0142366	0.679957
660	1	1	0.846569	1.99283	0.985707	0	0.00246427	0.0118285	0.678166
670	1	1	0.841481	2.00789	0.977995	0	0.00244499	0.0195599	0.677481
680	1	1	0.838335	1.98694	0.984252	0	0.00393701	0.011811	0.677474
690	1	1	0.831066	1.97964	0.979432	0	0.00195886	0.0186092	0.678222
700	1	1	0.826821	1.97326	0.980873	0	0.00147131	0.0176557	0.668061
710	1	1	0.821354	1.96508	0.979912	0	0.00244978	0.0176384	0.666927
720	1	1	0.816996	1.95339	0.983284	0	0.00196657	0.0147493	0.668928
730	1	1	0.81295	1.95074	0.979912	0	0.00391965	0.0161685	0.661002
740	1	1	0.8085	1.93524	0.983768	0	0.00196754	0.0142646	0.663929
750	1	1	0.802786	1.93194	0.980873	0	0.000980873	0.0181462	0.660398
760	1	1	0.797614	1.9295	0.975134	0	0.0029254	0.0219405	0.658541
770	1	1	0.792655	1.91538	0.977995	0	0.00391198	0.0180929	0.647628
780	1	1	0.78933	1.91398	0.977517	0	0.00293255	0.0195503	0.654335
790	1	1	0.785517	1.89997	0.981354	0	0.000981354	0.0176644	0.651051
800	1	1	0.78059	1.90471	0.974659	0	0.00292398	0.0224172	0.639956
810	1	1	0.776165	1.89416	0.975134	0	0.0029254	0.0219405	0.635219
820	1	1	0.76944	1.88329	0.974184	0	0.00194837	0.0238675	0.637344
830	1	1	0.762195	1.86427	0.976086	0	0.00390434	0.0200098	0.643159
840	1	1	0.75593	1.85072	0.978953	0	0.00293686	0.0181106	0.64007
850	1	1	0.751227	1.83913	0.97561	0	0.00146341	0.0229268	0.619921
860	1	1	0.743868	1.82252	0.975134	0	0	0.0248659	0.642178
870	1	1	0.73682	1.7928	0.979432	0	0.0029383	0.0176298	0.627253
880	1	1	0.728793	1.7846	0.972763	0	0.00194553	0.0252918	0.633003
890	1	1	0.723386	1.76194	0.972763	0	0.00340467	0.0238327	0.623453
900	1	1	0.715432	1.72734	0.979432	0	0.000489716	0.0200784	0.624083
910	1	1	0.7098	1.71466	0.977517	0	0.00195503	0.0205279	0.620167
920	1	1	0.704619	1.70564	0.973236	0	0.00243309	0.0243309	0.620073
930	1	1	0.699668	1.69444	0.97371	0	0.00292113	0.023369	0.618402
940	1	1	0.692974	1.68793	0.969932	0	0.00193986	0.028128	0.618746
950	1	1	0.685178	1.66988	0.970403	0	0.00242601	0.0271713	0.609233
960	1	1	0.680807	1.6633	0.968523	0	0.00242131	0.0290557	0.610118
970	1	1	0.675009	1.64408	0.974184	0	0.000974184	0.0248417	0.598335
980	1	1	0.667581	1.64793	0.965717	0	0.00241429	0.0318687	0.594159
990	1	1	0.662878	1.62888	0.973236	0	0.00194647	0.0248175	0.595095
1000	1	1	0.655621	1.61816	0.970874	0	0.000970874	0.0281553	0.592101
1010	1	1	0.647153	1.60687	0.968054	0	0.00242014	0.0295257	0.594978
1020	1	1	0.641222	1.5931	0.969462	0	0.00387785	0.0266602	0.579492
1030	1	1	0.635546	1.5884	0.965251	0	0.000482625	0.0342664	0.593387
1040	1	1	0.63028	1.56745	0.967586	0	0.00338655	0.0290276	0.585869
1050	1	1	0.623878	1.56634	0.963391	0	0.00144509	0.0351638	0.583619
1060	1	1	0.618315	1.56655	0.967118	0	0.00145068	0.0314313	0.576535
1070	1	1	0.611068	1.54222	0.962927	0	0.00337025	0.0337025	0.578732
1080	1	1	0.603781	1.51659	0.970403	0	0.00291121	0.0266861	0.579909
1090	1	1	0.597206	1.51043	0.966184	0	0.00241546	0.031401	0.568538
1100	1	1	0.588996	1.50077	0.962927	0	0.00144439	0.0356283	0.571737
1110	1	1	0.581655	1.49028	0.961538	0	0.000480769	0.0379808	0.564222
1120	1	1	0.575747	1.47604	0.965251	0	0.00241313	0.0323359	0.56899
1130	1	1	0.568758	1.48092	0.952835	0	0.00190567	0.0452596	0.563519
1140	1	1	0.561951	1.46676	0.952381	0	0.00285714	0.0447619	0.556676
1150	1	1	0.555661	1.44381	0.961538	0	0.00144231	0.0370192	0.559092
1160	1	1	0.548798	1.43025	0.960615	0	0.00144092	0.0379443	0.559386
1170	1	1	0.541793	1.42212	0.958313	0	0.00143747	0.0402492	0.561698
1180	1	1	0.535744	1.41053	0.961538	0	0.00192308	0.0365385	0.550505
1190	1	1	0.528509	1.42559	0.945626	0	0.00283688	0.0515366	0.550284
1200	1	1	0.521604	1.38789	0.957854	0	0.00191571	0.0402299	0.544027
1210	1	1	0.513484	1.36681	0.962001	0	0.001443	0.036556	0.532361
1220	1	1	0.50783	1.36818	0.952381	0	0.00285714	0.0447619	0.531879
1230	1	1	0.500179	1.34943	0.95648	0	0.00143472	0.0420851	0.523776
1240	1	1	0.491733	1.33688	0.956938	0	0.00191388	0.0411483	0.526966
1250	1	1	0.486718	1.32881	0.95057	0	0.000475285	0.0489544	0.526041
1260	1	1	0.481269	1.31816	0.951022	0	0.000951022	0.0480266	0.519013
1270	1	1	0.472022	1.31758	0.94162	0	0.00188324	0.0564972	0.513321
1280	1	1	0.465894	1.29832	0.946522	0	0.00189304	0.0515854	0.510618
1290	1	1	0.458878	1.30223	0.935454	0	0.00327409	0.0612722	0.51494
1300	1	1	0.448633	1.27142	0.943841	0	0.00141576	0.0547428	0.509859
1310	1	1	0.440739	1.2595	0.940734	0	0.0028222	0.056444	0.505398
1320	1	1	0.433034	1.23869	0.941176	0	0.00141176	0.0574118	0.507802
1330	1	1	0.424184	1.23261	0.934579	0	0.00186916	0.0635514	0.492801
1340	1	1	0.417934	1.21088	0.940291	0	0.00282087	0.0568876	0.495612
1350	1	1	0.411437	1.18221	0.94162	0	0.00188324	0.0564972	0.496051
1360	1	1	0.404992	1.17609	0.93633	0	0.00514981	0.0585206	0.493333
1370	1	1	0.397715	1.14767	0.943396	0	0.00235849	0.0542453	0.48743
1380	1	1	0.387993	1.12668	0.938527	0	0.000938527	0.060535	0.48318
1390	1	1	0.379491	1.12021	0.926784	0	0.00185357	0.0713624	0.489823
1400	1	1	0.371352	1.10315	0.925069	0	0.000925069	0.0740056	0.47586
1410	1	1	0.36408	1.08777	0.933271	0	0.00233318	0.0643957	0.474193
1420	1	1	0.355846	1.07377	0.930233	0	0.00139535	0.0683721	0.477791
1430	1	1	0.347329	1.06089	0.921659	0	0.00184332	0.0764977	0.473657
1440	1	1	0.33942	1.04458	0.933707	0	0.00280112	0.0634921	0.46963
1450	1	1	0.332889	1.02452	0.932836	0	0.00233209	0.0648321	0.460445
1460	1	1	0.325815	1.03368	0.91617	0	0.00183234	0.0819973	0.46413
1470	1	1	0.318712	1.00295	0.928936	0	0.00464468	0.066419	0.467858
1480	1	1	0.311333	0.999925	0.925926	0	0.00231481	0.0717593	0.457809
1490	1	1	0.304799	0.989498	0.922084	0	0.00276625	0.0751498	0.461502
1500	1	1	0.298906	0.986537	0.917011	0	0.00504356	0.0779459	0.451879
1510	1	1	0.291704	0.966859	0.912409	0	0.00228102	0.0853102	0.452472
1520	1	1	0.284335	0.955607	0.923361	0	0.00369344	0.0729455	0.450653
1530	1	1	0.276765	0.934798	0.918695	0	0.00183739	0.0794672	0.438652
1540	1	1	0.269215	0.926219	0.911577	0	0.00319052	0.0852325	0.445992
1550	1	1	0.261817	0.915248	0.910747	0	0.00136612	0.0878871	0.439696
1560	1	1	0.25396	0.906413	0.899685	0	0.00404858	0.0962663	0.429758
1570	1	1	0.246474	0.890966	0.897263	0	0.00179453	0.100942	0.420126
1580	1	1	0.238323	0.872442	0.903751	0	0.00135563	0.0948938	0.429667
1590	1	1	0.230406	0.857315	0.894454	0	0.00178891	0.103757	0.427476
1600	1	1	0.221316	0.848995	0.890472	0	0.00133571	0.108192	0.432894
1610	1	1	0.212341	0.83221	0.890076	0	0.00133511	0.108589	0.422487
1620	1	1	0.20455	0.814706	0.894055	0	0.000894055	0.105051	0.412006
1630	1	1	0.197585	0.805391	0.892061	0	0.000892061	0.107047	0.407895
1640	1	1	0.190491	0.806775	0.873744	0	0.00174749	0.124509	0.402408
1650	1	1	0.182813	0.791051	0.877578	0	0.00175516	0.120667	0.405736
1660	1	1	0.175	0.785198	0.861698	0	0.00129255	0.13701	0.394206
1670	1	1	0.165596	0.766244	0.866176	0	0.00173235	0.132092	0.386391
1680	1	1	0.155879	0.770577	0.844951	0	0.0016899	0.153359	0.382095
1690	1	1	0.147524	0.765489	0.832986	0	0.00166597	0.165348	0.378164
1700	1	1	0.138571	0.749213	0.829876	0	0.00207469	0.16805	0.381546
1710	1	1	0.13052	0.729287	0.830565	0	0.00124585	0.168189	0.364551
1720	1	1	0.120631	0.727228	0.810373	0	0.00243112	0.187196	0.360498
1730	1	1	0.110529	0.720786	0.80289	0	0.00120434	0.195905	0.359038
1740	1	1	0.101076	0.707752	0.799041	0	0.00159808	0.199361	0.349883
1750	1	1	0.0926625	0.711461	0.775194	0	0.00116279	0.223643	0.35226
1760	1	1	0.0836612	0.686548	0.780336	0	0.000390168	0.219274	0.359548
1770	1	1	0.0752587	0.664843	0.796178	0	0.000398089	0.203424	0.35906
1780	1	1	0.0669513	0.660789	0.789889	0	0.000394945	0.209716	0.371992
1790	1	1	0.0600362	0.620919	0.828157	0	0.000828157	0.171014	0.40781
1800	1	1	0.0543837	0.622935	0.818666	0	0	0.181334	0.412472
1810	1	1	0.0491337	0.627535	0.80289	0	0.000401445	0.196708	0.429313
1820	1	1	0.042805	0.613229	0.805153	0	0.000402576	0.194444	0.455402
1830	1	1	0.0373288	0.611339	0.803536	0	0.000401768	0.196063	0.477901
1840	1	1	0.0331188	0.614245	0.790202	0	0.000395101	0.209403	0.508214
1850	1	1	0.0289575	0.625403	0.753296	0	0.000376648	0.246328	0.548327
1860	1	1	0.0254162	0.67474	0.676819	0	0.00270728	0.320474	0.59072
1870	1	1	0.0227262	0.658184	0.690608	0	0.00345304	0.305939	0.647254
1880	1	1	0.0212213	0.655151	0.67981	0	0.00611829	0.314072	0.673147
1890	1	1	0.020175	0.66148	0.682128	0	0.0047749	0.313097	0.678389
1900	1	1	0.019005	0.665651	0.674536	0	0.00607083	0.319393	0.698401
1910	1	1	0.0174963	0.658661	0.670017	0	0.00871022	0.321273	0.72662
1920	1	1	0.016635	0.68061	0.648088	0	0.0142579	0.337654	0.764153
1930	1	1	0.01577	0.66613	0.662691	0	0.0129225	0.324387	0.773528
1940	1	1	0.0154738	0.682424	0.638366	0	0.0165975	0.345037	0.78005
1950	1	1	0.0153225	0.682785	0.644953	0	0.0122541	0.342793	0.787842
1960	1	1	0.01501	0.670834	0.650195	0	0.0143043	0.335501	0.785066
1970	1	1	0.0150725	0.672257	0.655093	0	0.0140845	0.330822	0.780032
1980	1	1	0.0149913	0.682864	0.643501	0	0.0157658	0.340734	0.781759
1990	1	1	0.0147788	0.665482	0.648508	0	0.0142672	0.337224	0.789885
2000	1	1	0.0147563	0.673107	0.654879	0	0.0124427	0.332678	0.788101
2010	1	1	0.0146763	0.676843	0.649773	0	0.0185185	0.331709	0.792368
2020	1	1	0.0146788	0.658474	0.666667	0	0.0173333	0.316	0.784275
2030	1	1	0.0148037	0.678841	0.649351	0	0.0211039	0.329545	0.786075
2040	1	1	0.014755	0.662482	0.667334	0	0.0153487	0.317317	0.79294
2050	1	1	0.0146287	0.667266	0.660066	0	0.0174917	0.322442	0.79264
2060	1	1	0.0144762	0.679683	0.643294	0	0.0180122	0.338694	0.791016
2070	1	1	0.0143162	0.659093	0.660939	0	0.0152016	0.32386	0.793032
2080	1	1	0.0144	0.671338	0.656814	0	0.0167488	0.326437	0.79428
2090	2	1.001	0.014803	0.680784	0.654236	0	0.0189728	0.326791	0.792015
2100	1	1	0.0143812	0.665264	0.650407	0	0.0133333	0.33626	0.791001
2110	1	1	0.0143612	0.683615	0.639182	0	0.0178971	0.342921	0.789169
2120	1	1	0.0143062	0.685955	0.637552	0	0.012751	0.349697	0.791964
2130	1	1	0.0141988	0.663371	0.659413	0	0.0121991	0.328388	0.79714
2140	1	1	0.0140975	0.679226	0.648929	0	0.0204413	0.330629	0.800107
2150	1	1	0.0139562	0.683103	0.635324	0	0.0193774	0.345299	0.797348
2160	1	1	0.0137725	0.667876	0.662691	0	0.0119284	0.325381	0.797848
2170	1	1	0.01357	0.673122	0.653381	0	0.013721	0.332898	0.800399
2180	1	1	0.0133475	0.672211	0.642261	0	0.0154143	0.342325	0.796564
2190	1	1	0.01323	0.664041	0.664673	0	0.0156198	0.319708	0.791115
2200	1	1	0.013025	0.678417	0.645786	0	0.0135615	0.340652	0.799632
2210	1	1	0.0126637	0.678984	0.637552	0	0.0197641	0.342684	0.80447
2220	1	1	0.0125388	0.677213	0.646204	0	0.0177706	0.336026	0.809526
2230	1	1	0.01226	0.65821	0.661813	0	0.0145599	0.323627	0.806615
2240	1	1	0.0121225	0.679132	0.638366	0	0.0194702	0.342164	0.79883
2250	1	1	0.0119462	0.672821	0.651678	0	0.0143369	0.333985	0.807509
2260	1	1	0.0116762	0.667003	0.650407	0	0.0169106	0.332683	0.805408
2270	1	1	0.0113763	0.675374	0.643915	0	0.0173857	0.338699	0.811258
2280	1	1	0.0113138	0.669209	0.655523	0	0.0203212	0.324156	0.81239
2290	1	1	0.0112338	0.669918	0.654022	0	0.0186396	0.327338	0.804663
2300	1	1	0.0111425	0.684854	0.635122	0	0.0174659	0.347412	0.81341
2310	1	1	0.0111138	0.661888	0.658328	0	0.0194207	0.322251	0.811214
2320	1	1	0.0107225	0.655462	0.668003	0	0.0177021	0.314295	0.807914
2330	1	1	0.0106513	0.680389	0.639795	0	0.0246321	0.335573	0.817952
2340	1	1	0.01049	0.667731	0.649773	0	0.0149448	0.335283	0.814783
2350	1	1	0.01051	0.663127	0.651254	0	0.0169326	0.331814	0.812893
2360	1	1	0.0105562	0.661148	0.66379	0	0.0199137	0.316296	0.812979
2370	1	1	0.0105312	0.672717	0.647249	0	0.012945	0.339806	0.815976
2380	1	1	0.010425	0.669962	0.645161	0	0.0158065	0.339032	0.815696
2390	1	1	0.01024	0.669042	0.648298	0	0.0210697	0.330632	0.815906
2400	1	1	0.0100538	0.671998	0.651042	0	0.0205078	0.328451	0.818206
2410	1	1	0.0100388	0.66985	0.651678	0	0.0146628	0.333659	0.824257
2420	1	1	0.00995125	0.662879	0.65083	0	0.0162707	0.332899	0.82379
2430	1	1	0.0100425	0.670314	0.657246	0	0.0180743	0.32468	0.820863
2440	1	1	0.00973875	0.673078	0.647878	0	0.0220279	0.330094	0.824462
2450	1	1	0.00964875	0.66597	0.654664	0	0.0199673	0.325368	0.822666
2460	1	1	0.0094275	0.647621	0.674764	0	0.0195682	0.305668	0.810114
2470	1	1	0.00929875	0.665526	0.654664	0	0.0166939	0.328642	0.823458
2480	1	1	0.00909875	0.673053	0.645369	0	0.0177477	0.336883	0.825916
2490	1	1	0.0091375	0.667218	0.646204	0	0.0177706	0.336026	0.819978
2500	1	1	0.009315	0.667359	0.647459	0	0.0168339	0.335707	0.828479
2510	1	1	0.00943	0.679316	0.640205	0	0.018886	0.340909	0.826895
2520	1	1	0.009225	0.66133	0.653168	0	0.0215545	0.325278	0.825648
2530	1	1	0.0090875	0.678754	0.635122	0	0.0203239	0.344554	0.824
2540	1	1	0.00897125	0.676458	0.645369	0	0.0219426	0.332688	0.822889
2550	1	1	0.00909375	0.668844	0.653168	0	0.0186153	0.328217	0.826256
2560	1	1	0.0090425	0.682615	0.638366	0	0.0217044	0.33993	0.815001
2570	1	1	0.00897375	0.671614	0.643087	0	0.0173633	0.33955	0.82495
2580	1	1	0.00897875	0.687456	0.626174	0	0.0206637	0.353162	0.822495
2590	1	1	0.00909625	0.667006	0.655093	0	0.0212905	0.323616	0.821537
2600	1	1	0.0092225	0.665001	0.652742	0	0.0169713	0.330287	0.821862
2610	1	1	0.00928125	0.673186	0.646204	0	0.0210016	0.332795	0.81947
2620	1	1	0.0091675	0.677714	0.641849	0	0.0198973	0.338254	0.827664
2630	1	1	0.00924	0.675851	0.638366	0	0.0213853	0.340249	0.822523
2640	1	1	0.0091825	0.666212	0.658979	0	0.0197694	0.321252	0.8245
2650	1	1	0.00897	0.667281	0.653381	0	0.0199281	0.326691	0.827282
2660	1	1	0.00893125	0.676213	0.635526	0	0.0219256	0.342548	0.821462
2670	1	1	0.008875	0.678141	0.642055	0	0.0176565	0.340289	0.822745
2680	1	1	0.00873625	0.674862	0.645995	0	0.0190568	0.334948	0.818537
2690	1	1	0.00864	0.661851	0.652529	0	0.0215334	0.325938	0.829029
2700	1	1	0.0086425	0.681974	0.636943	0	0.0216561	0.341401	0.82885
2710	1	1	0.00827875	0.663498	0.66072	0	0.0168484	0.322431	0.828825
2720	1	1	0.008345	0.649976	0.677277	0	0.0193024	0.30342	0.821683
2730	1	1	0.00839375	0.655311	0.672269	0	0.0198319	0.307899	0.829442
2740	1	1	0.00823875	0.650604	0.66357	0	0.0162575	0.320173	0.8375
2750	1	1	0.00829	0.677107	0.644745	0	0.016441	0.338814	0.820107
2760	1	1	0.00810875	0.679881	0.635728	0	0.0174825	0.34679	0.823925
2770	1	1	0.0081425	0.665985	0.642261	0	0.0218369	0.335902	0.824858
2780	1	1	0.00797375	0.68243	0.64	0	0.02048	0.33952	0.821619
2790	1	1	0.00782125	0.667306	0.655093	0	0.0170324	0.327874	0.827927
2800	1	1	0.007625	0.680447	0.632911	0	0.0189873	0.348101	0.82455
2810	1	1	0.00749625	0.667615	0.648929	0	0.0236859	0.327385	0.829275
2820	1	1	0.0073475	0.670241	0.652529	0	0.0192496	0.328222	0.835095
2830	1	1	0.007385	0.673534	0.64704	0	0.0226464	0.330314	0.82665
2840	1	1	0.00733625	0.669103	0.651042	0	0.0139974	0.334961	0.8271
2850	1	1	0.00734875	0.658021	0.653168	0	0.0130634	0.333769	0.825529
2860	1	1	0.00726375	0.670541	0.638978	0	0.0172524	0.34377	0.830983
2870	1	1	0.00720375	0.669283	0.652103	0	0.0228236	0.325073	0.833574
2880	1	1	0.007215	0.666903	0.632711	0	0.023094	0.344195	0.831708
2890	1	1	0.0071925	0.663713	0.651678	0	0.0159661	0.332356	0.828425
2900	2	1.00301	0.00861975	0.665262	0.659848	0	0.0201254	0.320026	0.83055
2910	2	1.17501	0.0874861	0.950929	0.682594	0	0.0156997	0.301706	0.825977
2920	2	1.88357	0.625778	2.15482	0.9298	0	0.0074384	0.0627615	0.78078
2930	2	1.44362	0.809175	2.24916	0.975134	0	0.00390054	0.0209654	0.776925
2940	2	1.24481	0.886762	2.2466	0.987654	0	0.000987654	0.011358	0.775937
2950	2	1.10283	0.946992	2.2152	0.985222	0	0.00246305	0.0123153	0.771957
2960	2	1.07892	0.956967	2.1818	0.992556	0	0.00248139	0.00496278	0.772801
2970	2	1.09735	0.947725	2.20089	0.992063	0	0.00198413	0.00595238	0.771638
2980	2	1.10833	0.941718	2.19388	0.991572	0	0.00148736	0.006941	0.780381
2990	2	1.04499	0.969939	2.17648	0.992063	0	0.00198413	0.00595238	0.771803
3000	2	1.002	0.989137	2.17571	0.987654	0	0.00395062	0.00839506	0.767119
3010	2	1	0.988549	2.15974	0.990589	0	0.00297177	0.00643883	0.764777
3020	1	0.999	0.988067	2.16893	0.988631	0	0.00395452	0.00741473	0.771617
3030	1	0.999	0.986066	2.16175	0.990099	0	0.000990099	0.00891089	0.76087
3040	1	0.999	0.984935	2.17058	0.985222	0	0.00394089	0.0108374	0.753317
3050	1	0.999	0.983425	2.16431	0.985222	0	0.00246305	0.0123153	0.764727
3060	1	0.999	0.981515	2.15504	0.988631	0	0.000988631	0.0103806	0.764351
3070	1	0.999	0.980003	2.15518	0.989609	0	0.00296883	0.00742207	0.756359
3080	1	0.999	0.978297	2.15254	0.990589	0	0.00396236	0.00544824	0.757397
3090	1	0.999	0.977928	2.15642	0.992063	0	0.00198413	0.00595238	0.755981
3100	1	0.999	0.976557	2.16022	0.987167	0	0.00246792	0.0103653	0.751428
3110	1	0.999	0.974965	2.14191	0.992063	0	0.000992063	0.00694444	0.755976
3120	1	0.999	0.973752	2.14461	0.985707	0	0.00246427	0.0118285	0.764698
3130	1	0.999	0.971412	2.1364	0.989609	0	0.00148441	0.00890648	0.761437
3140	1	0.999	0.969865	2.13669	0.987654	0	0.00148148	0.0108642	0.755761
3150	1	0.999	0.968393	2.13898	0.985707	0	0.00394283	0.0103499	0.75149
3160	1	0.999	0.966735	2.1329	0.987167	0	0.00197433	0.0108588	0.750737
3170	1	0.999	0.96435	2.12806	0.98668	0	0.0049334	0.00838678	0.74618
3180	1	0.999	0.962859	2.12659	0.986193	0	0.00147929	0.0123274	0.74637
3190	1	0.999	0.961439	2.11208	0.99108	0	0.00099108	0.00792864	0.75604
3200	1	0.999	0.958474	2.11937	0.988142	0	0.0034585	0.00839921	0.739856
3210	1	0.999	0.956801	2.10693	0.98912	0	0.00296736	0.00791296	0.750574
3220	1	0.999	0.953968	2.1148	0.987654	0	0.00197531	0.0103704	0.736737
3230	1	0.999	0.952076	2.10897	0.988142	0	0.00148221	0.0103755	0.740641
3240	1	0.999	0.948806	2.09004	0.991572	0	0.00198314	0.00644522	0.737639
3250	1	0.999	0.945481	2.09575	0.98668	0	0.00148002	0.0118402	0.736324
3260	1	0.999	0.943666	2.09778	0.983768	0	0.00147565	0.0147565	0.723478
3270	1	0.999	0.940815	2.0841	0.988142	0	0.00148221	0.0103755	0.731515
3280	1	0.999	0.938498	2.08293	0.987167	0	0.00148075	0.0113524	0.72651
3290	1	0.999	0.935099	2.07518	0.990099	0	0.00049505	0.00940594	0.729899
3300	1	0.999	0.933578	2.07356	0.987167	0	0.00197433	0.0108588	0.725032
3310	1	0.999	0.929393	2.07098	0.988142	0	0.00247036	0.00938735	0.727135
3320	1	0.999	0.926311	2.09191	0.98912	0	0.00148368	0.00939664	0.722204
3330	1	0.999	0.923506	2.06444	0.987654	0	0.00345679	0.00888889	0.732589
3340	1	0.999	0.919834	2.06461	0.985707	0	0.00344998	0.0108428	0.719809
3350	1	0.999	0.916398	2.05463	0.988142	0	0.00296443	0.00889328	0.712042
3360	1	0.999	0.914036	2.04433	0.987654	0	0.00197531	0.0103704	0.71186
3370	1	0.999	0.910522	2.03778	0.987654	0	0.000493827	0.0118519	0.7108
3380	1	0.999	0.908852	2.05115	0.982801	0	0.002457	0.014742	0.711336
3390	1	0.999	0.9048	2.0383	0.98668	0	0.00345338	0.0098668	0.715637
3400	1	0.999	0.9017	2.05044	0.981836	0	0.0054001	0.0127639	0.71082
3410	1	0.999	0.898165	2.03359	0.984252	0	0.00147638	0.0142717	0.704806
3420	1	0.999	0.894306	2.03193	0.982318	0	0.00343811	0.0142436	0.698148
3430	1	0.999	0.891807	2.03531	0.978474	0	0.00489237	0.0166341	0.699974
3440	1	0.999	0.886886	2.01307	0.98668	0	0.00197336	0.0113468	0.699066
3450	1	0.999	0.881977	2.01063	0.981836	0	0.00196367	0.0162003	0.700806
3460	1	0.999	0.878098	2.00956	0.983284	0	0.00196657	0.0147493	0.688694
3470	1	0.999	0.875698	2.01155	0.976562	0	0.00439453	0.019043	0.694376
3480	1	0.999	0.873458	1.99857	0.984737	0	0.00295421	0.0123092	0.688779
3490	1	0.999	0.868758	1.9902	0.985222	0	0.00197044	0.0128079	0.692333
3500	1	0.999	0.863666	1.9899	0.979912	0	0.00342969	0.0166585	0.688925
3510	1	0.999	0.860165	1.98412	0.980873	0	0.00196175	0.0171653	0.686387
3520	1	0.999	0.854085	1.97133	0.982318	0	0.00294695	0.0147348	0.676289
3530	1	0.999	0.849065	1.97223	0.979432	0	0.00391773	0.0166503	0.677272
3540	1	0.999	0.844373	1.95794	0.981354	0	0.00343474	0.015211	0.667438
3550	1	0.999	0.839131	1.95892	0.976086	0	0.0034163	0.0204978	0.674862
3560	1	0.999	0.836228	1.9459	0.981836	0	0.00245459	0.0157094	0.669736
3570	1	0.999	0.829917	1.95059	0.97561	0	0.00292683	0.0214634	0.677939
3580	1	0.999	0.82594	1.93244	0.981354	0	0.00343474	0.015211	0.668227
3590	1	0.999	0.822579	1.9361	0.976562	0	0.00146484	0.0219727	0.666462
3600	1	0.999	0.818568	1.92634	0.976086	0	0.000976086	0.022938	0.659275
3610	1	0.999	0.81233	1.93234	0.981354	0	0.00147203	0.0171737	0.669538
3620	1	0.999	0.806294	1.90382	0.978474	0	0.00244618	0.0190802	0.65329
3630	1	0.999	0.801298	1.88942	0.982801	0	0.000982801	0.0162162	0.656509
3640	1	0.999	0.79535	1.89554	0.974184	0	0.00243546	0.0233804	0.649983
3650	1	0.999	0.78962	1.87081	0.982801	0	0.0019656	0.0152334	0.65203
3660	1	0.999	0.784387	1.86187	0.981836	0	0.00196367	0.0162003	0.649864
3670	1	0.999	0.779801	1.861	0.97704	0	0.00097704	0.0219834	0.644104
3680	1	0.999	0.772367	1.83843	0.981354	0	0.00147203	0.0171737	0.644427
3690	1	0.999	0.766067	1.83219	0.97561	0	0.00146341	0.0229268	0.642708
3700	1	0.999	0.758892	1.81254	0.976086	0	0.0034163	0.0204978	0.636455
3710	1	0.999	0.75408	1.79816	0.974659	0	0.00194932	0.0233918	0.63803
3720	1	0.999	0.746557	1.79138	0.970874	0	0.00339806	0.0257282	0.625455
3730	1	0.999	0.73965	1.78293	0.97229	0	0.00194458	0.0257657	0.626777
3740	1	0.999	0.732369	1.7336	0.976086	0	0.00292826	0.0209858	0.623431
3750	1	0.999	0.726106	1.71428	0.977517	0	0.00244379	0.0200391	0.621394
3760	1	0.999	0.718618	1.71129	0.970874	0	0.000970874	0.0281553	0.612426
3770	1	0.999	0.713553	1.69568	0.974184	0	0.00146128	0.0243546	0.616315
3780	1	0.999	0.708652	1.68094	0.975134	0	0.00195027	0.0229157	0.614849
3790	1	0.999	0.701902	1.66848	0.974659	0	0.00341131	0.0219298	0.606255
3800	1	0.999	0.694381	1.6806	0.976086	0	0.00390434	0.0200098	0.608434
3810	1	0.999	0.689962	1.6604	0.966651	0	0.00338328	0.0299662	0.60946
3820	1	0.999	0.685313	1.64703	0.970403	0	0.0014556	0.0281417	0.602768
3830	1	0.999	0.678125	1.63031	0.972763	0	0.00243191	0.0248054	0.60162
3840	1	0.999	0.67294	1.6268	0.968523	0	0.00193705	0.02954	0.591832
3850	1	0.999	0.667149	1.61358	0.968523	0	0.00193705	0.02954	0.589252
3860	1	0.999	0.658818	1.5956	0.97229	0	0.00145843	0.0262518	0.583499
3870	1	0.999	0.654105	1.58795	0.968992	0	0.00193798	0.0290698	0.585414
3880	1	0.999	0.64746	1.57957	0.968054	0	0.00290416	0.0290416	0.580469
3890	1	0.999	0.641787	1.5674	0.969462	0	0.00193892	0.0285991	0.573445
3900	1	0.999	0.635754	1.57088	0.961538	0	0.00240385	0.0360577	0.570668
3910	1	0.999	0.630229	1.56493	0.959693	0	0.00239923	0.0379079	0.568285
3920	1	0.999	0.622551	1.54782	0.960615	0	0.000960615	0.0384246	0.563384
3930	1	0.999	0.615989	1.54968	0.958773	0	0.00383509	0.0373921	0.568171
3940	1	0.999	0.610345	1.53635	0.951475	0	0.00190295	0.0466223	0.561501
3950	1	0.999	0.60455	1.52052	0.95648	0	0.00191296	0.0416069	0.553462
3960	1	0.999	0.59833	1.50289	0.960154	0	0.00432069	0.0355257	0.558614
3970	1	0.999	0.590952	1.49687	0.957854	0	0.00191571	0.0402299	0.549719
3980	1	0.999	0.582441	1.48786	0.951475	0	0.00142721	0.047098	0.552532
3990	1	0.999	0.573227	1.45786	0.95648	0	0.0023912	0.0411286	0.541957
4000	1	0.999	0.565637	1.46213	0.947867	0	0.00189573	0.050237	0.549363
4010	1	0.999	0.558223	1.4487	0.947418	0	0.00236855	0.0502132	0.539414
4020	1	0.999	0.550448	1.43071	0.951475	0	0.00237869	0.0461465	0.537859
4030	1	0.999	0.542694	1.41362	0.950119	0	0.00332542	0.0465558	0.542607
4040	1	0.999	0.536123	1.39546	0.957854	0	0.00239464	0.039751	0.530972
4050	1	0.999	0.527407	1.38522	0.953743	0	0.00190749	0.0443491	0.529463
4060	1	0.999	0.519025	1.37306	0.949217	0	0.00332226	0.0474608	0.52298
4070	1	0.999	0.511029	1.35989	0.94518	0	0.00283554	0.0519849	0.518327
4080	1	0.999	0.502311	1.3383	0.947867	0	0.0028436	0.0492891	0.519488
4090	1	0.999	0.493217	1.32552	0.948317	0	0.00379327	0.04789	0.516318
4100	1	0.999	0.485203	1.31271	0.946522	0	0.000946522	0.0525319	0.511966
4110	1	0.999	0.475748	1.28072	0.95511	0	0.00286533	0.0420248	0.505728
4120	1	0.999	0.466439	1.27357	0.947867	0	0.00236967	0.049763	0.505141
4130	1	0.999	0.456363	1.26099	0.944287	0	0.000472144	0.0552408	0.504132
4140	1	0.999	0.446948	1.24213	0.940291	0	0.00235073	0.0573578	0.494422
4150	1	0.999	0.438786	1.2174	0.947867	0	0.000473934	0.0516588	0.499642
4160	1	0.999	0.428462	1.20744	0.938527	0	0.000938527	0.060535	0.491573
4170	1	0.999	0.418164	1.17528	0.942507	0	0.00282752	0.0546654	0.49038
4180	1	0.999	0.409531	1.15257	0.940291	0	0.00188058	0.0578279	0.469026
4190	1	0.999	0.399942	1.14198	0.929368	0	0.00185874	0.0687732	0.475961
4200	1	0.999	0.391782	1.11853	0.9298	0	0.0018596	0.0683403	0.47039
4210	1	0.999	0.383718	1.10357	0.923788	0	0.00323326	0.0729792	0.47541
4220	1	0.999	0.375548	1.09366	0.917011	0	0.00137552	0.0816139	0.472455
4230	1	0.999	0.367664	1.07711	0.92081	0	0.00230203	0.0768877	0.470419
4240	1	0.999	0.359965	1.06588	0.91617	0	0.0032066	0.080623	0.454519
4250	1	0.999	0.352985	1.04346	0.925069	0	0.00277521	0.0721554	0.457745
4260	1	0.999	0.343594	1.03071	0.920387	0	0.00322135	0.0763921	0.451963
4270	1	0.999	0.335624	1.02061	0.913242	0	0.00182648	0.0849315	0.450598
4280	1	0.999	0.326242	1.00935	0.904977	0	0.00180995	0.0932127	0.4416
4290	1	0.999	0.314745	0.995459	0.899281	0	0.00314748	0.0975719	0.439975
4300	1	0.999	0.305073	0.964919	0.914913	0	0.00365965	0.0814273	0.441433
4310	1	0.999	0.295393	0.95862	0.90212	0	0.00496166	0.0929184	0.430586
4320	1	0.999	0.286603	0.938298	0.908265	0	0.0013624	0.0903724	0.429305
4330	1	0.999	0.27505	0.922818	0.898069	0	0.00179614	0.100135	0.423258
4340	1	0.999	0.265964	0.898995	0.906208	0	0.00226552	0.091527	0.425804
4350	1	0.999	0.256883	0.900007	0.894055	0	0.00357622	0.102369	0.424363
4360	1	0.999	0.246447	0.860179	0.897666	0	0.00359066	0.0987433	0.420039
4370	1	0.999	0.23678	0.840385	0.891663	0	0.000891663	0.107445	0.41996
4380	1	0.999	0.226041	0.818228	0.898069	0	0.00224517	0.0996857	0.415623
4390	1	0.999	0.217177	0.811754	0.888099	0	0.00222025	0.10968	0.413169
4400	1	0.999	0.209026	0.800188	0.879507	0	0.00175901	0.118734	0.40581
4410	1	0.999	0.199577	0.788156	0.879121	0	0	0.120879	0.409709
4420	1	0.999	0.190889	0.763944	0.88574	0	0.00044287	0.113818	0.408069
4430	1	0.999	0.182214	0.754489	0.883783	0	0.00132567	0.114892	0.402504
4440	1	0.999	0.173407	0.733613	0.887705	0	0.00221926	0.110075	0.408066
4450	1	0.999	0.163669	0.725189	0.879894	0	0.00307963	0.117026	0.41065
4460	1	0.999	0.153793	0.70939	0.879121	0	0.00131868	0.11956	0.404534
4470	1	0.999	0.144961	0.670568	0.911577	0	0.00182315	0.0865998	0.411018
4480	1	0.999	0.136014	0.677144	0.886918	0	0	0.113082	0.40805
4490	1	0.999	0.12712	0.663866	0.886132	0	0.000443066	0.113425	0.402648
4500	1	0.999	0.119156	0.653784	0.880282	0	0.000440141	0.119278	0.413563
4510	1	0.999	0.11001	0.630731	0.900901	0	0.000900901	0.0981982	0.418684
4520	1	0.999	0.101262	0.612319	0.906618	0	0	0.0933817	0.438482
4530	1	0.999	0.0929927	0.596679	0.924214	0	0.000462107	0.0753235	0.449855
4540	1	0.999	0.0866396	0.595955	0.908265	0	0.0013624	0.0903724	0.45348
4550	1	0.999	0.0799725	0.603192	0.874126	0	0	0.125874	0.430806
4560	1	0.999	0.0721961	0.607669	0.852515	0	0.000426257	0.147059	0.405697
4570	1	0.999	0.0651113	0.592466	0.858001	0	0	0.141999	0.427801
4580	1	0.999	0.0602301	0.592082	0.848536	0	0	0.151464	0.447943
4590	1	0.999	0.0551938	0.578531	0.866176	0	0	0.133824	0.480628
4600	1	0.999	0.0505078	0.572425	0.86881	0	0	0.13119	0.492755
4610	1	0.999	0.0463419	0.577715	0.849979	0	0	0.150021	0.518613
4620	1	0.999	0.0414282	0.566132	0.857633	0	0.000428816	0.141938	0.53875
4630	1	0.999	0.037026	0.569853	0.844951	0	0	0.155049	0.569881
4640	1	0.999	0.0335005	0.567724	0.841751	0	0	0.158249	0.602768
4650	1	0.999	0.0307166	0.581763	0.795545	0	0.00198886	0.202466	0.60579
4660	1	0.999	0.0274637	0.607106	0.751597	0	0.00338219	0.245021	0.642114
4670	1	0.999	0.0247686	0.612796	0.734754	0	0.00257164	0.262675	0.712634
4680	1	0.999	0.0227376	0.607626	0.727802	0	0.00691412	0.265284	0.741212
4690	1	0.999	0.0206716	0.616546	0.721501	0	0.00829726	0.270202	0.768376
4700	1	0.999	0.0192984	0.609382	0.727802	0	0.00909753	0.2631	0.779945
4710	1	0.999	0.0179027	0.603071	0.725953	0	0.00980036	0.264247	0.801389
4720	1	0.999	0.016562	0.600048	0.737191	0	0.00737191	0.255437	0.821004
4730	1	0.999	0.01498	0.605345	0.729927	0	0.0131387	0.256934	0.835863
4740	1	0.999	0.013977	0.601472	0.723066	0	0.0112075	0.265727	0.840033
4750	1	0.999	0.0128839	0.615991	0.706714	0	0.0116608	0.281625	0.857337
4760	1	0.999	0.0121273	0.603971	0.724375	0	0.0130388	0.262586	0.866961
4770	1	0.999	0.0112331	0.607373	0.717875	0	0.0143575	0.267767	0.878379
4780	1	0.999	0.0104502	0.599722	0.743494	0	0.0141264	0.242379	0.889986
4790	1	0.999	0.00959105	0.60394	0.723327	0	0.0122966	0.264376	0.912627
4800	1	0.999	0.00865808	0.598292	0.721241	0	0.0162279	0.262532	0.934408
4810	1	0.999	0.00766383	0.603109	0.721501	0	0.0191198	0.25938	0.956658
4820	1	0.999	0.00700225	0.601663	0.721241	0	0.0173098	0.26145	0.97275
4830	1	0.999	0.00662456	0.609477	0.705219	0	0.022567	0.272214	0.981083
4840	1	0.999	0.00635068	0.60007	0.722282	0	0.0238353	0.253882	0.9838
4850	1	0.999	0.00616558	0.59941	0.722543	0	0.0180636	0.259393	0.988742
4860	1	0.999	0.0061043	0.61082	0.702247	0	0.0231742	0.274579	0.988658
4870	1	0.999	0.00595673	0.603895	0.720461	0	0.0298991	0.24964	0.988883
4880	1	0.999	0.00583542	0.603522	0.717103	0	0.0229473	0.25995	0.989792
4890	1	0.999	0.00576788	0.607368	0.705965	0	0.020826	0.273209	0.991267
4900	1	0.999	0.00544272	0.606265	0.704225	0	0.0242958	0.271479	0.9924
4910	1	0.999	0.0053902	0.598119	0.719166	0	0.0190579	0.261776	0.995108
4920	1	0.999	0.00524137	0.604259	0.703235	0	0.0232068	0.273558	0.99315
4930	1	0.999	0.00525388	0.604647	0.709975	0	0.0216542	0.268371	0.994617
4940	1	0.999	0.00530265	0.605391	0.708968	0	0.0223325	0.268699	0.996133
4950	1	0.999	0.0054052	0.596425	0.719166	0	0.0226537	0.258181	0.993608
4960	1	0.999	0.00522261	0.595362	0.722282	0	0.0213073	0.25641	0.993775
4970	1	0.999	0.00524512	0.592329	0.729129	0	0.0207802	0.250091	0.993283
4980	1	0.999	0.00524387	0.602022	0.708466	0	0.0187744	0.272759	0.9915
4990	1	0.999	0.00523887	0.603399	0.713012	0	0.027451	0.259537	0.993108
5000	1	0.999	0.00527764	0.605371	0.70922	0	0.027305	0.263475	0.995158
5010	1	0.999	0.00523137	0.604083	0.709975	0	0.027334	0.262691	0.995183
5020	1	0.999	0.0052051	0.600099	0.716846	0	0.0204301	0.262724	0.994542
5030	1	0.999	0.00509505	0.593444	0.726216	0	0.0265069	0.247277	0.995917
5040	1	0.999	0.0050963	0.623949	0.706215	0	0.0233051	0.27048	0.995617
5050	1	0.999	0.00507129	0.608545	0.710227	0	0.0227273	0.267045	0.994808
5060	1	0.999	0.00504127	0.602113	0.719683	0	0.0233897	0.256927	0.995367
5070	1	0.999	0.00505503	0.607469	0.71048	0	0.0269982	0.262522	0.995867
5080	1	0.999	0.00508379	0.61129	0.70373	0	0.0246305	0.27164	0.995475
5090	1	0.999	0.00508629	0.603545	0.71736	0	0.0254663	0.257174	0.99455
5100	1	0.999	0.00509505	0.612424	0.702247	0	0.0270365	0.270716	0.995792
5110	1	0.999	0.00506878	0.612987	0.702494	0	0.0249385	0.272568	0.9966
5120	1	0.999	0.00504877	0.604952	0.713776	0	0.0235546	0.26267	0.995408
5130	1	0.999	0.00501251	0.608497	0.715308	0	0.0261087	0.258584	0.995608
5140	1	0.999	0.00499625	0.597007	0.727802	0	0.0247453	0.247453	0.996733
5150	1	0.999	0.00500625	0.605232	0.716846	0	0.0215054	0.261649	0.996208
5160	1	0.999	0.005005	0.603603	0.720981	0	0.0241528	0.254867	0.996425
5170	1	0.999	0.00495498	0.602941	0.71736	0	0.0225968	0.260043	0.996433
5180	1	0.999	0.00496748	0.595314	0.727537	0	0.018916	0.253547	0.996983
5190	1	0.999	0.00495998	0.599703	0.725426	0	0.0203119	0.254262	0.9962
5200	1	0.999	0.00497249	0.604225	0.716332	0	0.0211318	0.262536	0.9949
5210	1	0.999	0.00497249	0.607104	0.70922	0	0.0269504	0.26383	0.995833
5220	1	0.999	0.0049925	0.612012	0.705965	0	0.0250618	0.268973	0.99605
5230	1	0.999	0.00499875	0.605209	0.713776	0	0.0217702	0.264454	0.996908
5240	1	0.999	0.00500125	0.602697	0.715308	0	0.0218169	0.262876	0.995033
5250	1	0.999	0.00499625	0.604043	0.717618	0	0.0276283	0.254754	0.995333
5260	1	0.999	0.00497874	0.606351	0.708968	0	0.0269408	0.264091	0.996058
5270	1	0.999	0.00499125	0.607285	0.713267	0	0.0246077	0.262126	0.9949
5280	1	0.999	0.005	0.607093	0.714796	0	0.0228735	0.26233	0.997158
5290	2	1.002	0.00647148	0.605534	0.716332	0	0.0261461	0.257521	0.996053
5300	1	0.999	0.00493747	0.604073	0.714796	0	0.0243031	0.260901	0.996067
5310	1	0.999	0.00488369	0.610154	0.714031	0	0.0267762	0.259193	0.996075
5320	1	0.999	0.00485743	0.606863	0.707464	0	0.0261762	0.26636	0.996558
5330	1	0.999	0.00487994	0.601442	0.715564	0	0.0243292	0.260107	0.996817
5340	1	0.999	0.00488994	0.602744	0.718391	0	0.0215517	0.260057	0.995925
5350	1	0.999	0.0049012	0.607863	0.70497	0	0.0204441	0.274586	0.996858
5360	1	0.999	0.00484867	0.604406	0.711491	0	0.0160085	0.272501	0.996208
5370	1	0.999	0.00480615	0.599084	0.725953	0	0.0199637	0.254083	0.996308
5380	2	1	0.00526025	0.605107	0.7249	0	0.0260964	0.249003	0.996058
5390	1	0.999	0.00469985	0.598596	0.718907	0	0.0255212	0.255572	0.996967
5400	1	0.999	0.00472611	0.638782	0.694444	0	0.0211806	0.284375	0.99565
5410	1	0.999	0.00477364	0.608293	0.704225	0	0.025	0.270775	0.997042
5420	1	0.999	0.00467484	0.595239	0.724375	0	0.0210069	0.254618	0.996292
5430	1	0.999	0.0046048	0.60634	0.713267	0	0.0267475	0.259986	0.998042
5440	1	0.999	0.0046048	0.592709	0.730194	0	0.0193501	0.250456	0.996892
5450	1	0.999	0.00453727	0.602172	0.713521	0	0.0249732	0.261506	0.996267
5460	1	0.999	0.00445848	0.612677	0.706464	0	0.0257859	0.26775	0.997083
5470	1	0.999	0.00448474	0.597867	0.722022	0	0.0263538	0.251625	0.996492
5480	1	0.999	0.00442971	0.609708	0.706215	0	0.0180085	0.275777	0.996175
5490	1	0.999	0.00444722	0.614852	0.705467	0	0.0261023	0.26843	0.998225
5500	1	0.999	0.00434842	0.595219	0.720981	0	0.0219899	0.25703	0.99745
5510	1	0.999	0.00433842	0.601452	0.715308	0	0.0253934	0.259299	0.997325
5520	1	0.999	0.0043034	0.611652	0.713776	0	0.0224839	0.26374	0.998233
5530	1	0.999	0.00433342	0.610893	0.70028	0	0.0241597	0.27556	0.998117
5540	1	0.999	0.00435343	0.604705	0.710227	0	0.0266335	0.263139	0.996925
5550	1	0.999	0.00430465	0.606419	0.715308	0	0.0243205	0.260372	0.996933
5560	1	0.999	0.00425213	0.60841	0.707464	0	0.0247612	0.267775	0.997833
5570	1	0.999	0.0042071	0.598458	0.720721	0	0.0216216	0.257658	0.997292
5580	1	0.999	0.00408204	0.602337	0.722282	0	0.0263633	0.251354	0.997925
5590	1	0.999	0.00398574	0.604427	0.713267	0	0.0242511	0.262482	0.997708
5600	1	0.999	0.00397699	0.597365	0.723851	0	0.0173724	0.258777	0.998508
5610	1	0.999	0.003997	0.60463	0.717875	0	0.0262024	0.255922	0.998592
5620	1	0.999	0.00405953	0.60796	0.708215	0	0.0237252	0.268059	0.998008
5630	1	0.999	0.00407579	0.598605	0.722543	0	0.0242052	0.253251	0.998092
5640	1	0.999	0.00404827	0.608945	0.714541	0	0.022508	0.262951	0.9971
5650	1	0.999	0.00383192	0.616578	0.698812	0	0.0265549	0.274633	0.997833
5660	1	0.999	0.00392696	0.604306	0.716332	0	0.0254298	0.258238	0.997567
5670	1	0.999	0.00377314	0.604291	0.717618	0	0.0269107	0.255472	0.998608
5680	1	0.999	0.00377564	0.595671	0.728067	0	0.022206	0.249727	0.998692
5690	1	0.999	0.00378189	0.608417	0.705716	0	0.0232886	0.270995	0.997367
5700	1	0.999	0.00366808	0.604368	0.727008	0	0.0232643	0.249727	0.998542
5710	1	0.999	0.00356428	0.621755	0.701754	0	0.0224561	0.275789	0.9965
5720	1	0.999	0.00347424	0.607523	0.723327	0	0.0220615	0.254611	0.99875
5730	1	0.999	0.00351801	0.621229	0.70497	0	0.023264	0.271766	0.9982
5740	1	0.999	0.00357804	0.615655	0.714796	0	0.0235883	0.261615	0.997292
5750	1	0.999	0.00367809	0.604085	0.717875	0	0.0279971	0.254128	0.997092
5760	1	0.999	0.0036018	0.604713	0.721501	0	0.024531	0.253968	0.997425
5770	1	0.999	0.00355928	0.609976	0.712758	0	0.023521	0.263721	0.9988
5780	1	0.999	0.003493	0.602953	0.72648	0	0.0228841	0.250636	0.99815
5790	1	0.999	0.00334167	0.61532	0.719683	0	0.027348	0.252969	0.998567
5800	1	0.999	0.003498	0.6186	0.718649	0	0.0201222	0.261229	0.998117
5810	1	0.999	0.00342921	0.608225	0.727802	0	0.022198	0.25	0.998733
5820	1	0.999	0.00348924	0.620533	0.708717	0	0.0205528	0.27073	0.997717
5830	1	0.999	0.00348924	0.617379	0.71736	0	0.0225968	0.260043	0.999025
5840	1	0.999	0.00344672	0.620783	0.712251	0	0.025641	0.262108	0.998308
5850	1	0.999	0.00335668	0.614263	0.723327	0	0.0231465	0.253526	0.998733
5860	1	0.999	0.00333417	0.617341	0.710227	0	0.0241477	0.265625	0.998842
5870	1	0.999	0.00342046	0.612227	0.71736	0	0.0240316	0.258608	0.99805
5880	1	0.999	0.00343797	0.61312	0.714796	0	0.0192995	0.265904	0.999142
5890	1	0.999	0.00335418	0.614915	0.711997	0	0.0252759	0.262727	0.998983
5900	1	0.999	0.00318784	0.618557	0.706964	0	0.0247437	0.268293	0.998383
5910	1	0.999	0.00303777	0.612617	0.71582	0	0.0246958	0.259485	0.999025
5920	1	0.999	0.00307279	0.619499	0.706464	0	0.0247262	0.26881	0.999042
5930	1	0.999	0.0030015	0.611278	0.719166	0	0.0222941	0.25854	0.99875
5940	1	0.999	0.00305278	0.609931	0.723066	0	0.0238612	0.253073	0.999708
5950	1	0.999	0.00308154	0.623845	0.729129	0	0.0229676	0.247904	0.999075
5960	1	0.999	0.00295523	0.612939	0.71736	0	0.026901	0.255739	0.999358
5970	1	0.999	0.00293272	0.620169	0.707965	0	0.0233628	0.268673	0.999
5980	1	0.999	0.00291396	0.625481	0.701754	0	0.0252632	0.272982	0.999325
5990	1	0.999	0.00293897	0.611326	0.722022	0	0.0234657	0.254513	0.999708
6000	1	0.999	0.00295023	0.600946	0.735565	0	0.0235381	0.240897	0.999833
6010	1	0.999	0.00295023	0.609374	0.721761	0	0.0256225	0.252616	0.999458
6020	1	0.999	0.00289895	0.623105	0.70028	0	0.0245098	0.27521	0.998883
6030	1	0.999	0.0028064	0.617547	0.714796	0	0.0192995	0.265904	0.999442
6040	1	0.999	0.00285518	0.608155	0.715564	0	0.0261181	0.258318	0.999017
6050	1	0.999	0.00277264	0.602462	0.723066	0	0.0274765	0.249458	0.999383
6060	1	0.999	0.00274637	0.612191	0.705965	0	0.0268267	0.267208	0.999583
6070	1	0.999	0.00282016	0.606545	0.708968	0	0.0308401	0.260191	0.999583
6080	1	0.999	0.00275388	0.599753	0.720461	0	0.0230548	0.256484	0.999875
6090	1	0.999	0.00274137	0.602469	0.719942	0	0.025558	0.2545	0.998983
6100	1	0.999	0.00278889	0.607073	0.704473	0	0.0225431	0.272983	0.999833
6110	1	0.999	0.00272761	0.593566	0.725163	0	0.0264685	0.248368	0.999775
6120	1	0.999	0.00273387	0.609925	0.705716	0	0.0218772	0.272406	0.999633
6130	1	0.999	0.00274887	0.600246	0.713776	0	0.0235546	0.26267	0.999417
6140	1	0.999	0.00271136	0.597099	0.718133	0	0.0233393	0.258528	0.9995
6150	1	0.999	0.00275513	0.604905	0.712251	0	0.0238604	0.263889	0.999358
6160	1	0.999	0.00273387	0.601893	0.712504	0	0.0277877	0.259708	0.999292
6170	1	0.999	0.00271136	0.595104	0.721761	0	0.0216528	0.256586	0.999208
6180	1	0.999	0.00272511	0.611873	0.702001	0	0.023166	0.274833	0.999317
6190	1	0.999	0.00271636	0.599457	0.71736	0	0.0233142	0.259326	0.999483
6200	1	0.999	0.0028064	0.604418	0.707214	0	0.0311174	0.261669	0.999417
6210	1	0.999	0.00285018	0.602457	0.71736	0	0.0229555	0.259684	0.999333
6220	1	0.999	0.00279265	0.610734	0.705219	0	0.0267983	0.267983	1
6230	1	0.999	0.00272511	0.597044	0.714541	0	0.026438	0.259021	0.999083
6240	1	0.999	0.00261631	0.605609	0.711744	0	0.0234875	0.264769	0.999608
6250	1	0.999	0.00256878	0.606291	0.718391	0	0.0208333	0.260776	1
6260	1	0.999	0.00253252	0.619098	0.709471	0	0.0248315	0.265697	1
6270	1	0.999	0.00252126	0.595945	0.728597	0	0.0222222	0.24918	0.999667
6280	1	0.999	0.002505	0.607547	0.705965	0	0.0250618	0.268973	1
6290	1	0.999	0.002505	0.600553	0.719683	0	0.0190716	0.261245	1
6300	1	0.999	0.0025075	0.603845	0.716846	0	0.0225806	0.260573	1
6310	1	0.999	0.00252126	0.596258	0.722804	0	0.024214	0.252982	1
6320	1	0.999	0.00251376	0.612332	0.696864	0	0.0219512	0.281185	0.999833
6330	1	0.999	0.00251376	0.606493	0.716846	0	0.0268817	0.256272	1
6340	1	0.999	0.00252376	0.596615	0.721761	0	0.0184049	0.259834	1
6350	1	0.999	0.00252876	0.596975	0.724638	0	0.0246377	0.250725	1
6360	1	0.999	0.00256753	0.598191	0.725953	0	0.0232305	0.250817	1
6370	1	0.999	0.00254752	0.591724	0.732064	0	0.022694	0.245242	0.999833
6380	1	0.999	0.00254127	0.606607	0.70922	0	0.0191489	0.271631	1
6390	1	0.999	0.00254002	0.605578	0.712251	0	0.0249288	0.262821	1
6400	1	0.999	0.00252626	0.604707	0.708215	0	0.0208924	0.270892	1
6410	1	0.999	0.00254877	0.596519	0.727802	0	0.0196507	0.252547	0.999708
6420	1	0.999	0.00265508	0.610632	0.708717	0	0.0258682	0.265415	0.999775
6430	1	0.999	0.00258879	0.605754	0.70922	0	0.0237589	0.267021	0.999708
6440	1	0.999	0.00254002	0.61196	0.704473	0	0.0278267	0.2677	0.999875
6450	1	0.999	0.00257379	0.600256	0.723066	0	0.0209689	0.255965	0.999875
6460	1	0.999	0.00257379	0.59694	0.721761	0	0.0205702	0.257669	1
6470	1	0.999	0.00257879	0.616541	0.698324	0	0.0223464	0.27933	0.999542
6480	1	0.999	0.00258129	0.615363	0.719942	0	0.0194384	0.260619	1
6490	1	0.999	0.00256253	0.600505	0.720202	0	0.0208858	0.258912	0.999875
6500	1	0.999	0.00255503	0.605714	0.713776	0	0.0299786	0.256246	1
6510	1	0.999	0.00250875	0.616263	0.701508	0	0.024202	0.27429	1
6520	1	0.999	0.00250125	0.686055	0.712504	0	0.0299252	0.25757	0.9998
6530	1	0.999	0.00250125	0.606863	0.711997	0	0.0231399	0.264863	1
6540	1	0.999	0.00250125	0.603985	0.716076	0	0.0261368	0.257787	1
6550	1	0.999	0.00250125	0.605885	0.711997	0	0.0284799	0.259523	1
6560	1	0.999	0.00250125	0.604412	0.717618	0	0.0247578	0.257625	1
6570	1	0.999	0.00250125	0.600932	0.720981	0	0.0223504	0.256669	1
6580	1	0.999	0.00250125	0.601281	0.721241	0	0.0198341	0.258925	1
6590	1	0.999	0.00250125	0.599063	0.727008	0	0.0247183	0.248273	1
6600	1	0.999	0.00250125	0.608779	0.727802	0	0.0174672	0.254731	1
6610	1	0.999	0.00250125	0.59892	0.723066	0	0.027115	0.249819	1
6620	1	0.999	0.00250125	0.612432	0.706215	0	0.0275424	0.266243	1
6630	1	0.999	0.00250125	0.600165	0.723066	0	0.0249458	0.251988	1
6640	1	0.999	0.00250125	0.595973	0.729661	0	0.0240788	0.24626	1
6650	1	0.999	0.00250125	0.598925	0.727273	0	0.0214545	0.251273	1
6660	1	0.999	0.00250125	0.599226	0.722804	0	0.0271052	0.25009	1
6670	1	0.999	0.00250125	0.603138	0.717103	0	0.0229473	0.25995	1
6680	1	0.999	0.00250125	0.618541	0.691085	0	0.024188	0.284727	1
6690	1	0.999	0.00250125	0.595546	0.724375	0	0.0220934	0.253531	1
6700	1	0.999	0.00250125	0.600367	0.720461	0	0.0201729	0.259366	1
6710	1	0.999	0.00250125	0.60245	0.715564	0	0.0221825	0.262254	1
6720	1	0.999	0.00250125	0.600001	0.713521	0	0.0288976	0.257581	1
6730	1	0.999	0.00250125	0.601794	0.71736	0	0.0200861	0.262554	1
6740	1	0.999	0.00250125	0.601725	0.719166	0	0.0204962	0.260338	1
6750	1	0.999	0.00250125	0.603791	0.704473	0	0.0243043	0.271222	1
6760	1	0.999	0.00250125	0.606936	0.710227	0	0.0237926	0.26598	1
6770	1	0.999	0.00250125	0.611918	0.719166	0	0.02589	0.254944	1
6780	1	0.999	0.00250125	0.599668	0.709723	0	0.0287438	0.261533	1
6790	1	0.999	0.00250125	0.600067	0.722022	0	0.0220217	0.255957	1
6800	1	0.999	0.00250125	0.603831	0.719424	0	0.0215827	0.258993	1
6810	1	0.999	0.00250125	0.599966	0.707714	0	0.0254777	0.266808	1
6820	1	0.999	0.00250125	0.605755	0.710985	0	0.0220405	0.266975	1
6830	1	0.999	0.00250125	0.603041	0.715308	0	0.0246781	0.260014	1
6840	1	0.999	0.00250125	0.600592	0.708466	0	0.0237336	0.2678	1
6850	1	0.999	0.00250125	0.599177	0.721241	0	0.0266859	0.252074	1
6860	1	0.999	0.00250125	0.603916	0.712758	0	0.0249465	0.262295	1
6870	1	0.999	0.00250125	0.596967	0.716076	0	0.0236305	0.260294	1
6880	1	0.999	0.00250125	0.604007	0.714286	0	0.0264286	0.259286	1
6890	1	0.999	0.00250125	0.600878	0.718907	0	0.0251618	0.255931	1
6900	1	0.999	0.00250125	0.59454	0.718649	0	0.0262307	0.25512	1
6910	1	0.999	0.00250125	0.615685	0.696621	0	0.0306513	0.272727	1
6920	1	0.999	0.00250125	0.602416	0.716332	0	0.0222063	0.261461	1
6930	1	0.999	0.00250125	0.60139	0.706964	0	0.0250972	0.267939	1
6940	1	0.999	0.00250125	0.60221	0.716076	0	0.019334	0.26459	1
6950	1	0.999	0.00250125	0.60781	0.707714	0	0.0237084	0.268577	1
6960	1	0.999	0.00250125	0.597693	0.711744	0	0.0266904	0.261566	1
6970	1	0.999	0.00250125	0.604309	0.712758	0	0.0249465	0.262295	1
6980	1	0.999	0.00250125	0.615338	0.695894	0	0.0313152	0.272791	1
6990	1	0.999	0.00250125	0.605918	0.702988	0	0.0256591	0.271353	1
7000	2	1.002	0.00399743	0.60793	0.719683	0	0.02267	0.257647	0.998333
7010	2	1.17837	0.0852248	0.931501	0.756144	0	0.0215501	0.222306	0.960781
7020	2	1.99795	0.502862	2.02166	0.908678	0	0.0127215	0.0786006	0.825985
7030	2	1.64153	0.731842	2.20489	0.972763	0	0.00340467	0.0238327	0.786995
7040	2	1.37643	0.833261	2.2199	0.984737	0	0.0014771	0.0137863	0.781905
7050	2	1.19586	0.905303	2.21709	0.986193	0	0.00345168	0.010355	0.777975
7060	2	1.17606	0.912755	2.19376	0.988142	0	0.00197628	0.00988142	0.774939
7070	2	1.1249	0.933583	2.20113	0.987654	0	0.00246914	0.00987654	0.769751
7080	2	1.11933	0.935021	2.18752	0.99108	0	0.0024777	0.00644202	0.772181
7090	2	1.09948	0.942383	2.18007	0.99108	0	0.00198216	0.00693756	0.762753
7100	2	1.0502	0.963453	2.17773	0.986193	0	0.00345168	0.010355	0.76408
7110	2	1.03354	0.970293	2.15581	0.993049	0	0.000993049	0.00595829	0.766039
7120	2	1.02224	0.974266	2.14712	0.993049	0	0.00148957	0.00546177	0.766371
7130	2	1.03665	0.965513	2.15002	0.991572	0	0.00148736	0.006941	0.761411
7140	2	1.03976	0.9629	2.16155	0.988142	0	0.00296443	0.00889328	0.770143
7150	2	1.03561	0.962884	2.17223	0.983768	0	0.00393507	0.0122971	0.765318
7160	2	1.04288	0.958271	2.1547	0.99108	0	0.00148662	0.0074331	0.762456
7170	2	1.03354	0.960611	2.17728	0.985707	0	0.00295712	0.0113356	0.766778
7180	2	1.05756	0.947249	2.14455	0.994036	0	0.00149105	0.00447316	0.750344
7190	2	1.03458	0.956202	2.17503	0.987167	0	0.00197433	0.0108588	0.753648
7200	2	1.03768	0.952723	2.1498	0.987654	0	0.00148148	0.0108642	0.754866
7210	2	1.05335	0.944373	2.14948	0.990589	0	0.00297177	0.00643883	0.759041
7220	2	1.02326	0.957059	2.14925	0.986193	0	0.00345168	0.010355	0.746944
7230	2	1.03148	0.950965	2.13558	0.98668	0	0.0049334	0.00838678	0.750359
7240	2	1.02326	0.953099	2.12774	0.990589	0	0.00346706	0.00594354	0.751225
7250	2	1.01207	0.956543	2.12619	0.992063	0	0.000992063	0.00694444	0.746391
7260	2	1.002	0.959935	2.13698	0.992063	0	0.0014881	0.00644841	0.748351
7270	2	1.02634	0.94655	2.12466	0.993049	0	0.00148957	0.00546177	0.741799
7280	2	1.01613	0.948987	2.15061	0.986193	0	0.00246548	0.0113412	0.74222
7290	3	1.01107	0.949163	2.13019	0.98668	0	0.00197336	0.0113468	0.741552
7300	4	1.01208	0.952145	2.13029	0.98912	0	0.00197824	0.00890208	0.736797
7310	2	1.001	0.949598	2.10801	0.98912	0	0.00098912	0.0098912	0.740338
7320	1	0.999	0.947077	2.11016	0.98668	0	0.0024667	0.0108535	0.73848
7330	1	0.999	0.944646	2.11412	0.983284	0	0.00294985	0.013766	0.733839
7340	1	0.999	0.942558	2.1016	0.98668	0	0.0024667	0.0108535	0.737631
7350	1	0.999	0.939737	2.10173	0.985707	0	0.00443568	0.00985707	0.734507
7360	1	0.999	0.936655	2.08867	0.991572	0	0.00148736	0.006941	0.729644
7370	1	0.999	0.934425	2.08956	0.988631	0	0.00296589	0.00840336	0.730464
7380	1	0.999	0.932242	2.09226	0.985222	0	0.0044335	0.0103448	0.733445
7390	1	0.999	0.930334	2.08385	0.986193	0	0.00147929	0.0123274	0.727943
7400	1	0.999	0.926858	2.06881	0.99108	0	0.00198216	0.00693756	0.729715
7410	1	0.999	0.924796	2.07558	0.988142	0	0.000988142	0.0108696	0.726372
7420	1	0.999	0.919736	2.07693	0.985222	0	0.00344828	0.01133	0.712677
7430	1	0.999	0.918299	2.06746	0.988631	0	0.00197726	0.00939199	0.714199
7440	1	0.999	0.915355	2.06729	0.985707	0	0.00246427	0.0118285	0.719155
7450	1	0.999	0.912155	2.08336	0.987654	0	0.000987654	0.011358	0.714161
7460	1	0.999	0.908551	2.05963	0.985222	0	0.00147783	0.0133005	0.700067
7470	1	0.999	0.905988	2.05267	0.986193	0	0.00246548	0.0113412	0.700076
7480	1	0.999	0.903563	2.0575	0.979432	0	0.00391773	0.0166503	0.703936
7490	1	0.999	0.899171	2.03684	0.987654	0	0.00296296	0.00938272	0.699611
7500	1	0.999	0.896466	2.03733	0.987654	0	0.00197531	0.0103704	0.705496
7510	1	0.999	0.892753	2.04111	0.983768	0	0.00393507	0.0122971	0.694886
7520	1	0.999	0.889709	2.03775	0.982318	0	0.0024558	0.0152259	0.689917
7530	1	0.999	0.88447	2.04451	0.983284	0	0.00245821	0.0142576	0.689625
7540	1	0.999	0.880116	2.02866	0.979912	0	0.00244978	0.0176384	0.685945
7550	1	0.999	0.875818	2.0236	0.97704	0	0.00341964	0.0195408	0.687074
7560	1	0.999	0.872501	2.01567	0.979432	0	0.00146915	0.0190989	0.686809
7570	1	0.999	0.869416	2.00601	0.983284	0	0.00147493	0.0152409	0.692066
7580	1	0.999	0.86508	2.0036	0.981354	0	0.00245339	0.0161923	0.684331
7590	1	0.999	0.859242	1.99104	0.984252	0	0.0019685	0.0137795	0.68487
7600	1	0.999	0.854989	1.98418	0.983284	0	0.000983284	0.0157325	0.683268
7610	1	0.999	0.852169	1.98613	0.978953	0	0.00293686	0.0181106	0.673072
7620	1	0.999	0.847389	1.97315	0.980873	0	0.00245218	0.0166748	0.675131
7630	1	0.999	0.842771	1.96387	0.981836	0	0.00245459	0.0157094	0.673865
7640	1	0.999	0.838073	1.96609	0.976562	0	0.00146484	0.0219727	0.66284
7650	1	0.999	0.835456	1.97212	0.979912	0	0.00195982	0.0181284	0.672604
7660	1	0.999	0.83097	1.94622	0.981836	0	0.000981836	0.0171821	0.675406
7670	1	0.999	0.826396	1.9526	0.976086	0	0.00146413	0.02245	0.662013
7680	1	0.999	0.819388	1.95636	0.977995	0	0.00244499	0.0195599	0.657325
7690	1	0.999	0.815478	1.93117	0.977995	0	0.00244499	0.0195599	0.649734
7700	1	0.999	0.809272	1.91178	0.983768	0	0.00245942	0.0137727	0.656251
7710	1	0.999	0.805448	1.91499	0.978474	0	0.00293542	0.018591	0.65074
7720	1	0.999	0.800301	1.90264	0.979912	0	0.000489956	0.0195982	0.652775
7730	1	0.999	0.794952	1.89943	0.980873	0	0.00343306	0.015694	0.646787
7740	1	0.999	0.79066	1.87949	0.981836	0	0.00147275	0.0166912	0.639807
7750	1	0.999	0.786666	1.9037	0.968992	0	0.00387597	0.0271318	0.640224
7760	1	0.999	0.783202	1.81622	0.974184	0	0.00340964	0.0224062	0.639096
7770	1	0.999	0.777014	1.80062	0.97561	0	0.00146341	0.0229268	0.631743
7780	1	0.999	0.773177	1.78732	0.97704	0	0.00195408	0.0210064	0.633555
7790	1	0.999	0.767665	1.77563	0.976562	0	0.000976562	0.0224609	0.638079
7800	1	0.999	0.761637	1.75848	0.980873	0	0.000980873	0.0181462	0.627833
7810	1	0.999	0.756936	1.75371	0.973236	0	0.00291971	0.0238443	0.626631
7820	1	0.999	0.752	1.73176	0.977995	0	0.000977995	0.0210269	0.62655
7830	1	0.999	0.747275	1.73375	0.968054	0	0.00290416	0.0290416	0.623913
7840	1	0.999	0.739476	1.70361	0.97371	0	0.00146056	0.0248296	0.621584
7850	2	1	0.734539	1.68909	0.971345	0	0.00291404	0.0257407	0.618545
7860	1	0.999	0.728912	1.66906	0.976562	0	0.00390625	0.0195312	0.608439
7870	1	0.999	0.723659	1.66333	0.967586	0	0.00290276	0.0295114	0.616042
7880	1	0.999	0.716212	1.63523	0.976562	0	0.000488281	0.0229492	0.614057
7890	1	0.999	0.710934	1.63063	0.971345	0	0.00388538	0.0247693	0.612858
7900	1	0.999	0.704657	1.62543	0.967118	0	0.00386847	0.0290135	0.604701
7910	1	0.999	0.69818	1.60296	0.972763	0	0.00291829	0.0243191	0.608115
7920	1	0.999	0.69256	1.59288	0.975134	0	0.000975134	0.0238908	0.60971
7930	1	0.999	0.688228	1.60049	0.967118	0	0.00241779	0.0304642	0.605003
7940	1	0.999	0.68077	1.58678	0.968523	0	0.00145278	0.0300242	0.592418
7950	1	0.999	0.675106	1.5683	0.970874	0	0.00485437	0.0242718	0.59967
7960	1	0.999	0.668188	1.55652	0.972763	0	0.00194553	0.0252918	0.594582
7970	1	0.999	0.661197	1.55181	0.969932	0	0.00193986	0.028128	0.599304
7980	1	0.999	0.655131	1.54651	0.967118	0	0.00241779	0.0304642	0.590929
7990	1	0.999	0.651037	1.53135	0.972763	0	0.00340467	0.0238327	0.589894
8000	1	0.999	0.64418	1.52974	0.968992	0	0.00193798	0.0290698	0.597716
8010	1	0.999	0.638603	1.5151	0.973236	0	0.000486618	0.0262774	0.59958
8020	1	0.999	0.631396	1.50944	0.965251	0	0.00144788	0.0333012	0.591902
8030	1	0.999	0.624187	1.49042	0.969932	0	0.00193986	0.028128	0.590653
8040	1	0.999	0.617487	1.47744	0.967586	0	0.00145138	0.0309627	0.584771
8050	1	0.999	0.610825	1.46733	0.96432	0	0.00144648	0.0342334	0.579274
8060	1	0.999	0.606717	1.45058	0.970403	0	0.00194081	0.0276565	0.582495
8070	1	0.999	0.601173	1.45393	0.964785	0	0.00241196	0.0328027	0.579707
8080	1	0.999	0.59464	1.43795	0.968523	0	0.000968523	0.0305085	0.578681
8090	1	0.999	0.586615	1.43183	0.96432	0	0.00337512	0.0323047	0.572181
8100	1	0.999	0.576932	1.41463	0.95511	0	0.00429799	0.0405922	0.583056
8110	1	0.999	0.56721	1.39285	0.963391	0	0.00144509	0.0351638	0.567613
8120	1	0.999	0.556341	1.36864	0.968523	0	0.00387409	0.0276029	0.565118
8130	1	0.999	0.547764	1.36504	0.959693	0	0.00191939	0.0383877	0.551849
8140	1	0.999	0.542551	1.34727	0.965717	0	0.00289715	0.0313858	0.558739
8150	1	0.999	0.533465	1.32693	0.966184	0	0.00144928	0.0323671	0.552953
8160	1	0.999	0.525311	1.32848	0.958313	0	0.00191663	0.03977	0.544924
8170	1	0.999	0.518094	1.32843	0.948317	0	0.00284495	0.0488383	0.551043
8180	1	0.999	0.510944	1.30107	0.959233	0	0.0028777	0.0378897	0.547569
8190	1	0.999	0.503508	1.2822	0.958773	0	0.00191755	0.0393097	0.534291
8200	1	0.999	0.495687	1.28321	0.956023	0	0.000478011	0.043499	0.536665
8210	1	0.999	0.486708	1.25319	0.963855	0	0.00433735	0.0318072	0.547867
8220	1	0.999	0.478691	1.24633	0.956023	0	0.00143403	0.042543	0.534522
8230	1	0.999	0.47016	1.24174	0.948767	0	0.00189753	0.0493359	0.538945
8240	1	0.999	0.459534	1.21914	0.956938	0	0.00191388	0.0411483	0.539529
8250	1	0.999	0.450843	1.20062	0.958313	0	0.00191663	0.03977	0.536784
8260	1	0.999	0.444212	1.19979	0.949668	0	0.000949668	0.0493827	0.536926
8270	1	0.999	0.435843	1.18991	0.94162	0	0.00188324	0.0564972	0.527645
8280	1	0.999	0.428837	1.16106	0.952835	0	0.00142925	0.0457361	0.532408
8290	1	0.999	0.419268	1.12595	0.96432	0	0.00337512	0.0323047	0.521725
8300	1	0.999	0.411601	1.11764	0.95648	0	0.00143472	0.0420851	0.523301
8310	1	0.999	0.403194	1.10819	0.938967	0	0.00328638	0.0577465	0.517122
8320	1	0.999	0.396431	1.0789	0.951022	0	0.00285307	0.0461246	0.52404
8330	1	0.999	0.389266	1.06726	0.95057	0	0.003327	0.0461027	0.517024
8340	1	0.999	0.382546	1.05784	0.943841	0	0.00377537	0.0523832	0.518865
8350	1	0.999	0.373789	1.0311	0.95511	0	0.00573066	0.0391595	0.525043
8360	1	0.999	0.364832	1.02897	0.93985	0	0.0018797	0.0582707	0.501222
8370	1	0.999	0.356064	1.01385	0.939408	0	0.00281822	0.0577736	0.509763
8380	1	0.999	0.348917	0.995136	0.948317	0	0.00331911	0.0483642	0.509901
8390	1	0.999	0.340273	0.978921	0.951475	0	0.00190295	0.0466223	0.501724
8400	1	0.999	0.331371	0.972494	0.93985	0	0.00234962	0.0578008	0.504793
8410	1	0.999	0.323463	0.964585	0.933707	0	0.00140056	0.0648926	0.501779
8420	1	0.999	0.314664	0.942886	0.93985	0	0.00281955	0.0573308	0.496458
8430	1	0.999	0.307788	0.938359	0.931099	0	0.0027933	0.066108	0.493823
8440	1	0.999	0.300448	0.913881	0.943396	0	0.00141509	0.0551887	0.496521
8450	1	0.999	0.293591	0.904768	0.941176	0	0.00235294	0.0564706	0.502377
8460	1	0.999	0.285808	0.898116	0.938527	0	0.000469263	0.0610042	0.493123
8470	1	0.999	0.278932	0.897427	0.919118	0	0.00229779	0.0785846	0.485966
8480	1	0.999	0.270589	0.864583	0.93985	0	0.0018797	0.0582707	0.489823
8490	1	0.999	0.263222	0.865016	0.923788	0	0.00230947	0.073903	0.490888
8500	1	0.999	0.255189	0.841173	0.935016	0	0.00140252	0.0635811	0.478853
8510	1	0.999	0.247933	0.827213	0.938967	0	0.00187793	0.0591549	0.483663
8520	2	1.001	0.240779	0.812305	0.938967	0	0.0028169	0.058216	0.480834
8530	1	0.999	0.232492	0.799127	0.932836	0	0.00186567	0.0652985	0.462176
8540	1	0.999	0.223947	0.79342	0.914495	0	0.00182899	0.0836763	0.45705
8550	1	0.999	0.215862	0.771132	0.928074	0	0.00185615	0.0700696	0.460849
8560	1	0.999	0.208203	0.759498	0.922935	0	0.000461467	0.0766036	0.454201
8570	1	0.999	0.19979	0.753711	0.912409	0	0.00228102	0.0853102	0.450945
8580	1	0.999	0.192523	0.741796	0.908678	0	0.00181736	0.0895048	0.448877
8590	1	0.999	0.185103	0.727232	0.914077	0	0.00182815	0.0840951	0.448644
8600	1	0.999	0.17596	0.714624	0.914077	0	0.00228519	0.083638	0.442836
8610	1	0.999	0.169105	0.70263	0.911993	0	0.00136799	0.0866393	0.439605
8620	1	0.999	0.161366	0.691355	0.911577	0	0.00136737	0.0870556	0.420531
8630	1	0.999	0.152905	0.693935	0.876808	0	0.00219202	0.121	0.413104
8640	1	0.999	0.145555	0.684607	0.877193	0	0.00131579	0.121491	0.414474
8650	1	0.999	0.137559	0.680332	0.860956	0	0.00215239	0.136892	0.410077
8660	1	0.999	0.129362	0.654005	0.8726	0	0.0008726	0.126527	0.394763
8670	1	0.999	0.120214	0.656722	0.851789	0	0.00170358	0.146508	0.391748
8680	1	0.999	0.111253	0.645535	0.847817	0	0.00169563	0.150487	0.388598
8690	1	0.999	0.104092	0.633297	0.845666	0	0.00211416	0.15222	0.384296
8700	1	0.999	0.0954065	0.627554	0.833333	0	0.000416667	0.16625	0.391485
8710	1	0.999	0.0874375	0.61287	0.835422	0	0.000835422	0.163743	0.389771
8720	1	0.999	0.0786081	0.606371	0.828157	0	0	0.171843	0.390533
8730	1	0.999	0.0695885	0.591605	0.833681	0	0	0.166319	0.417645
8740	1	0.999	0.0624525	0.570162	0.851789	0	0.000425894	0.147785	0.444663
8750	1	0.999	0.0571286	0.587153	0.810701	0	0.000405351	0.188893	0.459472
8760	1	0.999	0.052475	0.58689	0.803859	0	0	0.196141	0.477198
8770	1	0.999	0.0474737	0.590903	0.775494	0	0.000387747	0.224118	0.490897
8780	1	0.999	0.0430815	0.593795	0.762486	0	0.000381243	0.237133	0.549456
8790	1	0.999	0.039027	0.576505	0.783699	0	0	0.216301	0.605383
8800	1	0.999	0.0357804	0.57152	0.776699	0	0	0.223301	0.632078
8810	1	0.999	0.0335655	0.578218	0.772201	0	0.0003861	0.227413	0.66047
8820	1	0.999	0.0313094	0.576898	0.769823	0	0.00115473	0.229022	0.680097
8830	1	0.999	0.029905	0.566991	0.778816	0	0.00311526	0.218069	0.689632
8840	1	0.999	0.0290095	0.572691	0.771605	0	0.00231481	0.22608	0.702349
8850	1	0.999	0.0279365	0.570635	0.773096	0	0.00386548	0.223038	0.715197
8860	1	0.999	0.027076	0.568865	0.770416	0	0.00346687	0.226117	0.721371
8870	1	0.999	0.0263557	0.570725	0.773694	0	0.00309478	0.223211	0.721985
8880	1	0.999	0.0257154	0.565107	0.788022	0	0.00433412	0.207644	0.727046
8890	1	0.999	0.0252376	0.563105	0.780031	0	0.00234009	0.217629	0.730101
8900	1	0.999	0.0241083	0.563879	0.778513	0	0.00194628	0.219541	0.739978
8910	1	0.999	0.0236693	0.571475	0.773096	0	0.00193274	0.224971	0.730946
8920	1	0.999	0.0232804	0.562714	0.788022	0	0.00315209	0.208826	0.733851
8930	1	0.999	0.0226638	0.568381	0.773096	0	0.00270584	0.224198	0.741194
8940	1	0.999	0.0221823	0.566969	0.78064	0	0.00351288	0.215847	0.746743
8950	1	0.999	0.0216658	0.571742	0.764818	0	0.00305927	0.232122	0.749978
8960	1	0.999	0.0214995	0.564374	0.77821	0	0.00389105	0.217899	0.746936
8970	1	0.999	0.0209767	0.558758	0.794597	0	0.00158919	0.203814	0.745788
8980	1	0.999	0.0203777	0.566966	0.775494	0	0.00465297	0.219853	0.760444
8990	1	0.999	0.0201938	0.56644	0.767754	0	0.00230326	0.229942	0.754276
9000	1	0.999	0.0196998	0.573783	0.763942	0	0.00802139	0.228037	0.755867
9010	1	0.999	0.0191671	0.571391	0.76864	0	0.00422752	0.227133	0.754554
9020	1	0.999	0.0185593	0.565255	0.774893	0	0.00426191	0.220845	0.759345
9030	1	0.999	0.0182654	0.564681	0.775194	0	0.00426357	0.220543	0.758928
9040	1	0.999	0.0175088	0.558049	0.782779	0	0.00508806	0.212133	0.769008
9050	1	0.999	0.0167546	0.555736	0.783699	0	0.00509404	0.211207	0.775901
9060	1	0.999	0.0165833	0.55762	0.783392	0	0.00587544	0.210732	0.774024
9070	1	0.999	0.0161606	0.551544	0.796813	0	0.00318725	0.2	0.776062
9080	1	0.999	0.0157979	0.570762	0.764234	0	0.0045854	0.231181	0.780304
9090	1	0.999	0.0153252	0.565867	0.772499	0	0.00424874	0.223252	0.783601
9100	1	0.999	0.0147724	0.567706	0.771605	0	0.00694444	0.221451	0.779231
9110	1	0.999	0.014092	0.560706	0.779727	0	0.00623782	0.214035	0.786273
9120	1	0.999	0.0137256	0.56239	0.773994	0	0.00464396	0.221362	0.786089
9130	1	0.999	0.0135555	0.566042	0.769527	0	0.00346287	0.22701	0.790102
9140	1	0.999	0.0133054	0.568895	0.76365	0	0.00687285	0.229477	0.793476
9150	1	0.999	0.0131853	0.563977	0.768049	0	0.00460829	0.227343	0.789571
9160	1	0.999	0.0128277	0.55646	0.77912	0	0.0058434	0.215037	0.795317
9170	1	0.999	0.0123724	0.567008	0.757576	0	0.00643939	0.235985	0.798051
9180	1	0.999	0.0123187	0.559411	0.767754	0	0.00575816	0.226488	0.800333
9190	1	0.999	0.0121311	0.556766	0.777303	0	0.00388651	0.218811	0.8037
9200	1	0.999	0.0117521	0.564112	0.786164	0	0.00550314	0.208333	0.804502
9210	1	0.999	0.011562	0.552182	0.778513	0	0.00428182	0.217205	0.80437
9220	1	0.999	0.0113844	0.559758	0.773395	0	0.00270688	0.223898	0.799509
9230	1	0.999	0.0108504	0.559538	0.770119	0	0.00462072	0.22526	0.806093
9240	1	0.999	0.010429	0.555323	0.774893	0	0.00464936	0.220457	0.806817
9250	1	0.999	0.00998499	0.552847	0.781861	0	0.0050821	0.213057	0.811628
9260	1	0.999	0.00973237	0.556454	0.76864	0	0.00538048	0.22598	0.815496
9270	1	0.999	0.00952851	0.55796	0.771605	0	0.00501543	0.22338	0.819083
9280	1	0.999	0.00931466	0.550841	0.783699	0	0.00509404	0.211207	0.817656
9290	1	0.999	0.00914957	0.548343	0.784006	0	0.00627205	0.209722	0.818152
9300	1	0.999	0.00893822	0.550869	0.784929	0	0.00470958	0.210361	0.819973
9310	1	0.999	0.00871061	0.556605	0.770416	0	0.00385208	0.225732	0.82134
9320	1	0.999	0.00859805	0.554016	0.771903	0	0.00463142	0.223466	0.809801
9330	1	0.999	0.0084955	0.557611	0.775795	0	0.00581846	0.218386	0.822226
9340	1	0.999	0.00843422	0.548093	0.784006	0	0.00470404	0.21129	0.819161
9350	1	0.999	0.00841046	0.550649	0.777001	0	0.00777001	0.215229	0.817775
9360	1	0.999	0.0082979	0.56944	0.748503	0	0.00374251	0.247754	0.814019
9370	1	0.999	0.0082929	0.558856	0.760167	0	0.00722159	0.232611	0.819832
9380	1	0.999	0.00837544	0.551096	0.78064	0	0.00546448	0.213895	0.818021
9390	1	0.999	0.0080928	0.558969	0.768049	0	0.00806452	0.223886	0.821127
9400	1	0.999	0.00813282	0.553172	0.773994	0	0.00541796	0.220588	0.822785
9410	1	0.999	0.00813407	0.553317	0.773395	0	0.00502707	0.221578	0.817936
9420	1	0.999	0.00803152	0.555252	0.774593	0	0.00774593	0.217661	0.814765
9430	2	1.003	0.0100721	0.560253	0.780945	0	0.0070285	0.212027	0.816355
9440	1	0.999	0.00815783	0.557413	0.766284	0	0.0045977	0.229119	0.816982
9450	1	0.999	0.00801901	0.578755	0.749344	0	0.00711877	0.243537	0.813068
9460	1	0.999	0.00793397	0.557062	0.768049	0	0.00806452	0.223886	0.818706
9470	1	0.999	0.0079915	0.543808	0.787712	0	0.00433241	0.207956	0.821369
9480	1	0.999	0.00822411	0.548205	0.785238	0	0.00392619	0.210836	0.82037
9490	1	0.999	0.00820285	0.552118	0.77821	0	0.00817121	0.213619	0.822263
9500	1	0.999	0.00808279	0.553767	0.768935	0	0.00461361	0.226451	0.818451
9510	1	0.999	0.00793522	0.547328	0.783699	0	0.00431034	0.211991	0.819554
9520	1	0.999	0.00785268	0.55449	0.769231	0	0.00576923	0.225	0.813312
9530	1	0.999	0.00777514	0.54859	0.775194	0	0.00658915	0.218217	0.820794
9540	1	0.999	0.00764257	0.554691	0.770416	0	0.00577812	0.223806	0.816524
9550	1	0.999	0.00779015	0.553097	0.775494	0	0.00775494	0.216751	0.815765
9560	1	0.999	0.00782141	0.551488	0.771903	0	0.00347356	0.224624	0.823304
9570	1	0.999	0.00782141	0.548224	0.796178	0	0.00557325	0.198248	0.819556
9580	1	0.999	0.00762631	0.547892	0.788022	0	0.00669819	0.20528	0.818317
9590	1	0.999	0.00754002	0.55191	0.780336	0	0.00741319	0.212251	0.823786
9600	1	0.999	0.00751376	0.558694	0.779423	0	0.00545596	0.215121	0.819052
9610	1	0.999	0.00726738	0.563554	0.76599	0	0.00727691	0.226733	0.825632
9620	1	0.999	0.00734242	0.562553	0.767754	0	0.00575816	0.226488	0.817037
9630	1	0.999	0.00752876	0.554726	0.775494	0	0.00387747	0.220628	0.822887
9640	1	0.999	0.00757254	0.563884	0.768344	0	0.00922013	0.222436	0.814942
9650	1	0.999	0.00746373	0.555196	0.786164	0	0.0043239	0.209513	0.821354
9660	1	0.999	0.00732866	0.555002	0.776699	0	0.00543689	0.217864	0.813882
9670	1	0.999	0.00714732	0.55943	0.776398	0	0.00582298	0.21778	0.821515
9680	1	0.999	0.0069047	0.554613	0.780945	0	0.00624756	0.212807	0.826362
9690	1	0.999	0.00692346	0.555888	0.770713	0	0.0026975	0.22659	0.822894
9700	1	0.999	0.00676963	0.561352	0.775494	0	0.00542846	0.219077	0.818027
9710	1	0.999	0.00658829	0.558237	0.775795	0	0.00349108	0.220714	0.823758
9720	1	0.999	0.00651701	0.54635	0.784929	0	0.00588697	0.209184	0.817987
9730	1	0.999	0.00646573	0.559447	0.772798	0	0.00540958	0.221793	0.820781
9740	1	0.999	0.00640945	0.553359	0.785855	0	0.00392927	0.210216	0.820892
9750	1	0.999	0.00634817	0.553501	0.778513	0	0.00700662	0.21448	0.819277
9760	1	0.999	0.00635193	0.559969	0.779423	0	0.00740452	0.213172	0.82612
9770	1	0.999	0.00647449	0.556717	0.779727	0	0.00623782	0.214035	0.820719
9780	1	0.999	0.00619435	0.551707	0.777303	0	0.00893898	0.213758	0.816892
9790	1	0.999	0.00615183	0.562718	0.759301	0	0.00721336	0.233485	0.824042
9800	1	0.999	0.00621186	0.552254	0.780945	0	0.00663803	0.212417	0.818562
9810	1	0.999	0.00628939	0.561905	0.759301	0	0.00797267	0.232726	0.827069
9820	1	0.999	0.00645073	0.561187	0.763068	0	0.00457841	0.232354	0.825908
9830	1	0.999	0.00623812	0.555788	0.773994	0	0.00619195	0.219814	0.819818
9840	1	0.999	0.00626188	0.551664	0.78125	0	0.00703125	0.211719	0.812975
9850	1	0.999	0.00625438	0.569885	0.764234	0	0.00496752	0.230799	0.81545
9860	1	0.999	0.00611806	0.560845	0.762195	0	0.00838415	0.229421	0.826395
9870	1	0.999	0.00601551	0.558355	0.76864	0	0.0076864	0.223674	0.826751
9880	1	0.999	0.00587419	0.557098	0.764818	0	0.00764818	0.227533	0.829107
9890	1	0.999	0.00585293	0.551553	0.781555	0	0.00508011	0.213365	0.819333
9900	1	0.999	0.00568909	0.555088	0.774593	0	0.00658404	0.218823	0.830375
9910	1	0.999	0.00578414	0.547935	0.777605	0	0.00466563	0.217729	0.819045
9920	1	0.999	0.00570785	0.556289	0.770416	0	0.00577812	0.223806	0.824237
9930	2	1	0.00614139	0.557289	0.77101	0	0.0077101	0.22128	0.822795
9940	1	0.999	0.00552151	0.556367	0.764818	0	0.00382409	0.231358	0.828037
9950	1	0.999	0.00553902	0.558711	0.768049	0	0.00537634	0.226575	0.825492
9960	1	0.999	0.00542896	0.560596	0.760456	0	0.00760456	0.231939	0.831267
9970	1	0.999	0.00537894	0.561151	0.760167	0	0.00570125	0.234132	0.828679
9980	1	0.999	0.00538894	0.563917	0.755858	0	0.00718065	0.236961	0.821367
9990	1	0.999	0.00547649	0.555487	0.771903	0	0.00424547	0.223852	0.824656
