Generation number	Total number of allele	Diversity	Activity	Time	Fertility rate	2 DSB on one site rate	No DSB rate	No symmetrical sites (binding + DSB) rate	q
0	1	1	0.999918	2.15814	0.993049	0	0.00297915	0.00397219	0.775743
10	1	1	0.998914	2.17725	0.990099	0	0.00148515	0.00841584	0.773024
20	1	1	0.997925	2.16805	0.987167	0	0.00345508	0.00937808	0.76884
30	2	1.001	0.996948	2.24898	0.98912	0	0.00197824	0.00890208	0.767726
40	2	1.00602	0.99605	2.16349	0.99552	0	0.00298656	0.00149328	0.772201
50	5	1.01109	0.994566	2.26072	0.990589	0	0.00396236	0.00544824	0.778866
60	1	1	0.993624	2.15607	0.99108	0	0.00445986	0.00445986	0.777132
70	3	1.00502	0.992142	2.17113	0.987167	0	0.0029615	0.00987167	0.769559
80	1	1	0.990523	2.15315	0.98912	0	0.00197824	0.00890208	0.770074
90	2	1.00502	0.989466	2.16978	0.987654	0	0.00296296	0.00938272	0.765586
100	3	1.02952	0.98908	2.20719	0.992063	0	0.000496032	0.00744048	0.761889
110	4	1.01007	0.987804	2.18307	0.988631	0	0.00247158	0.00889768	0.762699
120	4	1.01922	0.985649	2.18577	0.987654	0	0.00296296	0.00938272	0.767732
130	3	1.00905	0.984102	2.16008	0.989609	0	0.00148441	0.00890648	0.762984
140	3	1.0254	0.982236	2.18842	0.990099	0	0.00247525	0.00742574	0.760271
150	3	1.01208	0.980748	2.16507	0.992063	0	0.00297619	0.00496032	0.753392
160	2	1.00804	0.979151	2.16464	0.987167	0	0.00197433	0.0108588	0.755244
170	2	1.00804	0.97767	2.15831	0.990099	0	0.00247525	0.00742574	0.754263
180	2	1.00401	0.975256	2.23239	0.99108	0	0.0024777	0.00644202	0.748367
190	3	1.01515	0.974695	2.17466	0.986193	0	0.000986193	0.0128205	0.762162
200	3	1.00401	0.972676	2.15068	0.990099	0	0.00247525	0.00742574	0.750871
210	2	1.001	0.971497	2.14301	0.986193	0	0.00147929	0.0123274	0.753743
220	2	1.002	0.96972	2.13262	0.99108	0	0.0024777	0.00644202	0.746776
230	2	1.01107	0.966747	2.23243	0.987654	0	0.00197531	0.0103704	0.747527
240	3	1.002	0.965482	2.14391	0.983768	0	0.00393507	0.0122971	0.747521
250	1	1	0.963971	2.12421	0.988631	0	0.00296589	0.00840336	0.74531
260	1	1	0.962274	2.12138	0.987167	0	0.00148075	0.0113524	0.742375
270	2	1.002	0.960022	2.23226	0.980392	0	0.00343137	0.0161765	0.75419
280	1	1	0.956158	2.12147	0.986193	0	0.00345168	0.010355	0.751434
290	1	1	0.954829	2.10868	0.99108	0	0.00297324	0.00594648	0.748833
300	4	1.00603	0.952643	2.12733	0.99108	0	0.00297324	0.00594648	0.733976
310	3	1.01311	0.951435	2.14228	0.987167	0	0.00246792	0.0103653	0.743935
320	4	1.00603	0.949497	2.12178	0.989609	0	0.00197922	0.00841168	0.737622
330	3	1.00401	0.946957	2.12966	0.982318	0	0.00147348	0.0162083	0.731706
340	2	1.001	0.944078	2.17634	0.990589	0	0.000990589	0.00842001	0.72761
350	2	1.002	0.941688	2.1051	0.987167	0	0.000493583	0.0123396	0.743829
360	2	1.00703	0.9396	2.10875	0.986193	0	0.00443787	0.00936884	0.733447
370	3	1.00703	0.936275	2.09666	0.98912	0	0.00197824	0.00890208	0.734068
380	2	1.01107	0.932876	2.10422	0.990099	0	0.00148515	0.00841584	0.723316
390	2	1.01107	0.930007	2.10841	0.985222	0	0.0044335	0.0103448	0.728204
400	3	1.06198	0.929226	2.28974	0.986193	0	0.00197239	0.0118343	0.733185
410	4	1.03682	0.925587	2.15262	0.987654	0	0.00197531	0.0103704	0.71864
420	4	1.02956	0.923824	2.14505	0.984252	0	0.00246063	0.0132874	0.725506
430	3	1.01513	0.919868	2.11661	0.98668	0	0.00148002	0.0118402	0.730482
440	3	1.02129	0.917647	2.10337	0.992556	0	0.00148883	0.00595533	0.720438
450	3	1.00603	0.914271	2.08577	0.985222	0	0.00295567	0.0118227	0.711949
460	3	1.03469	0.912058	2.14326	0.98668	0	0.00296004	0.0103601	0.718073
470	2	1.02738	0.908241	2.20558	0.985707	0	0.00147856	0.0128142	0.713372
480	2	1.02021	0.904506	2.28861	0.979912	0	0.00195982	0.0181284	0.709622
490	4	1.01311	0.90009	2.07521	0.984737	0	0.00246184	0.0128016	0.703785
500	2	1.00703	0.897146	2.06248	0.982318	0	0.00294695	0.0147348	0.688391
510	2	1.01817	0.894487	2.07247	0.983768	0	0.00344319	0.012789	0.70121
520	3	1.01718	0.888437	2.0595	0.984737	0	0.00295421	0.0123092	0.693044
530	3	1.04521	0.88711	2.11869	0.983284	0	0.000491642	0.0162242	0.692391
540	4	1.05804	0.88463	2.13384	0.980392	0	0.000490196	0.0191176	0.693168
550	4	1.07199	0.881633	2.15937	0.978474	0	0.00293542	0.018591	0.689326
560	4	1.10845	0.880718	2.21486	0.990099	0	0	0.00990099	0.6894
570	3	1.12678	0.878824	2.22283	0.981354	0	0.00343474	0.015211	0.692009
580	4	1.12186	0.874338	2.22447	0.980873	0	0.00392349	0.0152035	0.684712
590	4	1.15878	0.873052	2.25798	0.987167	0	0.00246792	0.0103653	0.69814
600	5	1.24144	0.876308	2.49193	0.984737	0	0.00196947	0.0132939	0.687368
610	4	1.17016	0.868561	2.3878	0.984737	0	0.000984737	0.0142787	0.68149
620	4	1.24871	0.868588	2.41171	0.982801	0	0.0039312	0.0132678	0.685502
630	4	1.29508	0.866099	2.41926	0.983284	0	0.00147493	0.0152409	0.684639
640	5	1.52191	0.874896	2.69156	0.984252	0	0.000984252	0.0147638	0.69183
650	4	1.71901	0.881895	2.87193	0.983768	0	0.0029513	0.0132809	0.699525
660	3	1.90561	0.888493	3.05235	0.979912	0	0.00342969	0.0166585	0.692426
670	4	2.0781	0.894161	3.06007	0.981836	0	0.00294551	0.0152185	0.710868
680	4	2.02882	0.889917	2.98543	0.984252	0	0.00295276	0.0127953	0.706258
690	5	1.90122	0.881185	2.95841	0.982801	0	0.0014742	0.0157248	0.700688
700	5	1.78657	0.872462	2.8037	0.984737	0	0.0014771	0.0137863	0.689626
710	7	1.70815	0.867049	2.76348	0.985222	0	0.00295567	0.0118227	0.693994
720	6	1.70974	0.86488	2.74701	0.988142	0	0.000494071	0.0113636	0.692485
730	5	1.61949	0.857456	2.80025	0.982801	0	0.002457	0.014742	0.689157
740	5	1.61549	0.856276	2.67408	0.978474	0	0.00195695	0.0195695	0.684872
750	5	1.55999	0.850524	2.64253	0.980392	0	0.00392157	0.0156863	0.682856
760	5	1.69987	0.853216	2.92332	0.984737	0	0.00196947	0.0132939	0.688979
770	5	1.93433	0.860406	2.9325	0.979912	0	0.0044096	0.0156786	0.690028
780	5	1.8347	0.851769	2.94146	0.979912	0	0.00342969	0.0166585	0.688273
790	3	1.92196	0.852911	2.87931	0.992556	0	0.000496278	0.00694789	0.677275
800	3	1.94766	0.851503	2.85335	0.977995	0	0.00342298	0.0185819	0.685842
810	4	2.16949	0.858953	2.96125	0.985707	0	0.00147856	0.0128142	0.687909
820	5	2.41977	0.869277	3.17856	0.981354	0	0.00392542	0.0147203	0.700945
830	6	2.53115	0.873448	3.09813	0.982801	0	0.0039312	0.0132678	0.697698
840	7	2.64561	0.87858	3.15123	0.984252	0	0.00147638	0.0142717	0.703585
850	6	2.83447	0.887299	3.29082	0.984252	0	0.000984252	0.0147638	0.704941
860	6	2.63219	0.873705	3.18377	0.984737	0	0.00246184	0.0128016	0.697409
870	5	2.66552	0.871336	3.17522	0.982318	0	0.0024558	0.0152259	0.702446
880	5	2.71573	0.878357	3.14263	0.988142	0	0.000988142	0.0108696	0.700586
890	5	2.61478	0.869777	3.12875	0.978953	0	0.00391581	0.0171317	0.696276
900	5	2.44472	0.864874	3.10222	0.98668	0	0.00098668	0.0123335	0.695446
910	5	2.50241	0.865907	3.12041	0.981836	0	0.000981836	0.0171821	0.687496
920	6	2.68118	0.869956	3.30821	0.981836	0	0.00245459	0.0157094	0.691975
930	5	2.59841	0.878115	3.21034	0.984737	0	0.00344658	0.0118168	0.691829
940	5	2.67486	0.880171	3.17095	0.985222	0	0.0044335	0.0103448	0.698272
950	7	2.62913	0.886722	3.16442	0.982318	0	0.00196464	0.0157171	0.712272
960	6	2.55438	0.881327	3.23262	0.981354	0	0.00392542	0.0147203	0.707814
970	5	2.50847	0.880642	3.13732	0.984737	0	0.00196947	0.0132939	0.702983
980	5	2.61708	0.877626	3.1612	0.985222	0	0.00246305	0.0123153	0.700834
990	5	2.71474	0.881424	3.15807	0.987167	0	0.00246792	0.0103653	0.713518
1000	5	2.51379	0.883897	3.13647	0.980392	0	0.00294118	0.0166667	0.709294
1010	4	2.48587	0.878708	3.04801	0.981354	0	0.00294406	0.0157017	0.708156
1020	4	2.53269	0.875187	3.08914	0.984737	0	0.0014771	0.0137863	0.703917
1030	4	2.62318	0.874451	3.18476	0.984252	0	0.00246063	0.0132874	0.70003
1040	5	2.65578	0.870377	3.06978	0.984737	0	0.00295421	0.0123092	0.704511
1050	4	2.60362	0.869662	3.17401	0.984252	0	0.00492126	0.0108268	0.693908
1060	4	2.36795	0.869449	3.10362	0.984252	0	0.00295276	0.0127953	0.702306
1070	4	2.36307	0.853612	3.01907	0.981354	0	0.00245339	0.0161923	0.69781
1080	4	2.29725	0.854036	3.04494	0.987654	0	0.00296296	0.00938272	0.696384
1090	4	2.10364	0.861157	2.89202	0.981836	0	0.000981836	0.0171821	0.702271
1100	4	2.17454	0.856624	3.03679	0.980392	0	0.00245098	0.0171569	0.689812
1110	4	2.10881	0.86264	2.89327	0.981354	0	0.00245339	0.0161923	0.690708
1120	5	1.83159	0.870842	2.87306	0.981354	0	0.00245339	0.0161923	0.704575
1130	6	1.71351	0.884956	2.73633	0.987654	0	0.000987654	0.011358	0.697234
1140	6	1.56244	0.888103	2.69225	0.980392	0	0.00441176	0.0151961	0.711538
1150	4	1.73725	0.876655	2.71197	0.98912	0	0.0024728	0.00840752	0.701402
1160	4	1.63154	0.882112	2.75461	0.983284	0	0.00294985	0.013766	0.703319
1170	4	1.69166	0.878911	2.74508	0.983284	0	0.00442478	0.0122911	0.706318
1180	4	1.58351	0.887277	2.72444	0.977995	0	0.00440098	0.0176039	0.712026
1190	4	1.62591	0.881671	2.71215	0.981836	0	0.00343643	0.0147275	0.706899
1200	7	1.68461	0.886426	2.8215	0.978474	0	0.00244618	0.0190802	0.708547
1210	7	1.71394	0.882395	2.78509	0.98668	0	0.00296004	0.0103601	0.70501
1220	6	1.68659	0.892982	2.84233	0.982801	0	0.0029484	0.0142506	0.713424
1230	6	1.5734	0.8998	2.77401	0.982318	0	0.00196464	0.0157171	0.707078
1240	6	1.63333	0.897114	2.74799	0.98668	0	0.0024667	0.0108535	0.709814
1250	5	1.73972	0.892867	2.81244	0.982318	0	0.00196464	0.0157171	0.708093
1260	6	1.67751	0.8896	2.75689	0.983284	0	0.00393314	0.0127827	0.697743
1270	5	1.56939	0.888067	2.7329	0.980392	0	0.00441176	0.0151961	0.700116
1280	5	1.51629	0.890477	2.74897	0.984252	0	0.00147638	0.0142717	0.703967
1290	5	1.49203	0.885747	2.61069	0.985707	0	0.00246427	0.0118285	0.705958
1300	5	1.54519	0.894035	2.70901	0.982318	0	0.00147348	0.0162083	0.715106
1310	4	1.55647	0.891906	2.70943	0.983284	0	0.00196657	0.0147493	0.703773
1320	4	1.49041	0.885169	2.67419	0.984737	0	0.00246184	0.0128016	0.705968
1330	5	1.51149	0.874816	2.73451	0.979432	0	0.00342801	0.0171401	0.698127
1340	3	1.4477	0.877783	2.60324	0.979432	0	0.00391773	0.0166503	0.700545
1350	3	1.56155	0.878688	2.67224	0.984737	0	0.00295421	0.0123092	0.696915
1360	3	1.54503	0.871567	2.77261	0.979912	0	0.00244978	0.0176384	0.692843
1370	3	1.48019	0.872675	2.62802	0.981836	0	0.000981836	0.0171821	0.69491
1380	4	1.54935	0.869623	2.7145	0.981836	0	0.00490918	0.0132548	0.690225
1390	4	1.59713	0.868079	2.68585	0.983768	0	0.00344319	0.012789	0.695505
1400	4	1.73417	0.866849	2.74965	0.98668	0	0.00148002	0.0118402	0.696679
1410	3	1.68382	0.86685	2.71511	0.983768	0	0.000491884	0.0157403	0.69436
1420	3	1.71662	0.856817	2.82258	0.981836	0	0.00196367	0.0162003	0.684582
1430	3	1.70049	0.853108	2.83832	0.981354	0	0.00343474	0.015211	0.688132
1440	4	1.65279	0.854113	2.73315	0.980873	0	0.00343306	0.015694	0.687595
1450	5	1.75329	0.842695	2.73685	0.984737	0	0.00246184	0.0128016	0.679484
1460	5	1.80429	0.848439	2.78891	0.977517	0	0.00293255	0.0195503	0.678437
1470	5	1.94523	0.852244	2.83754	0.979912	0	0.00244978	0.0176384	0.680642
1480	4	1.82832	0.842144	2.76567	0.980873	0	0.00245218	0.0166748	0.679675
1490	4	1.76713	0.843197	2.80042	0.978953	0	0.00489476	0.0161527	0.679678
1500	5	2.0241	0.852604	2.86733	0.985707	0	0.00147856	0.0128142	0.684481
1510	7	2.21783	0.860866	2.99224	0.984737	0	0.00196947	0.0132939	0.688616
1520	4	2.11569	0.860939	2.96128	0.980873	0	0.00294262	0.0161844	0.687956
1530	5	1.98384	0.854984	2.84523	0.980392	0	0.00196078	0.0176471	0.69331
1540	5	2.08057	0.863542	2.9535	0.986193	0	0.000986193	0.0128205	0.692349
1550	5	2.06826	0.864196	2.87002	0.983768	0	0.00147565	0.0147565	0.687302
1560	4	2.07215	0.864871	2.94532	0.979432	0	0.00195886	0.0186092	0.681711
1570	5	2.10728	0.867802	3.00159	0.987654	0	0.00148148	0.0108642	0.689365
1580	4	2.14803	0.870007	2.91954	0.980873	0	0.0053948	0.0137322	0.687526
1590	4	2.11997	0.86889	2.97546	0.984737	0	0.000984737	0.0142787	0.689209
1600	4	2.06944	0.870723	2.95324	0.981354	0	0.00147203	0.0171737	0.699789
1610	3	2.07833	0.866401	3.05717	0.985707	0	0.00246427	0.0118285	0.696983
1620	3	2.05452	0.865803	2.92008	0.986193	0	0.00246548	0.0113412	0.691334
1630	4	2.05164	0.865837	2.92618	0.985707	0	0.00295712	0.0113356	0.698617
1640	6	2.06883	0.868941	2.94658	0.988142	0	0.00197628	0.00988142	0.693621
1650	5	2.05245	0.864663	2.97971	0.983768	0	0.00245942	0.0137727	0.690087
1660	5	1.99436	0.868881	2.8855	0.983768	0	0.00147565	0.0147565	0.694371
1670	4	1.99868	0.864643	2.91992	0.984737	0	0.00246184	0.0128016	0.699236
1680	4	1.99988	0.857673	2.87481	0.984252	0	0.00246063	0.0132874	0.6884
1690	3	1.99806	0.852677	3.01567	0.987654	0	0.00197531	0.0103704	0.68099
1700	3	1.97671	0.850376	2.83729	0.982801	0	0.0034398	0.0137592	0.6845
1710	2	1.97368	0.848385	2.80335	0.982801	0	0.0034398	0.0137592	0.687032
1720	2	1.90254	0.85639	2.76679	0.980392	0	0.00245098	0.0171569	0.684073
1730	2	1.86874	0.85738	2.83698	0.981836	0	0.00343643	0.0147275	0.682841
1740	2	1.83904	0.8584	2.77055	0.97704	0	0.00195408	0.0210064	0.689522
1750	2	1.75282	0.863887	2.75827	0.976562	0	0.00195312	0.0214844	0.6856
1760	3	1.73062	0.86543	2.71526	0.980873	0	0.00245218	0.0166748	0.68439
1770	3	1.79089	0.857388	2.88713	0.983284	0	0.00196657	0.0147493	0.685982
1780	3	1.70868	0.860248	2.78256	0.982318	0	0.00147348	0.0162083	0.679781
1790	2	1.70445	0.857327	2.62709	0.981354	0	0.00196271	0.016683	0.6838
1800	2	1.63019	0.860222	2.67695	0.983768	0	0.000983768	0.0152484	0.683063
1810	2	1.58174	0.861315	2.73325	0.985707	0	0.00197141	0.0123213	0.688542
1820	3	1.63158	0.855426	2.62818	0.985222	0	0.000985222	0.0137931	0.679086
1830	4	1.62458	0.858359	2.66058	0.983768	0	0.00147565	0.0147565	0.687159
1840	4	1.55676	0.865579	2.65336	0.984737	0	0.00295421	0.0123092	0.686117
1850	5	1.54424	0.86317	2.59306	0.983284	0	0.00147493	0.0152409	0.695845
1860	4	1.55263	0.859225	2.55697	0.981836	0	0.000490918	0.017673	0.681895
1870	5	1.58302	0.854911	2.63946	0.978474	0	0.000978474	0.0205479	0.679023
1880	5	1.59177	0.8566	2.62814	0.979912	0	0.000979912	0.0191083	0.68663
1890	6	1.66298	0.850007	2.67637	0.981354	0	0.00245339	0.0161923	0.67708
1900	5	1.81126	0.841884	2.68145	0.986193	0	0.000986193	0.0128205	0.680231
1910	5	1.81192	0.837067	2.69831	0.980392	0	0.00245098	0.0171569	0.676496
1920	5	1.64835	0.838361	2.67988	0.982801	0	0.0034398	0.0137592	0.675881
1930	4	1.439	0.847927	2.55082	0.981836	0	0.00196367	0.0162003	0.679093
1940	6	1.39873	0.846523	2.45131	0.980392	0	0.00196078	0.0176471	0.67099
1950	5	1.33867	0.846015	2.42228	0.981354	0	0.00343474	0.015211	0.670865
1960	5	1.28079	0.846996	2.34811	0.980392	0	0.00147059	0.0181373	0.682843
1970	5	1.28881	0.84772	2.38252	0.979432	0	0.00342801	0.0171401	0.680945
1980	4	1.25969	0.843092	2.28437	0.980873	0	0.00196175	0.0171653	0.672094
1990	3	1.1913	0.844873	2.24187	0.979912	0	0.00244978	0.0176384	0.670621
2000	4	1.16135	0.842927	2.18634	0.981836	0	0.00196367	0.0162003	0.67515
2010	4	1.19792	0.835153	2.26333	0.979432	0	0.00489716	0.0156709	0.666841
2020	4	1.25167	0.830395	2.25292	0.980873	0	0.00196175	0.0171653	0.666494
2030	4	1.2289	0.826483	2.2276	0.976562	0	0.00341797	0.0200195	0.661829
2040	3	1.29001	0.819094	2.3019	0.979912	0	0.00244978	0.0176384	0.657794
2050	4	1.18804	0.82138	2.18101	0.980873	0	0.00196175	0.0171653	0.66382
2060	3	1.18521	0.818206	2.20865	0.980873	0	0.00147131	0.0176557	0.664313
2070	3	1.20194	0.81289	2.15326	0.983284	0	0.00147493	0.0152409	0.653784
2080	4	1.23097	0.810884	2.22529	0.977995	0	0.00146699	0.0205379	0.65046
2090	5	1.16263	0.813545	2.24568	0.975134	0	0.00243784	0.0224281	0.650411
2100	4	1.12946	0.807492	2.09723	0.981836	0	0.000981836	0.0171821	0.650338
2110	5	1.17998	0.803318	2.25725	0.975134	0	0.00195027	0.0229157	0.657807
2120	4	1.15004	0.799582	2.10456	0.982801	0	0.0029484	0.0142506	0.653953
2130	4	1.15074	0.793092	2.17558	0.979432	0	0.00146915	0.0190989	0.647133
2140	5	1.12293	0.789405	2.07886	0.976086	0	0.00292826	0.0209858	0.644145
2150	6	1.12902	0.788682	2.08326	0.976562	0	0.00292969	0.0205078	0.649216
2160	6	1.13748	0.785892	2.08095	0.97704	0	0.00293112	0.0200293	0.650813
2170	8	1.10277	0.77918	2.03707	0.978474	0	0.00195695	0.0195695	0.64177
2180	9	1.08139	0.773213	1.98124	0.974184	0	0.000974184	0.0248417	0.641072
2190	6	1.05387	0.766523	2.19527	0.972763	0	0.00243191	0.0248054	0.636218
2200	5	1.07105	0.763489	2.02035	0.970403	0	0.00291121	0.0266861	0.629104
2210	4	1.08987	0.758986	1.92957	0.97704	0	0.00293112	0.0200293	0.624137
2220	4	1.06676	0.751155	1.89133	0.981354	0	0.00294406	0.0157017	0.627724
2230	6	1.12732	0.754166	2.0871	0.969932	0	0.0029098	0.0271581	0.636921
2240	6	1.14479	0.751769	2.01525	0.97561	0	0.00146341	0.0229268	0.632157
2250	5	1.20919	0.753839	2.10357	0.972763	0	0.00291829	0.0243191	0.628855
2260	6	1.1879	0.74622	2.07749	0.970403	0	0.00388161	0.0257157	0.630411
2270	4	1.25265	0.748303	2.13471	0.974184	0	0.00146128	0.0243546	0.629454
2280	4	1.20887	0.738199	2.09028	0.97229	0	0.00388916	0.0238211	0.623817
2290	5	1.19615	0.732187	2.02905	0.968054	0	0.00193611	0.0300097	0.619543
2300	6	1.29605	0.736873	2.17208	0.974659	0	0.00341131	0.0219298	0.620982
2310	6	1.41706	0.744967	2.24898	0.982801	0	0.000982801	0.0162162	0.637883
2320	5	1.51093	0.747885	2.36774	0.976086	0	0.00390434	0.0200098	0.636383
2330	6	1.55499	0.74927	2.48361	0.970403	0	0.00194081	0.0276565	0.642096
2340	6	1.55492	0.743985	2.40293	0.974184	0	0.00340964	0.0224062	0.630916
2350	5	1.69487	0.750738	2.48202	0.976562	0	0.00244141	0.0209961	0.642038
2360	4	1.97907	0.767788	2.65333	0.974659	0	0.00292398	0.0224172	0.649868
2370	4	1.90129	0.758788	2.67695	0.974184	0	0.00194837	0.0238675	0.650705
2380	6	1.98844	0.76219	2.66786	0.973236	0	0.00194647	0.0248175	0.648707
2390	4	1.96564	0.757668	2.69254	0.968992	0	0.00436047	0.0266473	0.649476
2400	4	1.95489	0.751361	2.65209	0.978474	0	0.00195695	0.0195695	0.642027
2410	5	2.1035	0.758869	2.68359	0.972763	0	0.00389105	0.0233463	0.654582
2420	5	2.38466	0.775268	2.86881	0.971817	0	0.00242954	0.0257532	0.666957
2430	5	2.50184	0.777742	2.94019	0.979432	0	0.00195886	0.0186092	0.659138
2440	6	2.44596	0.771465	2.8121	0.976562	0	0.00292969	0.0205078	0.665051
2450	4	2.93303	0.798416	3.05173	0.981836	0	0.00245459	0.0157094	0.685298
2460	5	3.22285	0.809922	3.09142	0.979432	0	0.0029383	0.0176298	0.676415
2470	5	3.35319	0.820522	3.14114	0.979432	0	0.0029383	0.0176298	0.68942
2480	4	3.69567	0.847474	3.27643	0.984737	0	0.00295421	0.0123092	0.703634
2490	4	3.49417	0.831868	3.29729	0.985222	0	0.000985222	0.0137931	0.694727
2500	5	3.60256	0.851577	3.2198	0.982801	0	0.0039312	0.0132678	0.703774
2510	6	3.83078	0.864106	3.27067	0.986193	0	0.00147929	0.0123274	0.706181
2520	7	3.78154	0.883	3.29854	0.985222	0	0.00541872	0.00935961	0.712313
2530	5	3.64205	0.89154	3.41604	0.986193	0	0.00295858	0.0108481	0.720051
2540	4	3.59286	0.906077	3.32783	0.983284	0	0.00393314	0.0127827	0.722671
2550	4	3.54128	0.91026	3.39231	0.981354	0	0.00539745	0.0132483	0.727018
2560	4	3.1556	0.920506	3.3217	0.988631	0	0.00346021	0.00790905	0.729275
2570	4	3.39283	0.911288	3.32333	0.987654	0	0.00197531	0.0103704	0.723283
2580	4	3.39262	0.90548	3.28935	0.983284	0	0.00393314	0.0127827	0.716905
2590	5	3.19486	0.916963	3.30238	0.986193	0	0.000493097	0.0133136	0.731793
2600	7	3.32031	0.912608	3.34543	0.986193	0	0.00246548	0.0113412	0.720692
2610	7	3.28942	0.920266	3.42763	0.988631	0	0.000988631	0.0103806	0.729728
2620	7	3.26125	0.920589	3.35627	0.985707	0	0.00246427	0.0118285	0.733591
2630	5	3.09469	0.917325	3.28768	0.98912	0	0.00148368	0.00939664	0.727432
2640	5	3.09077	0.921104	3.34708	0.990099	0	0.00247525	0.00742574	0.726433
2650	6	2.97235	0.918426	3.25633	0.980392	0	0.00245098	0.0171569	0.719105
2660	6	3.034	0.924474	3.2785	0.990589	0	0.00198118	0.00742942	0.727944
2670	5	2.84114	0.923558	3.31282	0.987654	0	0.00296296	0.00938272	0.725045
2680	5	2.85965	0.923831	3.3517	0.987654	0	0.00148148	0.0108642	0.726536
2690	5	2.93415	0.925051	3.31656	0.988631	0	0.00197726	0.00939199	0.726931
2700	5	2.83754	0.927514	3.3106	0.98912	0	0.00148368	0.00939664	0.718591
2710	5	2.8051	0.926823	3.26848	0.98668	0	0.00444006	0.00888012	0.726833
2720	5	2.89473	0.923531	3.37105	0.987167	0	0.000987167	0.011846	0.727262
2730	5	2.79443	0.924015	3.2971	0.985222	0	0.00394089	0.0108374	0.72117
2740	5	2.83593	0.92248	3.23353	0.985707	0	0.00394283	0.0103499	0.712752
2750	6	2.74554	0.922791	3.28584	0.989609	0	0.000989609	0.00940129	0.724988
2760	5	2.6538	0.918254	3.22049	0.984737	0	0.00295421	0.0123092	0.721872
2770	5	2.48133	0.916866	3.31457	0.98668	0	0.00394672	0.00937346	0.709248
2780	4	2.62718	0.918777	3.26278	0.985707	0	0.00295712	0.0113356	0.724163
2790	3	2.71711	0.916836	3.31644	0.988142	0	0.00197628	0.00988142	0.720194
2800	4	2.84011	0.91652	3.35875	0.984737	0	0.00492368	0.0103397	0.718481
2810	3	2.81373	0.916573	3.25721	0.986193	0	0.000986193	0.0128205	0.723072
2820	3	2.81926	0.913709	3.32324	0.988631	0	0.000988631	0.0103806	0.711221
2830	3	2.79604	0.912325	3.27436	0.985222	0	0.000492611	0.0142857	0.714187
2840	3	2.81369	0.910057	3.28551	0.985707	0	0.00197141	0.0123213	0.710098
2850	3	2.73021	0.907567	3.184	0.986193	0	0.00295858	0.0108481	0.713499
2860	3	2.76845	0.905654	3.17165	0.987167	0	0.0029615	0.00987167	0.712374
2870	4	2.77553	0.904104	3.23015	0.988631	0	0.000494315	0.0108749	0.716919
2880	3	2.85172	0.903525	3.32365	0.990589	0	0.00297177	0.00643883	0.705225
2890	4	2.62806	0.899867	3.27048	0.985707	0	0.000985707	0.013307	0.702265
2900	4	2.69207	0.898447	3.40074	0.981354	0	0.00245339	0.0161923	0.70575
2910	5	2.61709	0.896261	3.16359	0.989609	0	0.00148441	0.00890648	0.706699
2920	4	2.6225	0.895075	3.19435	0.986193	0	0.00197239	0.0118343	0.709359
2930	4	2.45238	0.890754	3.13268	0.980873	0	0.00245218	0.0166748	0.69449
2940	4	2.31901	0.887666	3.12653	0.983768	0	0.0029513	0.0132809	0.700938
2950	7	2.23309	0.883652	3.16319	0.983284	0	0.00245821	0.0142576	0.705733
2960	6	2.02956	0.879485	2.93636	0.988142	0	0.00197628	0.00988142	0.691781
2970	6	2.01048	0.877127	2.99535	0.982318	0	0.00294695	0.0147348	0.688864
2980	5	2.04252	0.87435	2.97645	0.988631	0	0.00148295	0.00988631	0.699407
2990	6	2.07459	0.873094	3.01673	0.979432	0	0.00195886	0.0186092	0.697405
3000	5	1.90106	0.869578	2.93645	0.981836	0	0.00196367	0.0162003	0.68383
3010	7	1.89531	0.865917	2.88251	0.982318	0	0.00294695	0.0147348	0.678792
3020	7	1.9193	0.865355	2.9712	0.981836	0	0.00147275	0.0166912	0.687527
3030	4	1.9715	0.86525	2.86626	0.980392	0	0.00343137	0.0161765	0.684086
3040	5	2.12251	0.863606	2.98652	0.983768	0	0.00147565	0.0147565	0.680501
3050	4	2.13487	0.862898	3.10886	0.980873	0	0.00147131	0.0176557	0.683715
3060	5	2.00512	0.85884	2.87892	0.984252	0	0.00344488	0.0123031	0.680885
3070	4	1.87902	0.853761	2.85202	0.983768	0	0.00442696	0.0118052	0.676779
3080	3	1.88797	0.84938	2.92246	0.980873	0	0.00294262	0.0161844	0.679404
3090	4	1.823	0.844822	2.73426	0.980873	0	0.00245218	0.0166748	0.675757
3100	3	1.73979	0.839018	2.79704	0.986193	0	0.000986193	0.0128205	0.668144
3110	3	1.66805	0.833793	2.65331	0.983768	0	0.000983768	0.0152484	0.666931
3120	4	1.85682	0.834477	2.81498	0.985707	0	0.00197141	0.0123213	0.667354
3130	4	1.69735	0.828172	2.72359	0.977995	0	0.00342298	0.0185819	0.666593
3140	5	1.65695	0.823129	2.6604	0.982801	0	0.0039312	0.0132678	0.66914
3150	4	1.71321	0.82177	2.66923	0.982318	0	0.00147348	0.0162083	0.663828
3160	3	1.76406	0.820219	2.76006	0.984737	0	0.00246184	0.0128016	0.661377
3170	4	1.73468	0.813147	2.67642	0.984252	0	0.00295276	0.0127953	0.669783
3180	3	1.88793	0.813568	2.74157	0.978474	0	0.00244618	0.0190802	0.659397
3190	3	2.05026	0.813653	2.83512	0.981354	0	0.00147203	0.0171737	0.667292
3200	3	1.97856	0.808493	2.77541	0.980392	0	0.00147059	0.0181373	0.665284
3210	3	1.96001	0.806049	2.80239	0.980873	0	0.00294262	0.0161844	0.660949
3220	5	2.03902	0.807263	2.78921	0.982801	0	0.0004914	0.0167076	0.656314
3230	5	2.07839	0.80671	2.89849	0.97704	0	0.00341964	0.0195408	0.659444
3240	7	2.04372	0.803458	2.80056	0.979432	0	0.00342801	0.0171401	0.659348
3250	5	1.94962	0.799397	2.79365	0.977517	0	0.00146628	0.0210166	0.66047
3260	7	1.92134	0.796437	2.725	0.979912	0	0.00293974	0.0171485	0.662503
3270	7	1.86166	0.788925	2.70897	0.977517	0	0.000977517	0.0215054	0.653479
3280	6	1.9711	0.790651	2.71832	0.984252	0	0.0019685	0.0137795	0.661496
3290	5	1.8375	0.780237	2.65315	0.980873	0	0.00147131	0.0176557	0.663205
3300	5	1.99277	0.780136	2.65052	0.973236	0	0.00437956	0.0223844	0.64831
3310	6	1.95488	0.777726	2.75798	0.983284	0	0.00245821	0.0142576	0.646103
3320	6	2.15222	0.781532	2.82309	0.978953	0	0.00244738	0.0186001	0.656202
3330	5	2.02791	0.773972	2.7957	0.980392	0	0.00196078	0.0176471	0.653006
3340	4	2.05815	0.772764	2.72112	0.981836	0	0.00343643	0.0147275	0.64378
3350	5	2.09606	0.768639	2.70974	0.980873	0	0.00245218	0.0166748	0.650975
3360	5	2.2303	0.767735	2.77504	0.974659	0	0.00146199	0.0238791	0.653628
3370	5	2.32368	0.765811	2.72622	0.978953	0	0.000489476	0.020558	0.654491
3380	5	2.51271	0.766227	2.84651	0.977995	0	0.00146699	0.0205379	0.655047
3390	4	2.50771	0.764655	2.79948	0.981836	0	0.00245459	0.0157094	0.64085
3400	5	2.53343	0.763602	2.76713	0.979432	0	0.00195886	0.0186092	0.648285
3410	6	2.67239	0.767063	2.84632	0.971817	0	0.00194363	0.0262391	0.646002
3420	5	2.74965	0.768933	2.85485	0.979912	0	0.00293974	0.0171485	0.655446
3430	5	2.65481	0.762113	2.9625	0.980392	0	0.00196078	0.0176471	0.642546
3440	5	2.67446	0.763155	2.80821	0.979912	0	0.00195982	0.0181284	0.646983
3450	5	2.56539	0.755035	2.85159	0.974659	0	0.00194932	0.0233918	0.636976
3460	6	2.4654	0.750628	2.73967	0.978953	0	0.00244738	0.0186001	0.646691
3470	5	2.74889	0.756328	2.85657	0.974184	0	0.00340964	0.0224062	0.645972
3480	4	3.00474	0.762869	2.92335	0.982801	0	0.002457	0.014742	0.645138
3490	5	3.09153	0.764267	2.96769	0.972763	0	0.00340467	0.0238327	0.644231
3500	4	3.15687	0.768062	2.99047	0.977995	0	0.00195599	0.0200489	0.652979
3510	4	3.34492	0.778136	2.98639	0.983768	0	0.000491884	0.0157403	0.648158
3520	4	3.6153	0.787977	3.07081	0.97371	0	0.00243427	0.0238559	0.663552
3530	4	3.38411	0.782509	3.02935	0.978953	0	0.000489476	0.020558	0.652211
3540	4	3.29074	0.800979	3.05994	0.97704	0	0.00097704	0.0219834	0.65475
3550	5	3.24104	0.794668	2.98798	0.981354	0	0.000981354	0.0176644	0.667665
3560	7	3.28164	0.797013	3.03151	0.984737	0	0.000984737	0.0142787	0.658165
3570	6	3.24871	0.79833	3.09085	0.979912	0	0.000489956	0.0195982	0.658815
3580	6	3.17661	0.799488	3.13435	0.981354	0	0.00245339	0.0161923	0.662383
3590	7	3.21741	0.799734	3.05451	0.980873	0	0.00196175	0.0171653	0.663804
3600	9	3.43847	0.795062	3.09829	0.977995	0	0.000977995	0.0210269	0.652611
3610	8	3.69591	0.793592	3.07007	0.981836	0	0.000981836	0.0171821	0.661796
3620	8	3.74802	0.799424	3.0792	0.980392	0	0.00245098	0.0171569	0.674488
3630	8	3.5392	0.792012	3.13792	0.97371	0	0.00243427	0.0238559	0.657128
3640	9	3.39344	0.794504	3.08402	0.983768	0	0.00245942	0.0137727	0.670115
3650	10	3.54145	0.785978	3.01582	0.983284	0	0.000491642	0.0162242	0.661015
3660	10	3.41257	0.787442	3.04091	0.976562	0	0.00292969	0.0205078	0.660689
3670	11	3.02136	0.800485	3.05236	0.977995	0	0.00391198	0.0180929	0.665564
3680	9	2.62025	0.789655	2.89805	0.981836	0	0.00294551	0.0152185	0.658417
3690	9	2.66848	0.797061	2.94675	0.977995	0	0.00293399	0.0190709	0.669232
3700	10	2.42048	0.793851	2.88874	0.984737	0	0.000984737	0.0142787	0.67069
3710	10	2.45123	0.785431	2.92704	0.982801	0	0.0014742	0.0157248	0.65939
3720	9	2.53072	0.787315	2.89054	0.982801	0	0.000982801	0.0162162	0.659424
3730	8	2.13283	0.782733	2.74296	0.984252	0	0.000492126	0.0152559	0.662559
3740	11	2.40364	0.786854	2.81372	0.978953	0	0.00391581	0.0171317	0.664157
3750	8	2.47169	0.789331	2.97284	0.984252	0	0.00344488	0.0123031	0.670737
3760	9	2.5405	0.800423	3.00083	0.975134	0	0.00243784	0.0224281	0.674441
3770	9	2.61054	0.798245	3.00427	0.978953	0	0.00391581	0.0171317	0.677224
3780	8	2.81426	0.806841	3.00621	0.978953	0	0.00146843	0.0195791	0.671301
3790	8	3.05372	0.813676	3.07082	0.976086	0	0.00488043	0.0190337	0.687543
3800	7	3.39415	0.821124	3.14081	0.980873	0	0.00245218	0.0166748	0.683805
3810	7	3.49985	0.825623	3.20306	0.977995	0	0.000977995	0.0210269	0.679205
3820	7	3.30931	0.824621	3.15665	0.985707	0	0.00295712	0.0113356	0.692132
3830	7	3.70437	0.830485	3.23772	0.97704	0	0.00341964	0.0195408	0.691023
3840	7	3.78467	0.834851	3.25841	0.982801	0	0.0039312	0.0132678	0.693636
3850	8	3.78451	0.851726	3.30732	0.982318	0	0.00147348	0.0162083	0.704646
3860	8	3.39963	0.842821	3.33283	0.979432	0	0.0029383	0.0176298	0.703537
3870	9	3.41197	0.842422	3.20234	0.985222	0	0.00197044	0.0128079	0.693449
3880	9	3.51797	0.844691	3.2669	0.983768	0	0.00245942	0.0137727	0.700443
3890	12	3.62216	0.855788	3.32047	0.987654	0	0.00246914	0.00987654	0.71386
3900	12	3.7442	0.860986	3.32397	0.987167	0	0.000987167	0.011846	0.711781
3910	11	3.58529	0.857032	3.35154	0.981836	0	0.00441826	0.0137457	0.704507
3920	11	3.32253	0.871325	3.27713	0.98668	0	0.0024667	0.0108535	0.716852
3930	9	3.23509	0.879358	3.27193	0.977995	0	0.00440098	0.0176039	0.717329
3940	9	3.4405	0.886806	3.38262	0.984252	0	0.00295276	0.0127953	0.725075
3950	9	3.45173	0.874412	3.28169	0.986193	0	0.000493097	0.0133136	0.727364
3960	7	3.53212	0.880294	3.37128	0.98912	0	0.00098912	0.0098912	0.7129
3970	6	3.28847	0.888037	3.3409	0.985222	0	0.00344828	0.01133	0.717373
3980	6	3.2219	0.883704	3.35731	0.982801	0	0.002457	0.014742	0.713947
3990	5	3.28139	0.871779	3.2497	0.985222	0	0.00246305	0.0123153	0.708435
4000	5	3.30582	0.87056	3.28309	0.982318	0	0.00294695	0.0147348	0.709459
4010	5	3.07879	0.87549	3.2232	0.987167	0	0.000987167	0.011846	0.717476
4020	5	2.93565	0.891461	3.29239	0.98668	0	0.0024667	0.0108535	0.714367
4030	4	2.74411	0.898747	3.30315	0.986193	0	0.00295858	0.0108481	0.720971
4040	4	2.84811	0.886696	3.18146	0.99108	0	0.00198216	0.00693756	0.718375
4050	5	2.73105	0.897911	3.24429	0.987654	0	0.000493827	0.0118519	0.727112
4060	5	2.68086	0.903486	3.17161	0.987167	0	0.0029615	0.00987167	0.721877
4070	6	2.43547	0.916582	3.24196	0.984737	0	0.00295421	0.0123092	0.724804
4080	7	2.3902	0.918558	3.17672	0.987167	0	0.00197433	0.0108588	0.726066
4090	5	2.29643	0.919868	3.2521	0.989609	0	0.00395844	0.00643246	0.738444
4100	7	2.27669	0.921032	3.1593	0.986193	0	0.00394477	0.00986193	0.726485
4110	7	2.21481	0.922208	3.0792	0.98668	0	0.00345338	0.0098668	0.734109
4120	6	2.24157	0.917589	3.08218	0.982801	0	0.0044226	0.0127764	0.722669
4130	5	2.09114	0.916385	3.06106	0.990099	0	0.0019802	0.00792079	0.731192
4140	4	2.25201	0.911496	3.1055	0.986193	0	0.00147929	0.0123274	0.73317
4150	5	2.15212	0.913703	3.05881	0.984252	0	0.00295276	0.0127953	0.727765
4160	5	1.93501	0.921974	3.10472	0.987654	0	0.00246914	0.00987654	0.722601
4170	5	1.95989	0.919273	2.9888	0.986193	0	0.00443787	0.00936884	0.731783
4180	6	1.94775	0.917196	3.14818	0.982318	0	0.00196464	0.0157171	0.727797
4190	5	1.862	0.919175	2.99022	0.992556	0	0.00198511	0.00545906	0.735155
4200	5	1.9005	0.914527	2.98382	0.98912	0	0.00148368	0.00939664	0.726695
4210	3	1.81188	0.915048	2.99421	0.988631	0	0.00247158	0.00889768	0.730227
4220	4	1.75695	0.91326	2.94171	0.988142	0	0.0034585	0.00839921	0.728368
4230	4	1.58194	0.915493	2.75876	0.98912	0	0.00148368	0.00939664	0.726223
4240	4	1.53999	0.91199	2.8015	0.987654	0	0.00148148	0.0108642	0.726204
4250	4	1.40837	0.910585	2.64295	0.987654	0	0.00148148	0.0108642	0.730812
4260	4	1.61238	0.903113	2.82289	0.988631	0	0.00148295	0.00988631	0.730197
4270	3	1.41791	0.905682	2.65517	0.987654	0	0.00246914	0.00987654	0.720446
4280	3	1.45544	0.903237	2.62713	0.985222	0	0.00394089	0.0108374	0.721977
4290	4	1.44053	0.904115	2.66429	0.98912	0	0.00197824	0.00890208	0.723069
4300	4	1.43913	0.906739	2.73013	0.985222	0	0.00295567	0.0118227	0.726997
4310	4	1.42004	0.903312	2.72669	0.98912	0	0.00197824	0.00890208	0.731278
4320	4	1.51406	0.89868	2.69652	0.98912	0	0.0024728	0.00840752	0.719413
4330	4	1.50325	0.896409	2.7722	0.984737	0	0.00344658	0.0118168	0.722563
4340	4	1.43141	0.89576	2.64386	0.985222	0	0.00394089	0.0108374	0.706541
4350	5	1.48115	0.893643	2.71609	0.986193	0	0.00147929	0.0123274	0.718944
4360	4	1.54994	0.88991	2.67807	0.987654	0	0.00246914	0.00987654	0.708661
4370	4	1.53812	0.885132	2.72679	0.99108	0	0.00049554	0.00842418	0.70703
4380	5	1.65557	0.880196	2.79283	0.985222	0	0.00147783	0.0133005	0.711005
4390	6	1.74941	0.87481	2.94267	0.982801	0	0.0014742	0.0157248	0.715982
4400	6	1.83635	0.875079	2.86788	0.980873	0	0.00637567	0.0127513	0.705842
4410	5	1.86251	0.867792	2.96431	0.983768	0	0.0029513	0.0132809	0.703222
4420	3	1.81275	0.863457	2.84588	0.977995	0	0.00391198	0.0180929	0.701249
4430	5	1.88682	0.863196	2.87529	0.982801	0	0.0039312	0.0132678	0.695245
4440	4	1.85419	0.86292	2.82439	0.983768	0	0.00442696	0.0118052	0.695555
4450	4	1.912	0.859886	2.9437	0.978953	0	0.00342633	0.0176211	0.701816
4460	4	1.90716	0.860031	2.90508	0.983284	0	0.00294985	0.013766	0.698696
4470	4	1.97241	0.858751	2.84519	0.983768	0	0.00245942	0.0137727	0.700004
4480	5	1.95604	0.853674	2.8811	0.978474	0	0.00293542	0.018591	0.694894
4490	5	1.97593	0.853879	2.90167	0.990589	0	0.00148588	0.00792472	0.697673
4500	5	1.97669	0.849613	2.85541	0.986193	0	0.00246548	0.0113412	0.693755
4510	4	1.99451	0.849981	2.96968	0.985707	0	0.00197141	0.0123213	0.685554
4520	4	2.00239	0.844594	2.935	0.981354	0	0.00294406	0.0157017	0.685168
4530	5	2.02613	0.840641	2.85838	0.987167	0	0.0029615	0.00987167	0.677869
4540	3	2.01623	0.837787	2.91977	0.987167	0	0	0.0128332	0.683329
4550	3	2.07407	0.837355	2.84898	0.982801	0	0.0014742	0.0157248	0.682094
4560	3	2.21092	0.832574	2.94827	0.979912	0	0.00195982	0.0181284	0.68323
4570	3	2.18802	0.829342	2.93545	0.980873	0	0.00196175	0.0171653	0.677689
4580	4	2.225	0.82728	2.92416	0.976562	0	0.00244141	0.0209961	0.678881
4590	3	2.23463	0.825284	2.94437	0.979912	0	0.00293974	0.0171485	0.677417
4600	3	2.15056	0.826984	2.9634	0.97704	0	0.00341964	0.0195408	0.678035
4610	3	2.10806	0.827688	2.86765	0.979432	0	0.00244858	0.0181195	0.671223
4620	3	2.02766	0.82445	2.81623	0.976562	0	0.00683594	0.0166016	0.671468
4630	3	2.09015	0.820531	2.87717	0.978474	0	0.00489237	0.0166341	0.672545
4640	3	2.13735	0.816509	2.82004	0.981354	0	0.00294406	0.0157017	0.667129
4650	5	2.28788	0.811277	2.92561	0.981836	0	0.00294551	0.0152185	0.660129
4660	6	2.33409	0.811662	2.90805	0.978953	0	0.00244738	0.0186001	0.661167
4670	4	2.17861	0.809705	2.98145	0.984252	0	0.00295276	0.0127953	0.661895
4680	4	2.19711	0.806972	2.8031	0.981836	0	0.00196367	0.0162003	0.663558
4690	5	2.23478	0.802611	2.83778	0.977517	0	0.00391007	0.0185728	0.657423
4700	5	2.09896	0.805925	2.83492	0.982318	0	0.00147348	0.0162083	0.664464
4710	4	1.97401	0.802709	2.85018	0.982318	0	0.0024558	0.0152259	0.645132
4720	6	2.18181	0.804761	2.82272	0.980392	0	0.000980392	0.0186275	0.660782
4730	4	2.04616	0.79918	2.91295	0.981354	0	0.00196271	0.016683	0.66381
4740	5	2.12807	0.802	2.79633	0.982318	0	0.00294695	0.0147348	0.653236
4750	5	2.02711	0.799064	2.75528	0.975134	0	0.00341297	0.0214529	0.660618
4760	4	1.95105	0.793347	2.73032	0.977995	0	0.00195599	0.0200489	0.652279
4770	4	1.98533	0.791763	2.75788	0.979432	0	0.000979432	0.0195886	0.654646
4780	4	1.99026	0.789893	2.72757	0.974659	0	0.00243665	0.0229045	0.653089
4790	5	2.02715	0.787459	2.74864	0.977995	0	0.00342298	0.0185819	0.649647
4800	5	2.04543	0.785892	2.81079	0.979432	0	0.000979432	0.0195886	0.648813
4810	3	2.03329	0.7826	2.69537	0.983768	0	0.000491884	0.0157403	0.644696
4820	3	1.95547	0.776457	2.67375	0.97704	0	0.00390816	0.0190523	0.643172
4830	2	1.97454	0.772851	2.77716	0.979432	0	0.00244858	0.0181195	0.643389
4840	2	1.99694	0.769862	2.67165	0.974659	0	0.00341131	0.0219298	0.65157
4850	2	1.99761	0.768971	2.6803	0.977517	0	0.00195503	0.0205279	0.649674
4860	2	1.99644	0.767001	2.7172	0.979912	0	0.00195982	0.0181284	0.64732
4870	2	1.99797	0.764823	2.67111	0.976562	0	0.000976562	0.0224609	0.652043
4880	2	1.9888	0.761018	2.66982	0.97561	0	0.00243902	0.0219512	0.647414
4890	3	1.96177	0.759256	2.62339	0.972763	0	0.00340467	0.0238327	0.641075
4900	3	1.96451	0.75469	2.56898	0.975134	0	0.00195027	0.0229157	0.634704
4910	2	1.94252	0.753828	2.69006	0.97229	0	0.00486145	0.0228488	0.640714
4920	3	1.94722	0.750578	2.61692	0.976086	0	0.00244021	0.0214739	0.64193
4930	3	1.89362	0.746635	2.48671	0.980873	0	0.00245218	0.0166748	0.626023
4940	3	2.00054	0.744406	2.53678	0.978474	0	0.00195695	0.0195695	0.625831
4950	3	1.99303	0.740564	2.60315	0.980392	0	0	0.0196078	0.629355
4960	2	1.9687	0.735751	2.50404	0.978474	0	0.00195695	0.0195695	0.62665
4970	3	1.94657	0.732936	2.48563	0.978953	0	0.00195791	0.0190896	0.619087
4980	3	1.88568	0.729491	2.44278	0.97704	0	0.00146556	0.0214949	0.632293
4990	5	1.96723	0.725806	2.46371	0.97371	0	0.00194742	0.0243427	0.633722
5000	4	1.99409	0.72313	2.50922	0.97704	0	0.00146556	0.0214949	0.622052
5010	4	2.04377	0.724388	2.50351	0.971817	0	0.00291545	0.0252672	0.622873
5020	5	2.29927	0.738655	2.64611	0.977995	0	0.00293399	0.0190709	0.637784
5030	6	2.48077	0.743378	2.71103	0.97704	0	0.00293112	0.0200293	0.64235
5040	5	2.54886	0.747388	2.83979	0.971817	0	0.00145773	0.026725	0.643987
5050	6	2.4988	0.742362	2.73346	0.977995	0	0.000977995	0.0210269	0.646781
5060	7	2.72291	0.75048	2.81746	0.981836	0	0.00147275	0.0166912	0.651073
5070	6	2.90211	0.759702	2.94648	0.979912	0	0.00195982	0.0181284	0.651028
5080	6	3.22227	0.774777	3.03473	0.978953	0	0.00146843	0.0195791	0.665755
5090	5	3.33257	0.780275	3.14977	0.972763	0	0.00535019	0.0218872	0.66351
5100	6	3.61664	0.794735	3.14418	0.983284	0	0.000491642	0.0162242	0.668394
5110	6	3.78709	0.795744	3.06549	0.983284	0	0.00245821	0.0142576	0.679803
5120	9	4.0217	0.799721	3.33525	0.979912	0	0.00391965	0.0161685	0.685922
5130	8	4.11714	0.800703	3.21479	0.981836	0	0.000490918	0.017673	0.689938
5140	9	4.20176	0.800085	3.28446	0.983284	0	0.00196657	0.0147493	0.679254
5150	8	4.41915	0.817078	3.29097	0.984252	0	0.00246063	0.0132874	0.691111
5160	8	4.61455	0.81344	3.26031	0.978474	0	0.00146771	0.0200587	0.691257
5170	8	4.51764	0.81745	3.26477	0.982801	0	0.0014742	0.0157248	0.696265
5180	8	4.27097	0.801389	3.36358	0.981354	0	0.000981354	0.0176644	0.684706
5190	8	4.53737	0.806776	3.24736	0.982318	0	0.00196464	0.0157171	0.68436
5200	7	3.90089	0.78719	3.16877	0.979912	0	0.00244978	0.0176384	0.674813
5210	7	4.07629	0.792117	3.23632	0.982801	0	0.0014742	0.0157248	0.681159
5220	7	4.40634	0.800777	3.22773	0.982318	0	0.00294695	0.0147348	0.685333
5230	7	4.16998	0.795989	3.19844	0.977517	0	0.00342131	0.0190616	0.68625
5240	7	4.12834	0.803031	3.17879	0.979912	0	0.00244978	0.0176384	0.676998
5250	7	3.87182	0.802245	3.19928	0.980392	0	0.00196078	0.0176471	0.674623
5260	6	3.87887	0.808022	3.26299	0.983768	0	0.00196754	0.0142646	0.680451
5270	7	4.35601	0.817875	3.3295	0.982318	0	0.00343811	0.0142436	0.692912
5280	7	4.30283	0.807746	3.19433	0.982801	0	0.0034398	0.0137592	0.682588
5290	7	4.32057	0.804896	3.18003	0.979912	0	0.0044096	0.0156786	0.686583
5300	7	4.2234	0.795414	3.29123	0.981836	0	0.00245459	0.0157094	0.693886
5310	7	4.39172	0.792871	3.24197	0.979432	0	0.00342801	0.0171401	0.68275
5320	7	4.51267	0.798489	3.21597	0.983768	0	0.00245942	0.0137727	0.687602
5330	9	3.97594	0.798658	3.19335	0.984737	0	0.00196947	0.0132939	0.683735
5340	10	3.53459	0.801801	3.1465	0.979432	0	0.00195886	0.0186092	0.6906
5350	9	3.25514	0.79388	3.11552	0.97561	0	0.00292683	0.0214634	0.685223
5360	9	3.16882	0.798357	3.08883	0.979432	0	0.00195886	0.0186092	0.684746
5370	8	3.70634	0.818376	3.20514	0.978953	0	0.00244738	0.0186001	0.683028
5380	9	3.64813	0.815764	3.22424	0.979912	0	0.00391965	0.0161685	0.699116
5390	8	3.5599	0.824398	3.16183	0.981354	0	0.00245339	0.0161923	0.698098
5400	9	3.68417	0.837449	3.2421	0.987654	0	0.000987654	0.011358	0.70871
5410	8	3.79016	0.838055	3.25889	0.982318	0	0.00147348	0.0162083	0.70403
5420	8	3.59746	0.824684	3.2431	0.981836	0	0.00343643	0.0147275	0.69159
5430	8	3.05274	0.795997	3.00441	0.982318	0	0.00442043	0.0132613	0.686244
5440	7	3.04063	0.799132	2.98692	0.988631	0	0.00197726	0.00939199	0.684797
5450	7	3.32173	0.809274	3.03703	0.981836	0	0.000981836	0.0171821	0.684066
5460	8	3.82857	0.833354	3.17141	0.988631	0	0.00197726	0.00939199	0.700493
5470	9	3.79924	0.84796	3.22908	0.983284	0	0.00540806	0.0113078	0.715362
5480	7	3.68744	0.867406	3.26313	0.981836	0	0.00245459	0.0157094	0.715328
5490	7	3.68814	0.875458	3.29763	0.985222	0	0.0044335	0.0103448	0.7208
5500	6	3.62298	0.875545	3.2804	0.985707	0	0.00295712	0.0113356	0.725858
5510	6	3.39968	0.874665	3.27577	0.982318	0	0.00294695	0.0147348	0.712239
5520	6	3.00925	0.868226	3.17598	0.984252	0	0.00442913	0.0113189	0.717897
5530	6	2.9204	0.867655	3.10373	0.990589	0	0.00297177	0.00643883	0.710685
5540	7	3.11054	0.868626	3.11193	0.987654	0	0.00148148	0.0108642	0.707964
5550	7	3.31179	0.862723	3.18004	0.981836	0	0.00490918	0.0132548	0.717787
5560	7	3.20036	0.856004	3.20897	0.990099	0	0.000990099	0.00891089	0.705006
5570	9	3.19724	0.848166	3.1716	0.982318	0	0.00392927	0.0137525	0.705596
5580	7	3.00467	0.859025	3.07981	0.988142	0	0.00197628	0.00988142	0.705238
5590	6	2.75906	0.862832	3.06849	0.987167	0	0.00246792	0.0103653	0.704107
5600	6	2.57608	0.882637	3.07458	0.982801	0	0.0039312	0.0132678	0.709105
5610	6	2.33639	0.876094	3.04835	0.988631	0	0.000988631	0.0103806	0.705792
5620	6	2.3799	0.878129	3.07564	0.981354	0	0.00196271	0.016683	0.713253
5630	5	2.21314	0.885824	3.14159	0.981354	0	0.00343474	0.015211	0.716983
5640	5	1.95947	0.888387	2.92361	0.979432	0	0.00391773	0.0166503	0.708394
5650	4	1.96769	0.88819	3.05035	0.982801	0	0.0039312	0.0132678	0.708185
5660	4	2.08071	0.89116	2.99843	0.990589	0	0.000990589	0.00842001	0.708495
5670	5	2.18886	0.886988	3.05807	0.984252	0	0.00295276	0.0127953	0.714622
5680	4	2.10822	0.88816	3.12279	0.982801	0	0.0014742	0.0157248	0.710758
5690	4	2.02118	0.893013	3.01264	0.98668	0	0.00345338	0.0098668	0.710245
5700	4	1.9337	0.892277	2.93042	0.983284	0	0.00147493	0.0152409	0.703384
5710	4	2.17274	0.894116	3.08028	0.985707	0	0.00147856	0.0128142	0.705246
5720	4	2.14949	0.898367	3.05107	0.983768	0	0.00393507	0.0122971	0.714239
5730	6	2.04724	0.895812	3.05032	0.988142	0	0.00148221	0.0103755	0.711096
5740	5	2.16711	0.898555	3.12775	0.982801	0	0.000982801	0.0162162	0.715983
5750	4	2.33662	0.897144	3.12912	0.985707	0	0.00394283	0.0103499	0.718869
5760	4	2.41338	0.896574	3.14848	0.985222	0	0.00295567	0.0118227	0.713674
5770	4	2.23045	0.894088	3.12406	0.98668	0	0.00197336	0.0113468	0.708581
5780	4	2.3554	0.891395	3.17834	0.986193	0	0.00197239	0.0118343	0.707857
5790	5	2.40984	0.88962	3.13532	0.98668	0	0.00098668	0.0123335	0.708387
5800	5	2.29561	0.886727	3.19588	0.98668	0	0.00098668	0.0123335	0.713005
5810	4	2.20489	0.882558	3.06243	0.988142	0	0.00296443	0.00889328	0.698804
5820	3	2.3504	0.882787	3.17235	0.983284	0	0.00196657	0.0147493	0.701546
5830	4	2.19814	0.87945	3.15765	0.982318	0	0.00343811	0.0142436	0.69909
5840	6	2.39233	0.879913	3.1629	0.985707	0	0.00394283	0.0103499	0.697493
5850	4	2.3868	0.876839	3.06861	0.986193	0	0.000493097	0.0133136	0.69577
5860	3	2.43117	0.876266	3.2279	0.985707	0	0.00147856	0.0128142	0.704808
5870	4	2.43487	0.873628	3.14474	0.987167	0	0.00246792	0.0103653	0.699434
5880	8	2.52847	0.873994	3.21686	0.980873	0	0.00294262	0.0161844	0.703424
5890	7	2.48137	0.86997	3.22351	0.988631	0	0.00247158	0.00889768	0.697424
5900	3	2.6437	0.868829	3.31701	0.984737	0	0.0014771	0.0137863	0.699581
5910	3	2.38402	0.864268	3.16152	0.980873	0	0.00245218	0.0166748	0.699726
5920	5	2.40623	0.863329	3.12513	0.984737	0	0.00295421	0.0123092	0.700551
5930	3	2.25488	0.859058	3.2745	0.980873	0	0.00196175	0.0171653	0.689906
5940	3	2.46768	0.859958	3.11621	0.985707	0	0.00197141	0.0123213	0.693594
5950	4	2.53578	0.861038	3.13832	0.980873	0	0.00392349	0.0152035	0.694891
5960	3	2.39997	0.857649	3.16251	0.979432	0	0.0029383	0.0176298	0.696637
5970	4	2.47066	0.856205	3.16756	0.980873	0	0.00245218	0.0166748	0.696022
5980	3	2.47818	0.853902	3.05437	0.987654	0	0.00296296	0.00938272	0.692892
5990	4	2.28978	0.849434	3.02605	0.99108	0	0.00099108	0.00792864	0.686517
6000	3	2.43189	0.848429	3.08233	0.98668	0	0.00148002	0.0118402	0.689587
6010	3	2.16026	0.842957	3.0368	0.980392	0	0.00343137	0.0161765	0.683944
6020	3	2.45608	0.844739	3.06107	0.985707	0	0.00246427	0.0118285	0.693624
6030	4	2.39766	0.841928	3.06967	0.987167	0	0.00246792	0.0103653	0.685332
6040	5	2.55905	0.84278	3.09176	0.981836	0	0.00392734	0.0142366	0.692431
6050	5	2.54045	0.841021	3.21986	0.984737	0	0.00295421	0.0123092	0.6865
6060	3	2.43266	0.836782	3.10401	0.981354	0	0.00245339	0.0161923	0.684155
6070	3	2.59175	0.836427	3.03124	0.985707	0	0.00344998	0.0108428	0.683606
6080	3	2.73477	0.836569	3.22369	0.982801	0	0.002457	0.014742	0.688049
6090	3	2.35698	0.828108	3.02553	0.980392	0	0.00245098	0.0171569	0.671229
6100	3	2.24827	0.823786	2.98908	0.979432	0	0.00146915	0.0190989	0.669376
6110	3	2.25543	0.822473	2.99733	0.980873	0	0.00294262	0.0161844	0.673404
6120	3	2.05315	0.816506	2.84462	0.981836	0	0.00147275	0.0166912	0.677758
6130	6	2.06637	0.81473	2.85637	0.985707	0	0.00147856	0.0128142	0.666812
6140	4	1.97858	0.809355	2.86758	0.981836	0	0.00245459	0.0157094	0.674603
6150	3	2.18869	0.810957	2.91041	0.977995	0	0.00293399	0.0190709	0.666292
6160	4	2.19119	0.809267	2.9228	0.981354	0	0.00245339	0.0161923	0.66636
6170	3	2.20061	0.806743	3.12672	0.981354	0	0.00147203	0.0171737	0.665036
6180	3	2.14257	0.8033	2.86626	0.980392	0	0.00294118	0.0166667	0.668172
6190	3	2.28663	0.802946	2.96713	0.979432	0	0.00244858	0.0181195	0.664702
6200	5	2.24035	0.799759	2.97499	0.974659	0	0.00243665	0.0229045	0.669516
6210	3	2.51515	0.804004	2.97673	0.979432	0	0.00195886	0.0186092	0.674157
6220	3	2.57743	0.804605	3.0677	0.986193	0	0.00295858	0.0108481	0.65798
6230	3	2.88098	0.807548	3.07377	0.978953	0	0.00342633	0.0176211	0.6682
6240	5	2.88825	0.806079	3.07881	0.980873	0	0.00245218	0.0166748	0.664427
6250	5	2.92919	0.803219	3.13846	0.980873	0	0.00294262	0.0161844	0.666377
6260	3	2.94301	0.802492	3.12353	0.977517	0	0.00293255	0.0195503	0.672408
6270	5	2.9228	0.799321	3.20149	0.974659	0	0.00146199	0.0238791	0.674592
6280	3	2.70738	0.793137	3.00607	0.977995	0	0.00391198	0.0180929	0.668436
6290	5	2.79576	0.791532	2.94932	0.980873	0	0.00245218	0.0166748	0.664629
6300	6	2.7824	0.789223	3.01497	0.978953	0	0.00146843	0.0195791	0.664755
6310	6	2.60883	0.78544	2.97783	0.976562	0	0.000976562	0.0224609	0.664929
6320	5	2.57964	0.783971	2.95645	0.982318	0	0.00147348	0.0162083	0.661604
6330	4	2.71756	0.78417	3.01465	0.978474	0	0.00195695	0.0195695	0.67007
6340	4	2.69555	0.78062	2.94318	0.977517	0	0.00439883	0.0180841	0.653073
6350	4	2.75144	0.778973	3.05022	0.977995	0	0.000488998	0.0215159	0.66437
6360	5	3.068	0.784067	3.1194	0.979912	0	0.000979912	0.0191083	0.668748
6370	5	3.03285	0.78107	3.08147	0.980392	0	0.00441176	0.0151961	0.662769
6380	6	2.9556	0.778508	3.0472	0.979432	0	0.00146915	0.0190989	0.657122
6390	7	3.16066	0.783108	3.11213	0.983284	0	0.00196657	0.0147493	0.652231
6400	8	3.15244	0.785442	3.07029	0.979432	0	0.000979432	0.0195886	0.670103
6410	6	3.11333	0.785656	3.14653	0.974184	0	0.00389674	0.0219191	0.66369
6420	7	3.25078	0.786621	3.04895	0.976086	0	0.0034163	0.0204978	0.670886
6430	8	3.57859	0.800374	3.21715	0.977995	0	0.00244499	0.0195599	0.682304
6440	5	3.33347	0.805236	3.1823	0.979432	0	0.00342801	0.0171401	0.676491
6450	4	3.28528	0.803798	3.18732	0.982318	0	0.00294695	0.0147348	0.679715
6460	4	3.55399	0.813181	3.23515	0.979432	0	0.00440744	0.0161606	0.681283
6470	5	3.88864	0.82403	3.28849	0.982801	0	0.0029484	0.0142506	0.689341
6480	6	3.93765	0.825056	3.33625	0.983768	0	0.00196754	0.0142646	0.689231
6490	6	3.96647	0.825475	3.24483	0.984252	0	0.00246063	0.0132874	0.697725
6500	5	3.92309	0.827527	3.3435	0.979912	0	0.00146987	0.0186183	0.698197
6510	6	3.86392	0.831164	3.22589	0.980392	0	0.00245098	0.0171569	0.693439
6520	5	3.86004	0.833515	3.26623	0.984737	0	0.000492368	0.014771	0.691834
6530	5	3.7298	0.83938	3.3297	0.983284	0	0.00196657	0.0147493	0.704305
6540	5	3.49985	0.845315	3.27349	0.98668	0	0.00197336	0.0113468	0.699087
6550	5	3.3536	0.842972	3.23697	0.987167	0	0.00197433	0.0108588	0.709303
6560	4	3.5579	0.828219	3.35104	0.986193	0	0.000986193	0.0128205	0.690053
6570	5	3.23002	0.817512	3.15111	0.982318	0	0.0024558	0.0152259	0.690008
6580	7	2.98147	0.815959	3.13921	0.978474	0	0.00391389	0.0176125	0.683219
6590	5	3.00887	0.815912	3.17723	0.977995	0	0.00342298	0.0185819	0.694018
6600	6	3.09603	0.830901	3.19542	0.983284	0	0.00245821	0.0142576	0.69846
6610	7	2.9827	0.834852	3.19592	0.984737	0	0.00196947	0.0132939	0.703757
6620	6	2.95135	0.822215	3.22488	0.979912	0	0.00391965	0.0161685	0.689606
6630	5	2.74072	0.82366	3.10103	0.980392	0	0.00392157	0.0156863	0.693332
6640	5	2.76193	0.835042	3.28057	0.980873	0	0.00147131	0.0176557	0.701157
6650	5	2.55115	0.843345	3.0414	0.985707	0	0.00295712	0.0113356	0.697651
6660	5	2.85307	0.837803	3.21939	0.981354	0	0.00294406	0.0157017	0.698748
6670	5	2.5592	0.83011	3.07977	0.981836	0	0.000981836	0.0171821	0.696881
6680	8	2.60037	0.833319	3.14033	0.983284	0	0.00147493	0.0152409	0.696307
6690	5	2.59239	0.826252	3.11566	0.988142	0	0.00148221	0.0103755	0.690071
6700	5	2.71291	0.823047	3.06484	0.984252	0	0.000984252	0.0147638	0.690132
6710	6	2.68952	0.823868	3.08728	0.984252	0	0.0019685	0.0137795	0.693808
6720	5	2.62202	0.830337	3.08456	0.982318	0	0.000982318	0.0166994	0.694208
6730	5	2.76065	0.827555	3.11762	0.978953	0	0.00293686	0.0181106	0.703213
6740	6	2.75747	0.826881	3.05511	0.984737	0	0.00196947	0.0132939	0.695689
6750	6	2.74408	0.820751	3.07041	0.984252	0	0.00344488	0.0123031	0.69858
6760	3	2.73022	0.826209	3.06414	0.981354	0	0.00245339	0.0161923	0.694507
6770	4	2.70463	0.825382	3.12917	0.979432	0	0.00391773	0.0166503	0.698286
6780	4	2.61826	0.820685	3.13349	0.982318	0	0.00343811	0.0142436	0.686058
6790	3	2.67152	0.821527	3.1105	0.979912	0	0.00342969	0.0166585	0.695304
6800	3	2.8472	0.82162	3.09361	0.984252	0	0.00442913	0.0113189	0.681439
6810	3	2.84962	0.821736	3.10902	0.982318	0	0.000982318	0.0166994	0.698764
6820	4	2.88906	0.813032	3.11106	0.987654	0	0.00148148	0.0108642	0.690726
6830	4	2.8081	0.815956	3.10514	0.982318	0	0.00196464	0.0157171	0.689307
6840	5	2.61958	0.811109	3.01875	0.984737	0	0.00196947	0.0132939	0.695707
6850	5	2.73504	0.811439	3.12148	0.981354	0	0.00245339	0.0161923	0.683948
6860	5	2.65221	0.814363	3.13479	0.983284	0	0.00245821	0.0142576	0.685396
6870	5	2.52395	0.80885	2.9593	0.983284	0	0.00245821	0.0142576	0.687148
6880	6	2.46359	0.79655	3.06651	0.981354	0	0.00441609	0.0142296	0.674527
6890	7	2.47148	0.797743	3.01047	0.979432	0	0.00342801	0.0171401	0.681846
6900	6	2.33249	0.793406	2.9059	0.985707	0	0.00344998	0.0108428	0.677508
6910	6	2.28614	0.784682	2.99354	0.985222	0	0.00197044	0.0128079	0.681249
6920	5	2.46325	0.795058	3.09817	0.980873	0	0.00294262	0.0161844	0.682919
6930	5	2.35434	0.795632	2.90163	0.976562	0	0.00292969	0.0205078	0.68071
6940	4	2.20904	0.779786	2.96061	0.981354	0	0.00245339	0.0161923	0.673475
6950	4	2.20671	0.781291	2.84396	0.980873	0	0.00245218	0.0166748	0.680766
6960	5	2.42506	0.785353	2.91393	0.980873	0	0.000490436	0.0186366	0.669835
6970	5	2.46321	0.776647	2.96379	0.982801	0	0.002457	0.014742	0.665107
6980	4	2.62519	0.773129	2.94194	0.987167	0	0.00197433	0.0108588	0.671338
6990	7	2.63523	0.771826	2.9443	0.982318	0	0.0024558	0.0152259	0.666278
7000	8	2.55976	0.769489	2.90344	0.976562	0	0.00244141	0.0209961	0.672077
7010	7	2.31598	0.749893	2.79598	0.982801	0	0.0014742	0.0157248	0.658538
7020	6	2.29918	0.743467	2.7937	0.983768	0	0.00147565	0.0147565	0.657235
7030	5	2.21473	0.746532	2.96164	0.983284	0	0.00294985	0.013766	0.655225
7040	4	2.14661	0.741696	2.69628	0.97561	0	0.00439024	0.02	0.654327
7050	4	2.02479	0.737912	2.71404	0.974659	0	0.00243665	0.0229045	0.6581
7060	4	2.0588	0.739379	2.68563	0.980392	0	0.00294118	0.0166667	0.659698
7070	5	2.07184	0.740334	2.63052	0.978953	0	0.00195791	0.0190896	0.660875
7080	4	1.9802	0.737	2.6457	0.977995	0	0.00195599	0.0200489	0.657308
7090	6	2.02419	0.73449	2.67899	0.980873	0	0.00245218	0.0166748	0.662271
7100	6	2.01792	0.732683	2.72983	0.974184	0	0.00389674	0.0219191	0.660316
7110	7	2.13759	0.733632	2.67929	0.985222	0	0.00197044	0.0128079	0.650319
7120	5	2.30627	0.7428	2.69803	0.979912	0	0.0044096	0.0156786	0.665834
7130	4	2.34915	0.752012	2.95472	0.976562	0	0.00439453	0.019043	0.67008
7140	5	2.42687	0.745976	2.78624	0.979432	0	0.00440744	0.0161606	0.653161
7150	5	2.22249	0.739535	2.67266	0.978953	0	0.00146843	0.0195791	0.653202
7160	5	2.27677	0.743421	2.68283	0.976562	0	0.00146484	0.0219727	0.656263
7170	6	2.44875	0.749754	2.79882	0.981354	0	0.00245339	0.0161923	0.665958
7180	5	2.40851	0.762383	2.74094	0.981836	0	0.00392734	0.0142366	0.667304
7190	6	2.30167	0.763913	2.90594	0.979432	0	0.00146915	0.0190989	0.671053
7200	4	2.07395	0.783177	2.82974	0.978953	0	0.00195791	0.0190896	0.673557
7210	4	1.83981	0.790618	2.58279	0.977995	0	0.00293399	0.0190709	0.672127
7220	4	1.97911	0.774047	2.60526	0.981836	0	0.000981836	0.0171821	0.665675
7230	4	1.99579	0.763414	2.75023	0.982801	0	0.002457	0.014742	0.662572
7240	5	1.87935	0.772382	2.61786	0.985222	0	0.00246305	0.0123153	0.670593
7250	4	1.91881	0.763145	2.80318	0.976562	0	0.00488281	0.0185547	0.662915
7260	3	1.99496	0.743315	2.59702	0.984252	0	0.00246063	0.0132874	0.649118
7270	3	1.97278	0.74265	2.5469	0.977517	0	0.00195503	0.0205279	0.662781
7280	4	1.88312	0.754041	2.53124	0.977995	0	0.00440098	0.0176039	0.662906
7290	4	1.9238	0.748124	2.59206	0.985222	0	0	0.0147783	0.64891
7300	4	1.86156	0.752411	2.56878	0.976086	0	0.00390434	0.0200098	0.657006
7310	4	1.89866	0.745123	2.68822	0.975134	0	0.0029254	0.0219405	0.658283
7320	4	1.91983	0.744334	2.51799	0.978474	0	0.00195695	0.0195695	0.649215
7330	3	1.87773	0.740892	2.58944	0.983768	0	0.00147565	0.0147565	0.646516
7340	3	1.7367	0.755033	2.43703	0.978953	0	0.000978953	0.0200685	0.651815
7350	3	1.79506	0.747488	2.47597	0.984737	0	0.0014771	0.0137863	0.651617
7360	4	1.80987	0.748081	2.54716	0.977995	0	0.00342298	0.0185819	0.656221
7370	4	1.73852	0.748109	2.43993	0.973236	0	0.00194647	0.0248175	0.653237
7380	6	1.92528	0.725077	2.56384	0.970403	0	0.00291121	0.0266861	0.641296
7390	3	1.97222	0.710593	2.46249	0.97561	0	0.00243902	0.0219512	0.640286
7400	3	1.99802	0.698919	2.47203	0.976562	0	0.00390625	0.0195312	0.640148
7410	2	1.94059	0.705899	2.48752	0.97561	0	0.00243902	0.0219512	0.628109
7420	2	1.96429	0.696304	2.52227	0.982318	0	0.00147348	0.0162083	0.636111
7430	2	1.96276	0.692168	2.57436	0.97371	0	0.00292113	0.023369	0.628063
7440	3	2.00203	0.691927	2.46919	0.976086	0	0.00146413	0.02245	0.626776
7450	6	2.02416	0.686838	2.46932	0.981354	0	0.00245339	0.0161923	0.636541
7460	3	2.03144	0.674309	2.41629	0.974184	0	0.00292255	0.0228933	0.62951
7470	3	2.08416	0.673587	2.44508	0.979912	0	0.00195982	0.0181284	0.618132
7480	3	2.00095	0.68141	2.55374	0.971817	0	0.00194363	0.0262391	0.624564
7490	3	1.98976	0.669272	2.38982	0.966184	0	0.00289855	0.0309179	0.618089
7500	3	1.9329	0.676219	2.40987	0.976086	0	0.00244021	0.0214739	0.612098
7510	3	2.00325	0.660544	2.36363	0.970874	0	0.00194175	0.0271845	0.615402
7520	3	2.02854	0.655751	2.3422	0.968054	0	0.00145208	0.0304937	0.614729
7530	4	2.0851	0.657806	2.34501	0.97229	0	0.00194458	0.0257657	0.623151
7540	3	2.01379	0.657942	2.48906	0.97371	0	0.00340798	0.0228822	0.609336
7550	3	2.03809	0.651792	2.31595	0.970874	0	0.00533981	0.0237864	0.608111
7560	3	2.02014	0.650214	2.38419	0.969462	0	0.00193892	0.0285991	0.605462
7570	5	2.03985	0.64087	2.38303	0.963855	0	0.00385542	0.0322892	0.603879
7580	3	2.04058	0.646216	2.40688	0.970403	0	0.00194081	0.0276565	0.600736
7590	3	2.02382	0.653768	2.36084	0.968523	0	0.00242131	0.0290557	0.603409
7600	4	1.94462	0.660798	2.35997	0.968992	0	0.00145349	0.0295543	0.606817
7610	3	1.9942	0.664289	2.39531	0.96432	0	0.00433944	0.0313404	0.605136
7620	6	1.96093	0.666413	2.38009	0.973236	0	0.00389294	0.022871	0.610291
7630	3	1.81347	0.669528	2.29646	0.97704	0	0.00097704	0.0219834	0.613508
7640	6	1.66204	0.679946	2.24898	0.971817	0	0.00340136	0.0247813	0.614816
7650	6	1.79747	0.681426	2.32042	0.968054	0	0.00435624	0.0275895	0.620373
7660	5	1.73298	0.683165	2.28935	0.979432	0	0.00146915	0.0190989	0.61866
7670	5	1.85097	0.695426	2.41554	0.966184	0	0.00434783	0.0294686	0.627045
7680	7	1.7486	0.702899	2.40919	0.97371	0	0.00243427	0.0238559	0.622171
7690	5	1.67437	0.693884	2.37074	0.976086	0	0.00146413	0.02245	0.622167
7700	7	1.8843	0.69428	2.41105	0.974184	0	0.00146128	0.0243546	0.631081
7710	6	1.90018	0.712782	2.45483	0.976086	0	0.00292826	0.0209858	0.630411
7720	6	1.90467	0.703234	2.4581	0.979912	0	0.00244978	0.0176384	0.631779
7730	6	1.73837	0.715767	2.44211	0.975134	0	0.00195027	0.0229157	0.631848
7740	8	1.906	0.727367	2.49317	0.980392	0	0.00343137	0.0161765	0.642557
7750	6	2.27066	0.762416	2.76684	0.974184	0	0.00243546	0.0233804	0.658591
7760	5	2.22579	0.758076	2.71174	0.977995	0	0.000977995	0.0210269	0.652072
7770	6	2.24273	0.77012	2.80568	0.976562	0	0.00195312	0.0214844	0.667069
7780	5	2.30249	0.795856	2.84727	0.985222	0	0.00147783	0.0133005	0.678201
7790	7	2.29448	0.801743	2.83775	0.981354	0	0.00196271	0.016683	0.669261
7800	8	2.39325	0.806112	2.88628	0.975134	0	0.00341297	0.0214529	0.676881
7810	7	2.36739	0.816389	2.8891	0.981836	0	0.00343643	0.0147275	0.686017
7820	6	2.33523	0.819144	2.86799	0.984252	0	0.000492126	0.0152559	0.690368
7830	7	2.30946	0.790961	2.89317	0.976562	0	0.00195312	0.0214844	0.668162
7840	8	2.46223	0.783601	2.86443	0.985707	0	0.000985707	0.013307	0.672875
7850	5	2.31016	0.761585	2.87352	0.977517	0	0.00244379	0.0200391	0.661243
7860	6	2.42998	0.787235	2.90195	0.977517	0	0.00342131	0.0190616	0.669318
7870	5	2.63736	0.806012	3.03671	0.984737	0	0.00295421	0.0123092	0.677518
7880	6	2.54708	0.801831	2.98567	0.978474	0	0.00146771	0.0200587	0.680043
7890	5	2.54858	0.817833	2.92443	0.981354	0	0.00196271	0.016683	0.683254
7900	6	2.73374	0.837097	3.09138	0.98668	0	0.00197336	0.0113468	0.692362
7910	4	2.69912	0.836408	3.02222	0.981354	0	0.00392542	0.0147203	0.697929
7920	4	2.35896	0.850309	3.04445	0.987167	0	0.00148075	0.0113524	0.696394
7930	5	2.13239	0.863643	2.8956	0.988142	0	0.00148221	0.0103755	0.712562
7940	5	1.96504	0.877937	2.93767	0.982318	0	0.00294695	0.0147348	0.710913
7950	7	1.90134	0.878109	2.84757	0.986193	0	0.00147929	0.0123274	0.710537
7960	5	1.81791	0.886078	2.84235	0.981836	0	0.00245459	0.0157094	0.710269
7970	5	1.92451	0.888556	2.88153	0.981836	0	0.00294551	0.0152185	0.719187
7980	5	1.87335	0.893491	2.883	0.987654	0	0.000493827	0.0118519	0.717733
7990	4	1.74534	0.890715	2.76343	0.98912	0	0.00197824	0.00890208	0.711164
8000	4	1.86636	0.889836	2.8409	0.985222	0	0.00246305	0.0123153	0.714002
8010	4	1.93572	0.886732	2.96288	0.982801	0	0.00540541	0.0117936	0.707567
8020	5	2.06423	0.886	2.95116	0.985707	0	0.00246427	0.0118285	0.703769
8030	5	2.05066	0.886119	2.90406	0.984737	0	0.000984737	0.0142787	0.7124
8040	4	1.97916	0.86624	2.9085	0.988631	0	0.00247158	0.00889768	0.702728
8050	5	1.8346	0.877703	2.78201	0.981354	0	0.00343474	0.015211	0.710679
8060	4	1.61509	0.879229	2.66413	0.985222	0	0.000492611	0.0142857	0.71158
8070	4	1.67119	0.876842	2.69843	0.987167	0	0.00345508	0.00937808	0.709326
8080	5	1.64723	0.872963	2.71081	0.984737	0	0.00246184	0.0128016	0.694917
8090	6	1.6867	0.874172	2.73086	0.986193	0	0.00295858	0.0108481	0.698108
8100	5	1.7594	0.865297	2.75744	0.982318	0	0.00343811	0.0142436	0.691366
8110	5	1.382	0.881558	2.52064	0.985222	0	0.00246305	0.0123153	0.702835
8120	4	1.52627	0.86921	2.61382	0.984737	0	0.000492368	0.014771	0.698538
8130	4	1.70333	0.852111	2.67276	0.983768	0	0.00245942	0.0137727	0.691714
8140	6	1.6804	0.856489	2.68758	0.984737	0	0.00246184	0.0128016	0.6814
8150	8	1.5966	0.862298	2.59986	0.981354	0	0.00196271	0.016683	0.701784
8160	8	1.51633	0.85429	2.57591	0.97561	0	0.00439024	0.02	0.687777
8170	7	1.42322	0.868361	2.57964	0.984737	0	0.0014771	0.0137863	0.698429
8180	7	1.49139	0.858627	2.51875	0.981836	0	0.000490918	0.017673	0.686154
8190	6	1.42533	0.866706	2.47127	0.983768	0	0.000983768	0.0152484	0.684027
8200	6	1.27203	0.871872	2.419	0.979432	0	0.0029383	0.0176298	0.694795
8210	6	1.30736	0.86838	2.42526	0.981836	0	0.00245459	0.0157094	0.695108
8220	5	1.25496	0.870717	2.53949	0.985707	0	0.00197141	0.0123213	0.695334
8230	7	1.16133	0.864454	2.24936	0.987167	0	0.000987167	0.011846	0.693189
8240	7	1.21032	0.857634	2.28087	0.982318	0	0.00343811	0.0142436	0.682843
8250	7	1.15572	0.857241	2.24967	0.987654	0	0.00345679	0.00888889	0.689041
8260	6	1.24518	0.850048	2.36119	0.980873	0	0.00343306	0.015694	0.683489
8270	7	1.31702	0.845231	2.41342	0.981836	0	0.00196367	0.0162003	0.682371
8280	7	1.41785	0.835544	2.54648	0.986193	0	0.00197239	0.0118343	0.678297
8290	5	1.44804	0.837774	2.47867	0.982318	0	0.00147348	0.0162083	0.686761
8300	4	1.59722	0.836451	2.67996	0.983768	0	0.00245942	0.0137727	0.684834
8310	5	1.50536	0.834005	2.55592	0.982801	0	0.0019656	0.0152334	0.679052
8320	9	1.6913	0.842188	2.74773	0.979432	0	0.00440744	0.0161606	0.682196
8330	6	1.601	0.844988	2.81641	0.979432	0	0.00244858	0.0181195	0.68884
8340	7	1.66205	0.847215	2.79172	0.980392	0	0	0.0196078	0.688742
8350	5	1.62342	0.850591	2.67668	0.982801	0	0.002457	0.014742	0.69031
8360	6	1.73652	0.849733	2.80324	0.97704	0	0.00439668	0.0185638	0.684819
8370	6	1.64123	0.846028	2.73629	0.98668	0	0.00345338	0.0098668	0.681254
8380	5	1.59852	0.84181	2.67133	0.979912	0	0.00146987	0.0186183	0.679319
8390	6	1.45954	0.832295	2.53831	0.982318	0	0.000982318	0.0166994	0.674935
8400	4	1.38385	0.824965	2.48805	0.984252	0	0.000492126	0.0152559	0.673932
8410	3	1.31554	0.816414	2.32981	0.982801	0	0.002457	0.014742	0.66301
8420	3	1.4768	0.824778	2.56096	0.979432	0	0.00342801	0.0171401	0.669015
8430	4	1.49088	0.821506	2.54412	0.977995	0	0.00440098	0.0176039	0.677225
8440	4	1.57077	0.823804	2.64644	0.976562	0	0.00439453	0.019043	0.671397
8450	5	1.75195	0.831168	2.72452	0.980873	0	0.00294262	0.0161844	0.67958
8460	4	1.68235	0.825076	2.70277	0.983284	0	0.00196657	0.0147493	0.671717
8470	4	1.64376	0.819365	2.73544	0.981836	0	0.00245459	0.0157094	0.672866
8480	3	1.79815	0.825446	2.68103	0.983768	0	0.00196754	0.0142646	0.67565
8490	3	1.79	0.820283	2.72067	0.984737	0	0.00295421	0.0123092	0.673793
8500	3	1.7915	0.816175	2.70143	0.980392	0	0.00147059	0.0181373	0.670673
8510	3	1.91935	0.817838	2.76532	0.979912	0	0.00293974	0.0171485	0.670544
8520	4	1.85618	0.812571	2.82451	0.979912	0	0.00293974	0.0171485	0.673148
8530	5	2.03015	0.819661	2.87634	0.981354	0	0.000981354	0.0176644	0.672195
8540	4	2.10837	0.824599	2.86213	0.980392	0	0.00245098	0.0171569	0.674895
8550	4	1.93014	0.814123	2.7899	0.979432	0	0.00244858	0.0181195	0.670691
8560	5	2.05569	0.820319	2.80992	0.983284	0	0.00196657	0.0147493	0.680838
8570	5	2.00223	0.824218	2.84207	0.982801	0	0.0029484	0.0142506	0.668413
8580	5	2.06284	0.83097	2.84161	0.983284	0	0.00393314	0.0127827	0.675805
8590	3	2.11125	0.839861	2.88877	0.976086	0	0.00146413	0.02245	0.690646
8600	3	2.09287	0.847014	2.84535	0.981836	0	0.00343643	0.0147275	0.694554
8610	4	2.07118	0.860169	2.93081	0.979432	0	0.00342801	0.0171401	0.693383
8620	5	2.10891	0.860925	2.92231	0.977995	0	0.00244499	0.0195599	0.69891
8630	5	2.03466	0.85522	2.89853	0.981836	0	0.00294551	0.0152185	0.70184
8640	4	2.0359	0.851902	2.85279	0.983284	0	0.00294985	0.013766	0.698482
8650	4	2.02912	0.840423	2.80201	0.985707	0	0.000492854	0.0137999	0.680338
8660	7	2.03264	0.828805	2.85427	0.979912	0	0.00391965	0.0161685	0.687411
8670	4	2.02844	0.840125	2.81464	0.982801	0	0.0014742	0.0157248	0.687865
8680	3	1.97114	0.843864	2.83006	0.985707	0	0.00147856	0.0128142	0.69948
8690	2	1.90656	0.850298	2.80878	0.984252	0	0.00246063	0.0132874	0.694154
8700	4	1.82719	0.858194	2.86066	0.984252	0	0.00246063	0.0132874	0.69978
8710	2	1.91284	0.844182	2.82064	0.983768	0	0.00196754	0.0142646	0.694358
8720	3	1.76729	0.862711	2.85493	0.983284	0	0.00245821	0.0142576	0.699152
8730	4	1.72204	0.863378	2.80264	0.982801	0	0.0029484	0.0142506	0.699438
8740	4	1.73437	0.862674	2.72573	0.986193	0	0.00295858	0.0108481	0.707555
8750	4	1.79109	0.854858	2.7455	0.981354	0	0.00196271	0.016683	0.701254
8760	5	1.81935	0.856014	2.82454	0.979912	0	0.00244978	0.0176384	0.698708
8770	4	1.78363	0.855051	2.69659	0.984252	0	0.00147638	0.0142717	0.690151
8780	3	1.72876	0.85938	2.70007	0.987167	0	0.00148075	0.0113524	0.695029
8790	4	1.69145	0.862737	2.70699	0.977517	0	0.00342131	0.0190616	0.697941
8800	5	1.79771	0.853535	2.76224	0.982801	0	0.002457	0.014742	0.699638
8810	6	1.79903	0.851269	2.77235	0.985707	0	0.00197141	0.0123213	0.697305
8820	6	1.79912	0.853092	2.71919	0.981836	0	0.00245459	0.0157094	0.690783
8830	8	1.83084	0.850153	2.84222	0.985707	0	0.00197141	0.0123213	0.691627
8840	7	1.65891	0.86053	2.67727	0.980392	0	0.00147059	0.0181373	0.705405
8850	8	1.49729	0.870551	2.61256	0.980392	0	0.00196078	0.0176471	0.696957
8860	5	1.3166	0.877872	2.51494	0.984252	0	0.000984252	0.0147638	0.700897
8870	4	1.48457	0.858829	2.51945	0.980392	0	0.00392157	0.0156863	0.690996
8880	4	1.38815	0.864592	2.4639	0.987654	0	0.00148148	0.0108642	0.696914
8890	5	1.47319	0.862784	2.63344	0.984737	0	0.00196947	0.0132939	0.68542
8900	4	1.45257	0.857822	2.54104	0.982318	0	0.00196464	0.0157171	0.692827
8910	4	1.64893	0.851725	2.67296	0.986193	0	0.00197239	0.0118343	0.695472
8920	4	1.52723	0.855031	2.61739	0.980392	0	0.00343137	0.0161765	0.690061
8930	6	1.58397	0.848669	2.57996	0.985707	0	0.00147856	0.0128142	0.696332
8940	3	1.63086	0.849071	2.6719	0.985707	0	0.00147856	0.0128142	0.691865
8950	3	1.65693	0.846349	2.68344	0.978474	0	0.00195695	0.0195695	0.6912
8960	4	1.62871	0.850674	2.63533	0.983768	0	0.00442696	0.0118052	0.688808
8970	4	1.61101	0.843793	2.63681	0.985222	0	0.00147783	0.0133005	0.687861
8980	6	1.57545	0.848376	2.65963	0.981354	0	0.00147203	0.0171737	0.683827
8990	3	1.62146	0.854214	2.68189	0.984252	0	0.00147638	0.0142717	0.69647
9000	4	1.55557	0.856141	2.65109	0.981354	0	0.00147203	0.0171737	0.688223
9010	3	1.60471	0.856105	2.73232	0.985222	0	0.00197044	0.0128079	0.692732
9020	3	1.55398	0.858491	2.65272	0.977995	0	0.00293399	0.0190709	0.687298
9030	3	1.61953	0.856341	2.78793	0.978474	0	0.00244618	0.0190802	0.69774
9040	3	1.63352	0.85074	2.6323	0.985222	0	0.00197044	0.0128079	0.682874
9050	3	1.69548	0.849014	2.73729	0.981354	0	0.00245339	0.0161923	0.69824
9060	4	1.4827	0.84371	2.55615	0.978953	0	0.00391581	0.0171317	0.677824
9070	5	1.71047	0.835881	2.69286	0.978953	0	0.00195791	0.0190896	0.68064
9080	4	1.68971	0.841667	2.72789	0.980873	0	0.00245218	0.0166748	0.693087
9090	4	1.64333	0.838682	2.6939	0.979432	0	0.00391773	0.0166503	0.690055
9100	3	1.97236	0.830996	2.8788	0.984737	0	0.000492368	0.014771	0.6803
9110	3	1.79965	0.834035	2.75784	0.97704	0	0.00146556	0.0214949	0.673819
9120	4	2.03563	0.832876	2.82427	0.985222	0	0.00246305	0.0123153	0.682939
9130	4	2.46977	0.833978	3.00394	0.979912	0	0.00146987	0.0186183	0.690564
9140	4	2.65312	0.827602	3.12642	0.981354	0	0.00245339	0.0161923	0.684055
9150	5	2.69884	0.825303	3.00377	0.979432	0	0.00440744	0.0161606	0.680572
9160	4	2.60691	0.823779	2.94411	0.985222	0	0.00295567	0.0118227	0.688663
9170	5	2.61357	0.825849	2.98567	0.983768	0	0.00245942	0.0137727	0.683314
9180	3	2.61443	0.825977	3.01094	0.986193	0	0.00147929	0.0123274	0.6899
9190	3	2.63289	0.816643	2.96744	0.978474	0	0.000978474	0.0205479	0.689118
9200	3	2.45169	0.822291	3.02824	0.978953	0	0.00244738	0.0186001	0.683344
9210	6	2.50513	0.826135	2.997	0.982318	0	0.00147348	0.0162083	0.67656
9220	5	2.44995	0.835383	3.00655	0.985222	0	0.00295567	0.0118227	0.69234
9230	7	2.42519	0.841609	3.01379	0.978474	0	0.00342466	0.0181018	0.692342
9240	5	2.32057	0.836901	2.96266	0.984252	0	0.00295276	0.0127953	0.680301
9250	4	2.28492	0.830014	2.94132	0.976086	0	0.0034163	0.0204978	0.680318
9260	4	2.26695	0.833291	2.98222	0.979432	0	0.00440744	0.0161606	0.680575
9270	3	2.31094	0.831709	2.97569	0.980392	0	0.00196078	0.0176471	0.676619
9280	3	2.47977	0.821574	3.00578	0.981836	0	0.00196367	0.0162003	0.683542
9290	3	2.51697	0.824441	2.9765	0.986193	0	0.00197239	0.0118343	0.681348
9300	3	2.46981	0.829713	2.98533	0.981354	0	0.00196271	0.016683	0.687521
9310	3	2.65857	0.819414	3.00371	0.981354	0	0.00294406	0.0157017	0.688215
9320	4	2.80588	0.805433	3.01582	0.978953	0	0.00244738	0.0186001	0.676934
9330	4	2.85995	0.802382	2.91035	0.987167	0	0.00197433	0.0108588	0.684088
9340	3	2.92392	0.789957	2.96383	0.983284	0	0.00196657	0.0147493	0.669348
9350	3	2.99606	0.765561	3.09413	0.988631	0	0.00197726	0.00939199	0.653886
9360	3	2.93005	0.773355	3.0108	0.985222	0	0.00147783	0.0133005	0.671856
9370	4	2.59988	0.806925	2.96127	0.978474	0	0.00391389	0.0176125	0.686294
9380	3	2.66169	0.796285	2.90189	0.982318	0	0.00196464	0.0157171	0.672593
9390	3	2.70938	0.79609	2.95544	0.978474	0	0.00195695	0.0195695	0.677231
9400	4	2.84028	0.789259	2.96029	0.986193	0	0.00147929	0.0123274	0.672772
9410	5	2.83651	0.789361	2.98927	0.976562	0	0.000976562	0.0224609	0.670664
9420	3	2.81043	0.789099	2.95852	0.979432	0	0.00195886	0.0186092	0.671264
9430	3	2.76383	0.791201	3.061	0.980392	0	0.00392157	0.0156863	0.665437
9440	3	2.78144	0.788143	2.90729	0.979432	0	0.00195886	0.0186092	0.674303
9450	4	2.6446	0.797404	2.94021	0.979912	0	0.000979912	0.0191083	0.675063
9460	3	2.66581	0.79459	2.95475	0.978474	0	0.0053816	0.0161448	0.665134
9470	3	2.49577	0.804659	2.89359	0.979432	0	0.0029383	0.0176298	0.667297
9480	4	2.12835	0.823033	2.80499	0.983768	0	0.00245942	0.0137727	0.686972
9490	5	2.34418	0.807871	2.82759	0.985222	0	0.00147783	0.0133005	0.675797
9500	5	2.14094	0.814492	2.7574	0.980392	0	0.00441176	0.0151961	0.675805
9510	4	2.0435	0.81864	2.72263	0.985222	0	0.00246305	0.0123153	0.675024
9520	5	2.03656	0.817627	2.77325	0.980392	0	0.00392157	0.0156863	0.681579
9530	5	2.02462	0.819018	2.86904	0.980392	0	0.00245098	0.0171569	0.684536
9540	4	1.8898	0.81928	2.67253	0.980873	0	0.00147131	0.0176557	0.682319
9550	4	1.87738	0.816517	2.72859	0.979432	0	0.00342801	0.0171401	0.677962
9560	5	1.82111	0.81792	2.64104	0.986193	0	0.00147929	0.0123274	0.675902
9570	6	1.64349	0.832288	2.62863	0.981836	0	0.000981836	0.0171821	0.683581
9580	7	1.7814	0.826362	2.71392	0.983284	0	0.00294985	0.013766	0.678454
9590	5	2.01905	0.806405	2.76435	0.985707	0	0.000985707	0.013307	0.675331
9600	3	2.15453	0.794445	2.73977	0.980392	0	0.00196078	0.0176471	0.666665
9610	4	2.07732	0.796913	2.69478	0.980392	0	0.000980392	0.0186275	0.661062
9620	4	2.07624	0.79483	2.69203	0.981836	0	0.00245459	0.0157094	0.674265
9630	4	2.08561	0.79356	2.81534	0.983284	0	0.00245821	0.0142576	0.666161
9640	5	1.85107	0.80484	2.66845	0.980392	0	0.00392157	0.0156863	0.659331
9650	8	1.83976	0.806168	2.72269	0.979432	0	0.00195886	0.0186092	0.673595
9660	7	1.70664	0.816975	2.65034	0.97561	0	0.00292683	0.0214634	0.673562
9670	9	1.78559	0.819275	2.62819	0.984737	0	0.00246184	0.0128016	0.678323
9680	6	1.66214	0.821469	2.629	0.978474	0	0.00342466	0.0181018	0.672849
9690	5	1.76775	0.812074	2.60278	0.976562	0	0.00195312	0.0214844	0.67163
9700	5	1.79121	0.809176	2.68089	0.980392	0	0.00147059	0.0181373	0.670944
9710	6	1.67188	0.815027	2.61716	0.981836	0	0.000981836	0.0171821	0.666655
9720	5	1.86898	0.798223	2.70226	0.981354	0	0.00343474	0.015211	0.662911
9730	5	1.77294	0.804242	2.6312	0.985707	0	0.000985707	0.013307	0.661413
9740	5	1.55641	0.806641	2.49208	0.988142	0	0.00197628	0.00988142	0.659612
9750	5	1.54087	0.800167	2.59392	0.977995	0	0.00293399	0.0190709	0.672226
9760	4	1.67717	0.79257	2.55453	0.979432	0	0.00342801	0.0171401	0.659671
9770	4	1.68609	0.786527	2.6119	0.980392	0	0.00245098	0.0171569	0.663487
9780	6	1.59338	0.784834	2.45785	0.981354	0	0.00392542	0.0147203	0.660885
9790	5	1.49326	0.779885	2.42757	0.974659	0	0.00194932	0.0233918	0.644269
9800	5	1.38109	0.787945	2.35141	0.977995	0	0.000977995	0.0210269	0.65888
9810	4	1.45001	0.792567	2.48945	0.97704	0	0.0024426	0.0205178	0.660821
9820	4	1.4158	0.792547	2.41863	0.979432	0	0.00244858	0.0181195	0.663642
9830	4	1.2584	0.784734	2.25397	0.978953	0	0.00195791	0.0190896	0.652014
9840	5	1.14619	0.787797	2.11982	0.976562	0	0.00195312	0.0214844	0.656949
9850	5	1.12156	0.779701	2.05868	0.981836	0	0.000981836	0.0171821	0.659125
9860	5	1.0979	0.776829	2.06134	0.972763	0	0.00486381	0.0223735	0.644873
9870	4	1.1549	0.773753	2.19144	0.983768	0	0.00147565	0.0147565	0.643689
9880	5	1.17687	0.771742	2.20855	0.97704	0	0.0024426	0.0205178	0.649467
9890	6	1.25108	0.775458	2.29913	0.976086	0	0.00195217	0.0219619	0.652512
9900	4	1.20946	0.769828	2.19053	0.980873	0	0.00147131	0.0176557	0.65162
9910	4	1.25221	0.768518	2.20507	0.981354	0	0.000490677	0.0181551	0.650003
9920	3	1.33283	0.771989	2.31965	0.978474	0	0.00146771	0.0200587	0.647469
9930	4	1.37157	0.772848	2.3086	0.97561	0	0.00195122	0.022439	0.654626
9940	3	1.65095	0.794841	2.61035	0.981354	0	0.00294406	0.0157017	0.67344
9950	5	1.7587	0.800069	2.76231	0.982318	0	0.00147348	0.0162083	0.67307
9960	3	1.75029	0.796603	2.68602	0.983768	0	0.00245942	0.0137727	0.677383
9970	5	1.64907	0.782595	2.69197	0.984737	0	0.00393895	0.0113245	0.662741
9980	3	1.60321	0.775613	2.54504	0.981354	0	0.000981354	0.0176644	0.65924
9990	4	1.63945	0.775188	2.64506	0.982801	0	0.000982801	0.0162162	0.666104
