Generation number	Total number of allele	Diversity	Activity	Time	Fertility rate	2 DSB on one site rate	No DSB rate	No symmetrical sites (binding + DSB) rate	q
0	1	1	0.999913	0.290814	0.985222	0	0	0.0147783	0.769606
10	1	1	0.998938	0.291766	0.985222	0	0.00492611	0.00985222	0.754342
20	1	1	0.997313	0.289166	0.990099	0	0	0.00990099	0.767068
30	1	1	0.996425	0.289839	0.980392	0	0	0.0196078	0.754296
40	1	1	0.9942	0.287549	1	0	0	0	0.761352
50	1	1	0.994063	0.288067	0.995025	0	0.00497512	0	0.744898
60	1	1	0.992425	0.291785	0.980392	0	0.00980392	0.00980392	0.741684
70	1	1	0.992213	0.287438	0.995025	0	0	0.00497512	0.745794
80	1	1	0.991963	0.289977	0.985222	0	0.00492611	0.00985222	0.759745
90	1	1	0.9926	0.290609	0.985222	0	0	0.0147783	0.785418
100	1	1	0.990475	0.288002	0.990099	0	0.0049505	0.0049505	0.765117
110	1	1	0.9896	0.288987	0.985222	0	0	0.0147783	0.75059
120	1	1	0.987975	0.286784	0.995025	0	0.00497512	0	0.748767
130	1	1	0.986938	0.287533	0.990099	0	0	0.00990099	0.771058
140	1	1	0.983675	0.286036	0.995025	0	0	0.00497512	0.753856
150	1	1	0.979013	0.290148	0.985222	0	0	0.0147783	0.752717
160	1	1	0.976525	0.286068	0.990099	0	0.0049505	0.0049505	0.736792
170	1	1	0.972713	0.285222	0.995025	0	0	0.00497512	0.73248
180	1	1	0.9699	0.284877	0.995025	0	0	0.00497512	0.754003
190	1	1	0.969625	0.286124	0.990099	0	0.0049505	0.0049505	0.723035
200	1	1	0.969938	0.287875	0.990099	0	0.0049505	0.0049505	0.746606
210	1	1	0.967738	0.283306	1	0	0	0	0.750724
220	1	1	0.96705	0.286766	0.985222	0	0.00492611	0.00985222	0.753102
230	1	1	0.9676	0.286697	0.985222	0	0.00492611	0.00985222	0.724911
240	1	1	0.965888	0.286479	0.985222	0	0	0.0147783	0.729306
250	1	1	0.9645	0.285083	0.990099	0	0	0.00990099	0.744674
260	1	1	0.964475	0.284203	0.995025	0	0	0.00497512	0.730597
270	1	1	0.9587	0.287382	0.980392	0	0.00490196	0.0147059	0.759064
280	1	1	0.958338	0.285022	0.980392	0	0.00490196	0.0147059	0.742298
290	1	1	0.955363	0.280334	0.995025	0	0	0.00497512	0.734383
300	1	1	0.951475	0.278704	1	0	0	0	0.743343
310	1	1	0.949113	0.284409	0.980392	0	0	0.0196078	0.740697
320	1	1	0.947238	0.278568	0.995025	0	0.00497512	0	0.744606
330	1	1	0.9484	0.283828	0.980392	0	0	0.0196078	0.7572
340	1	1	0.943863	0.284034	0.980392	0	0.00490196	0.0147059	0.732865
350	1	1	0.940725	0.280923	0.980392	0	0	0.0196078	0.740031
360	1	1	0.935888	0.279426	0.985222	0	0	0.0147783	0.74894
370	1	1	0.934138	0.279209	0.985222	0	0.00492611	0.00985222	0.743948
380	1	1	0.931388	0.279747	0.990099	0	0	0.00990099	0.774849
390	1	1	0.932475	0.277974	0.990099	0	0	0.00990099	0.744004
400	1	1	0.929475	0.279453	0.97561	0	0.00487805	0.0195122	0.728563
410	1	1	0.9268	0.276863	0.995025	0	0.00497512	0	0.716545
420	1	1	0.925463	0.277133	0.990099	0	0.0049505	0.0049505	0.731532
430	1	1	0.925063	0.278827	1	0	0	0	0.74921
440	1	1	0.926063	0.279873	0.980392	0	0.0147059	0.00490196	0.738547
450	1	1	0.928075	0.277729	0.985222	0	0.00492611	0.00985222	0.729644
460	1	1	0.926863	0.275948	0.990099	0	0	0.00990099	0.743887
470	1	1	0.924663	0.273902	1	0	0	0	0.738775
480	1	1	0.924775	0.275192	0.995025	0	0	0.00497512	0.735068
490	1	1	0.924538	0.278867	0.980392	0	0.00490196	0.0147059	0.739925
500	1	1	0.92015	0.277899	0.990099	0	0.0049505	0.0049505	0.727887
510	1	1	0.917613	0.274736	0.995025	0	0	0.00497512	0.731091
520	1	1	0.9149	0.274556	0.985222	0	0.00492611	0.00985222	0.730362
530	1	1	0.916037	0.27264	0.995025	0	0	0.00497512	0.744112
540	1	1	0.917238	0.276987	0.985222	0	0	0.0147783	0.749968
550	1	1	0.914863	0.275736	0.985222	0	0.00492611	0.00985222	0.736775
560	1	1	0.914913	0.274659	0.985222	0	0.00492611	0.00985222	0.748857
570	1	1	0.91455	0.273461	0.990099	0	0	0.00990099	0.773377
580	1	1	0.911412	0.271782	1	0	0	0	0.739517
590	1	1	0.90835	0.272163	0.995025	0	0.00497512	0	0.735874
600	1	1	0.9059	0.273013	0.985222	0	0.00492611	0.00985222	0.736099
610	1	1	0.905775	0.272076	0.990099	0	0	0.00990099	0.756088
620	1	1	0.90505	0.2744	0.990099	0	0	0.00990099	0.746376
630	1	1	0.905413	0.27432	0.97561	0	0.00487805	0.0195122	0.742012
640	1	1	0.905038	0.272022	0.985222	0	0.00492611	0.00985222	0.715524
650	1	1	0.903475	0.271458	0.995025	0	0	0.00497512	0.742064
660	1	1	0.901738	0.271918	0.990099	0	0	0.00990099	0.755672
670	1	1	0.90045	0.273748	0.97561	0	0.00487805	0.0195122	0.71517
680	1	1	0.8991	0.270488	0.990099	0	0.0049505	0.0049505	0.733713
690	1	1	0.896275	0.270292	0.990099	0	0	0.00990099	0.732998
700	1	1	0.894738	0.269644	1	0	0	0	0.736509
710	1	1	0.890925	0.268407	0.995025	0	0	0.00497512	0.767482
720	1	1	0.888938	0.268712	0.995025	0	0	0.00497512	0.733203
730	1	1	0.887575	0.271313	0.985222	0	0	0.0147783	0.721141
740	1	1	0.886088	0.265282	1	0	0	0	0.708657
750	1	1	0.883538	0.268155	0.985222	0	0	0.0147783	0.733364
760	1	1	0.880713	0.266392	0.990099	0	0	0.00990099	0.727461
770	1	1	0.877238	0.266345	0.995025	0	0	0.00497512	0.755893
780	1	1	0.876038	0.269191	0.97561	0	0.0097561	0.0146341	0.710542
790	1	1	0.874388	0.267839	0.985222	0	0	0.0147783	0.710793
800	1	1	0.87265	0.269315	0.980392	0	0.00980392	0.00980392	0.708916
810	1	1	0.8734	0.267744	0.97561	0	0.0097561	0.0146341	0.744048
820	1	1	0.87055	0.264702	0.995025	0	0.00497512	0	0.730842
830	1	1	0.868275	0.265119	0.990099	0	0	0.00990099	0.724536
840	1	1	0.866263	0.263652	0.985222	0	0	0.0147783	0.728184
850	1	1	0.862938	0.263415	0.995025	0	0	0.00497512	0.733659
860	1	1	0.862	0.262187	0.995025	0	0	0.00497512	0.739301
870	1	1	0.859613	0.262139	0.990099	0	0.0049505	0.0049505	0.716212
880	1	1	0.857587	0.264291	0.985222	0	0	0.0147783	0.757223
890	1	1	0.856563	0.263487	0.980392	0	0.00490196	0.0147059	0.720633
900	1	1	0.854775	0.264429	0.980392	0	0.00490196	0.0147059	0.737092
910	2	1.0203	0.855687	0.266375	0.990099	0	0.0049505	0.0049505	0.728133
920	1	1	0.852925	0.259025	1	0	0	0	0.733437
930	1	1	0.84855	0.259449	0.995025	0	0.00497512	0	0.727745
940	1	1	0.844788	0.263175	0.966184	0	0.00483092	0.0289855	0.727773
950	1	1	0.843075	0.260602	0.990099	0	0	0.00990099	0.752336
960	1	1	0.841925	0.260734	0.97561	0	0.0097561	0.0146341	0.722497
970	1	1	0.838313	0.258614	0.990099	0	0	0.00990099	0.738494
980	1	1	0.839413	0.257315	0.990099	0	0.0049505	0.0049505	0.714815
990	1	1	0.837238	0.25692	0.990099	0	0	0.00990099	0.720912
1000	1	1	0.833938	0.261817	0.97561	0	0	0.0243902	0.751099
1010	1	1	0.829688	0.253422	0.995025	0	0.00497512	0	0.728537
1020	1	1	0.828537	0.253897	0.995025	0	0	0.00497512	0.711442
1030	1	1	0.827238	0.25429	0.990099	0	0	0.00990099	0.74638
1040	1	1	0.828863	0.257742	0.985222	0	0.00492611	0.00985222	0.71969
1050	1	1	0.827	0.255542	0.985222	0	0.00492611	0.00985222	0.733951
1060	1	1	0.825	0.255819	0.985222	0	0.00492611	0.00985222	0.731049
1070	1	1	0.823025	0.255879	0.970874	0	0.00970874	0.0194175	0.703565
1080	1	1	0.821625	0.25541	0.985222	0	0	0.0147783	0.717541
1090	1	1	0.817688	0.254292	0.97561	0	0.0097561	0.0146341	0.736605
1100	1	1	0.817475	0.250652	1	0	0	0	0.724736
1110	1	1	0.82055	0.250063	0.995025	0	0.00497512	0	0.734744
1120	1	1	0.815163	0.253296	0.985222	0	0.00492611	0.00985222	0.724872
1130	1	1	0.815175	0.24923	1	0	0	0	0.738726
1140	1	1	0.8121	0.247779	1	0	0	0	0.728394
1150	1	1	0.809412	0.253051	0.97561	0	0.00487805	0.0195122	0.735423
1160	1	1	0.807662	0.249146	0.985222	0	0	0.0147783	0.70689
1170	1	1	0.80435	0.247487	0.985222	0	0	0.0147783	0.718947
1180	1	1	0.803588	0.248561	0.985222	0	0.00492611	0.00985222	0.726972
1190	1	1	0.8001	0.248513	0.97561	0	0	0.0243902	0.71666
1200	1	1	0.798025	0.243933	0.990099	0	0.00990099	0	0.749517
1210	1	1	0.793675	0.244366	0.980392	0	0.00490196	0.0147059	0.734225
1220	1	1	0.79165	0.243411	0.990099	0	0	0.00990099	0.711372
1230	1	1	0.790913	0.242236	0.990099	0	0.0049505	0.0049505	0.718179
1240	1	1	0.79195	0.246604	0.985222	0	0	0.0147783	0.741727
1250	1	1	0.79155	0.2419	0.985222	0	0	0.0147783	0.751261
1260	1	1	0.787725	0.243807	0.980392	0	0.00490196	0.0147059	0.725753
1270	1	1	0.786188	0.240892	0.995025	0	0	0.00497512	0.723834
1280	1	1	0.78295	0.242654	0.97561	0	0.00487805	0.0195122	0.713599
1290	1	1	0.782713	0.240455	0.985222	0	0.00492611	0.00985222	0.7392
1300	1	1	0.78145	0.24523	0.970874	0	0	0.0291262	0.739435
1310	1	1	0.779313	0.239072	0.990099	0	0	0.00990099	0.724742
1320	1	1	0.776338	0.239657	0.980392	0	0	0.0196078	0.72596
1330	1	1	0.77595	0.24144	0.97561	0	0.00487805	0.0195122	0.726178
1340	1	1	0.776238	0.237266	0.990099	0	0	0.00990099	0.723214
1350	1	1	0.777188	0.237867	0.985222	0	0	0.0147783	0.750778
1360	1	1	0.775975	0.23912	0.985222	0	0	0.0147783	0.736531
1370	1	1	0.773913	0.240457	0.980392	0	0.00490196	0.0147059	0.741898
1380	1	1	0.772313	0.239588	0.970874	0	0.00485437	0.0242718	0.720294
1390	1	1	0.772963	0.237994	0.990099	0	0.00990099	0	0.757243
1400	1	1	0.773225	0.238392	0.990099	0	0	0.00990099	0.761418
1410	1	1	0.772438	0.237451	0.985222	0	0.00492611	0.00985222	0.740872
1420	1	1	0.7707	0.235838	0.995025	0	0.00497512	0	0.752782
1430	1	1	0.770488	0.237642	0.995025	0	0	0.00497512	0.739142
1440	1	1	0.767375	0.23843	0.980392	0	0	0.0196078	0.75694
1450	1	1	0.766963	0.234691	0.995025	0	0	0.00497512	0.738518
1460	1	1	0.766563	0.23505	0.990099	0	0.0049505	0.0049505	0.713007
1470	1	1	0.764538	0.236885	0.995025	0	0	0.00497512	0.746186
1480	1	1	0.761313	0.236106	0.990099	0	0.0049505	0.0049505	0.741101
1490	1	1	0.760063	0.23632	0.980392	0	0	0.0196078	0.721806
1500	1	1	0.7585	0.232868	0.995025	0	0	0.00497512	0.745983
1510	1	1	0.755325	0.237184	0.97561	0	0.0097561	0.0146341	0.717299
1520	1	1	0.750725	0.236114	0.985222	0	0	0.0147783	0.739798
1530	1	1	0.750075	0.23146	1	0	0	0	0.734541
1540	1	1	0.747475	0.234086	0.985222	0	0	0.0147783	0.775177
1550	1	1	0.744425	0.233086	0.985222	0	0.00492611	0.00985222	0.732503
1560	1	1	0.745075	0.235195	0.97561	0	0.0097561	0.0146341	0.745332
1570	1	1	0.742525	0.234974	0.985222	0	0	0.0147783	0.733635
1580	1	1	0.740938	0.233583	0.980392	0	0	0.0196078	0.722684
1590	1	1	0.741913	0.231474	0.990099	0	0	0.00990099	0.736083
1600	1	1	0.739213	0.230203	0.995025	0	0	0.00497512	0.727864
1610	1	1	0.738563	0.235893	0.966184	0	0.00483092	0.0289855	0.731229
1620	1	1	0.736175	0.231032	0.990099	0	0.0049505	0.0049505	0.730207
1630	1	1	0.732375	0.232124	0.980392	0	0.00490196	0.0147059	0.724235
1640	1	1	0.731613	0.230903	0.990099	0	0.0049505	0.0049505	0.730384
1650	1	1	0.730863	0.228954	0.990099	0	0	0.00990099	0.723117
1660	1	1	0.727425	0.230641	0.980392	0	0	0.0196078	0.71477
1670	1	1	0.726275	0.229211	0.995025	0	0	0.00497512	0.739531
1680	1	1	0.7244	0.229372	1	0	0	0	0.716826
1690	1	1	0.7236	0.226644	1	0	0	0	0.707624
1700	1	1	0.721188	0.227196	0.990099	0	0.0049505	0.0049505	0.744985
1710	1	1	0.719263	0.224896	0.995025	0	0	0.00497512	0.718398
1720	1	1	0.717563	0.225918	0.990099	0	0	0.00990099	0.714484
1730	1	1	0.715488	0.225342	0.990099	0	0.0049505	0.0049505	0.713413
1740	1	1	0.711725	0.225298	0.995025	0	0.00497512	0	0.711069
1750	1	1	0.708638	0.226971	0.980392	0	0.00980392	0.00980392	0.704743
1760	1	1	0.706587	0.226989	0.980392	0	0.00490196	0.0147059	0.731341
1770	1	1	0.705175	0.223786	0.995025	0	0	0.00497512	0.712994
1780	1	1	0.7079	0.226456	0.985222	0	0	0.0147783	0.731381
1790	1	1	0.705613	0.22597	0.980392	0	0	0.0196078	0.728278
1800	1	1	0.702488	0.224212	0.990099	0	0.0049505	0.0049505	0.710008
1810	1	1	0.699763	0.22429	0.985222	0	0	0.0147783	0.713388
1820	1	1	0.69645	0.22143	0.995025	0	0	0.00497512	0.730226
1830	1	1	0.692012	0.223889	0.985222	0	0	0.0147783	0.692922
1840	1	1	0.690113	0.223031	0.990099	0	0	0.00990099	0.726075
1850	1	1	0.687563	0.221351	1	0	0	0	0.738424
1860	1	1	0.687563	0.22372	0.985222	0	0	0.0147783	0.729408
1870	1	1	0.685463	0.221969	0.985222	0	0.00492611	0.00985222	0.721225
1880	1	1	0.6837	0.220024	0.990099	0	0	0.00990099	0.719272
1890	1	1	0.683775	0.224606	0.970874	0	0	0.0291262	0.723554
1900	1	1	0.683475	0.218187	1	0	0	0	0.720379
1910	1	1	0.68105	0.222076	0.97561	0	0	0.0243902	0.730724
1920	1	1	0.678775	0.219254	0.990099	0	0	0.00990099	0.700279
1930	1	1	0.678175	0.224372	0.966184	0	0.00966184	0.0241546	0.725565
1940	1	1	0.676737	0.220822	0.985222	0	0.00492611	0.00985222	0.716406
1950	1	1	0.675488	0.219824	0.985222	0	0.00492611	0.00985222	0.705394
1960	1	1	0.671913	0.220707	0.97561	0	0	0.0243902	0.729304
1970	1	1	0.671363	0.219954	0.97561	0	0.00487805	0.0195122	0.709453
1980	1	1	0.6703	0.222055	0.97561	0	0.00487805	0.0195122	0.710285
1990	1	1	0.667825	0.216258	0.995025	0	0	0.00497512	0.724149
2000	1	1	0.66695	0.21884	0.980392	0	0	0.0196078	0.722532
2010	1	1	0.66575	0.220715	0.970874	0	0.00485437	0.0242718	0.706552
2020	1	1	0.665638	0.21774	0.990099	0	0.0049505	0.0049505	0.717271
2030	1	1	0.661813	0.219695	0.980392	0	0	0.0196078	0.699064
2040	1	1	0.659038	0.217593	0.995025	0	0	0.00497512	0.716898
2050	1	1	0.655437	0.217807	0.985222	0	0	0.0147783	0.709058
2060	1	1	0.653913	0.218521	0.97561	0	0.0097561	0.0146341	0.704454
2070	1	1	0.653563	0.219823	0.970874	0	0.00485437	0.0242718	0.698974
2080	1	1	0.652213	0.216742	0.985222	0	0	0.0147783	0.744308
2090	1	1	0.653075	0.218044	0.97561	0	0	0.0243902	0.715496
2100	1	1	0.651262	0.215498	0.995025	0	0	0.00497512	0.720178
2110	1	1	0.651038	0.216688	0.980392	0	0	0.0196078	0.717724
2120	1	1	0.647375	0.215355	0.980392	0	0.00490196	0.0147059	0.714728
2130	1	1	0.64745	0.213974	0.990099	0	0.0049505	0.0049505	0.711437
2140	1	1	0.646137	0.214009	0.990099	0	0.0049505	0.0049505	0.729608
2150	1	1	0.64245	0.213514	0.980392	0	0.00490196	0.0147059	0.711791
2160	1	1	0.639975	0.21367	0.980392	0	0	0.0196078	0.708776
2170	1	1	0.6371	0.211193	0.995025	0	0	0.00497512	0.750304
2180	1	1	0.635888	0.210733	0.985222	0	0.00492611	0.00985222	0.713971
2190	1	1	0.6331	0.211383	0.990099	0	0.0049505	0.0049505	0.73162
2200	1	1	0.6323	0.212511	0.980392	0	0.00980392	0.00980392	0.707401
2210	1	1	0.630238	0.210687	0.990099	0	0	0.00990099	0.707446
2220	1	1	0.628325	0.211965	0.990099	0	0	0.00990099	0.695386
2230	1	1	0.6268	0.210884	0.990099	0	0	0.00990099	0.706159
2240	1	1	0.62585	0.208799	0.995025	0	0	0.00497512	0.704587
2250	1	1	0.6267	0.21298	0.97561	0	0.00487805	0.0195122	0.712136
2260	1	1	0.626288	0.210687	0.985222	0	0	0.0147783	0.734765
2270	1	1	0.62795	0.211229	0.980392	0	0.00490196	0.0147059	0.723999
2280	1	1	0.628138	0.210257	0.990099	0	0	0.00990099	0.733636
2290	1	1	0.624662	0.210202	0.990099	0	0	0.00990099	0.74485
2300	1	1	0.622663	0.209426	0.985222	0	0	0.0147783	0.725212
2310	1	1	0.624888	0.208401	0.995025	0	0	0.00497512	0.715933
2320	1	1	0.624188	0.210811	0.985222	0	0	0.0147783	0.727065
2330	1	1	0.623188	0.210569	0.980392	0	0	0.0196078	0.713814
2340	1	1	0.617363	0.209719	0.990099	0	0	0.00990099	0.732112
2350	1	1	0.616925	0.210087	0.990099	0	0	0.00990099	0.723736
2360	1	1	0.615675	0.206666	1	0	0	0	0.719083
2370	1	1	0.613763	0.207951	0.990099	0	0	0.00990099	0.735824
2380	1	1	0.611012	0.206659	0.985222	0	0.00492611	0.00985222	0.694311
2390	1	1	0.610662	0.209026	0.980392	0	0.00490196	0.0147059	0.710186
2400	1	1	0.609437	0.208079	0.985222	0	0.00492611	0.00985222	0.720616
2410	1	1	0.607438	0.206757	0.990099	0	0	0.00990099	0.739548
2420	1	1	0.602437	0.202468	1	0	0	0	0.724741
2430	1	1	0.5993	0.208711	0.980392	0	0.00490196	0.0147059	0.710521
2440	1	1	0.597063	0.205071	0.990099	0	0	0.00990099	0.696222
2450	1	1	0.597412	0.207399	0.980392	0	0.00490196	0.0147059	0.735709
2460	1	1	0.597325	0.205551	0.980392	0	0.00490196	0.0147059	0.731947
2470	1	1	0.5974	0.206718	0.970874	0	0.00970874	0.0194175	0.706578
2480	1	1	0.596525	0.203526	0.985222	0	0	0.0147783	0.740976
2490	1	1	0.59355	0.202666	0.995025	0	0	0.00497512	0.721272
2500	1	1	0.590163	0.204361	0.990099	0	0	0.00990099	0.724919
2510	1	1	0.587063	0.203638	1	0	0	0	0.718053
2520	1	1	0.58495	0.201718	0.995025	0	0	0.00497512	0.727466
2530	1	1	0.582513	0.20273	0.980392	0	0.00980392	0.00980392	0.73046
2540	1	1	0.58145	0.202017	0.985222	0	0.00492611	0.00985222	0.7072
2550	1	1	0.5796	0.204931	0.980392	0	0.0147059	0.00490196	0.694182
2560	1	1	0.579613	0.201612	0.985222	0	0	0.0147783	0.703993
2570	1	1	0.576213	0.202163	0.985222	0	0	0.0147783	0.695947
2580	1	1	0.57765	0.201104	0.990099	0	0	0.00990099	0.725805
2590	1	1	0.575575	0.202177	0.980392	0	0.00490196	0.0147059	0.70444
2600	1	1	0.573188	0.200452	0.985222	0	0.00492611	0.00985222	0.70057
2610	1	1	0.57015	0.200289	0.990099	0	0	0.00990099	0.723007
2620	1	1	0.570613	0.199777	0.985222	0	0	0.0147783	0.697193
2630	1	1	0.568925	0.204612	0.961538	0	0	0.0384615	0.720926
2640	1	1	0.567638	0.203003	0.97561	0	0	0.0243902	0.701718
2650	1	1	0.566637	0.199801	0.985222	0	0.00492611	0.00985222	0.70374
2660	1	1	0.567962	0.199334	0.985222	0	0	0.0147783	0.711765
2670	1	1	0.565513	0.198043	0.990099	0	0	0.00990099	0.698643
2680	1	1	0.563937	0.1958	1	0	0	0	0.706823
2690	1	1	0.566637	0.197782	0.990099	0	0.0049505	0.0049505	0.692752
2700	1	1	0.567263	0.19793	0.990099	0	0	0.00990099	0.719502
2710	1	1	0.566438	0.198279	0.995025	0	0	0.00497512	0.705907
2720	1	1	0.566725	0.19787	0.995025	0	0	0.00497512	0.717192
2730	1	1	0.564437	0.19554	0.995025	0	0	0.00497512	0.689583
2740	1	1	0.564512	0.195847	0.990099	0	0.0049505	0.0049505	0.693381
2750	1	1	0.562062	0.198056	0.980392	0	0.00490196	0.0147059	0.715828
2760	1	1	0.559225	0.195145	1	0	0	0	0.709078
2770	1	1	0.556163	0.198311	0.980392	0	0	0.0196078	0.686909
2780	1	1	0.554613	0.196937	0.985222	0	0.00985222	0.00492611	0.717288
2790	1	1	0.553138	0.196338	0.985222	0	0	0.0147783	0.709417
2800	1	1	0.549525	0.194866	0.990099	0	0	0.00990099	0.701788
2810	1	1	0.54785	0.194856	0.990099	0	0	0.00990099	0.723121
2820	1	1	0.54575	0.194945	0.985222	0	0	0.0147783	0.705935
2830	1	1	0.544637	0.195171	0.985222	0	0	0.0147783	0.684718
2840	1	1	0.544675	0.195284	0.980392	0	0.00490196	0.0147059	0.71597
2850	1	1	0.542725	0.196259	0.97561	0	0.0097561	0.0146341	0.699441
2860	1	1	0.54125	0.194496	0.985222	0	0.00492611	0.00985222	0.680562
2870	1	1	0.540613	0.192464	0.980392	0	0.00980392	0.00980392	0.686024
2880	1	1	0.537312	0.191957	0.985222	0	0	0.0147783	0.7001
2890	1	1	0.5349	0.195146	0.97561	0	0.00487805	0.0195122	0.724649
2900	1	1	0.532337	0.192138	0.980392	0	0.00490196	0.0147059	0.690054
2910	1	1	0.5303	0.191012	0.990099	0	0	0.00990099	0.701045
2920	1	1	0.529425	0.192123	0.990099	0	0	0.00990099	0.715216
2930	1	1	0.528537	0.190296	0.995025	0	0.00497512	0	0.692413
2940	1	1	0.526125	0.193548	0.980392	0	0	0.0196078	0.686892
2950	1	1	0.523438	0.191322	0.980392	0	0.00490196	0.0147059	0.706442
2960	1	1	0.521975	0.188198	1	0	0	0	0.696603
2970	1	1	0.524462	0.192919	0.97561	0	0.00487805	0.0195122	0.713552
2980	1	1	0.525563	0.188677	0.990099	0	0	0.00990099	0.698546
2990	1	1	0.525	0.18906	0.990099	0	0	0.00990099	0.689171
3000	1	1	0.5235	0.192395	0.980392	0	0.00490196	0.0147059	0.716643
3010	1	1	0.522463	0.186735	1	0	0	0	0.683636
3020	1	1	0.522088	0.189444	0.990099	0	0	0.00990099	0.659848
3030	1	1	0.5208	0.190568	0.97561	0	0.00487805	0.0195122	0.689799
3040	1	1	0.520563	0.188274	0.990099	0	0	0.00990099	0.727775
3050	1	1	0.519412	0.189244	0.985222	0	0	0.0147783	0.705782
3060	1	1	0.518038	0.187641	0.990099	0	0.0049505	0.0049505	0.701504
3070	1	1	0.516775	0.187532	0.995025	0	0.00497512	0	0.683664
3080	1	1	0.51425	0.188701	0.980392	0	0	0.0196078	0.70335
3090	1	1	0.51195	0.18887	0.985222	0	0	0.0147783	0.703776
3100	1	1	0.50875	0.190051	0.966184	0	0.00966184	0.0241546	0.700125
3110	1	1	0.5105	0.186268	0.985222	0	0	0.0147783	0.721081
3120	1	1	0.507425	0.185521	0.990099	0	0	0.00990099	0.684854
3130	1	1	0.504375	0.188314	0.970874	0	0	0.0291262	0.706944
3140	1	1	0.50405	0.18618	0.985222	0	0	0.0147783	0.691777
3150	1	1	0.503663	0.184931	0.980392	0	0	0.0196078	0.68084
3160	1	1	0.501262	0.18454	0.985222	0	0.00492611	0.00985222	0.686292
3170	1	1	0.49995	0.185457	0.990099	0	0.00990099	0	0.697105
3180	1	1	0.498813	0.182308	0.990099	0	0	0.00990099	0.701248
3190	1	1	0.496875	0.186203	0.980392	0	0.00490196	0.0147059	0.669
3200	1	1	0.495188	0.184645	0.980392	0	0.00980392	0.00980392	0.695324
3210	1	1	0.4948	0.18278	0.990099	0	0	0.00990099	0.714082
3220	1	1	0.493912	0.184662	0.97561	0	0.00487805	0.0195122	0.715565
3230	1	1	0.492475	0.18353	0.980392	0	0.00490196	0.0147059	0.718237
3240	1	1	0.491513	0.184244	0.985222	0	0	0.0147783	0.701115
3250	1	1	0.492525	0.182906	0.990099	0	0	0.00990099	0.695962
3260	1	1	0.492137	0.184111	0.985222	0	0.00492611	0.00985222	0.702348
3270	1	1	0.491025	0.183376	0.980392	0	0.00490196	0.0147059	0.720576
3280	1	1	0.488813	0.184119	0.980392	0	0	0.0196078	0.718343
3290	1	1	0.488313	0.179039	1	0	0	0	0.704949
3300	1	1	0.4865	0.182859	0.980392	0	0.00980392	0.00980392	0.728013
3310	1	1	0.4853	0.183255	0.985222	0	0	0.0147783	0.729706
3320	1	1	0.4833	0.181123	0.990099	0	0	0.00990099	0.707148
3330	1	1	0.482888	0.180462	0.985222	0	0	0.0147783	0.709957
3340	1	1	0.480387	0.183305	0.985222	0	0.00492611	0.00985222	0.702016
3350	1	1	0.4799	0.17876	0.995025	0	0	0.00497512	0.712712
3360	1	1	0.4794	0.181468	0.995025	0	0	0.00497512	0.70615
3370	1	1	0.479138	0.17862	0.990099	0	0.0049505	0.0049505	0.717841
3380	1	1	0.479438	0.180407	0.990099	0	0	0.00990099	0.699303
3390	1	1	0.479512	0.182748	0.980392	0	0	0.0196078	0.70392
3400	1	1	0.47845	0.179387	1	0	0	0	0.712002
3410	1	1	0.476962	0.180223	0.985222	0	0	0.0147783	0.703008
3420	1	1	0.473413	0.179519	0.990099	0	0	0.00990099	0.693488
3430	1	1	0.472125	0.179271	0.990099	0	0	0.00990099	0.671488
3440	1	1	0.471763	0.182029	0.980392	0	0.00490196	0.0147059	0.694655
3450	1	1	0.468613	0.178704	0.995025	0	0	0.00497512	0.687841
3460	1	1	0.466963	0.177591	0.990099	0	0	0.00990099	0.705829
3470	1	1	0.465862	0.176733	0.995025	0	0	0.00497512	0.682511
3480	1	1	0.464688	0.180057	0.97561	0	0.00487805	0.0195122	0.699328
3490	1	1	0.462775	0.176077	0.985222	0	0.00492611	0.00985222	0.723424
3500	1	1	0.465025	0.17642	1	0	0	0	0.703002
3510	1	1	0.461913	0.177408	0.990099	0	0	0.00990099	0.712628
3520	1	1	0.461625	0.180013	0.97561	0	0.00487805	0.0195122	0.691324
3530	1	1	0.462513	0.176903	0.990099	0	0.0049505	0.0049505	0.719057
3540	1	1	0.461325	0.175665	1	0	0	0	0.720055
3550	1	1	0.460425	0.178986	0.97561	0	0.0146341	0.0097561	0.718133
3560	1	1	0.459363	0.175735	0.990099	0	0	0.00990099	0.680655
3570	1	1	0.4588	0.176456	0.990099	0	0.0049505	0.0049505	0.698429
3580	1	1	0.459038	0.178483	0.97561	0	0.0097561	0.0146341	0.706682
3590	1	1	0.455213	0.175541	0.990099	0	0	0.00990099	0.694631
3600	1	1	0.455175	0.175275	0.990099	0	0	0.00990099	0.693322
3610	1	1	0.45415	0.176406	0.985222	0	0.00492611	0.00985222	0.681812
3620	1	1	0.450838	0.17303	0.985222	0	0	0.0147783	0.706831
3630	1	1	0.4486	0.174694	0.97561	0	0	0.0243902	0.703201
3640	1	1	0.447288	0.172857	0.990099	0	0	0.00990099	0.689192
3650	1	1	0.446	0.174858	0.970874	0	0.00970874	0.0194175	0.702561
3660	1	1	0.446375	0.174564	0.990099	0	0	0.00990099	0.713009
3670	1	1	0.447725	0.172275	0.985222	0	0.00492611	0.00985222	0.71248
3680	1	1	0.444625	0.17342	0.97561	0	0	0.0243902	0.680956
3690	1	1	0.438987	0.169053	0.995025	0	0.00497512	0	0.690819
3700	1	1	0.436538	0.172613	0.97561	0	0.0097561	0.0146341	0.686298
3710	1	1	0.4355	0.172294	0.966184	0	0	0.0338164	0.69584
3720	1	1	0.434863	0.172241	0.970874	0	0.00485437	0.0242718	0.664538
3730	1	1	0.4328	0.168566	0.990099	0	0	0.00990099	0.675505
3740	1	1	0.432538	0.170169	0.980392	0	0.00980392	0.00980392	0.712745
3750	1	1	0.431913	0.169964	0.985222	0	0	0.0147783	0.689561
3760	1	1	0.43005	0.167968	0.980392	0	0.00490196	0.0147059	0.697073
3770	1	1	0.428988	0.172192	0.985222	0	0.00492611	0.00985222	0.684385
3780	1	1	0.426338	0.1668	0.985222	0	0.00492611	0.00985222	0.725073
3790	1	1	0.424925	0.165889	0.990099	0	0	0.00990099	0.734872
3800	1	1	0.4233	0.170353	0.966184	0	0.0144928	0.0193237	0.717068
3810	1	1	0.420487	0.167227	0.980392	0	0	0.0196078	0.701405
3820	1	1	0.4196	0.166556	0.985222	0	0	0.0147783	0.695517
3830	1	1	0.417412	0.166663	0.97561	0	0	0.0243902	0.71589
3840	1	1	0.417463	0.164661	0.985222	0	0.00492611	0.00985222	0.695119
3850	1	1	0.415275	0.165946	0.985222	0	0	0.0147783	0.688324
3860	1	1	0.414088	0.166492	0.97561	0	0	0.0243902	0.69272
3870	1	1	0.413587	0.164252	0.990099	0	0.00990099	0	0.673086
3880	1	1	0.414713	0.163391	0.985222	0	0	0.0147783	0.706401
3890	1	1	0.415163	0.166201	0.980392	0	0.00490196	0.0147059	0.68874
3900	1	1	0.413662	0.163603	0.985222	0	0	0.0147783	0.701991
3910	1	1	0.410138	0.163048	0.990099	0	0.0049505	0.0049505	0.686617
3920	1	1	0.409262	0.164031	0.97561	0	0	0.0243902	0.683737
3930	1	1	0.40795	0.165625	0.980392	0	0	0.0196078	0.69488
3940	1	1	0.406013	0.162273	0.990099	0	0	0.00990099	0.678029
3950	1	1	0.402925	0.162885	0.995025	0	0.00497512	0	0.698606
3960	1	1	0.40095	0.16143	0.995025	0	0	0.00497512	0.693834
3970	1	1	0.396625	0.162356	0.980392	0	0.00490196	0.0147059	0.692327
3980	1	1	0.396487	0.159784	0.985222	0	0	0.0147783	0.681334
3990	1	1	0.394	0.160963	0.980392	0	0	0.0196078	0.682073
4000	1	1	0.3928	0.163481	0.970874	0	0	0.0291262	0.712883
4010	1	1	0.39215	0.163207	0.980392	0	0	0.0196078	0.672637
4020	1	1	0.391838	0.160696	0.985222	0	0	0.0147783	0.712275
4030	1	1	0.389012	0.159075	0.990099	0	0	0.00990099	0.704166
4040	1	1	0.389213	0.159339	0.985222	0	0.00492611	0.00985222	0.689523
4050	1	1	0.388088	0.162292	0.970874	0	0	0.0291262	0.643443
4060	1	1	0.3837	0.160536	1	0	0	0	0.670963
4070	1	1	0.381337	0.159664	0.97561	0	0	0.0243902	0.644782
4080	1	1	0.380975	0.157401	0.980392	0	0	0.0196078	0.673602
4090	1	1	0.380425	0.156889	0.980392	0	0	0.0196078	0.663289
4100	1	1	0.380587	0.161068	0.970874	0	0	0.0291262	0.70295
4110	1	1	0.379362	0.158753	0.980392	0	0.00490196	0.0147059	0.696957
4120	1	1	0.377975	0.157148	0.990099	0	0.0049505	0.0049505	0.68379
4130	1	1	0.375925	0.158866	0.966184	0	0.00966184	0.0241546	0.685722
4140	1	1	0.376175	0.15654	0.990099	0	0	0.00990099	0.707954
4150	1	1	0.375388	0.156885	0.990099	0	0	0.00990099	0.668275
4160	1	1	0.374187	0.154945	0.985222	0	0.00492611	0.00985222	0.698603
4170	1	1	0.3747	0.157644	0.97561	0	0.00487805	0.0195122	0.690529
4180	1	1	0.375137	0.156738	0.980392	0	0.00490196	0.0147059	0.701076
4190	1	1	0.37465	0.156327	0.97561	0	0.00487805	0.0195122	0.693674
4200	1	1	0.374588	0.1554	0.990099	0	0	0.00990099	0.695109
4210	1	1	0.374475	0.157037	0.97561	0	0	0.0243902	0.716222
4220	1	1	0.373975	0.15477	0.990099	0	0.0049505	0.0049505	0.675355
4230	1	1	0.37325	0.155175	1	0	0	0	0.704277
4240	1	1	0.373063	0.156739	0.980392	0	0.00490196	0.0147059	0.692909
4250	1	1	0.371975	0.156958	0.990099	0	0	0.00990099	0.687955
4260	1	1	0.371388	0.156829	0.995025	0	0.00497512	0	0.687168
4270	1	1	0.368587	0.15394	1	0	0	0	0.68955
4280	1	1	0.367837	0.153736	0.990099	0	0	0.00990099	0.688779
4290	1	1	0.3667	0.157873	0.970874	0	0.00485437	0.0242718	0.697764
4300	1	1	0.365363	0.156495	0.97561	0	0.00487805	0.0195122	0.67297
4310	1	1	0.364687	0.158479	0.961538	0	0.00480769	0.0336538	0.667203
4320	1	1	0.367337	0.156001	0.970874	0	0	0.0291262	0.670429
4330	1	1	0.3657	0.155284	0.97561	0	0	0.0243902	0.681403
4340	1	1	0.363187	0.154381	0.985222	0	0	0.0147783	0.702901
4350	1	1	0.3644	0.155589	0.97561	0	0.00487805	0.0195122	0.681868
4360	1	1	0.3652	0.157402	0.952381	0	0	0.047619	0.685947
4370	1	1	0.365588	0.155304	0.980392	0	0	0.0196078	0.682409
4380	1	1	0.365962	0.152951	0.995025	0	0.00497512	0	0.671983
4390	1	1	0.363912	0.155271	0.97561	0	0	0.0243902	0.659153
4400	1	1	0.360175	0.151464	0.995025	0	0	0.00497512	0.685819
4410	1	1	0.359263	0.152701	0.985222	0	0	0.0147783	0.675327
4420	1	1	0.359375	0.154513	0.985222	0	0.00492611	0.00985222	0.684419
4430	1	1	0.360288	0.155355	0.980392	0	0	0.0196078	0.668041
4440	1	1	0.356663	0.153504	0.980392	0	0.00490196	0.0147059	0.688713
4450	1	1	0.355412	0.154066	0.97561	0	0.00487805	0.0195122	0.69727
4460	1	1	0.3546	0.152125	0.990099	0	0	0.00990099	0.677336
4470	1	1	0.354425	0.153766	0.980392	0	0.00490196	0.0147059	0.677798
4480	1	1	0.352625	0.151998	0.985222	0	0	0.0147783	0.679365
4490	1	1	0.353887	0.15064	0.990099	0	0	0.00990099	0.667599
4500	1	1	0.35235	0.153374	0.985222	0	0	0.0147783	0.689518
4510	1	1	0.35285	0.155314	0.97561	0	0.00487805	0.0195122	0.678227
4520	1	1	0.352688	0.151102	0.995025	0	0	0.00497512	0.66597
4530	1	1	0.352	0.151131	0.990099	0	0.0049505	0.0049505	0.687443
4540	1	1	0.349763	0.153406	0.985222	0	0	0.0147783	0.674147
4550	1	1	0.348337	0.151147	0.990099	0	0	0.00990099	0.685415
4560	1	1	0.348862	0.151505	0.995025	0	0	0.00497512	0.675756
4570	1	1	0.346813	0.15381	0.980392	0	0	0.0196078	0.674131
4580	1	1	0.344413	0.151887	0.985222	0	0.00985222	0.00492611	0.682582
4590	1	1	0.343913	0.156528	0.952381	0	0	0.047619	0.675385
4600	1	1	0.343275	0.150619	0.985222	0	0.00492611	0.00985222	0.686578
4610	1	1	0.343925	0.153426	0.970874	0	0.00485437	0.0242718	0.676765
4620	1	1	0.342575	0.149999	0.985222	0	0	0.0147783	0.694762
4630	1	1	0.339487	0.151063	0.970874	0	0	0.0291262	0.683214
4640	1	1	0.3387	0.150189	0.97561	0	0	0.0243902	0.658117
4650	1	1	0.337225	0.149144	0.990099	0	0	0.00990099	0.691621
4660	1	1	0.335775	0.150774	0.985222	0	0.00492611	0.00985222	0.667142
4670	1	1	0.336	0.152117	0.97561	0	0.00487805	0.0195122	0.688775
4680	1	1	0.33355	0.151097	0.97561	0	0	0.0243902	0.691839
4690	1	1	0.333912	0.149	0.990099	0	0	0.00990099	0.676689
4700	1	1	0.33245	0.149105	0.980392	0	0.00490196	0.0147059	0.661563
4710	1	1	0.33035	0.149448	0.980392	0	0.00490196	0.0147059	0.655704
4720	1	1	0.328375	0.149316	0.97561	0	0.00487805	0.0195122	0.671535
4730	1	1	0.326913	0.148226	0.97561	0	0.0146341	0.0097561	0.666991
4740	1	1	0.326475	0.146484	0.985222	0	0	0.0147783	0.705772
4750	1	1	0.325538	0.146536	0.995025	0	0	0.00497512	0.674951
4760	1	1	0.32365	0.146262	0.995025	0	0	0.00497512	0.665633
4770	1	1	0.321	0.14804	0.980392	0	0.00490196	0.0147059	0.656357
4780	1	1	0.320738	0.146534	0.985222	0	0.00492611	0.00985222	0.650857
4790	1	1	0.319738	0.146916	0.985222	0	0	0.0147783	0.683306
4800	1	1	0.318812	0.145825	0.985222	0	0	0.0147783	0.664177
4810	1	1	0.319163	0.146902	0.985222	0	0	0.0147783	0.67864
4820	1	1	0.31985	0.1475	0.980392	0	0	0.0196078	0.685962
4830	1	1	0.3189	0.147928	0.97561	0	0.00487805	0.0195122	0.667534
4840	1	1	0.316887	0.148954	0.980392	0	0	0.0196078	0.685272
4850	1	1	0.316287	0.14721	0.980392	0	0.00490196	0.0147059	0.675976
4860	1	1	0.31565	0.147503	0.980392	0	0	0.0196078	0.688079
4870	1	1	0.314312	0.146874	0.97561	0	0.0097561	0.0146341	0.64826
4880	1	1	0.312325	0.144227	0.990099	0	0	0.00990099	0.669015
4890	1	1	0.310275	0.143107	0.995025	0	0	0.00497512	0.669649
4900	1	1	0.3098	0.148994	0.947867	0	0.00947867	0.042654	0.681952
4910	1	1	0.308762	0.146574	0.980392	0	0	0.0196078	0.668502
4920	1	1	0.3079	0.144952	0.980392	0	0	0.0196078	0.659772
4930	1	1	0.308362	0.146921	0.980392	0	0.00490196	0.0147059	0.696919
4940	1	1	0.307138	0.146685	0.980392	0	0.00490196	0.0147059	0.661808
4950	1	1	0.307838	0.143402	0.985222	0	0	0.0147783	0.656407
4960	1	1	0.306962	0.143561	0.985222	0	0	0.0147783	0.677012
4970	1	1	0.307575	0.144872	0.990099	0	0	0.00990099	0.699407
4980	1	1	0.305213	0.145194	0.980392	0	0	0.0196078	0.663619
4990	1	1	0.305363	0.147178	0.985222	0	0	0.0147783	0.651777
5000	1	1	0.302013	0.144384	0.97561	0	0	0.0243902	0.66759
5010	1	1	0.301525	0.14377	0.97561	0	0.00487805	0.0195122	0.665312
5020	1	1	0.299425	0.146011	0.97561	0	0.0097561	0.0146341	0.662315
5030	1	1	0.298862	0.142174	0.980392	0	0	0.0196078	0.666509
5040	1	1	0.29995	0.144866	0.966184	0	0.00483092	0.0289855	0.70065
5050	1	1	0.2987	0.144264	0.97561	0	0.0146341	0.0097561	0.662905
5060	1	1	0.2979	0.142702	0.985222	0	0	0.0147783	0.670254
5070	1	1	0.295587	0.14531	0.966184	0	0	0.0338164	0.679479
5080	1	1	0.294662	0.140803	0.985222	0	0.00492611	0.00985222	0.663743
5090	1	1	0.292075	0.140077	0.995025	0	0	0.00497512	0.669662
5100	1	1	0.291525	0.141467	0.97561	0	0.00487805	0.0195122	0.648049
5110	1	1	0.28885	0.141198	0.985222	0	0	0.0147783	0.678435
5120	1	1	0.288475	0.13934	0.980392	0	0	0.0196078	0.643271
5130	1	1	0.285813	0.138477	0.990099	0	0	0.00990099	0.650184
5140	1	1	0.282162	0.141501	0.966184	0	0	0.0338164	0.6154
5150	1	1	0.281838	0.138242	0.995025	0	0.00497512	0	0.661788
5160	1	1	0.28055	0.140521	0.97561	0	0.00487805	0.0195122	0.636539
5170	1	1	0.278975	0.138342	0.97561	0	0.0097561	0.0146341	0.658923
5180	1	1	0.2775	0.138666	0.985222	0	0	0.0147783	0.627226
5190	1	1	0.276975	0.141846	0.970874	0	0	0.0291262	0.64097
5200	1	1	0.27625	0.140322	0.980392	0	0	0.0196078	0.627911
5210	1	1	0.275038	0.140595	0.970874	0	0.00485437	0.0242718	0.654876
5220	1	1	0.274413	0.139252	0.97561	0	0	0.0243902	0.640262
5230	1	1	0.27335	0.140789	0.966184	0	0	0.0338164	0.63405
5240	1	1	0.270712	0.13727	0.980392	0	0	0.0196078	0.640049
5250	1	1	0.268063	0.134524	0.995025	0	0	0.00497512	0.629316
5260	1	1	0.26805	0.138343	0.966184	0	0	0.0338164	0.624125
5270	1	1	0.264725	0.135692	0.990099	0	0	0.00990099	0.664388
5280	1	1	0.265713	0.13722	0.966184	0	0.00966184	0.0241546	0.625737
5290	1	1	0.2651	0.137099	0.980392	0	0	0.0196078	0.667472
5300	1	1	0.265312	0.135472	0.985222	0	0	0.0147783	0.663417
5310	1	1	0.26365	0.138286	0.970874	0	0	0.0291262	0.646511
5320	1	1	0.262175	0.137237	0.97561	0	0.0097561	0.0146341	0.656205
5330	1	1	0.2624	0.135382	0.985222	0	0	0.0147783	0.668388
5340	1	1	0.25915	0.135217	0.985222	0	0	0.0147783	0.626878
5350	1	1	0.259337	0.135889	0.97561	0	0	0.0243902	0.64764
5360	1	1	0.258425	0.13742	0.956938	0	0.00478469	0.0382775	0.651413
5370	1	1	0.257612	0.133772	0.980392	0	0	0.0196078	0.670343
5380	1	1	0.256563	0.136579	0.970874	0	0	0.0291262	0.667932
5390	1	1	0.255462	0.132746	0.990099	0	0	0.00990099	0.66273
5400	1	1	0.253975	0.136535	0.966184	0	0	0.0338164	0.650703
5410	1	1	0.254125	0.134679	0.970874	0	0	0.0291262	0.63143
5420	1	1	0.252688	0.13607	0.970874	0	0	0.0291262	0.655685
5430	1	1	0.2519	0.1337	0.961538	0	0	0.0384615	0.630977
5440	1	1	0.25125	0.13125	0.980392	0	0	0.0196078	0.636195
5450	1	1	0.250812	0.146472	0.980392	0	0.00490196	0.0147059	0.67447
5460	1	1	0.250175	0.133129	0.980392	0	0.00490196	0.0147059	0.668796
5470	1	1	0.249087	0.134988	0.970874	0	0	0.0291262	0.643092
5480	1	1	0.247437	0.13619	0.966184	0	0	0.0338164	0.6427
5490	1	1	0.246125	0.13203	0.980392	0	0	0.0196078	0.626172
5500	1	1	0.246337	0.130735	0.980392	0	0	0.0196078	0.632702
5510	1	1	0.245138	0.132555	0.970874	0	0.00485437	0.0242718	0.620646
5520	1	1	0.24395	0.130504	0.990099	0	0	0.00990099	0.611153
5530	1	1	0.243075	0.133077	0.980392	0	0	0.0196078	0.650555
5540	1	1	0.242263	0.128998	1	0	0	0	0.626188
5550	1	1	0.239875	0.130386	0.97561	0	0.00487805	0.0195122	0.646414
5560	1	1	0.238425	0.129826	0.970874	0	0.00485437	0.0242718	0.619764
5570	1	1	0.237325	0.128973	0.995025	0	0	0.00497512	0.663103
5580	1	1	0.236288	0.130269	0.970874	0	0.00485437	0.0242718	0.648537
5590	1	1	0.235425	0.129981	0.97561	0	0	0.0243902	0.610152
5600	1	1	0.232313	0.132539	0.961538	0	0	0.0384615	0.614563
5610	1	1	0.232175	0.129928	0.985222	0	0	0.0147783	0.630432
5620	1	1	0.231225	0.128985	0.980392	0	0.00490196	0.0147059	0.592711
5630	1	1	0.229012	0.126834	0.980392	0	0.00490196	0.0147059	0.602074
5640	1	1	0.228538	0.130281	0.966184	0	0.00483092	0.0289855	0.600212
5650	1	1	0.226525	0.128239	0.980392	0	0	0.0196078	0.614512
5660	1	1	0.2267	0.127884	0.985222	0	0	0.0147783	0.610126
5670	1	1	0.224437	0.125532	0.980392	0	0.00490196	0.0147059	0.605724
5680	1	1	0.223488	0.127837	0.97561	0	0	0.0243902	0.609417
5690	1	1	0.220838	0.125423	0.995025	0	0	0.00497512	0.644387
5700	1	1	0.219625	0.125377	0.97561	0	0.00487805	0.0195122	0.630075
5710	1	1	0.219025	0.125188	0.97561	0	0	0.0243902	0.621265
5720	1	1	0.216425	0.12663	0.966184	0	0	0.0338164	0.618398
5730	1	1	0.21725	0.125645	0.966184	0	0.00483092	0.0289855	0.629102
5740	1	1	0.216512	0.124002	0.995025	0	0	0.00497512	0.649393
5750	1	1	0.214875	0.125061	0.970874	0	0.00485437	0.0242718	0.655715
5760	1	1	0.214037	0.124826	0.970874	0	0	0.0291262	0.651159
5770	1	1	0.213575	0.124765	0.966184	0	0.00483092	0.0289855	0.600712
5780	1	1	0.212987	0.122747	0.995025	0	0	0.00497512	0.63199
5790	1	1	0.211062	0.121529	0.995025	0	0	0.00497512	0.623835
5800	1	1	0.210488	0.122232	0.985222	0	0	0.0147783	0.634137
5810	1	1	0.208888	0.124151	0.97561	0	0.00487805	0.0195122	0.63138
5820	1	1	0.2082	0.121086	0.980392	0	0	0.0196078	0.625744
5830	1	1	0.207538	0.123121	0.97561	0	0	0.0243902	0.612014
5840	1	1	0.206788	0.121587	0.985222	0	0.00492611	0.00985222	0.613069
5850	1	1	0.207425	0.121514	0.97561	0	0.00487805	0.0195122	0.62475
5860	1	1	0.20575	0.126122	0.956938	0	0	0.0430622	0.654212
5870	1	1	0.205275	0.122565	0.970874	0	0	0.0291262	0.630351
5880	1	1	0.204388	0.122229	0.970874	0	0.00970874	0.0194175	0.627826
5890	1	1	0.202613	0.123266	0.966184	0	0.00966184	0.0241546	0.627997
5900	1	1	0.200188	0.121694	0.97561	0	0.00487805	0.0195122	0.602146
5910	1	1	0.198388	0.122919	0.952381	0	0.0047619	0.0428571	0.613422
5920	1	1	0.1984	0.119279	0.985222	0	0.00492611	0.00985222	0.637305
5930	1	1	0.195612	0.120862	0.980392	0	0	0.0196078	0.605855
5940	1	1	0.193388	0.1216	0.970874	0	0	0.0291262	0.587441
5950	1	1	0.19115	0.122693	0.966184	0	0.00483092	0.0289855	0.627655
5960	1	1	0.190875	0.120364	0.970874	0	0	0.0291262	0.608836
5970	1	1	0.187737	0.122117	0.943396	0	0	0.0566038	0.592793
5980	1	1	0.186875	0.118697	0.990099	0	0	0.00990099	0.624102
5990	1	1	0.186163	0.118293	0.990099	0	0.0049505	0.0049505	0.601233
6000	1	1	0.184337	0.118306	0.970874	0	0	0.0291262	0.603484
6010	1	1	0.18265	0.117935	0.990099	0	0	0.00990099	0.606209
6020	1	1	0.1824	0.119687	0.961538	0	0	0.0384615	0.609347
6030	1	1	0.182338	0.116861	0.985222	0	0.00985222	0.00492611	0.626759
6040	1	1	0.182537	0.119247	0.980392	0	0	0.0196078	0.646523
6050	1	1	0.183013	0.119317	0.966184	0	0.00483092	0.0289855	0.629473
6060	1	1	0.1817	0.120643	0.961538	0	0	0.0384615	0.607507
6070	1	1	0.1803	0.117382	0.980392	0	0.00490196	0.0147059	0.61752
6080	1	1	0.179638	0.1191	0.980392	0	0	0.0196078	0.606439
6090	1	1	0.179125	0.117486	0.985222	0	0	0.0147783	0.60284
6100	1	1	0.179312	0.117552	0.97561	0	0	0.0243902	0.62869
6110	1	1	0.178938	0.117525	0.97561	0	0	0.0243902	0.620183
6120	1	1	0.178438	0.116065	0.995025	0	0	0.00497512	0.606017
6130	1	1	0.177588	0.116912	0.990099	0	0	0.00990099	0.636627
6140	1	1	0.176575	0.116516	0.970874	0	0.00485437	0.0242718	0.645575
6150	1	1	0.175838	0.119134	0.966184	0	0	0.0338164	0.622996
6160	1	1	0.173925	0.119084	0.961538	0	0.00480769	0.0336538	0.612423
6170	1	1	0.173962	0.118991	0.952381	0	0	0.047619	0.579198
6180	1	1	0.172837	0.116438	0.970874	0	0.00485437	0.0242718	0.599521
6190	1	1	0.17075	0.119058	0.947867	0	0	0.0521327	0.626454
6200	1	1	0.169113	0.117038	0.970874	0	0	0.0291262	0.64728
6210	1	1	0.167713	0.115184	0.966184	0	0.00483092	0.0289855	0.616936
6220	1	1	0.166637	0.117675	0.970874	0	0	0.0291262	0.632232
6230	1	1	0.165787	0.117195	0.970874	0	0	0.0291262	0.629846
6240	1	1	0.165462	0.117276	0.947867	0	0.00473934	0.0473934	0.625039
6250	1	1	0.165387	0.117492	0.970874	0	0.00970874	0.0194175	0.595349
6260	1	1	0.164475	0.116485	0.970874	0	0	0.0291262	0.610724
6270	1	1	0.162288	0.114266	0.97561	0	0	0.0243902	0.627912
6280	1	1	0.1609	0.114366	0.970874	0	0	0.0291262	0.62535
6290	1	1	0.1599	0.115539	0.961538	0	0.00480769	0.0336538	0.599887
6300	1	1	0.1589	0.114003	0.970874	0	0.00485437	0.0242718	0.5881
6310	1	1	0.158338	0.112838	0.97561	0	0.0097561	0.0146341	0.597713
6320	1	1	0.157812	0.115417	0.943396	0	0	0.0566038	0.617001
6330	1	1	0.1563	0.113038	0.980392	0	0	0.0196078	0.617844
6340	1	1	0.154925	0.113242	0.970874	0	0	0.0291262	0.599742
6350	1	1	0.153938	0.11285	0.985222	0	0	0.0147783	0.605704
6360	1	1	0.151287	0.111756	0.970874	0	0.00485437	0.0242718	0.604073
6370	1	1	0.148925	0.111602	0.980392	0	0	0.0196078	0.595043
6380	1	1	0.1493	0.11182	0.966184	0	0	0.0338164	0.562527
6390	1	1	0.147238	0.113168	0.961538	0	0	0.0384615	0.572219
6400	1	1	0.145125	0.112168	0.970874	0	0	0.0291262	0.577799
6410	1	1	0.143425	0.113569	0.956938	0	0.00478469	0.0382775	0.569753
6420	1	1	0.1423	0.111215	0.956938	0	0	0.0430622	0.56769
6430	1	1	0.1403	0.111261	0.947867	0	0	0.0521327	0.575281
6440	1	1	0.137275	0.111944	0.947867	0	0.00473934	0.0473934	0.555062
6450	1	1	0.135725	0.108157	0.97561	0	0	0.0243902	0.555977
6460	1	1	0.134787	0.109249	0.961538	0	0.00480769	0.0336538	0.54038
6470	1	1	0.1338	0.109287	0.952381	0	0	0.047619	0.535803
6480	1	1	0.131513	0.106428	0.97561	0	0	0.0243902	0.545168
6490	1	1	0.130725	0.107316	0.956938	0	0.00478469	0.0382775	0.551407
6500	1	1	0.129637	0.108954	0.943396	0	0.00471698	0.0518868	0.5666
6510	1	1	0.128037	0.107434	0.980392	0	0.00490196	0.0147059	0.535308
6520	1	1	0.125513	0.1046	0.966184	0	0.00483092	0.0289855	0.550543
6530	1	1	0.125275	0.107272	0.956938	0	0	0.0430622	0.536636
6540	1	1	0.123725	0.10876	0.947867	0	0	0.0521327	0.558885
6550	2	1.0101	0.127603	0.1129	0.980392	0	0	0.0196078	0.555974
6560	1	1	0.121813	0.106615	0.952381	0	0	0.047619	0.561289
6570	1	1	0.121037	0.106376	0.970874	0	0.00970874	0.0194175	0.548917
6580	1	1	0.120713	0.105123	0.956938	0	0.00956938	0.0334928	0.541648
6590	1	1	0.11925	0.10386	0.97561	0	0	0.0243902	0.568268
6600	1	1	0.118513	0.106172	0.947867	0	0	0.0521327	0.568244
6610	1	1	0.118887	0.106639	0.952381	0	0	0.047619	0.565415
6620	1	1	0.11805	0.106932	0.952381	0	0.0047619	0.0428571	0.549058
6630	1	1	0.118263	0.110548	0.934579	0	0	0.0654206	0.57138
6640	1	1	0.1164	0.106311	0.947867	0	0	0.0521327	0.571506
6650	1	1	0.116225	0.105198	0.966184	0	0	0.0338164	0.5437
6660	1	1	0.116187	0.110447	0.917431	0	0.00458716	0.0779817	0.570014
6670	1	1	0.113225	0.106261	0.943396	0	0	0.0566038	0.552863
6680	1	1	0.112325	0.105166	0.970874	0	0.00485437	0.0242718	0.538073
6690	1	1	0.112263	0.102472	0.961538	0	0	0.0384615	0.547937
6700	1	1	0.111175	0.105409	0.952381	0	0	0.047619	0.553535
6710	1	1	0.109637	0.103081	0.970874	0	0	0.0291262	0.530599
6720	1	1	0.108937	0.105139	0.97561	0	0.00487805	0.0195122	0.541996
6730	1	1	0.107125	0.107346	0.943396	0	0	0.0566038	0.544336
6740	1	1	0.1059	0.101009	0.97561	0	0	0.0243902	0.535584
6750	1	1	0.104638	0.103272	0.952381	0	0.0047619	0.0428571	0.531973
6760	1	1	0.102875	0.101883	0.961538	0	0	0.0384615	0.559735
6770	1	1	0.102038	0.102788	0.97561	0	0.00487805	0.0195122	0.547667
6780	1	1	0.101	0.102709	0.952381	0	0	0.047619	0.559254
6790	1	1	0.099775	0.102113	0.961538	0	0	0.0384615	0.54299
6800	1	1	0.0994125	0.102728	0.961538	0	0	0.0384615	0.556534
6810	1	1	0.0987125	0.102544	0.961538	0	0.00480769	0.0336538	0.538036
6820	1	1	0.0978	0.103626	0.970874	0	0.00485437	0.0242718	0.541003
6830	1	1	0.0967625	0.103131	0.970874	0	0	0.0291262	0.555703
6840	1	1	0.09565	0.104089	0.943396	0	0	0.0566038	0.555241
6850	1	1	0.0937625	0.102352	0.961538	0	0	0.0384615	0.538777
6860	1	1	0.0919375	0.101349	0.956938	0	0	0.0430622	0.550082
6870	1	1	0.0891625	0.104003	0.938967	0	0.00938967	0.0516432	0.535722
6880	1	1	0.0876	0.098755	0.990099	0	0	0.00990099	0.543877
6890	1	1	0.086125	0.101553	0.947867	0	0.00473934	0.0473934	0.562815
6900	1	1	0.08535	0.099759	0.956938	0	0	0.0430622	0.534018
6910	1	1	0.084575	0.103088	0.938967	0	0	0.0610329	0.549007
6920	1	1	0.08345	0.101043	0.956938	0	0	0.0430622	0.545197
6930	1	1	0.0832	0.099849	0.970874	0	0	0.0291262	0.553329
6940	1	1	0.082275	0.102165	0.952381	0	0	0.047619	0.558693
6950	1	1	0.08165	0.098645	0.985222	0	0	0.0147783	0.553109
6960	1	1	0.0811125	0.099975	0.966184	0	0	0.0338164	0.549948
6970	1	1	0.080275	0.100105	0.966184	0	0	0.0338164	0.546146
6980	1	1	0.0793375	0.101599	0.970874	0	0.00485437	0.0242718	0.552048
6990	1	1	0.079425	0.099145	0.966184	0	0.00483092	0.0289855	0.555159
7000	1	1	0.0775	0.100745	0.943396	0	0	0.0566038	0.527353
7010	1	1	0.0754625	0.096797	0.961538	0	0	0.0384615	0.541512
7020	1	1	0.0734	0.098455	0.943396	0	0	0.0566038	0.552316
7030	1	1	0.0708375	0.097704	0.970874	0	0	0.0291262	0.528994
7040	1	1	0.0680875	0.096725	0.961538	0	0	0.0384615	0.518694
7050	1	1	0.065125	0.099198	0.938967	0	0	0.0610329	0.528827
7060	1	1	0.06335	0.094921	0.952381	0	0	0.047619	0.501834
7070	1	1	0.06255	0.096325	0.943396	0	0.00471698	0.0518868	0.522577
7080	1	1	0.0615	0.097897	0.947867	0	0	0.0521327	0.518872
7090	1	1	0.06	0.099159	0.917431	0	0.00458716	0.0779817	0.510503
7100	1	1	0.058825	0.099454	0.917431	0	0	0.0825688	0.502683
7110	1	1	0.0574875	0.099216	0.917431	0	0	0.0825688	0.505605
7120	1	1	0.057125	0.095972	0.934579	0	0	0.0654206	0.503289
7130	1	1	0.05705	0.096952	0.917431	0	0	0.0825688	0.501475
7140	1	1	0.055875	0.095229	0.934579	0	0	0.0654206	0.495677
7150	1	1	0.0555625	0.097942	0.930233	0	0	0.0697674	0.518066
7160	1	1	0.05515	0.09931	0.896861	0	0	0.103139	0.50694
7170	1	1	0.0551875	0.096862	0.921659	0	0	0.078341	0.520135
7180	1	1	0.054775	0.095049	0.934579	0	0.0046729	0.0607477	0.52009
7190	1	1	0.054725	0.094706	0.952381	0	0	0.047619	0.504732
7200	1	1	0.0551875	0.095648	0.943396	0	0	0.0566038	0.500108
7210	1	1	0.0555875	0.09507	0.956938	0	0	0.0430622	0.512618
7220	1	1	0.0554375	0.095678	0.956938	0	0	0.0430622	0.519208
7230	1	1	0.0550125	0.098065	0.909091	0	0	0.0909091	0.515441
7240	1	1	0.054375	0.093996	0.952381	0	0	0.047619	0.501316
7250	1	1	0.0542375	0.096537	0.925926	0	0	0.0740741	0.497964
7260	1	1	0.05365	0.096633	0.925926	0	0	0.0740741	0.490924
7270	1	1	0.053125	0.097454	0.943396	0	0	0.0566038	0.505097
7280	1	1	0.0525125	0.098414	0.900901	0	0	0.0990991	0.529913
7290	1	1	0.0520125	0.097681	0.917431	0	0	0.0825688	0.508984
7300	1	1	0.0513	0.094825	0.930233	0	0	0.0697674	0.539974
7310	1	1	0.0510875	0.097033	0.930233	0	0	0.0697674	0.498904
7320	1	1	0.050425	0.098988	0.913242	0	0	0.086758	0.548696
7330	1	1	0.05045	0.096517	0.938967	0	0	0.0610329	0.52093
7340	1	1	0.0497	0.097447	0.913242	0	0	0.086758	0.5239
7350	1	1	0.0489125	0.098021	0.896861	0	0	0.103139	0.532243
7360	1	1	0.0483125	0.095947	0.934579	0	0	0.0654206	0.52803
7370	1	1	0.0481125	0.095872	0.938967	0	0	0.0610329	0.522951
7380	1	1	0.0468875	0.095837	0.921659	0	0	0.078341	0.514778
7390	1	1	0.0448	0.097556	0.900901	0	0.0045045	0.0945946	0.480907
7400	1	1	0.0434	0.096214	0.904977	0	0	0.0950226	0.507793
7410	1	1	0.04305	0.09246	0.947867	0	0	0.0521327	0.528821
7420	1	1	0.042375	0.09574	0.934579	0	0	0.0654206	0.514663
7430	1	1	0.042125	0.098659	0.904977	0	0	0.0950226	0.530724
7440	1	1	0.0411875	0.097908	0.904977	0	0	0.0950226	0.486697
7450	2	1.0101	0.0445624	0.099211	0.917431	0	0	0.0825688	0.499774
7460	1	1	0.0388	0.095374	0.913242	0	0	0.086758	0.500313
7470	1	1	0.0375	0.097191	0.881057	0	0	0.118943	0.509256
7480	1	1	0.0368125	0.094883	0.888889	0	0	0.111111	0.502308
7490	1	1	0.0359625	0.093971	0.896861	0	0	0.103139	0.488806
7500	1	1	0.0356	0.101592	0.829876	0	0	0.170124	0.517401
7510	1	1	0.0337125	0.099388	0.840336	0	0	0.159664	0.496474
7520	1	1	0.032875	0.097721	0.854701	0	0	0.145299	0.487723
7530	1	1	0.0311625	0.103617	0.77821	0	0	0.22179	0.510091
7540	1	1	0.030025	0.099379	0.833333	0	0	0.166667	0.534
7550	1	1	0.029275	0.104167	0.769231	0	0	0.230769	0.539488
7560	1	1	0.0283625	0.103308	0.793651	0	0	0.206349	0.557494
7570	1	1	0.0281875	0.107113	0.735294	0	0	0.264706	0.573599
7580	1	1	0.0277125	0.101566	0.809717	0	0	0.190283	0.552387
7590	1	1	0.027375	0.10037	0.803213	0	0	0.196787	0.583679
7600	1	1	0.027175	0.11017	0.701754	0	0.00701754	0.291228	0.580776
7610	1	1	0.02685	0.101678	0.769231	0	0	0.230769	0.595365
7620	1	1	0.027025	0.103302	0.754717	0	0	0.245283	0.603518
7630	1	1	0.02665	0.100181	0.793651	0	0	0.206349	0.6045
7640	1	1	0.026125	0.101281	0.8	0	0	0.2	0.564381
7650	1	1	0.026125	0.101412	0.769231	0	0	0.230769	0.614494
7660	1	1	0.02575	0.102943	0.746269	0	0	0.253731	0.62027
7670	1	1	0.0251	0.100257	0.8	0	0.004	0.196	0.575893
7680	1	1	0.0244875	0.100822	0.784314	0	0.00784314	0.207843	0.610685
7690	1	1	0.0241375	0.103963	0.749064	0	0	0.250936	0.615942
7700	1	1	0.0233875	0.103545	0.760456	0	0	0.239544	0.593869
7710	1	1	0.02345	0.10192	0.766284	0	0.00766284	0.226054	0.626393
7720	1	1	0.0231625	0.10632	0.714286	0	0.00357143	0.282143	0.618762
7730	1	1	0.02315	0.104691	0.735294	0	0.00367647	0.261029	0.631827
7740	1	1	0.023175	0.103637	0.75188	0	0	0.24812	0.629446
7750	1	1	0.023	0.102458	0.78125	0	0	0.21875	0.610677
7760	1	1	0.0224375	0.104247	0.766284	0	0	0.233716	0.63031
7770	1	1	0.021925	0.104405	0.738007	0	0.00738007	0.254613	0.631881
7780	1	1	0.02115	0.10264	0.757576	0	0.00378788	0.238636	0.633238
7790	1	1	0.0209375	0.103231	0.735294	0	0	0.264706	0.650482
7800	2	1.04101	0.0403764	0.123987	0.763359	0	0	0.236641	0.659712
7810	2	1.3569	0.172827	0.170204	0.813008	0	0.00406504	0.182927	0.677255
7820	2	1.90271	0.398362	0.245608	0.921659	0	0	0.078341	0.705299
7830	2	1.86753	0.638219	0.29928	0.952381	0	0	0.047619	0.764863
7840	2	1.51235	0.785014	0.306917	0.995025	0	0	0.00497512	0.775877
7850	2	1.25698	0.883196	0.302145	1	0	0	0	0.760249
7860	1	0.990025	0.999623	0.294794	0.985222	0	0	0.0147783	0.771019
7870	1	0.990025	0.998028	0.293551	0.990099	0	0	0.00990099	0.770084
7880	1	0.990025	0.997877	0.293389	0.995025	0	0	0.00497512	0.757089
7890	1	0.990025	0.997399	0.290298	1	0	0	0	0.771882
7900	1	0.990025	0.997211	0.291136	1	0	0	0	0.768348
7910	1	0.990025	0.997425	0.291256	0.995025	0	0.00497512	0	0.773655
7920	1	0.990025	0.996407	0.294794	0.980392	0	0.0147059	0.00490196	0.763897
7930	1	0.990025	0.992714	0.292694	0.985222	0	0.00492611	0.00985222	0.770704
7940	1	0.990025	0.990188	0.289413	0.995025	0	0	0.00497512	0.749186
7950	1	0.990025	0.986884	0.290511	0.985222	0	0.00492611	0.00985222	0.748502
7960	1	0.990025	0.983279	0.292728	0.980392	0	0	0.0196078	0.767679
7970	1	0.990025	0.980905	0.288135	0.995025	0	0	0.00497512	0.744633
7980	1	0.990025	0.977399	0.285409	1	0	0	0	0.763255
7990	1	0.990025	0.975766	0.28799	0.995025	0	0	0.00497512	0.751
8000	1	0.990025	0.975176	0.287684	0.995025	0	0.00497512	0	0.749788
8010	1	0.990025	0.974246	0.290915	0.980392	0	0	0.0196078	0.77318
8020	1	0.990025	0.974598	0.286225	1	0	0	0	0.765644
8030	1	0.990025	0.972852	0.290563	0.985222	0	0	0.0147783	0.753355
8040	1	0.990025	0.971143	0.287533	0.990099	0	0	0.00990099	0.780325
8050	1	0.990025	0.969095	0.288597	0.985222	0	0	0.0147783	0.736756
8060	1	0.990025	0.967525	0.288564	0.980392	0	0.00490196	0.0147059	0.743185
8070	1	0.990025	0.963543	0.285766	0.990099	0	0.0049505	0.0049505	0.734293
8080	1	0.990025	0.962525	0.287081	0.985222	0	0.00492611	0.00985222	0.752976
8090	1	0.990025	0.961319	0.287542	0.985222	0	0	0.0147783	0.74764
8100	1	0.990025	0.96098	0.28394	1	0	0	0	0.766806
8110	1	0.990025	0.960503	0.288057	0.985222	0	0	0.0147783	0.75709
8120	1	0.990025	0.958216	0.287991	0.985222	0	0	0.0147783	0.73819
8130	1	0.990025	0.959899	0.286824	0.990099	0	0	0.00990099	0.739558
8140	1	0.990025	0.955327	0.286994	0.985222	0	0	0.0147783	0.767818
8150	1	0.990025	0.952764	0.287702	0.980392	0	0.00490196	0.0147059	0.750067
8160	1	0.990025	0.951897	0.281806	1	0	0	0	0.760241
8170	1	0.990025	0.951369	0.282659	1	0	0	0	0.780344
8180	1	0.990025	0.948706	0.288908	0.980392	0	0	0.0196078	0.739544
8190	1	0.990025	0.944862	0.280228	1	0	0	0	0.720011
8200	1	0.990025	0.942374	0.281613	0.995025	0	0	0.00497512	0.752921
8210	1	0.990025	0.942676	0.285352	0.980392	0	0.00980392	0.00980392	0.726839
8220	1	0.990025	0.939271	0.282989	0.985222	0	0	0.0147783	0.725076
8230	1	0.990025	0.937915	0.279875	0.995025	0	0	0.00497512	0.752729
8240	1	0.990025	0.93392	0.283032	0.990099	0	0.0049505	0.0049505	0.741713
8250	1	0.990025	0.932085	0.282284	0.990099	0	0.0049505	0.0049505	0.734139
8260	1	0.990025	0.928807	0.281055	0.985222	0	0.00492611	0.00985222	0.745733
8270	1	0.990025	0.92691	0.282914	0.980392	0	0	0.0196078	0.756909
8280	1	0.990025	0.929497	0.277368	1	0	0	0	0.730567
8290	1	0.990025	0.928166	0.277406	0.995025	0	0.00497512	0	0.754598
8300	1	0.990025	0.926746	0.281499	0.980392	0	0.00980392	0.00980392	0.749925
8310	1	0.990025	0.924158	0.275872	1	0	0	0	0.770425
8320	1	0.990025	0.91946	0.280166	0.985222	0	0	0.0147783	0.766183
8330	1	0.990025	0.916671	0.278253	0.995025	0	0	0.00497512	0.783557
8340	1	0.990025	0.915352	0.278946	0.980392	0	0.00980392	0.00980392	0.757465
8350	1	0.990025	0.913882	0.274963	0.995025	0	0	0.00497512	0.773014
8360	1	0.990025	0.912965	0.276029	0.990099	0	0	0.00990099	0.745362
8370	1	0.990025	0.90946	0.275381	0.995025	0	0.00497512	0	0.741127
8380	1	0.990025	0.908367	0.276589	0.990099	0	0.0049505	0.0049505	0.718463
8390	1	0.990025	0.905892	0.275555	0.985222	0	0	0.0147783	0.73688
8400	1	0.990025	0.90358	0.272788	1	0	0	0	0.745932
8410	1	0.990025	0.900628	0.271725	0.995025	0	0	0.00497512	0.735554
8420	1	0.990025	0.897827	0.271954	0.995025	0	0	0.00497512	0.737035
8430	1	0.990025	0.894372	0.273458	0.990099	0	0	0.00990099	0.749946
8440	1	0.990025	0.89392	0.273901	0.985222	0	0	0.0147783	0.7481
8450	1	0.990025	0.894485	0.271183	1	0	0	0	0.731073
8460	1	0.990025	0.89044	0.271926	0.990099	0	0	0.00990099	0.758461
8470	1	0.990025	0.889611	0.275346	0.980392	0	0.00490196	0.0147059	0.755642
8480	1	0.990025	0.889033	0.269578	1	0	0	0	0.745834
8490	1	0.990025	0.88799	0.270741	0.990099	0	0	0.00990099	0.751433
8500	1	0.990025	0.88608	0.273267	0.980392	0	0	0.0196078	0.754532
8510	1	0.990025	0.886231	0.270937	0.990099	0	0	0.00990099	0.730385
8520	1	0.990025	0.884862	0.270012	1	0	0	0	0.740613
8530	1	0.990025	0.883116	0.268579	0.995025	0	0	0.00497512	0.741905
8540	1	0.990025	0.877663	0.265653	1	0	0	0	0.723672
8550	1	0.990025	0.877173	0.272823	0.980392	0	0.0147059	0.00490196	0.760441
8560	1	0.990025	0.87402	0.268809	1	0	0	0	0.712524
8570	1	0.990025	0.870201	0.268733	0.985222	0	0	0.0147783	0.736212
8580	1	0.990025	0.871721	0.26934	0.985222	0	0.00492611	0.00985222	0.74925
8590	1	0.990025	0.868731	0.26793	0.990099	0	0.0049505	0.0049505	0.744417
8600	1	0.990025	0.866633	0.266629	0.990099	0	0	0.00990099	0.74962
8610	1	0.990025	0.866168	0.265666	0.990099	0	0	0.00990099	0.718919
8620	1	0.990025	0.864183	0.267963	0.985222	0	0.00492611	0.00985222	0.731559
8630	1	0.990025	0.861935	0.265896	0.990099	0	0	0.00990099	0.758439
8640	1	0.990025	0.860666	0.264918	0.990099	0	0	0.00990099	0.726981
8650	1	0.990025	0.858819	0.269728	0.970874	0	0	0.0291262	0.742419
8660	1	0.990025	0.85701	0.265831	0.985222	0	0.00492611	0.00985222	0.744082
8670	1	0.990025	0.854975	0.264436	0.990099	0	0.0049505	0.0049505	0.73444
8680	1	0.990025	0.850955	0.263609	0.995025	0	0	0.00497512	0.729117
8690	1	0.990025	0.848719	0.266611	0.980392	0	0	0.0196078	0.737455
8700	1	0.990025	0.848744	0.266134	0.97561	0	0	0.0243902	0.730803
8710	1	0.990025	0.843907	0.263778	0.990099	0	0.0049505	0.0049505	0.753556
8720	1	0.990025	0.841432	0.262942	0.985222	0	0	0.0147783	0.721021
8730	1	0.990025	0.841445	0.259581	1	0	0	0	0.739313
8740	1	0.990025	0.841997	0.263811	0.990099	0	0.0049505	0.0049505	0.746578
8750	1	0.990025	0.840729	0.259587	0.995025	0	0	0.00497512	0.763196
8760	1	0.990025	0.838719	0.260557	0.995025	0	0	0.00497512	0.71778
8770	1	0.990025	0.839246	0.260004	0.995025	0	0.00497512	0	0.748344
8780	1	0.990025	0.837751	0.266282	0.970874	0	0.00485437	0.0242718	0.732525
8790	1	0.990025	0.835553	0.260417	0.990099	0	0.0049505	0.0049505	0.699389
8800	1	0.990025	0.831884	0.256017	1	0	0	0	0.7195
8810	1	0.990025	0.832048	0.259562	0.990099	0	0	0.00990099	0.735372
8820	1	0.990025	0.830013	0.261106	0.97561	0	0.00487805	0.0195122	0.760749
8830	1	0.990025	0.830415	0.261472	0.97561	0	0.0097561	0.0146341	0.748518
8840	1	0.990025	0.829686	0.260015	0.990099	0	0.00990099	0	0.756649
8850	1	0.990025	0.828719	0.259395	0.995025	0	0	0.00497512	0.736643
8860	1	0.990025	0.82799	0.257549	0.990099	0	0	0.00990099	0.745705
8870	1	0.990025	0.825691	0.25922	0.985222	0	0	0.0147783	0.735021
8880	1	0.990025	0.821935	0.257941	0.980392	0	0	0.0196078	0.755546
8890	1	0.990025	0.817676	0.256006	0.985222	0	0.00492611	0.00985222	0.739704
8900	1	0.990025	0.816671	0.253219	0.990099	0	0.0049505	0.0049505	0.746989
8910	1	0.990025	0.815503	0.255776	0.980392	0	0	0.0196078	0.733495
8920	1	0.990025	0.812638	0.250684	0.995025	0	0	0.00497512	0.740169
8930	1	0.990025	0.811746	0.256594	0.980392	0	0.00490196	0.0147059	0.734857
8940	1	0.990025	0.809912	0.249616	1	0	0	0	0.746399
8950	1	0.990025	0.808693	0.251663	0.990099	0	0.00990099	0	0.750395
8960	1	0.990025	0.806244	0.248727	0.990099	0	0.0049505	0.0049505	0.740494
8970	1	0.990025	0.805515	0.248696	0.995025	0	0.00497512	0	0.741829
8980	1	0.990025	0.805603	0.250362	0.985222	0	0	0.0147783	0.750209
8990	1	0.990025	0.806206	0.250457	0.985222	0	0	0.0147783	0.746838
9000	1	0.990025	0.803982	0.250774	0.980392	0	0	0.0196078	0.726719
9010	1	0.990025	0.802374	0.249048	0.985222	0	0	0.0147783	0.756269
9020	1	0.990025	0.799447	0.246746	0.995025	0	0	0.00497512	0.732236
9030	1	0.990025	0.799234	0.24499	0.995025	0	0	0.00497512	0.743577
9040	1	0.990025	0.799422	0.248715	0.980392	0	0.00980392	0.00980392	0.73994
9050	1	0.990025	0.796746	0.250675	0.97561	0	0.00487805	0.0195122	0.752656
9060	1	0.990025	0.795967	0.248227	0.980392	0	0.00490196	0.0147059	0.732748
9070	1	0.990025	0.794146	0.243836	0.995025	0	0	0.00497512	0.766304
9080	1	0.990025	0.791595	0.244315	1	0	0	0	0.739727
9090	1	0.990025	0.790791	0.244909	0.985222	0	0	0.0147783	0.753833
9100	1	0.990025	0.790603	0.241706	0.995025	0	0	0.00497512	0.737332
9110	1	0.990025	0.788116	0.245579	0.990099	0	0	0.00990099	0.752311
9120	1	0.990025	0.786357	0.242185	0.995025	0	0	0.00497512	0.757207
9130	1	0.990025	0.785251	0.241646	0.990099	0	0	0.00990099	0.742684
9140	1	0.990025	0.785075	0.241767	0.995025	0	0	0.00497512	0.750261
9150	1	0.990025	0.783794	0.241757	0.990099	0	0.0049505	0.0049505	0.752361
9160	1	0.990025	0.783656	0.24173	0.990099	0	0	0.00990099	0.723566
9170	1	0.990025	0.782274	0.242189	0.990099	0	0.0049505	0.0049505	0.721889
9180	1	0.990025	0.781545	0.240819	0.995025	0	0	0.00497512	0.751454
9190	1	0.990025	0.779661	0.244756	0.985222	0	0.00492611	0.00985222	0.731478
9200	1	0.990025	0.777123	0.240831	0.995025	0	0	0.00497512	0.763837
9210	1	0.990025	0.773857	0.240069	0.995025	0	0	0.00497512	0.73894
9220	1	0.990025	0.770515	0.239177	0.995025	0	0	0.00497512	0.741148
9230	1	0.990025	0.769196	0.240426	0.990099	0	0	0.00990099	0.716202
9240	1	0.990025	0.76804	0.239415	0.985222	0	0.00492611	0.00985222	0.741625
9250	1	0.990025	0.768618	0.240439	0.990099	0	0	0.00990099	0.740061
9260	1	0.990025	0.766319	0.241684	0.985222	0	0.00492611	0.00985222	0.72561
9270	1	0.990025	0.765389	0.240459	0.980392	0	0.00490196	0.0147059	0.746723
9280	1	0.990025	0.764447	0.238366	0.990099	0	0	0.00990099	0.740106
9290	1	0.990025	0.763756	0.23896	1	0	0	0	0.728571
9300	1	0.990025	0.761118	0.238633	0.985222	0	0.00492611	0.00985222	0.738214
9310	1	0.990025	0.759824	0.236266	0.995025	0	0	0.00497512	0.751019
9320	1	0.990025	0.761206	0.238191	1	0	0	0	0.715307
9330	1	0.990025	0.761394	0.244952	0.961538	0	0.00961538	0.0288462	0.729633
9340	1	0.990025	0.759874	0.236418	0.990099	0	0.0049505	0.0049505	0.70527
9350	1	0.990025	0.758417	0.233783	1	0	0	0	0.741886
9360	1	0.990025	0.756407	0.235719	0.995025	0	0.00497512	0	0.720719
9370	1	0.990025	0.753392	0.238822	0.980392	0	0.00490196	0.0147059	0.734169
9380	1	0.990025	0.752337	0.236879	0.985222	0	0	0.0147783	0.729601
9390	1	0.990025	0.748103	0.23455	0.990099	0	0.00990099	0	0.730485
9400	1	0.990025	0.744158	0.237994	0.970874	0	0.0194175	0.00970874	0.699885
9410	1	0.990025	0.744686	0.234815	0.995025	0	0	0.00497512	0.718808
9420	1	0.990025	0.742814	0.236886	0.97561	0	0.00487805	0.0195122	0.713346
9430	1	0.990025	0.740955	0.232677	0.995025	0	0.00497512	0	0.72362
9440	1	0.990025	0.740867	0.235118	0.990099	0	0	0.00990099	0.767622
9450	1	0.990025	0.74054	0.233681	0.990099	0	0	0.00990099	0.719602
9460	1	0.990025	0.736847	0.230788	0.995025	0	0	0.00497512	0.700158
9470	1	0.990025	0.732751	0.232536	0.990099	0	0	0.00990099	0.720591
9480	1	0.990025	0.730817	0.234765	0.980392	0	0.00490196	0.0147059	0.721196
9490	1	0.990025	0.726972	0.231397	0.990099	0	0	0.00990099	0.738532
9500	1	0.990025	0.725804	0.229601	0.990099	0	0	0.00990099	0.732154
9510	1	0.990025	0.72407	0.234115	0.97561	0	0.0097561	0.0146341	0.713153
9520	1	0.990025	0.72108	0.230694	0.980392	0	0	0.0196078	0.731183
9530	1	0.990025	0.720616	0.232461	0.980392	0	0	0.0196078	0.730956
9540	1	0.990025	0.716671	0.229158	0.985222	0	0	0.0147783	0.714183
9550	1	0.990025	0.713204	0.228014	0.985222	0	0	0.0147783	0.724435
9560	1	0.990025	0.708819	0.225148	0.995025	0	0	0.00497512	0.71008
9570	1	0.990025	0.708166	0.229055	0.980392	0	0	0.0196078	0.713087
9580	1	0.990025	0.706683	0.227524	0.990099	0	0	0.00990099	0.726991
9590	1	0.990025	0.706332	0.227947	0.990099	0	0	0.00990099	0.742793
9600	1	0.990025	0.704322	0.227276	0.990099	0	0.0049505	0.0049505	0.713227
9610	1	0.990025	0.701734	0.226373	0.985222	0	0	0.0147783	0.722044
9620	1	0.990025	0.701633	0.227471	0.980392	0	0	0.0196078	0.735934
9630	1	0.990025	0.697776	0.22877	0.966184	0	0	0.0338164	0.744896
9640	1	0.990025	0.694912	0.224235	0.985222	0	0.00492611	0.00985222	0.72829
9650	1	0.990025	0.691369	0.221249	1	0	0	0	0.72414
9660	1	0.990025	0.689975	0.224749	0.980392	0	0.00490196	0.0147059	0.715161
9670	1	0.990025	0.689573	0.224098	0.990099	0	0.0049505	0.0049505	0.729797
9680	1	0.990025	0.688982	0.22249	0.995025	0	0.00497512	0	0.705075
9690	1	0.990025	0.686822	0.225392	0.980392	0	0.00490196	0.0147059	0.745647
9700	1	0.990025	0.684849	0.221743	0.995025	0	0	0.00497512	0.728634
9710	1	0.990025	0.681307	0.223441	0.990099	0	0.0049505	0.0049505	0.701572
9720	1	0.990025	0.676897	0.221416	0.990099	0	0	0.00990099	0.742494
9730	1	0.990025	0.677048	0.220423	1	0	0	0	0.723379
9740	1	0.990025	0.677111	0.222382	0.985222	0	0	0.0147783	0.719349
9750	1	0.990025	0.674975	0.219056	0.995025	0	0	0.00497512	0.676164
9760	1	0.990025	0.671935	0.222647	0.980392	0	0	0.0196078	0.753662
9770	1	0.990025	0.67191	0.219971	0.985222	0	0	0.0147783	0.703213
9780	1	0.990025	0.66897	0.21778	0.995025	0	0	0.00497512	0.712162
9790	1	0.990025	0.667475	0.220548	0.980392	0	0	0.0196078	0.730886
9800	1	0.990025	0.666143	0.219412	0.985222	0	0	0.0147783	0.719577
9810	1	0.990025	0.66593	0.219314	0.985222	0	0.00492611	0.00985222	0.722015
9820	1	0.990025	0.664761	0.219318	0.985222	0	0	0.0147783	0.709546
9830	1	0.990025	0.662249	0.217527	0.990099	0	0	0.00990099	0.728169
9840	1	0.990025	0.661457	0.216832	0.990099	0	0	0.00990099	0.709432
9850	1	0.990025	0.660854	0.217568	0.985222	0	0	0.0147783	0.719594
9860	1	0.990025	0.659171	0.217405	0.985222	0	0	0.0147783	0.727167
9870	1	0.990025	0.656947	0.21695	0.990099	0	0	0.00990099	0.731325
9880	1	0.990025	0.65799	0.215167	0.990099	0	0	0.00990099	0.730129
9890	1	0.990025	0.655754	0.217807	0.990099	0	0.0049505	0.0049505	0.719329
9900	1	0.990025	0.651545	0.214983	0.985222	0	0.00492611	0.00985222	0.734675
9910	1	0.990025	0.65157	0.216431	0.985222	0	0	0.0147783	0.72471
9920	1	0.990025	0.652626	0.214556	0.990099	0	0	0.00990099	0.728416
9930	1	0.990025	0.652726	0.215067	0.985222	0	0.00985222	0.00492611	0.750403
9940	1	0.990025	0.650641	0.21367	0.990099	0	0.0049505	0.0049505	0.727908
9950	1	0.990025	0.650917	0.216297	0.980392	0	0.00980392	0.00980392	0.709499
9960	1	0.990025	0.649862	0.214137	0.990099	0	0.0049505	0.0049505	0.725861
9970	1	0.990025	0.648656	0.215433	0.980392	0	0.00980392	0.00980392	0.74811
9980	1	0.990025	0.649987	0.21445	0.985222	0	0.00492611	0.00985222	0.731759
9990	1	0.990025	0.649008	0.216702	0.970874	0	0.00485437	0.0242718	0.711633
