Generation number	Total number of allele	Diversity	Activity	Time	Fertility rate	2 DSB on one site rate	No DSB rate	No symmetrical sites (binding + DSB) rate	q
0	1	1	0.999866	1.40678	0.988631	0	0.00296589	0.00840336	0.76206
10	1	1	0.998666	1.39904	0.988631	0	0.00197726	0.00939199	0.766204
20	1	1	0.997701	1.42333	0.988142	0	0.00444664	0.00741107	0.763332
30	1	1	0.996676	1.39619	0.987654	0	0.000987654	0.011358	0.760441
40	1	1	0.995798	1.39762	0.98668	0	0.00394672	0.00937346	0.76057
50	1	1	0.994523	1.38375	0.991572	0	0.00198314	0.00644522	0.764021
60	2	1.001	0.993667	1.39787	0.987167	0	0.00444225	0.00839092	0.762449
70	1	1	0.992625	1.39309	0.988142	0	0.00247036	0.00938735	0.759512
80	1	1	0.991335	1.39097	0.98912	0	0.0024728	0.00840752	0.749756
90	1	1	0.990336	1.38956	0.98912	0	0.00197824	0.00890208	0.761543
100	1	1	0.989211	1.38269	0.993542	0	0.00149031	0.00496771	0.758803
110	1	1	0.987899	1.39006	0.987654	0	0.00148148	0.0108642	0.762865
120	1	1	0.986361	1.37919	0.992556	0	0.00297767	0.0044665	0.752212
130	1	1	0.984983	1.37887	0.988631	0	0.00444884	0.00692042	0.759667
140	1	1	0.983274	1.37329	0.992556	0	0.000992556	0.00645161	0.754962
150	1	1	0.982163	1.3804	0.990099	0	0.0019802	0.00792079	0.762963
160	1	1	0.980681	1.38204	0.98912	0	0.00148368	0.00939664	0.750011
170	1	1	0.979111	1.38296	0.988142	0	0.0034585	0.00839921	0.755205
180	1	1	0.977554	1.38241	0.987167	0	0.00246792	0.0103653	0.75187
190	1	1	0.976609	1.38049	0.987654	0	0.00246914	0.00987654	0.753358
200	1	1	0.9753	1.37712	0.987654	0	0.00296296	0.00938272	0.753427
210	2	1.00502	0.973087	1.38302	0.983768	0	0.00196754	0.0142646	0.744933
220	2	1.002	0.971237	1.37229	0.98668	0	0.00345338	0.0098668	0.74541
230	1	1	0.969913	1.36946	0.988631	0	0.00296589	0.00840336	0.746435
240	1	1	0.968298	1.39694	0.991572	0	0.00247893	0.00594943	0.743542
250	1	1	0.966093	1.36252	0.985222	0	0.00246305	0.0123153	0.742806
260	1	1	0.964241	1.3569	0.989609	0	0.00197922	0.00841168	0.744219
270	1	1	0.96216	1.35254	0.987654	0	0.00246914	0.00987654	0.737948
280	1	1	0.961535	1.34581	0.991572	0	0.000495786	0.00793257	0.736202
290	1	1	0.959644	1.34758	0.99108	0	0.00198216	0.00693756	0.74286
300	1	1	0.958473	1.42473	0.99108	0	0.00297324	0.00594648	0.736335
310	1	1	0.956331	1.3788	0.988142	0	0.000988142	0.0108696	0.72918
320	2	1.001	0.954654	1.36583	0.988631	0	0.00148295	0.00988631	0.739762
330	1	1	0.9532	1.35713	0.987654	0	0.00197531	0.0103704	0.730596
340	1	1	0.950794	1.35541	0.990589	0	0.00148588	0.00792472	0.736708
350	1	1	0.94937	1.36026	0.988142	0	0.00296443	0.00889328	0.72629
360	1	1	0.947143	1.36017	0.988142	0	0.00197628	0.00988142	0.729428
370	1	1	0.943916	1.36229	0.982318	0	0.00392927	0.0137525	0.728044
380	1	1	0.94179	1.35308	0.983284	0	0.00442478	0.0122911	0.73197
390	1	1	0.937725	1.3469	0.990099	0	0.00247525	0.00742574	0.721377
400	1	1	0.93541	1.3507	0.986193	0	0.00147929	0.0123274	0.731289
410	1	1	0.932065	1.35089	0.984737	0	0.0014771	0.0137863	0.714594
420	1	1	0.928484	1.34201	0.988631	0	0.00296589	0.00840336	0.718471
430	1	1	0.925358	1.33535	0.985222	0	0.000492611	0.0142857	0.720957
440	1	1	0.922199	1.3329	0.98912	0	0.00049456	0.0103858	0.713585
450	1	1	0.918605	1.33894	0.984252	0	0.00442913	0.0113189	0.713409
460	1	1	0.917388	1.33574	0.985707	0	0.00295712	0.0113356	0.708471
470	1	1	0.916735	1.33141	0.986193	0	0.00246548	0.0113412	0.706947
480	1	1	0.914713	1.32602	0.984737	0	0.0014771	0.0137863	0.706552
490	1	1	0.91088	1.33403	0.982318	0	0.00147348	0.0162083	0.702553
500	1	1	0.908076	1.32389	0.988631	0	0.000988631	0.0103806	0.707437
510	1	1	0.90357	1.32347	0.984252	0	0.00295276	0.0127953	0.698865
520	2	1.00602	0.901056	1.31624	0.988142	0	0.00296443	0.00889328	0.703175
530	2	1.01411	0.897764	1.33845	0.982318	0	0.00147348	0.0162083	0.694969
540	2	1.01208	0.894935	1.36018	0.984252	0	0.0019685	0.0137795	0.694987
550	2	1.00401	0.890688	1.31878	0.981836	0	0.00343643	0.0147275	0.690725
560	1	1	0.886535	1.31598	0.984252	0	0.00246063	0.0132874	0.688259
570	1	1	0.882836	1.30618	0.979432	0	0.0029383	0.0176298	0.686628
580	1	1	0.878589	1.31235	0.985222	0	0.00295567	0.0118227	0.6765
590	1	1	0.875275	1.29362	0.978953	0	0.00195791	0.0190896	0.673987
600	1	1	0.872292	1.28828	0.985707	0	0.00197141	0.0123213	0.682316
610	1	1	0.870229	1.29099	0.981836	0	0.00392734	0.0142366	0.675747
620	1	1	0.866821	1.28253	0.981836	0	0.00196367	0.0162003	0.677138
630	1	1	0.862446	1.28808	0.978953	0	0.00146843	0.0195791	0.673818
640	1	1	0.861549	1.28771	0.977517	0	0.00342131	0.0190616	0.681253
650	1	1	0.857054	1.26984	0.982318	0	0.00343811	0.0142436	0.671902
660	2	1.001	0.853747	1.27599	0.983768	0	0.00147565	0.0147565	0.664367
670	1	1	0.848668	1.27633	0.977995	0	0.00342298	0.0185819	0.667273
680	1	1	0.844949	1.26331	0.983284	0	0.00294985	0.013766	0.659335
690	1	1	0.841364	1.26291	0.981836	0	0.00196367	0.0162003	0.658891
700	2	1.01006	0.837925	1.27199	0.980873	0	0.00147131	0.0176557	0.65999
710	2	1.00502	0.831814	1.25597	0.980873	0	0.00294262	0.0161844	0.655201
720	2	1.00401	0.827834	1.26454	0.977995	0	0.00293399	0.0190709	0.659099
730	2	1.002	0.823824	1.24903	0.97704	0	0.00293112	0.0200293	0.657876
740	1	1	0.819609	1.23947	0.981836	0	0.00196367	0.0162003	0.64898
750	1	1	0.813631	1.23318	0.981836	0	0.00196367	0.0162003	0.650424
760	1	1	0.807995	1.22024	0.980392	0	0.00196078	0.0176471	0.64984
770	1	1	0.801914	1.21834	0.980392	0	0.000980392	0.0186275	0.650101
780	1	1	0.796901	1.20615	0.979912	0	0.00195982	0.0181284	0.64861
790	1	1	0.792817	1.21545	0.970403	0	0.00291121	0.0266861	0.638812
800	1	1	0.786068	1.19543	0.971817	0	0.00242954	0.0257532	0.64171
810	1	1	0.77924	1.18695	0.975134	0	0.0029254	0.0219405	0.628588
820	1	1	0.775494	1.16986	0.976086	0	0.00146413	0.02245	0.633163
830	1	1	0.769473	1.16648	0.978474	0	0.000489237	0.0210372	0.630964
840	1	1	0.765944	1.16236	0.973236	0	0.00340633	0.0233577	0.626927
850	1	1	0.760984	1.1502	0.978474	0	0.00195695	0.0195695	0.623955
860	1	1	0.755801	1.1459	0.972763	0	0.00291829	0.0243191	0.616643
870	1	1	0.749621	1.1304	0.975134	0	0.0014627	0.0234032	0.614692
880	1	1	0.74393	1.13208	0.971345	0	0.00242836	0.0262263	0.615879
890	1	1	0.741903	1.12752	0.971817	0	0.00242954	0.0257532	0.614921
900	2	1.00301	0.737359	1.13832	0.971817	0	0.000485909	0.0276968	0.619829
910	1	1	0.730226	1.11503	0.971345	0	0.00291404	0.0257407	0.604887
920	1	1	0.726959	1.1154	0.968054	0	0.00387222	0.0280736	0.605474
930	1	1	0.718636	1.09169	0.973236	0	0.00194647	0.0248175	0.611129
940	1	1	0.712896	1.08732	0.97704	0	0.00146556	0.0214949	0.611275
950	1	1	0.706313	1.08924	0.968992	0	0.00193798	0.0290698	0.597587
960	1	1	0.699985	1.08306	0.968054	0	0.00242014	0.0295257	0.598399
970	1	1	0.693276	1.06192	0.973236	0	0.00194647	0.0248175	0.590925
980	1	1	0.687785	1.07195	0.964785	0	0.00289436	0.0323203	0.591636
990	1	1	0.682181	1.0664	0.964785	0	0.00289436	0.0323203	0.586639
1000	1	1	0.675428	1.05658	0.967118	0	0.00338491	0.0294971	0.587941
1010	1	1	0.669415	1.05289	0.962927	0	0.00192585	0.0351468	0.585592
1020	1	1	0.663376	1.04279	0.962927	0	0.00288878	0.0341839	0.580769
1030	1	1	0.657258	1.02994	0.963855	0	0.00192771	0.0342169	0.582363
1040	1	1	0.650763	1.03346	0.957854	0	0.000478927	0.0416667	0.583328
1050	1	1	0.644206	1.02148	0.965717	0	0.00144858	0.0328344	0.570382
1060	1	1	0.636345	1.01631	0.962464	0	0.00240616	0.0351299	0.563848
1070	1	1	0.629259	1.00113	0.962464	0	0.00240616	0.0351299	0.570063
1080	1	1	0.620854	0.994179	0.957396	0	0.00239349	0.0402106	0.565814
1090	1	1	0.61364	0.973941	0.972763	0	0.000486381	0.026751	0.562089
1100	2	1.002	0.608032	0.981014	0.963855	0	0.00385542	0.0322892	0.557251
1110	1	1	0.60028	0.965165	0.961538	0	0.000961538	0.0375	0.562392
1120	1	1	0.592549	0.960324	0.952381	0	0.00190476	0.0457143	0.548304
1130	1	1	0.584946	0.945922	0.963855	0	0.00192771	0.0342169	0.540697
1140	1	1	0.577004	0.940639	0.953289	0	0.00285987	0.0438513	0.539532
1150	1	1	0.570355	0.918925	0.962001	0	0.001443	0.036556	0.545804
1160	1	1	0.564073	0.922531	0.958773	0	0.0033557	0.0378715	0.535328
1170	1	1	0.555434	0.912081	0.956023	0	0.00191205	0.042065	0.533865
1180	1	1	0.547809	0.912484	0.94697	0	0.00236742	0.0506629	0.532162
1190	1	1	0.541499	0.910156	0.942951	0	0.00235738	0.0546912	0.525935
1200	1	1	0.53362	0.883826	0.953743	0	0.00238436	0.0438722	0.524265
1210	1	1	0.525168	0.885147	0.958313	0	0.00143747	0.0402492	0.534499
1220	1	1	0.517695	0.864616	0.953743	0	0.00381497	0.0424416	0.517929
1230	1	1	0.511439	0.860659	0.94697	0	0.00284091	0.0501894	0.513916
1240	1	1	0.504769	0.854972	0.940734	0	0.00517404	0.0540922	0.520067
1250	1	1	0.497848	0.835246	0.943841	0	0.00424729	0.0519113	0.504933
1260	1	1	0.48874	0.840946	0.939408	0	0.00328793	0.0573039	0.504728
1270	1	1	0.482183	0.827687	0.938527	0	0.00328484	0.0581886	0.495926
1280	1	1	0.472169	0.812571	0.938086	0	0.00375235	0.0581614	0.494156
1290	1	1	0.462994	0.807139	0.93985	0	0.00140977	0.0587406	0.491
1300	1	1	0.453804	0.797788	0.932836	0	0.00139925	0.0657649	0.492621
1310	1	1	0.443236	0.773737	0.93633	0	0.000468165	0.0632022	0.478564
1320	1	1	0.433991	0.770724	0.921659	0	0.00368664	0.0746544	0.481544
1330	1	1	0.423661	0.741533	0.930665	0	0.00186133	0.0674732	0.478867
1340	1	1	0.412712	0.730428	0.927644	0	0.00278293	0.0695733	0.468029
1350	1	1	0.403935	0.715545	0.927644	0	0.00278293	0.0695733	0.484083
1360	1	1	0.395435	0.709509	0.927214	0	0.00417246	0.0686138	0.47651
1370	1	1	0.387833	0.691052	0.93633	0	0.00234082	0.0613296	0.467682
1380	1	1	0.378036	0.681437	0.924214	0	0.00231054	0.073475	0.469813
1390	1	1	0.371375	0.681721	0.922935	0	0.00184587	0.0752192	0.460832
1400	1	1	0.361926	0.668136	0.923788	0	0.00138568	0.0748268	0.455795
1410	1	1	0.352026	0.65065	0.917431	0	0.00183486	0.0807339	0.450101
1420	1	1	0.344091	0.65006	0.920387	0	0.00322135	0.0763921	0.455526
1430	1	1	0.336284	0.642032	0.918274	0	0.00183655	0.0798898	0.446401
1440	1	1	0.326089	0.637266	0.906618	0	0.00271985	0.0906618	0.440596
1450	1	1	0.317335	0.619859	0.905387	0	0.00135808	0.0932549	0.437456
1460	1	1	0.308656	0.623396	0.894855	0	0.00223714	0.102908	0.435551
1470	1	1	0.300045	0.610505	0.903751	0	0.00271125	0.0935382	0.433215
1480	2	1.001	0.292988	0.607754	0.900901	0	0.0018018	0.0972973	0.427828
1490	1	1	0.284279	0.596891	0.894055	0	0.00178811	0.104157	0.42842
1500	1	1	0.275511	0.57384	0.907441	0	0.000907441	0.0916515	0.423228
1510	2	1.01006	0.269702	0.570694	0.914077	0	0.00137112	0.0845521	0.434555
1520	2	1.02738	0.267247	0.587368	0.895255	0	0.00223814	0.102507	0.436065
1530	2	1.08215	0.277747	0.643965	0.892857	0	0.00178571	0.105357	0.45117
1540	2	1.17039	0.301621	0.713689	0.903342	0	0.00225836	0.0943993	0.467639
1550	2	1.36782	0.357137	0.876703	0.923361	0	0.00138504	0.0752539	0.51825
1560	2	1.77876	0.476916	1.14194	0.943396	0	0.00235849	0.0542453	0.595584
1570	2	1.99604	0.592621	1.3272	0.965251	0	0.000965251	0.0337838	0.663508
1580	2	1.83014	0.725618	1.44876	0.97229	0	0.00145843	0.0262518	0.721758
1590	2	1.68335	0.773801	1.48036	0.979912	0	0.000489956	0.0195982	0.736009
1600	2	1.41907	0.851799	1.45603	0.983768	0	0.00245942	0.0137727	0.748367
1610	2	1.41521	0.851906	1.46609	0.98668	0	0.00296004	0.0103601	0.751729
1620	2	1.32863	0.876485	1.46545	0.987654	0	0.00345679	0.00888889	0.765892
1630	2	1.30986	0.880818	1.44566	0.991572	0	0.000495786	0.00793257	0.748743
1640	2	1.24965	0.89884	1.46107	0.987167	0	0.00197433	0.0108588	0.762339
1650	2	1.27279	0.890503	1.46492	0.985707	0	0.00295712	0.0113356	0.755972
1660	2	1.20541	0.910497	1.45139	0.988142	0	0.00197628	0.00988142	0.760459
1670	2	1.15661	0.925939	1.44439	0.990589	0	0.00148588	0.00792472	0.759355
1680	2	1.16348	0.921453	1.44235	0.990589	0	0.00396236	0.00544824	0.76355
1690	2	1.16234	0.920403	1.43564	0.98912	0	0.0024728	0.00840752	0.757607
1700	2	1.10283	0.938318	1.42152	0.988631	0	0.00395452	0.00741473	0.754013
1710	2	1.08648	0.941518	1.42197	0.989609	0	0.00148441	0.00890648	0.76162
1720	2	1.13394	0.923875	1.41996	0.990099	0	0.000990099	0.00891089	0.758956
1730	2	1.07034	0.944543	1.41152	0.989609	0	0.00197922	0.00841168	0.760028
1740	2	1.07892	0.939974	1.40498	0.991572	0	0.000991572	0.00743679	0.753163
1750	2	1.10723	0.928725	1.42031	0.988142	0	0.00148221	0.0103755	0.754076
1760	2	1.08864	0.934296	1.41105	0.991572	0	0.00198314	0.00644522	0.761616
1770	2	1.09082	0.931327	1.41399	0.987654	0	0.00345679	0.00888889	0.746591
1780	2	1.06289	0.938675	1.39649	0.993049	0	0.00148957	0.00546177	0.74358
1790	2	1.05338	0.940153	1.40416	0.98668	0	0.00345338	0.0098668	0.757055
1800	2	1.08756	0.925238	1.40878	0.988631	0	0.00296589	0.00840336	0.74763
1810	2	1.09626	0.920064	1.41255	0.985222	0	0.0044335	0.0103448	0.747981
1820	2	1.06289	0.928716	1.41349	0.985222	0	0.00246305	0.0123153	0.741365
1830	2	1.05127	0.930542	1.39538	0.990589	0	0.00247647	0.00693413	0.743368
1840	2	1.06183	0.923402	1.40818	0.983768	0	0.00344319	0.012789	0.740855
1850	2	1.04813	0.926074	1.39387	0.987654	0	0.00148148	0.0108642	0.745257
1860	2	1.01309	0.936818	1.37317	0.992556	0	0.00198511	0.00545906	0.73214
1870	2	1.00502	0.937716	1.37435	0.98912	0	0.00296736	0.00791296	0.733925
1880	2	1.00401	0.936326	1.39918	0.983284	0	0.00344149	0.0132743	0.734562
1890	2	1.01208	0.930318	1.37771	0.988631	0	0.00197726	0.00939199	0.736072
1900	2	1.02738	0.922057	1.38307	0.985707	0	0.00443568	0.00985707	0.736031
1910	2	1.04708	0.912189	1.38606	0.987654	0	0.00197531	0.0103704	0.729445
1920	2	1.01006	0.921638	1.37196	0.986193	0	0.00295858	0.0108481	0.727765
1930	2	1.00301	0.920181	1.3724	0.983284	0	0.00196657	0.0147493	0.710671
1940	1	0.999	0.918539	1.34964	0.990589	0	0.00148588	0.00792472	0.716454
1950	1	0.999	0.915655	1.35903	0.985222	0	0.000492611	0.0142857	0.718716
1960	1	0.999	0.912376	1.3665	0.979432	0	0.00146915	0.0190989	0.719131
1970	1	0.999	0.908829	1.36015	0.981354	0	0.00392542	0.0147203	0.709949
1980	1	0.999	0.905434	1.33864	0.988142	0	0.00296443	0.00889328	0.70801
1990	1	0.999	0.900625	1.32698	0.988142	0	0.00247036	0.00938735	0.711915
2000	1	0.999	0.897653	1.33401	0.983284	0	0.00344149	0.0132743	0.698964
2010	1	0.999	0.894897	1.32968	0.98668	0	0.0024667	0.0108535	0.705565
2020	1	0.999	0.89171	1.32721	0.98668	0	0.00296004	0.0103601	0.703762
2030	1	0.999	0.886507	1.41413	0.984737	0	0.00295421	0.0123092	0.701297
2040	1	0.999	0.882826	1.33277	0.980873	0	0.00343306	0.015694	0.695491
2050	1	0.999	0.878528	1.33399	0.982801	0	0.0034398	0.0137592	0.693389
2060	1	0.999	0.874839	1.32808	0.984252	0	0.0019685	0.0137795	0.690176
2070	1	0.999	0.870039	1.32099	0.984737	0	0.0014771	0.0137863	0.690918
2080	1	0.999	0.866323	1.31024	0.987167	0	0.000987167	0.011846	0.689651
2090	1	0.999	0.861511	1.31715	0.981836	0	0.00245459	0.0157094	0.679764
2100	1	0.999	0.857386	1.31038	0.984737	0	0.00196947	0.0132939	0.680987
2110	1	0.999	0.851607	1.30972	0.976086	0	0.00195217	0.0219619	0.676292
2120	1	0.999	0.847616	1.29247	0.987167	0	0.00246792	0.0103653	0.669203
2130	1	0.999	0.842129	1.29659	0.983284	0	0.000983284	0.0157325	0.678912
2140	1	0.999	0.837758	1.2965	0.977517	0	0.00195503	0.0205279	0.672799
2150	1	0.999	0.833305	1.29069	0.979432	0	0.00195886	0.0186092	0.664105
2160	1	0.999	0.827881	1.29047	0.977517	0	0.00293255	0.0195503	0.668163
2170	1	0.999	0.823656	1.27977	0.976086	0	0.00244021	0.0214739	0.664603
2180	1	0.999	0.817695	1.26973	0.984737	0	0.000984737	0.0142787	0.661934
2190	1	0.999	0.811951	1.26758	0.980392	0	0.000980392	0.0186275	0.655528
2200	1	0.999	0.807573	1.25364	0.982801	0	0.0019656	0.0152334	0.653577
2210	1	0.999	0.803467	1.26095	0.979432	0	0.000979432	0.0195886	0.654706
2220	1	0.999	0.79666	1.25831	0.972763	0	0.00243191	0.0248054	0.650076
2230	1	0.999	0.791222	1.24517	0.980392	0	0.00392157	0.0156863	0.651051
2240	1	0.999	0.785987	1.24699	0.972763	0	0.00194553	0.0252918	0.651615
2250	1	0.999	0.779645	1.22249	0.980392	0	0.00343137	0.0161765	0.640887
2260	2	1.01207	0.775315	1.24344	0.976086	0	0.00244021	0.0214739	0.647709
2270	2	1.00401	0.767804	1.23369	0.979432	0	0.00195886	0.0186092	0.651291
2280	1	0.999	0.761178	1.1974	0.980392	0	0.00245098	0.0171569	0.637609
2290	1	0.999	0.755485	1.18645	0.976086	0	0.00146413	0.02245	0.645623
2300	1	0.999	0.751668	1.1823	0.981836	0	0.00147275	0.0166912	0.636097
2310	1	0.999	0.747266	1.17766	0.97561	0	0.00487805	0.0195122	0.637178
2320	1	0.999	0.739914	1.16774	0.972763	0	0.00194553	0.0252918	0.630504
2330	2	1.002	0.736505	1.16613	0.970874	0	0.00291262	0.0262136	0.637586
2340	1	0.999	0.730179	1.14414	0.974184	0	0.00243546	0.0233804	0.626331
2350	1	0.999	0.72417	1.13579	0.978953	0	0.00293686	0.0181106	0.616408
2360	1	0.999	0.715592	1.12999	0.972763	0	0.00437743	0.0228599	0.622348
2370	1	0.999	0.707385	1.10544	0.97704	0	0.00146556	0.0214949	0.614578
2380	1	0.999	0.704135	1.11083	0.976086	0	0.00439239	0.0195217	0.605221
2390	1	0.999	0.698938	1.10707	0.97371	0	0.00146056	0.0248296	0.608404
2400	1	0.999	0.691971	1.10358	0.966651	0	0.00483325	0.0285162	0.609263
2410	1	0.999	0.684879	1.08163	0.976086	0	0.00146413	0.02245	0.60641
2420	1	0.999	0.680078	1.08787	0.970403	0	0.00291121	0.0266861	0.606223
2430	1	0.999	0.67272	1.07238	0.976562	0	0.00244141	0.0209961	0.596164
2440	1	0.999	0.668054	1.0697	0.968992	0	0.00339147	0.0276163	0.610765
2450	1	0.999	0.660569	1.05774	0.972763	0	0.00291829	0.0243191	0.603697
2460	1	0.999	0.65555	1.06486	0.963391	0	0.00481696	0.0317919	0.598268
2470	1	0.999	0.647695	1.05199	0.967586	0	0.00338655	0.0290276	0.594771
2480	1	0.999	0.639649	1.04365	0.965717	0	0.00531144	0.0289715	0.589976
2490	1	0.999	0.63265	1.03319	0.968054	0	0	0.0319458	0.585922
2500	1	0.999	0.625114	1.00972	0.975134	0	0.000975134	0.0238908	0.58776
2510	1	0.999	0.616122	1.01152	0.965251	0	0.000965251	0.0337838	0.580471
2520	1	0.999	0.6095	1.0068	0.963855	0	0.00337349	0.0327711	0.585459
2530	1	0.999	0.601208	0.99425	0.965251	0	0.0019305	0.0328185	0.578496
2540	1	0.999	0.594672	0.998717	0.968054	0	0	0.0319458	0.580237
2550	1	0.999	0.587721	0.976923	0.965717	0	0.00386287	0.0304201	0.578554
2560	1	0.999	0.579442	0.965383	0.963391	0	0.00289017	0.0337187	0.568643
2570	1	0.999	0.572775	0.958562	0.966184	0	0.00144928	0.0323671	0.574906
2580	1	0.999	0.568005	0.945043	0.962464	0	0.00240616	0.0351299	0.571212
2590	1	0.999	0.558681	0.930582	0.966184	0	0.000966184	0.0328502	0.565168
2600	1	0.999	0.551737	0.947745	0.958773	0	0.00287632	0.0383509	0.564892
2610	1	0.999	0.544492	0.923546	0.962464	0	0.00240616	0.0351299	0.563571
2620	1	0.999	0.53416	0.917269	0.956023	0	0.00143403	0.042543	0.566287
2630	1	0.999	0.528889	0.903466	0.963855	0	0.00144578	0.0346988	0.571825
2640	1	0.999	0.524056	0.903351	0.956938	0	0.00239234	0.0406699	0.575572
2650	1	0.999	0.515119	0.891506	0.952835	0	0.00381134	0.043354	0.56362
2660	1	0.999	0.508015	0.87672	0.96432	0	0.00144648	0.0342334	0.559437
2670	1	0.999	0.500403	0.882313	0.953743	0	0.00524559	0.041011	0.562099
2680	1	0.999	0.49424	0.874098	0.950119	0	0.00285036	0.0470309	0.557132
2690	1	0.999	0.484092	0.837686	0.966651	0	0.000966651	0.0323828	0.549705
2700	1	0.999	0.476252	0.838367	0.959693	0	0.00239923	0.0379079	0.545515
2710	1	0.999	0.469203	0.820994	0.96432	0	0.00337512	0.0323047	0.553893
2720	1	0.999	0.462935	0.827002	0.95511	0	0.00191022	0.0429799	0.555668
2730	1	0.999	0.455191	0.833341	0.951475	0	0.00285442	0.0456708	0.543408
2740	1	0.999	0.448308	0.797887	0.950119	0	0.00522565	0.0446556	0.542855
2750	1	0.999	0.440461	0.79756	0.951022	0	0.00237756	0.0466001	0.542722
2760	1	0.999	0.433546	0.786755	0.949668	0	0.0014245	0.0489079	0.535555
2770	1	0.999	0.426853	0.769686	0.957854	0	0.00143678	0.0407088	0.534721
2780	1	0.999	0.419854	0.762883	0.951022	0	0.00237756	0.0466001	0.534296
2790	1	0.999	0.413237	0.74517	0.958773	0	0.00191755	0.0393097	0.531861
2800	2	1.001	0.405674	0.738156	0.947418	0	0.00142113	0.0511606	0.53057
2810	2	1.00401	0.397637	0.731003	0.948317	0	0.00331911	0.0483642	0.534323
2820	2	1.01613	0.394611	0.732644	0.94162	0	0.00188324	0.0564972	0.527493
2830	2	1.0202	0.388167	0.72772	0.953289	0	0.00190658	0.0448046	0.535863
2840	2	1.00702	0.37686	0.704187	0.947418	0	0.00142113	0.0511606	0.526227
2850	2	1.0202	0.372818	0.707203	0.951928	0	0.00142789	0.0466445	0.526366
2860	2	1.03768	0.371032	0.726216	0.952381	0	0.00142857	0.0461905	0.519079
2870	2	1.04497	0.365876	0.716365	0.940734	0	0.0028222	0.056444	0.515003
2880	3	1.05443	0.362039	0.726077	0.94697	0	0.00236742	0.0506629	0.523174
2890	2	1.10607	0.371857	0.75971	0.94697	0	0.00378788	0.0492424	0.528567
2900	2	1.15651	0.380933	0.816469	0.940291	0	0.00235073	0.0573578	0.526331
2910	2	1.12267	0.364284	0.781172	0.943396	0	0.00235849	0.0542453	0.528156
2920	2	1.19704	0.380081	0.829531	0.944287	0	0.00283286	0.0528801	0.531895
2930	2	1.23381	0.384291	0.871478	0.950119	0	0.0023753	0.0475059	0.550742
2940	3	1.47648	0.445643	1.03575	0.954198	0	0.000477099	0.0453244	0.568029
2950	3	1.71657	0.503065	1.17558	0.951475	0	0.00237869	0.0461465	0.611411
2960	3	1.94619	0.565886	1.32108	0.962927	0	0.00288878	0.0341839	0.639551
2970	3	2.05958	0.637957	1.36877	0.976086	0	0.00146413	0.02245	0.66983
2980	3	2.01024	0.686324	1.46565	0.974659	0	0.00243665	0.0229045	0.693506
2990	3	2.0315	0.698443	1.49025	0.975134	0	0.0014627	0.0234032	0.690209
3000	3	1.83166	0.770673	1.518	0.984252	0	0.00344488	0.0123031	0.720323
3010	3	1.72928	0.787014	1.63131	0.987167	0	0.00148075	0.0113524	0.730298
3020	3	1.71981	0.795244	1.52092	0.982318	0	0.0024558	0.0152259	0.729836
3030	3	1.56369	0.81893	1.50896	0.986193	0	0.00147929	0.0123274	0.730486
3040	3	1.49605	0.838013	1.49825	0.984252	0	0.00393701	0.011811	0.723947
3050	3	1.4583	0.852619	1.48654	0.985222	0	0.00344828	0.01133	0.734667
3060	3	1.46032	0.85179	1.5176	0.984737	0	0.00344658	0.0118168	0.733151
3070	3	1.32754	0.882038	1.46447	0.983768	0	0.00344319	0.012789	0.740807
3080	3	1.29767	0.88119	1.46395	0.99108	0	0.00148662	0.0074331	0.736798
3090	3	1.23733	0.893497	1.45199	0.985222	0	0.00197044	0.0128079	0.747825
3100	2	1.19821	0.900107	1.43787	0.98668	0	0.00444006	0.00888012	0.744029
3110	2	1.13836	0.915801	1.41248	0.987167	0	0.0029615	0.00987167	0.743543
3120	2	1.15537	0.909266	1.41003	0.988631	0	0.00247158	0.00889768	0.737129
3130	2	1.23501	0.885224	1.42099	0.983284	0	0.00344149	0.0132743	0.726124
3140	2	1.21473	0.889864	1.42367	0.991572	0	0.000495786	0.00793257	0.735331
3150	2	1.13273	0.912729	1.40336	0.990589	0	0.00148588	0.00792472	0.745776
3160	2	1.15994	0.902675	1.411	0.988631	0	0.00148295	0.00988631	0.737804
3170	2	1.1588	0.901358	1.45765	0.985707	0	0.00542139	0.00887137	0.744184
3180	3	1.17755	0.894507	1.43543	0.989609	0	0.000989609	0.00940129	0.74402
3190	2	1.15537	0.898679	1.4082	0.987167	0	0.00148075	0.0113524	0.726492
3200	2	1.13273	0.901838	1.40181	0.985222	0	0.00197044	0.0128079	0.726934
3210	2	1.14968	0.895145	1.39625	0.987167	0	0.00394867	0.0088845	0.728655
3220	2	1.12155	0.90085	1.39704	0.986193	0	0.00147929	0.0123274	0.725392
3230	2	1.10058	0.904605	1.38262	0.989609	0	0.000989609	0.00940129	0.731464
3240	2	1.04392	0.918819	1.36424	0.983284	0	0.00294985	0.013766	0.731438
3250	2	1.03976	0.916511	1.35628	0.985222	0	0.00197044	0.0128079	0.7326
3260	2	1.03148	0.917342	1.35677	0.985707	0	0.00344998	0.0108428	0.72493
3270	2	1.04288	0.911902	1.35812	0.98668	0	0.00345338	0.0098668	0.713674
3280	2	1.02224	0.915014	1.34267	0.988631	0	0.000988631	0.0103806	0.715326
3290	2	1.01714	0.913448	1.3442	0.984252	0	0.0019685	0.0137795	0.719774
3300	2	1.01308	0.911776	1.33674	0.986193	0	0.00147929	0.0123274	0.711299
3310	3	1.01614	0.909794	1.34153	0.985707	0	0.00197141	0.0123213	0.716009
3320	1	0.999	0.911029	1.32606	0.987167	0	0.00148075	0.0113524	0.708249
3330	1	0.999	0.906462	1.32559	0.984737	0	0.00344658	0.0118168	0.712697
3340	1	0.999	0.903598	1.31555	0.988142	0	0.00247036	0.00938735	0.709472
3350	1	0.999	0.900136	1.31789	0.984737	0	0.00393895	0.0113245	0.712399
3360	1	0.999	0.896711	1.32066	0.982318	0	0.00392927	0.0137525	0.705533
3370	1	0.999	0.893234	1.31635	0.982801	0	0.0029484	0.0142506	0.713128
3380	1	0.999	0.890697	1.30121	0.987167	0	0.0029615	0.00987167	0.700679
3390	1	0.999	0.887866	1.30996	0.984737	0	0.00246184	0.0128016	0.691948
3400	1	0.999	0.883447	1.30703	0.985222	0	0.000985222	0.0137931	0.689137
3410	1	0.999	0.878676	1.29434	0.985707	0	0.000985707	0.013307	0.689739
3420	1	0.999	0.875093	1.29962	0.982801	0	0.0029484	0.0142506	0.688744
3430	1	0.999	0.869765	1.29227	0.985222	0	0.00147783	0.0133005	0.693268
3440	1	0.999	0.86491	1.28539	0.983284	0	0.00393314	0.0127827	0.690772
3450	1	0.999	0.860603	1.2857	0.982318	0	0.00147348	0.0162083	0.677673
3460	1	0.999	0.856283	1.27989	0.984252	0	0.00492126	0.0108268	0.671692
3470	1	0.999	0.852	1.27428	0.981354	0	0.00343474	0.015211	0.678753
3480	1	0.999	0.847859	1.2796	0.977517	0	0.00391007	0.0185728	0.681421
3490	1	0.999	0.842886	1.28021	0.97229	0	0.00388916	0.0238211	0.672982
3500	1	0.999	0.83938	1.2613	0.978474	0	0.000978474	0.0205479	0.662917
3510	1	0.999	0.834407	1.2647	0.976562	0	0.00341797	0.0200195	0.662761
3520	1	0.999	0.829766	1.25045	0.984737	0	0.00246184	0.0128016	0.657652
3530	1	0.999	0.82577	1.25104	0.980392	0	0.00196078	0.0176471	0.667338
3540	1	0.999	0.821154	1.25119	0.976562	0	0.00341797	0.0200195	0.665821
3550	1	0.999	0.818072	1.23078	0.984737	0	0.000984737	0.0142787	0.660359
3560	1	0.999	0.816033	1.23327	0.984252	0	0.00295276	0.0127953	0.668022
3570	1	0.999	0.811988	1.21837	0.983768	0	0.00245942	0.0137727	0.663809
3580	1	0.999	0.808993	1.22598	0.980873	0	0.00245218	0.0166748	0.651319
3590	1	0.999	0.806493	1.21988	0.978953	0	0.00244738	0.0186001	0.655207
3600	1	0.999	0.801287	1.21498	0.978953	0	0.00293686	0.0181106	0.658371
3610	1	0.999	0.796933	1.1983	0.982801	0	0.0019656	0.0152334	0.655276
3620	1	0.999	0.791938	1.20011	0.977995	0	0.00293399	0.0190709	0.655154
3630	1	0.999	0.787472	1.18239	0.979912	0	0.00146987	0.0186183	0.649717
3640	1	0.999	0.784282	1.18864	0.976562	0	0.00195312	0.0214844	0.649745
3650	1	0.999	0.777482	1.16587	0.978474	0	0.00146771	0.0200587	0.650906
3660	1	0.999	0.773245	1.16426	0.97704	0	0.00341964	0.0195408	0.636421
3670	1	0.999	0.768453	1.15797	0.977995	0	0.00195599	0.0200489	0.639771
3680	1	0.999	0.762683	1.15299	0.97229	0	0.00340301	0.0243072	0.641276
3690	1	0.999	0.757769	1.14579	0.975134	0	0.00243784	0.0224281	0.64667
3700	1	0.999	0.753173	1.13279	0.974659	0	0.00243665	0.0229045	0.637347
3710	1	0.999	0.747181	1.12418	0.976562	0	0.00341797	0.0200195	0.637233
3720	1	0.999	0.742495	1.11625	0.979432	0	0.00440744	0.0161606	0.635949
3730	1	0.999	0.739519	1.11462	0.976562	0	0.00195312	0.0214844	0.62942
3740	1	0.999	0.732566	1.10056	0.975134	0	0.00195027	0.0229157	0.620459
3750	1	0.999	0.726991	1.103	0.974184	0	0.00340964	0.0224062	0.622524
3760	1	0.999	0.722205	1.09793	0.974659	0	0.00584795	0.0194932	0.626044
3770	1	0.999	0.715219	1.0839	0.981836	0	0.00147275	0.0166912	0.614208
3780	1	0.999	0.7099	1.07716	0.974659	0	0.000974659	0.0243665	0.622805
3790	1	0.999	0.702916	1.07809	0.970874	0	0.0038835	0.0252427	0.609938
3800	1	0.999	0.694834	1.07056	0.971345	0	0.00339971	0.025255	0.602883
3810	1	0.999	0.688	1.06493	0.967118	0	0.00193424	0.0309478	0.611784
3820	1	0.999	0.681632	1.05596	0.970874	0	0.000485437	0.0286408	0.595593
3830	2	1.003	0.675012	1.04437	0.971817	0	0.000971817	0.0272109	0.605769
3840	1	0.999	0.668654	1.03928	0.968992	0	0.00145349	0.0295543	0.602073
3850	1	0.999	0.662167	1.03593	0.965251	0	0.00337838	0.0313707	0.60326
3860	1	0.999	0.656532	1.03266	0.96432	0	0.0024108	0.033269	0.594254
3870	3	1.0192	0.654338	1.04264	0.97229	0	0.00194458	0.0257657	0.598333
3880	3	1.0389	0.652075	1.06148	0.971345	0	0.00388538	0.0247693	0.599557
3890	3	1.0399	0.644531	1.04489	0.968523	0	0.000968523	0.0305085	0.594327
3900	3	1.07203	0.643854	1.0732	0.969462	0	0.00242365	0.0281144	0.595828
3910	3	1.06773	0.637379	1.06586	0.972763	0	0.00291829	0.0243191	0.588524
3920	3	1.1248	0.642168	1.11969	0.967586	0	0.00387034	0.0285438	0.58932
3930	3	1.13069	0.63779	1.11985	0.967118	0	0.00193424	0.0309478	0.600809
3940	3	1.12056	0.632818	1.12171	0.967118	0	0.00338491	0.0294971	0.590922
3950	3	1.12519	0.629515	1.10525	0.967586	0	0.00193517	0.030479	0.596017
3960	3	1.19765	0.635246	1.16569	0.968523	0	0.00338983	0.0280872	0.585317
3970	4	1.22146	0.632259	1.17502	0.966651	0	0.0019333	0.0314161	0.593288
3980	4	1.2425	0.62887	1.19145	0.967586	0	0.00145138	0.0309627	0.597799
3990	4	1.27321	0.628245	1.22801	0.964785	0	0.000964785	0.0342499	0.597372
4000	4	1.31874	0.630357	1.21247	0.964785	0	0.00144718	0.0337675	0.590748
4010	4	1.32981	0.627474	1.23162	0.965251	0	0.00144788	0.0333012	0.595791
4020	4	1.30839	0.619696	1.2212	0.962927	0	0.00192585	0.0351468	0.596938
4030	4	1.46409	0.64186	1.31595	0.969932	0	0.00242483	0.0276431	0.600644
4040	4	1.5545	0.648555	1.3843	0.966184	0	0.00241546	0.031401	0.606627
4050	3	1.62454	0.658588	1.40682	0.97229	0	0.00194458	0.0257657	0.620971
4060	3	1.74937	0.67419	1.48261	0.969462	0	0.00339312	0.0271449	0.641041
4070	3	1.95173	0.706874	1.54869	0.970874	0	0.00194175	0.0271845	0.649977
4080	3	2.12373	0.735599	1.61281	0.978474	0	0.000978474	0.0205479	0.660225
4090	3	2.21901	0.778832	1.67743	0.977517	0	0.00195503	0.0205279	0.692535
4100	3	2.04824	0.800976	1.67877	0.981354	0	0.00147203	0.0171737	0.701644
4110	3	1.89736	0.819689	1.65368	0.987654	0	0.00246914	0.00987654	0.702359
4120	3	1.80756	0.842958	1.68741	0.980392	0	0.00147059	0.0181373	0.711397
4130	3	1.91765	0.834668	1.68523	0.983284	0	0.00196657	0.0147493	0.715217
4140	3	1.89152	0.833932	1.66302	0.982801	0	0.002457	0.014742	0.706664
4150	4	1.96165	0.832355	1.71975	0.984737	0	0.00196947	0.0132939	0.716812
4160	3	1.83191	0.830962	1.6569	0.976562	0	0.00439453	0.019043	0.699159
4170	3	1.85508	0.834444	1.67673	0.983768	0	0.00344319	0.012789	0.720367
4180	3	1.78881	0.839215	1.62444	0.987654	0	0.00246914	0.00987654	0.716914
4190	3	1.82791	0.829105	1.65701	0.98668	0	0.00197336	0.0113468	0.706487
4200	3	1.78502	0.827334	1.64991	0.984737	0	0.00196947	0.0132939	0.704858
4210	3	1.63062	0.847884	1.63905	0.982801	0	0.004914	0.012285	0.715046
4220	3	1.66757	0.841835	1.61775	0.981836	0	0.000981836	0.0171821	0.720134
4230	3	1.66976	0.834739	1.6115	0.986193	0	0.000986193	0.0128205	0.710739
4240	2	1.49247	0.86429	1.59987	0.985222	0	0.00246305	0.0123153	0.716564
4250	2	1.5249	0.856627	1.58084	0.987167	0	0.00246792	0.0103653	0.707679
4260	2	1.38919	0.87827	1.57351	0.979912	0	0.00489956	0.0151886	0.714611
4270	2	1.32336	0.888758	1.52006	0.98668	0	0.00098668	0.0123335	0.73313
4280	2	1.31212	0.889108	1.52954	0.985707	0	0.00295712	0.0113356	0.723649
4290	2	1.29969	0.890356	1.52486	0.987167	0	0	0.0128332	0.729508
4300	2	1.32336	0.883016	1.54311	0.984252	0	0.00295276	0.0127953	0.714199
4310	2	1.36625	0.873695	1.54342	0.988631	0	0.00197726	0.00939199	0.722813
4320	2	1.29598	0.882977	1.5264	0.98668	0	0.00296004	0.0103601	0.713822
4330	2	1.22783	0.892562	1.4704	0.990099	0	0.00247525	0.00742574	0.722199
4340	2	1.3599	0.866661	1.52104	0.985707	0	0.00295712	0.0113356	0.713027
4350	2	1.32211	0.871369	1.50064	0.983284	0	0.00147493	0.0152409	0.713025
4360	2	1.34851	0.863984	1.51299	0.985707	0	0.00197141	0.0123213	0.707095
4370	2	1.37261	0.857972	1.52041	0.988631	0	0.00148295	0.00988631	0.710338
4380	2	1.24947	0.877531	1.48829	0.982801	0	0.0029484	0.0142506	0.707899
4390	2	1.23022	0.878676	1.47537	0.984737	0	0.00246184	0.0128016	0.714915
4400	2	1.19586	0.882473	1.46116	0.983768	0	0.00245942	0.0137727	0.709334
4410	2	1.24705	0.868178	1.49014	0.982801	0	0.002457	0.014742	0.708488
4420	2	1.23381	0.866104	1.4596	0.983768	0	0.000983768	0.0152484	0.703598
4430	2	1.17606	0.874215	1.44423	0.983768	0	0.00344319	0.012789	0.697397
4440	2	1.16453	0.872788	1.43713	0.983284	0	0.00344149	0.0132743	0.69696
4450	2	1.08318	0.883871	1.38312	0.98912	0	0.00197824	0.00890208	0.706609
4460	2	1.03665	0.890262	1.36395	0.985707	0	0.00246427	0.0118285	0.709904
4470	2	1.02531	0.889265	1.35534	0.984252	0	0.00147638	0.0142717	0.703924
4480	3	1.02949	0.88556	1.35791	0.981836	0	0.00441826	0.0137457	0.699358
4490	3	1.03466	0.881079	1.3672	0.980873	0	0.00196175	0.0171653	0.690614
4500	3	1.01919	0.879907	1.34358	0.983768	0	0.0029513	0.0132809	0.698695
4510	2	1.01918	0.876416	1.33386	0.984737	0	0.00246184	0.0128016	0.691337
4520	2	1.01511	0.873099	1.34109	0.982318	0	0.000982318	0.0166994	0.683435
4530	2	1.003	0.872593	1.32357	0.98668	0	0.00296004	0.0103601	0.684945
4540	1	0.999	0.870512	1.31243	0.98912	0	0.00098912	0.0098912	0.682934
4550	1	0.999	0.865977	1.30985	0.983284	0	0.00196657	0.0147493	0.683087
4560	1	0.999	0.862815	1.31588	0.982318	0	0.00343811	0.0142436	0.688435
4570	1	0.999	0.859308	1.30978	0.981354	0	0.00294406	0.0157017	0.680762
4580	1	0.999	0.856526	1.30111	0.982801	0	0.002457	0.014742	0.673412
4590	1	0.999	0.855179	1.30617	0.981354	0	0.00147203	0.0171737	0.674189
4600	1	0.999	0.848887	1.30315	0.979432	0	0.0029383	0.0176298	0.68169
4610	1	0.999	0.844704	1.30189	0.977995	0	0.00146699	0.0205379	0.668561
4620	1	0.999	0.838939	1.29864	0.975134	0	0.00195027	0.0229157	0.663844
4630	1	0.999	0.834333	1.28258	0.983768	0	0.00147565	0.0147565	0.665155
4640	1	0.999	0.830231	1.28596	0.978953	0	0.00244738	0.0186001	0.654586
4650	1	0.999	0.824385	1.28185	0.978474	0	0.00244618	0.0190802	0.660159
4660	1	0.999	0.818154	1.2639	0.980392	0	0.00343137	0.0161765	0.646359
4670	1	0.999	0.812595	1.25875	0.985222	0	0.000985222	0.0137931	0.655135
4680	1	0.999	0.806038	1.25385	0.981836	0	0.00147275	0.0166912	0.63848
4690	2	1.01106	0.803068	1.26843	0.976562	0	0.00292969	0.0205078	0.640035
4700	2	1.02122	0.797429	1.28531	0.979432	0	0.00244858	0.0181195	0.635943
4710	3	1.02635	0.793148	1.26933	0.976562	0	0.00195312	0.0214844	0.643473
4720	3	1.0233	0.78682	1.26975	0.981836	0	0.00196367	0.0162003	0.632015
4730	3	1.01614	0.781015	1.24746	0.982801	0	0.002457	0.014742	0.635984
4740	3	1.0131	0.774924	1.24977	0.97371	0	0.00340798	0.0228822	0.6353
4750	1	0.999	0.768602	1.2205	0.976562	0	0.00244141	0.0209961	0.635673
4760	1	0.999	0.76262	1.21546	0.967586	0	0.00387034	0.0285438	0.617537
4770	2	1	0.755517	1.19711	0.970874	0	0.00339806	0.0257282	0.615431
4780	3	1.01514	0.752056	1.20696	0.97371	0	0.00146056	0.0248296	0.622104
4790	3	1.01108	0.745574	1.17984	0.974659	0	0.00292398	0.0224172	0.613142
4800	3	1.01209	0.741126	1.19514	0.968992	0	0.00339147	0.0276163	0.617016
4810	3	1.05158	0.73995	1.2237	0.962927	0	0.00288878	0.0341839	0.611076
4820	3	1.0688	0.736502	1.2464	0.961538	0	0.00288462	0.0355769	0.607014
4830	3	1.0223	0.72322	1.1647	0.971345	0	0.00242836	0.0262263	0.603112
4840	2	1.00702	0.713347	1.13573	0.974659	0	0.00146199	0.0238791	0.604772
4850	2	1.01714	0.708882	1.14304	0.964785	0	0.00337675	0.0318379	0.597428
4860	2	1.03872	0.706757	1.15885	0.97371	0	0.00146056	0.0248296	0.593739
4870	2	1.07244	0.707051	1.18745	0.967586	0	0.00145138	0.0309627	0.603222
4880	2	1.19704	0.718285	1.32761	0.977517	0	0.00195503	0.0205279	0.612838
4890	2	1.22783	0.715736	1.31489	0.968992	0	0.000968992	0.0300388	0.606422
4900	2	1.19704	0.70658	1.30113	0.968523	0	0.00145278	0.0300242	0.603181
4910	2	1.12937	0.690577	1.24126	0.965717	0	0.00338001	0.0309029	0.595491
4920	2	1.15537	0.688147	1.24395	0.961538	0	0.00384615	0.0346154	0.599021
4930	2	1.1588	0.681234	1.24239	0.971345	0	0.00145702	0.0271977	0.600484
4940	2	1.14174	0.671557	1.22218	0.961076	0	0.00240269	0.0365209	0.590682
4950	3	1.17999	0.669838	1.22252	0.97561	0	0.00146341	0.0229268	0.598535
4960	3	1.27077	0.676731	1.32196	0.972763	0	0.00291829	0.0243191	0.601005
4970	3	1.34938	0.681991	1.36826	0.968992	0	0.00193798	0.0290698	0.60511
4980	3	1.43819	0.689167	1.41869	0.966651	0	0.00434993	0.0289995	0.604676
4990	3	1.55352	0.700936	1.48351	0.971345	0	0.00242836	0.0262263	0.623563
5000	3	1.77089	0.726029	1.59711	0.974184	0	0.00340964	0.0224062	0.635844
5010	3	1.89361	0.733847	1.67802	0.977995	0	0.000488998	0.0215159	0.638589
5020	3	2.03199	0.750705	1.73979	0.972763	0	0.00486381	0.0223735	0.653704
5030	3	2.09901	0.76829	1.72029	0.979912	0	0.00195982	0.0181284	0.662726
5040	3	2.11473	0.770433	1.71357	0.987167	0	0.000493583	0.0123396	0.658121
5050	3	2.10013	0.785131	1.75552	0.979432	0	0.0029383	0.0176298	0.67798
5060	3	2.04311	0.793548	1.71795	0.981354	0	0.00196271	0.016683	0.670895
5070	3	2.04813	0.782873	1.71953	0.984252	0	0.000492126	0.0152559	0.672786
5080	3	1.97541	0.81257	1.73586	0.979432	0	0.00244858	0.0181195	0.685903
5090	3	2.01411	0.807614	1.73377	0.981354	0	0.000981354	0.0176644	0.68217
5100	3	1.9284	0.811355	1.68639	0.984737	0	0.00196947	0.0132939	0.678045
5110	3	1.80466	0.838635	1.74051	0.979432	0	0.00244858	0.0181195	0.694458
5120	3	1.71885	0.850714	1.67354	0.984737	0	0.00295421	0.0123092	0.700688
5130	3	1.60339	0.863031	1.68386	0.985707	0	0.00197141	0.0123213	0.70507
5140	3	1.50497	0.878861	1.65863	0.984737	0	0.00246184	0.0128016	0.71975
5150	3	1.35711	0.898328	1.60414	0.98668	0	0.00197336	0.0113468	0.714653
5160	4	1.31306	0.899741	1.58297	0.979432	0	0.00636631	0.0142018	0.722459
5170	2	1.22425	0.911241	1.53479	0.985707	0	0.00492854	0.00936422	0.717528
5180	2	1.20999	0.911574	1.52195	0.985222	0	0.00197044	0.0128079	0.727038
5190	2	1.21118	0.909518	1.51636	0.988142	0	0.00395257	0.00790514	0.715055
5200	2	1.1807	0.911957	1.5106	0.982801	0	0.0029484	0.0142506	0.722696
5210	2	1.24343	0.898473	1.50834	0.983768	0	0.00344319	0.012789	0.717355
5220	2	1.24223	0.895185	1.5331	0.979912	0	0.00244978	0.0176384	0.723444
5230	2	1.17375	0.903581	1.49079	0.99108	0	0.0024777	0.00644202	0.715584
5240	2	1.08211	0.915915	1.44151	0.985707	0	0.00246427	0.0118285	0.726687
5250	2	1.08103	0.913599	1.42848	0.985222	0	0.00246305	0.0123153	0.716295
5260	2	1.08751	0.91058	1.44244	0.983284	0	0.00245821	0.0142576	0.723171
5270	2	1.08751	0.908326	1.43174	0.987654	0	0.00246914	0.00987654	0.718611
5280	2	1.05651	0.91196	1.40443	0.988142	0	0.00247036	0.00938735	0.727088
5290	2	1.03976	0.912313	1.3925	0.987654	0	0.00246914	0.00987654	0.716145
5300	3	1.02945	0.912153	1.38869	0.985707	0	0.00147856	0.0128142	0.71627
5310	2	1.03976	0.905371	1.38389	0.98912	0	0.00098912	0.0098912	0.709172
5320	2	1.05756	0.899551	1.39798	0.986193	0	0.00295858	0.0108481	0.708729
5330	2	1.05125	0.89846	1.38306	0.987167	0	0.00148075	0.0113524	0.706577
5340	2	1.05756	0.893762	1.39501	0.983284	0	0.00344149	0.0132743	0.701963
5350	2	1.0778	0.886586	1.3917	0.98668	0	0.00345338	0.0098668	0.698405
5360	2	1.09512	0.881387	1.40379	0.984737	0	0.0014771	0.0137863	0.696403
5370	2	1.09294	0.878762	1.40628	0.984252	0	0.00393701	0.011811	0.693755
5380	2	1.09403	0.875222	1.38907	0.985222	0	0.000985222	0.0137931	0.69696
5390	2	1.0523	0.878611	1.38158	0.985707	0	0.00147856	0.0128142	0.699508
5400	2	1.04288	0.87748	1.37564	0.980873	0	0.00196175	0.0171653	0.695831
5410	3	1.08004	0.86887	1.38461	0.984737	0	0.00246184	0.0128016	0.688962
5420	2	1.06711	0.867004	1.36545	0.986193	0	0.00295858	0.0108481	0.681862
5430	2	1.0481	0.866329	1.35361	0.986193	0	0.000986193	0.0128205	0.680242
5440	2	1.0523	0.862881	1.37274	0.978474	0	0.00342466	0.0181018	0.682641
5450	2	1.03768	0.859996	1.35477	0.982801	0	0.0029484	0.0142506	0.687909
5460	2	1.03768	0.85732	1.34497	0.983284	0	0.00245821	0.0142576	0.683342
5470	2	1.03251	0.855031	1.37786	0.981354	0	0.00294406	0.0157017	0.675189
5480	2	1.03872	0.850452	1.33078	0.979912	0	0.00146987	0.0186183	0.668248
5490	2	1.0141	0.850055	1.31318	0.979912	0	0.00146987	0.0186183	0.680858
5500	2	1.00401	0.847955	1.30156	0.980392	0	0.00343137	0.0161765	0.679054
5510	2	1.00401	0.844445	1.29185	0.981836	0	0.00196367	0.0162003	0.677346
5520	2	1.001	0.840501	1.27304	0.981836	0	0.00294551	0.0152185	0.676106
5530	2	1.00501	0.835571	1.27978	0.98668	0	0.00197336	0.0113468	0.664372
5540	1	0.999	0.831281	1.28338	0.976086	0	0.00292826	0.0209858	0.659815
5550	1	0.999	0.825215	1.26703	0.981836	0	0.00392734	0.0142366	0.665683
5560	1	0.999	0.821728	1.26902	0.982318	0	0.00442043	0.0132613	0.659977
5570	1	0.999	0.814944	1.25571	0.982801	0	0	0.017199	0.661255
5580	1	0.999	0.808727	1.26084	0.977995	0	0.00244499	0.0195599	0.66
5590	1	0.999	0.804734	1.24263	0.987167	0	0.000987167	0.011846	0.655521
5600	1	0.999	0.80231	1.24619	0.982318	0	0.000982318	0.0166994	0.662702
5610	2	1.002	0.796031	1.24863	0.975134	0	0.0029254	0.0219405	0.656976
5620	1	0.999	0.790279	1.21846	0.985222	0	0.00197044	0.0128079	0.647927
5630	1	0.999	0.783782	1.21828	0.974659	0	0.00438596	0.0209552	0.643947
5640	1	0.999	0.779565	1.20911	0.978953	0	0.000978953	0.0200685	0.6441
5650	1	0.999	0.776468	1.20751	0.976562	0	0.00341797	0.0200195	0.632706
5660	1	0.999	0.770802	1.19768	0.976562	0	0.000976562	0.0224609	0.636808
5670	1	0.999	0.763723	1.18606	0.978953	0	0.00195791	0.0190896	0.639552
5680	2	1.002	0.757909	1.17911	0.983284	0	0.000983284	0.0157325	0.630593
5690	1	0.999	0.752382	1.19022	0.979912	0	0.00146987	0.0186183	0.637845
5700	1	0.999	0.747422	1.17731	0.970874	0	0.000970874	0.0281553	0.626564
5710	1	0.999	0.74195	1.16067	0.978953	0	0.00244738	0.0186001	0.615705
5720	1	0.999	0.737225	1.1751	0.975134	0	0.0014627	0.0234032	0.620548
5730	1	0.999	0.730622	1.14506	0.974659	0	0.00341131	0.0219298	0.626448
5740	1	0.999	0.725235	1.13468	0.969932	0	0.00387973	0.0261882	0.616745
5750	1	0.999	0.718807	1.12696	0.972763	0	0.00194553	0.0252918	0.618894
5760	1	0.999	0.715121	1.11468	0.974659	0	0.00243665	0.0229045	0.615754
5770	1	0.999	0.708687	1.11043	0.971817	0	0.00388727	0.0242954	0.603842
5780	1	0.999	0.703357	1.10426	0.970403	0	0.0014556	0.0281417	0.614937
5790	1	0.999	0.695714	1.09648	0.969932	0	0.00193986	0.028128	0.6035
5800	1	0.999	0.687741	1.08168	0.968523	0	0.00387409	0.0276029	0.609757
5810	1	0.999	0.68207	1.06774	0.97371	0	0.00097371	0.0253165	0.607842
5820	1	0.999	0.676676	1.06647	0.968523	0	0.00242131	0.0290557	0.59878
5830	1	0.999	0.671622	1.06688	0.969932	0	0.000969932	0.029098	0.606731
5840	1	0.999	0.666572	1.06105	0.970874	0	0.00291262	0.0262136	0.595216
5850	1	0.999	0.660226	1.05012	0.965717	0	0.00241429	0.0318687	0.58895
5860	1	0.999	0.654053	1.05215	0.96432	0	0.00192864	0.0337512	0.59254
5870	1	0.999	0.648185	1.03604	0.97229	0	0.00243072	0.0252795	0.594964
5880	1	0.999	0.643908	1.03858	0.967586	0	0.00145138	0.0309627	0.581233
5890	1	0.999	0.6372	1.02711	0.968992	0	0.00242248	0.0285853	0.589127
5900	1	0.999	0.63225	1.02239	0.963855	0	0.00337349	0.0327711	0.595403
5910	1	0.999	0.626156	1.01029	0.968992	0	0.00242248	0.0285853	0.588335
5920	1	0.999	0.621409	1.00799	0.969932	0	0.00242483	0.0276431	0.585691
5930	2	1.001	0.614326	0.9972	0.967118	0	0.000483559	0.0323985	0.588705
5940	1	0.999	0.607059	0.995521	0.963391	0	0.00144509	0.0351638	0.577191
5950	1	0.999	0.600319	0.979678	0.964785	0	0.00192957	0.0332851	0.581262
5960	1	0.999	0.593733	0.973598	0.967586	0	0.00193517	0.030479	0.578883
5970	1	0.999	0.586876	0.969613	0.96432	0	0.00144648	0.0342334	0.574143
5980	1	0.999	0.578404	0.946093	0.97371	0	0.00194742	0.0243427	0.570468
5990	1	0.999	0.570572	0.937294	0.968992	0	0.00242248	0.0285853	0.565788
6000	1	0.999	0.56431	0.939548	0.965251	0	0.00337838	0.0313707	0.561866
6010	1	0.999	0.557651	0.93504	0.962464	0	0.00240616	0.0351299	0.569591
6020	1	0.999	0.54842	0.922409	0.964785	0	0.00192957	0.0332851	0.558582
6030	1	0.999	0.543567	0.91925	0.960615	0	0.00288184	0.0365034	0.559999
6040	1	0.999	0.537149	0.899788	0.960615	0	0.00144092	0.0379443	0.562939
6050	1	0.999	0.52922	0.898423	0.96432	0	0.00337512	0.0323047	0.549192
6060	1	0.999	0.521526	0.893316	0.959233	0	0.0028777	0.0378897	0.551867
6070	1	0.999	0.516635	0.881293	0.961076	0	0.00192215	0.0370014	0.54689
6080	1	0.999	0.509612	0.878908	0.954654	0	0.00286396	0.0424821	0.543087
6090	1	0.999	0.503204	0.876196	0.960615	0	0.00288184	0.0365034	0.554512
6100	2	1.001	0.497348	0.885234	0.958313	0	0.0033541	0.0383325	0.538952
6110	2	1.00904	0.490641	0.894823	0.952835	0	0.00142925	0.0457361	0.545855
6120	1	0.999	0.480385	0.963535	0.944287	0	0.00283286	0.0528801	0.536609
6130	1	0.999	0.471124	0.958877	0.953743	0	0.00238436	0.0438722	0.533729
6140	1	0.999	0.465016	0.848505	0.95057	0	0.00095057	0.0484791	0.546135
6150	1	0.999	0.45652	0.839358	0.947418	0	0.00236855	0.0502132	0.540426
6160	1	0.999	0.449732	0.820915	0.953289	0	0.00381316	0.042898	0.525966
6170	1	0.999	0.440574	0.814031	0.946522	0	0.00189304	0.0515854	0.520339
6180	1	0.999	0.433723	0.793738	0.952835	0	0.00142925	0.0457361	0.5184
6190	1	0.999	0.426867	0.794946	0.946074	0	0.00236518	0.051561	0.512718
6200	1	0.999	0.416557	0.780547	0.948317	0	0.00189663	0.0497866	0.509342
6210	1	0.999	0.409242	0.770541	0.942951	0	0.00424328	0.0528053	0.512512
6220	1	0.999	0.400572	0.750908	0.944733	0	0.000944733	0.0543222	0.500028
6230	1	0.999	0.390584	0.749447	0.940734	0	0.00376294	0.0555033	0.482999
6240	1	0.999	0.382345	0.726808	0.940734	0	0.00329257	0.0559737	0.501156
6250	1	0.999	0.373821	0.713533	0.93985	0	0.0018797	0.0582707	0.485066
6260	1	0.999	0.366957	0.785704	0.926784	0	0.00278035	0.0704356	0.484636
6270	1	0.999	0.35928	0.791004	0.940734	0	0.000940734	0.0583255	0.484464
6280	1	0.999	0.353424	0.819448	0.924642	0	0.00323625	0.0721221	0.483751
6290	1	0.999	0.345039	0.720239	0.91659	0	0.00549954	0.0779102	0.482876
6300	1	0.999	0.3372	0.696586	0.934579	0	0.00280374	0.0626168	0.48216
6310	1	0.999	0.329631	0.822978	0.930233	0	0.000465116	0.0693023	0.476042
6320	1	0.999	0.323399	0.661813	0.922084	0	0.00184417	0.0760719	0.47453
6330	1	0.999	0.315735	0.729067	0.926355	0	0.00138953	0.0722557	0.47503
6340	1	0.999	0.306283	0.646526	0.928074	0	0.00232019	0.0696056	0.472345
6350	1	0.999	0.298802	0.862936	0.918274	0	0.00229568	0.0794307	0.465484
6360	1	0.999	0.291297	0.645428	0.926784	0	0.00185357	0.0713624	0.470101
6370	1	0.999	0.282305	0.781885	0.925069	0	0.000462535	0.0744681	0.458876
6380	1	0.999	0.274627	0.721499	0.919118	0	0.00321691	0.0776654	0.456796
6390	1	0.999	0.265947	0.587649	0.926784	0	0.000463392	0.0727525	0.455625
6400	1	0.999	0.25814	0.702723	0.92081	0	0.00230203	0.0768877	0.450905
6410	1	0.999	0.2499	0.594861	0.922935	0	0.0013844	0.0756807	0.44929
6420	1	0.999	0.241482	0.598003	0.927214	0	0.00139082	0.0713955	0.448168
6430	1	0.999	0.234817	0.565003	0.911993	0	0.00227998	0.0857273	0.447677
6440	1	0.999	0.22701	0.557325	0.925497	0	0.00231374	0.0721888	0.43979
6450	2	1.001	0.220162	0.540442	0.91954	0	0	0.0804598	0.44386
6460	1	0.999	0.21171	0.533471	0.913659	0	0.00228415	0.0840566	0.436736
6470	1	0.999	0.203104	0.517484	0.904977	0	0.00180995	0.0932127	0.435803
6480	1	0.999	0.196556	0.51698	0.915751	0	0.00137363	0.0828755	0.437458
6490	1	0.999	0.1884	0.509912	0.908265	0	0.0013624	0.0903724	0.438806
6500	1	0.999	0.179865	0.503026	0.911993	0	0.00182399	0.0861833	0.440295
6510	1	0.999	0.17252	0.493342	0.914913	0	0.000914913	0.084172	0.442509
6520	2	1.01106	0.170686	0.487469	0.915332	0	0.00366133	0.0810069	0.447899
6530	2	1.04497	0.178754	0.532322	0.910332	0	0.002731	0.0869367	0.452539
6540	2	1.116	0.199376	0.596805	0.906208	0	0.00135931	0.0924332	0.457393
6550	2	1.30714	0.261997	0.805883	0.904568	0	0.00180914	0.0936228	0.507867
6560	2	1.58815	0.351733	0.975571	0.931966	0	0.00186393	0.0661696	0.562708
6570	2	1.81764	0.431402	1.09797	0.95648	0	0.00143472	0.0420851	0.60654
6580	2	1.99797	0.566718	1.27615	0.960615	0	0.00288184	0.0365034	0.66153
6590	2	1.83504	0.691679	1.44665	0.973236	0	0.00194647	0.0248175	0.710188
6600	2	1.50934	0.806339	1.46586	0.985707	0	0.00197141	0.0123213	0.736588
6610	2	1.4743	0.816676	1.46691	0.983284	0	0.00196657	0.0147493	0.743039
6620	2	1.33716	0.862099	1.53503	0.987167	0	0.00197433	0.0108588	0.74799
6630	2	1.29845	0.874314	1.45451	0.988142	0	0.0034585	0.00839921	0.750389
6640	2	1.20645	0.905717	1.45586	0.988142	0	0.00148221	0.0103755	0.752801
6650	2	1.27382	0.880079	1.45903	0.98912	0	0.00346192	0.0074184	0.746719
6660	2	1.16338	0.918621	1.44677	0.986193	0	0.00345168	0.010355	0.755013
6670	2	1.14854	0.922834	1.43202	0.98668	0	0.00148002	0.0118402	0.74766
6680	2	1.13498	0.926055	1.42363	0.988631	0	0.00395452	0.00741473	0.752052
6690	2	1.07137	0.949537	1.42763	0.987654	0	0.00296296	0.00938272	0.753076
6700	2	1.0523	0.954838	1.41895	0.992063	0	0.00248016	0.00545635	0.747655
6710	2	1.0408	0.956919	1.47929	0.984252	0	0.00295276	0.0127953	0.750853
6720	2	1.01207	0.967398	1.42161	0.985707	0	0.00591424	0.00837851	0.736527
6730	2	1.0202	0.962413	1.44867	0.987167	0	0.00345508	0.00937808	0.731355
6740	2	1.00401	0.966912	1.44493	0.990589	0	0.00247647	0.00693413	0.744849
6750	2	1.002	0.965394	1.39325	0.98668	0	0.0024667	0.0108535	0.750607
6760	1	0.999	0.965123	1.39956	0.988142	0	0.00296443	0.00889328	0.7451
6770	2	1	0.962628	1.39346	0.98668	0	0.00148002	0.0118402	0.743598
6780	1	0.999	0.959243	1.39639	0.982801	0	0.0029484	0.0142506	0.732859
6790	1	0.999	0.955847	1.38899	0.984252	0	0.000492126	0.0152559	0.731509
6800	1	0.999	0.954118	1.37839	0.990589	0	0.00198118	0.00742942	0.726361
6810	2	1.002	0.950308	1.43625	0.985222	0	0.00246305	0.0123153	0.718465
6820	1	0.999	0.947266	1.38277	0.985707	0	0.00246427	0.0118285	0.719914
6830	1	0.999	0.945537	1.37914	0.990099	0	0.0019802	0.00792079	0.720247
6840	1	0.999	0.943183	1.45813	0.985707	0	0.00147856	0.0128142	0.725697
6850	1	0.999	0.941382	1.5265	0.987167	0	0.00345508	0.00937808	0.720764
6860	1	0.999	0.939327	1.4953	0.982801	0	0.00540541	0.0117936	0.71474
6870	1	0.999	0.936932	1.36288	0.983768	0	0.00147565	0.0147565	0.718618
6880	1	0.999	0.933857	1.35747	0.986193	0	0.000986193	0.0128205	0.709952
6890	1	0.999	0.930967	1.38069	0.98668	0	0.00098668	0.0123335	0.71303
6900	1	0.999	0.928583	1.35228	0.987654	0	0.00296296	0.00938272	0.716302
6910	1	0.999	0.924987	1.35402	0.983284	0	0.00147493	0.0152409	0.707933
6920	1	0.999	0.921202	1.34265	0.985707	0	0.00147856	0.0128142	0.718812
6930	1	0.999	0.918484	1.34384	0.98668	0	0.00148002	0.0118402	0.701792
6940	1	0.999	0.916626	1.33813	0.984737	0	0.00344658	0.0118168	0.709504
6950	1	0.999	0.913039	1.34266	0.984737	0	0.000492368	0.014771	0.697877
6960	1	0.999	0.909567	1.33674	0.98668	0	0.0024667	0.0108535	0.692853
6970	1	0.999	0.906091	1.47173	0.980873	0	0.00294262	0.0161844	0.698873
6980	1	0.999	0.901691	1.36461	0.987654	0	0.00296296	0.00938272	0.699726
6990	1	0.999	0.898803	1.33869	0.986193	0	0.00295858	0.0108481	0.698765
7000	1	0.999	0.896892	1.47354	0.983284	0	0.00245821	0.0142576	0.687117
7010	1	0.999	0.893921	1.37923	0.983284	0	0.00639135	0.0103245	0.690501
7020	1	0.999	0.891127	1.32637	0.983284	0	0.00442478	0.0122911	0.686611
7030	1	0.999	0.887417	1.31557	0.984737	0	0.0014771	0.0137863	0.683146
7040	1	0.999	0.884383	1.31592	0.984252	0	0.000984252	0.0147638	0.688212
7050	1	0.999	0.881001	1.31114	0.982801	0	0.0029484	0.0142506	0.690429
7060	1	0.999	0.877164	1.31459	0.985222	0	0.000985222	0.0137931	0.688518
7070	1	0.999	0.874278	1.30636	0.983768	0	0.00245942	0.0137727	0.679128
7080	1	0.999	0.872332	1.33803	0.977517	0	0.00391007	0.0185728	0.683005
7090	1	0.999	0.868747	1.33619	0.97704	0	0.00341964	0.0195408	0.687382
7100	2	1.003	0.86351	1.54497	0.984737	0	0.00295421	0.0123092	0.681518
7110	2	1.001	0.859125	1.30446	0.981836	0	0.00294551	0.0152185	0.671538
7120	1	0.999	0.855802	1.40627	0.981836	0	0.00196367	0.0162003	0.675472
7130	1	0.999	0.853317	1.31857	0.983768	0	0.000983768	0.0152484	0.671314
7140	1	0.999	0.851217	1.3015	0.977517	0	0.00146628	0.0210166	0.675226
7150	1	0.999	0.846153	1.29622	0.980873	0	0.000490436	0.0186366	0.663409
7160	1	0.999	0.841956	1.28432	0.984737	0	0.00344658	0.0118168	0.667281
7170	1	0.999	0.83722	1.29037	0.979432	0	0.00342801	0.0171401	0.660663
7180	1	0.999	0.832885	1.42215	0.980873	0	0.00343306	0.015694	0.651908
7190	4	1.002	0.827375	1.29437	0.97561	0	0.00292683	0.0214634	0.656935
7200	1	0.999	0.823357	1.27299	0.981836	0	0.000981836	0.0171821	0.663392
7210	1	0.999	0.818849	1.2879	0.975134	0	0.0014627	0.0234032	0.657272
7220	1	0.999	0.814258	1.30418	0.981836	0	0.00245459	0.0157094	0.64717
7230	1	0.999	0.809879	1.26841	0.976562	0	0.00390625	0.0195312	0.641456
7240	1	0.999	0.808418	1.50501	0.980873	0	0.00294262	0.0161844	0.643614
7250	1	0.999	0.80523	1.24112	0.978474	0	0.00244618	0.0190802	0.64546
7260	1	0.999	0.799665	1.23029	0.982318	0	0.0024558	0.0152259	0.639308
7270	1	0.999	0.792883	1.22461	0.982318	0	0.00147348	0.0162083	0.641332
7280	1	0.999	0.788902	1.32569	0.979912	0	0.00195982	0.0181284	0.642016
7290	2	1	0.783523	1.26088	0.97229	0	0.00631988	0.0213904	0.634694
7300	2	1.00904	0.7784	1.27996	0.974184	0	0.00292255	0.0228933	0.633903
7310	1	0.999	0.771706	1.20015	0.976562	0	0.000976562	0.0224609	0.629609
7320	1	0.999	0.76547	1.25813	0.979432	0	0.00244858	0.0181195	0.635246
7330	1	0.999	0.760439	1.24554	0.971817	0	0.00291545	0.0252672	0.621461
7340	1	0.999	0.755455	1.20753	0.977517	0	0.00391007	0.0185728	0.622492
7350	1	0.999	0.74912	1.22769	0.970874	0	0.00339806	0.0257282	0.622022
7360	1	0.999	0.744092	1.19463	0.981354	0	0.00245339	0.0161923	0.622312
7370	2	1.00401	0.738289	1.23066	0.981354	0	0.00147203	0.0171737	0.619638
7380	2	1.03458	0.737638	1.20795	0.970874	0	0.00291262	0.0262136	0.626052
7390	2	1.03458	0.733444	1.19178	0.972763	0	0.00340467	0.0238327	0.618959
7400	2	1.07137	0.729499	1.25491	0.974184	0	0.00243546	0.0233804	0.61928
7410	2	1.13273	0.732127	1.31946	0.97704	0	0.0024426	0.0205178	0.617491
7420	2	1.20999	0.736079	1.4235	0.968992	0	0.00242248	0.0285853	0.618902
7430	2	1.28118	0.739094	1.37447	0.971345	0	0.00242836	0.0262263	0.623056
7440	2	1.24947	0.732039	1.56588	0.968523	0	0.00242131	0.0290557	0.623372
7450	2	1.38919	0.746716	1.54444	0.978953	0	0.00244738	0.0186001	0.637376
7460	2	1.41742	0.744845	1.56135	0.97704	0	0.0024426	0.0205178	0.633217
7470	2	1.5249	0.751931	1.55004	0.976086	0	0.000976086	0.022938	0.653229
7480	2	1.58174	0.755026	1.54411	0.978953	0	0.00146843	0.0195791	0.638829
7490	3	1.77428	0.775771	1.67868	0.97561	0	0.00195122	0.022439	0.653851
7500	2	1.82897	0.779939	1.6798	0.978953	0	0.00146843	0.0195791	0.660372
7510	2	1.82795	0.776188	1.71646	0.982318	0	0.00147348	0.0162083	0.662308
7520	2	1.8103	0.770353	1.686	0.97704	0	0.0024426	0.0205178	0.653891
7530	2	1.85371	0.775599	1.71409	0.976086	0	0.000976086	0.022938	0.659716
7540	2	1.85082	0.773505	1.6865	0.97371	0	0.00243427	0.0238559	0.647543
7550	2	1.98299	0.802106	1.74403	0.969932	0	0.00484966	0.0252182	0.674949
7560	2	1.98959	0.825342	1.84281	0.980392	0	0.00343137	0.0161765	0.682428
7570	2	1.86504	0.856769	1.82006	0.980392	0	0.00294118	0.0166667	0.698727
7580	2	1.84985	0.857742	1.79009	0.980392	0	0.00147059	0.0181373	0.70081
7590	2	1.78987	0.865096	1.79679	0.987167	0	0.00246792	0.0103653	0.705578
7600	2	1.74473	0.869486	1.74373	0.978474	0	0.00244618	0.0190802	0.699187
7610	2	1.67269	0.877765	1.8291	0.982318	0	0.0024558	0.0152259	0.70812
7620	2	1.70204	0.872056	1.87666	0.980873	0	0.00343306	0.015694	0.699061
7630	2	1.72834	0.866583	1.70983	0.985707	0	0.00197141	0.0123213	0.707275
7640	2	1.5249	0.892036	1.84752	0.985707	0	0.00147856	0.0128142	0.72103
7650	2	1.47171	0.897664	1.67087	0.980392	0	0.00343137	0.0161765	0.716014
