Generation number	Total number of allele	Diversity	Activity	Time	Fertility rate	2 DSB on one site rate	No DSB rate	No symmetrical sites (binding + DSB) rate	q
0	1	1	0.999517	6.38026	0.993542	0	0.00248385	0.00397417	0.779593
10	2	1.001	0.994506	6.08747	0.988631	0	0.00148295	0.00988631	0.769083
20	1	1	0.989308	6.0284	0.995025	0	0.00199005	0.00298507	0.757531
30	2	1.002	0.984294	6.39418	0.989609	0	0.000989609	0.00940129	0.762151
40	2	1.001	0.979232	6.33573	0.985222	0	0.00246305	0.0123153	0.756293
50	1	1	0.974011	6.14265	0.989609	0	0.000989609	0.00940129	0.751481
60	2	1.002	0.968832	6.15515	0.987654	0	0.00197531	0.0103704	0.759128
70	2	1.01817	0.964102	6.29985	0.988631	0	0.00346021	0.00790905	0.745093
80	2	1.02738	0.959095	6.15793	0.987654	0	0.00444444	0.00790123	0.745971
90	3	1.00703	0.953724	5.99966	0.98912	0	0.00148368	0.00939664	0.740779
100	3	1.00502	0.948022	6.00406	0.984252	0	0.0019685	0.0137795	0.735687
110	3	1.00804	0.943648	6.15778	0.984737	0	0.00443131	0.0108321	0.737102
120	2	1.001	0.93775	5.95593	0.984252	0	0.00295276	0.0127953	0.733099
130	1	1	0.932175	6.1041	0.98668	0	0.0049334	0.00838678	0.725852
140	1	1	0.927177	6.01639	0.981354	0	0.00294406	0.0157017	0.71688
150	2	1.002	0.921213	5.93587	0.987654	0	0.00246914	0.00987654	0.725119
160	1	1	0.916139	5.86942	0.985222	0	0.00246305	0.0123153	0.715994
170	2	1.00301	0.910929	5.82449	0.986193	0	0.000986193	0.0128205	0.716403
180	2	1.00301	0.906019	5.79064	0.986193	0	0.000986193	0.0128205	0.702833
190	3	1.01615	0.901865	5.95608	0.981354	0	0.00441609	0.0142296	0.710256
200	2	1.02738	0.897637	5.96083	0.983768	0	0.00147565	0.0147565	0.697841
210	3	1.05041	0.893395	6.27484	0.986193	0	0.000493097	0.0133136	0.692855
220	4	1.02437	0.887688	5.86522	0.987167	0	0.000987167	0.011846	0.697202
230	5	1.0275	0.884267	5.91718	0.984252	0	0.00246063	0.0132874	0.689336
240	4	1.00804	0.878488	5.81276	0.978474	0	0.00293542	0.018591	0.688411
250	3	1.01819	0.873976	5.76977	0.987167	0	0.0029615	0.00987167	0.701164
260	4	1.02954	0.869747	5.84591	0.984252	0	0.0019685	0.0137795	0.68074
270	2	1.00905	0.862711	5.7684	0.985222	0	0.000985222	0.0137931	0.678932
280	1	1	0.857058	5.71232	0.981836	0	0.00294551	0.0152185	0.679324
290	2	1.00301	0.852994	5.66707	0.976562	0	0.00341797	0.0200195	0.668886
300	3	1.00905	0.847064	5.71571	0.983284	0	0.00393314	0.0127827	0.663782
310	1	1	0.840217	5.57429	0.980873	0	0.00196175	0.0171653	0.6681
320	1	1	0.834673	5.57341	0.976086	0	0.00390434	0.0200098	0.670018
330	1	1	0.829022	5.6474	0.986193	0	0.000986193	0.0128205	0.656018
340	1	1	0.823287	5.93606	0.985707	0	0.00197141	0.0123213	0.651264
350	1	1	0.818261	5.55203	0.975134	0	0.0029254	0.0219405	0.646425
360	1	1	0.812773	5.51677	0.980392	0	0.000490196	0.0191176	0.650743
370	1	1	0.8073	5.6291	0.976086	0	0.00146413	0.02245	0.647817
380	3	1.00602	0.803371	5.61641	0.976562	0	0.00195312	0.0214844	0.636573
390	1	1	0.798889	5.64586	0.978474	0	0.000978474	0.0205479	0.634748
400	2	1.00804	0.794359	5.47104	0.975134	0	0.000975134	0.0238908	0.637327
410	2	1.03356	0.791666	5.61309	0.971817	0	0.00437318	0.0238095	0.640087
420	4	1.04836	0.787185	5.68339	0.974659	0	0.00389864	0.0214425	0.635885
430	4	1.03778	0.782517	5.57919	0.97561	0	0.00146341	0.0229268	0.627843
440	5	1.04842	0.778731	5.57819	0.978474	0	0.00342466	0.0181018	0.635621
450	3	1.06505	0.774557	5.63368	0.970403	0	0.00242601	0.0271713	0.623575
460	4	1.09772	0.772694	5.9123	0.978953	0	0.00195791	0.0190896	0.627581
470	3	1.10974	0.768108	5.83891	0.976562	0	0.00244141	0.0209961	0.630016
480	3	1.18778	0.769815	6.18949	0.970403	0	0.00291121	0.0266861	0.623922
490	3	1.14313	0.760301	6.0101	0.974659	0	0.00341131	0.0219298	0.618257
500	2	1.16119	0.75641	6.06086	0.969462	0	0.00145419	0.0290839	0.614936
510	3	1.17071	0.751883	6.05648	0.972763	0	0.00194553	0.0252918	0.610562
520	2	1.13394	0.743514	5.92726	0.968523	0	0.00290557	0.0285714	0.608378
530	2	1.21606	0.746081	6.34849	0.962927	0	0.00433317	0.0327395	0.607536
540	2	1.28631	0.747756	6.36249	0.968523	0	0.00338983	0.0280872	0.613117
550	2	1.47474	0.757752	7.11079	0.970403	0	0.000970403	0.0286269	0.617215
560	3	1.56544	0.760615	7.14586	0.965717	0	0.00482859	0.0294544	0.622079
570	3	1.6588	0.763771	7.48959	0.967586	0	0.00241896	0.0299952	0.627991
580	4	1.76458	0.768559	7.65574	0.976086	0	0.00244021	0.0214739	0.632763
590	3	1.95422	0.785344	7.91299	0.980873	0	0.00294262	0.0161844	0.639839
600	4	1.99232	0.786078	7.93656	0.976562	0	0.00146484	0.0219727	0.640543
610	4	2.02477	0.797404	8.09287	0.97371	0	0.00340798	0.0228822	0.647086
620	2	1.93818	0.80735	7.89171	0.983284	0	0.00245821	0.0142576	0.649481
630	2	1.85398	0.81369	8.15255	0.976086	0	0.0034163	0.0204978	0.656039
640	2	1.76864	0.818168	7.96378	0.97561	0	0.00439024	0.02	0.662935
